[0.013s] Invoking command in '/home/neubility/ROS/ros2_communication_ws/build/practice_code_pkg': CMAKE_PREFIX_PATH=/home/neubility/ROS/ros2_communication_ws/install/ex_msg_srv:/home/neubility/ROS/ros2_communication_ws/install/sub_ex:/home/neubility/ROS/ros2_communication_ws/install/pub_ex:/home/neubility/ROS/ros2_communication_ws/install/practice_code_pkg:/opt/ros/eloquent /usr/bin/cmake --build /home/neubility/ROS/ros2_communication_ws/build/practice_code_pkg -- -j16 -l16
[0.041s] -- Found ament_cmake: 0.8.3 (/opt/ros/eloquent/share/ament_cmake/cmake)
[0.067s] -- Using PYTHON_EXECUTABLE: /usr/bin/python3
[0.206s] -- Found rclcpp: 0.8.5 (/opt/ros/eloquent/share/rclcpp/cmake)
[0.219s] -- Found rosidl_adapter: 0.8.3 (/opt/ros/eloquent/share/rosidl_adapter/cmake)
[0.244s] -- Found rmw_implementation_cmake: 0.8.1 (/opt/ros/eloquent/share/rmw_implementation_cmake/cmake)
[0.245s] -- Using RMW implementation 'rmw_cyclonedds_cpp' as default
[0.265s] -- Found std_msgs: 0.8.1 (/opt/ros/eloquent/share/std_msgs/cmake)
[0.269s] -- Found ex_msg_srv: 0.0.0 (/home/neubility/ROS/ros2_communication_ws/install/ex_msg_srv/share/ex_msg_srv/cmake)
[0.353s] -- Configuring done
[0.371s] -- Generating done
[0.372s] -- Build files have been written to: /home/neubility/ROS/ros2_communication_ws/build/practice_code_pkg
[0.411s] [35m[1mScanning dependencies of target practice_code_pkg[0m
[0.438s] [ 66%] [32mBuilding CXX object CMakeFiles/practice_code_pkg.dir/src/time_checker.cpp.o[0m
[0.438s] [ 66%] [32mBuilding CXX object CMakeFiles/practice_code_pkg.dir/src/main.cpp.o[0m
[2.091s] [100%] [32m[1mLinking CXX executable practice_code_pkg[0m
[2.290s] [100%] Built target practice_code_pkg
[2.310s] Invoked command in '/home/neubility/ROS/ros2_communication_ws/build/practice_code_pkg' returned '0': CMAKE_PREFIX_PATH=/home/neubility/ROS/ros2_communication_ws/install/ex_msg_srv:/home/neubility/ROS/ros2_communication_ws/install/sub_ex:/home/neubility/ROS/ros2_communication_ws/install/pub_ex:/home/neubility/ROS/ros2_communication_ws/install/practice_code_pkg:/opt/ros/eloquent /usr/bin/cmake --build /home/neubility/ROS/ros2_communication_ws/build/practice_code_pkg -- -j16 -l16
[2.355s] Invoking command in '/home/neubility/ROS/ros2_communication_ws/build/practice_code_pkg': CMAKE_PREFIX_PATH=/home/neubility/ROS/ros2_communication_ws/install/ex_msg_srv:/home/neubility/ROS/ros2_communication_ws/install/sub_ex:/home/neubility/ROS/ros2_communication_ws/install/pub_ex:/home/neubility/ROS/ros2_communication_ws/install/practice_code_pkg:/opt/ros/eloquent /usr/bin/cmake --build /home/neubility/ROS/ros2_communication_ws/build/practice_code_pkg --target install -- -j16 -l16
[2.446s] [100%] Built target practice_code_pkg
[2.469s] [36mInstall the project...[0m
[2.476s] -- Install configuration: ""
[2.476s] -- Installing: /home/neubility/ROS/ros2_communication_ws/install/practice_code_pkg/lib/practice_code_pkg/practice_code_pkg
[2.477s] -- Set runtime path of "/home/neubility/ROS/ros2_communication_ws/install/practice_code_pkg/lib/practice_code_pkg/practice_code_pkg" to ""
[2.477s] -- Up-to-date: /home/neubility/ROS/ros2_communication_ws/install/practice_code_pkg/share/practice_code_pkg/launch
[2.477s] -- Up-to-date: /home/neubility/ROS/ros2_communication_ws/install/practice_code_pkg/share/practice_code_pkg/launch/launch_executeprocess_ex.launch.py
[2.477s] -- Up-to-date: /home/neubility/ROS/ros2_communication_ws/install/practice_code_pkg/share/practice_code_pkg/launch/launch_node_ex_method_2.launch.py
[2.477s] -- Up-to-date: /home/neubility/ROS/ros2_communication_ws/install/practice_code_pkg/share/practice_code_pkg/launch/launch_node_ex_method_1.launch.py
[2.477s] -- Up-to-date: /home/neubility/ROS/ros2_communication_ws/install/practice_code_pkg/share/ament_index/resource_index/package_run_dependencies/practice_code_pkg
[2.478s] -- Up-to-date: /home/neubility/ROS/ros2_communication_ws/install/practice_code_pkg/share/ament_index/resource_index/parent_prefix_path/practice_code_pkg
[2.478s] -- Up-to-date: /home/neubility/ROS/ros2_communication_ws/install/practice_code_pkg/share/practice_code_pkg/environment/ament_prefix_path.sh
[2.478s] -- Installing: /home/neubility/ROS/ros2_communication_ws/install/practice_code_pkg/share/practice_code_pkg/environment/ament_prefix_path.dsv
[2.478s] -- Up-to-date: /home/neubility/ROS/ros2_communication_ws/install/practice_code_pkg/share/practice_code_pkg/environment/path.sh
[2.478s] -- Installing: /home/neubility/ROS/ros2_communication_ws/install/practice_code_pkg/share/practice_code_pkg/environment/path.dsv
[2.478s] -- Up-to-date: /home/neubility/ROS/ros2_communication_ws/install/practice_code_pkg/share/practice_code_pkg/local_setup.bash
[2.478s] -- Up-to-date: /home/neubility/ROS/ros2_communication_ws/install/practice_code_pkg/share/practice_code_pkg/local_setup.sh
[2.478s] -- Up-to-date: /home/neubility/ROS/ros2_communication_ws/install/practice_code_pkg/share/practice_code_pkg/local_setup.zsh
[2.478s] -- Installing: /home/neubility/ROS/ros2_communication_ws/install/practice_code_pkg/share/practice_code_pkg/local_setup.dsv
[2.478s] -- Installing: /home/neubility/ROS/ros2_communication_ws/install/practice_code_pkg/share/practice_code_pkg/package.dsv
[2.478s] -- Up-to-date: /home/neubility/ROS/ros2_communication_ws/install/practice_code_pkg/share/ament_index/resource_index/packages/practice_code_pkg
[2.478s] -- Up-to-date: /home/neubility/ROS/ros2_communication_ws/install/practice_code_pkg/share/practice_code_pkg/cmake/practice_code_pkgConfig.cmake
[2.478s] -- Up-to-date: /home/neubility/ROS/ros2_communication_ws/install/practice_code_pkg/share/practice_code_pkg/cmake/practice_code_pkgConfig-version.cmake
[2.478s] -- Up-to-date: /home/neubility/ROS/ros2_communication_ws/install/practice_code_pkg/share/practice_code_pkg/package.xml
[2.481s] Invoked command in '/home/neubility/ROS/ros2_communication_ws/build/practice_code_pkg' returned '0': CMAKE_PREFIX_PATH=/home/neubility/ROS/ros2_communication_ws/install/ex_msg_srv:/home/neubility/ROS/ros2_communication_ws/install/sub_ex:/home/neubility/ROS/ros2_communication_ws/install/pub_ex:/home/neubility/ROS/ros2_communication_ws/install/practice_code_pkg:/opt/ros/eloquent /usr/bin/cmake --build /home/neubility/ROS/ros2_communication_ws/build/practice_code_pkg --target install -- -j16 -l16
