[0.025s] Invoking command in '/home/neubility/ROS/ros2_communication_ws/build/ex_msg_srv': CMAKE_PREFIX_PATH=/opt/ros/eloquent /usr/bin/cmake /home/neubility/ROS/ros2_communication_ws/src/ex_msg_srv_pkg -DCMAKE_BUILD_TYPE=Debug -DCMAKE_INSTALL_PREFIX=/home/neubility/ROS/ros2_communication_ws/install/ex_msg_srv
[0.107s] -- The C compiler identification is GNU 7.5.0
[0.181s] -- The CXX compiler identification is GNU 7.5.0
[0.185s] -- Check for working C compiler: /usr/bin/cc
[0.283s] -- Check for working C compiler: /usr/bin/cc -- works
[0.284s] -- Detecting C compiler ABI info
[0.385s] -- Detecting C compiler ABI info - done
[0.393s] -- Detecting C compile features
[0.706s] -- Detecting C compile features - done
[0.708s] -- Check for working CXX compiler: /usr/bin/c++
[0.819s] -- Check for working CXX compiler: /usr/bin/c++ -- works
[0.820s] -- Detecting CXX compiler ABI info
[0.936s] -- Detecting CXX compiler ABI info - done
[0.940s] -- Detecting CXX compile features
[1.420s] -- Detecting CXX compile features - done
[1.423s] -- Found ament_cmake: 0.8.3 (/opt/ros/eloquent/share/ament_cmake/cmake)
[1.457s] -- Found PythonInterp: /usr/bin/python3 (found suitable version "3.6.9", minimum required is "3") 
[1.457s] -- Using PYTHON_EXECUTABLE: /usr/bin/python3
[1.682s] -- Found rosidl_default_generators: 0.8.0 (/opt/ros/eloquent/share/rosidl_default_generators/cmake)
[1.785s] -- Found OpenSSL: /usr/lib/x86_64-linux-gnu/libcrypto.so (found version "1.1.1") 
[1.803s] -- Found FastRTPS: /opt/ros/eloquent/include  
[1.814s] -- Found rosidl_adapter: 0.8.3 (/opt/ros/eloquent/share/rosidl_adapter/cmake)
[1.899s] -- Found PythonInterp: /usr/bin/python3 (found version "3.6.9") 
[2.013s] -- Using all available rosidl_typesupport_c: rosidl_typesupport_fastrtps_c;rosidl_typesupport_introspection_c
[2.017s] -- Using all available rosidl_typesupport_cpp: rosidl_typesupport_fastrtps_cpp;rosidl_typesupport_introspection_cpp
[2.087s] -- Found rmw_implementation_cmake: 0.8.1 (/opt/ros/eloquent/share/rmw_implementation_cmake/cmake)
[2.113s] -- Found PythonInterp: /usr/bin/python3 (found suitable version "3.6.9", minimum required is "3.5") 
[2.114s] -- Found python_cmake_module: 0.8.0 (/opt/ros/eloquent/share/python_cmake_module/cmake)
[2.144s] -- Found PythonLibs: /usr/lib/x86_64-linux-gnu/libpython3.6m.so (found suitable version "3.6.9", minimum required is "3.5") 
[2.144s] -- Using PYTHON_EXECUTABLE: /usr/bin/python3
[2.144s] -- Using PYTHON_INCLUDE_DIRS: /usr/include/python3.6m
[2.144s] -- Using PYTHON_LIBRARIES: /usr/lib/x86_64-linux-gnu/libpython3.6m.so
[2.163s] -- Found PythonExtra: .so  
[2.268s] -- Found ament_lint_auto: 0.8.2 (/opt/ros/eloquent/share/ament_lint_auto/cmake)
[2.281s] -- Added test 'lint_cmake' to check CMake code style
[2.282s] -- Added test 'xmllint' to check XML markup files
[2.285s] -- Configuring done
[2.312s] -- Generating done
[2.315s] -- Build files have been written to: /home/neubility/ROS/ros2_communication_ws/build/ex_msg_srv
[2.321s] Invoked command in '/home/neubility/ROS/ros2_communication_ws/build/ex_msg_srv' returned '0': CMAKE_PREFIX_PATH=/opt/ros/eloquent /usr/bin/cmake /home/neubility/ROS/ros2_communication_ws/src/ex_msg_srv_pkg -DCMAKE_BUILD_TYPE=Debug -DCMAKE_INSTALL_PREFIX=/home/neubility/ROS/ros2_communication_ws/install/ex_msg_srv
[2.324s] Invoking command in '/home/neubility/ROS/ros2_communication_ws/build/ex_msg_srv': CMAKE_PREFIX_PATH=/opt/ros/eloquent /usr/bin/cmake --build /home/neubility/ROS/ros2_communication_ws/build/ex_msg_srv -- -j16 -l16
[2.364s] [  2%] [34m[1mGenerating C code for ROS interfaces[0m
[2.364s] [35m[1mScanning dependencies of target ex_msg_srv__cpp[0m
[2.376s] [  5%] [34m[1mGenerating C++ code for ROS interfaces[0m
[2.692s] [  5%] Built target ex_msg_srv__cpp
[2.705s] [ 10%] [34m[1mGenerating C++ introspection for ROS interfaces[0m
[2.705s] [ 10%] [34m[1mGenerating C++ type support dispatch for ROS interfaces[0m
[2.709s] [ 12%] [34m[1mGenerating C++ type support for eProsima Fast-RTPS[0m
[2.740s] [35m[1mScanning dependencies of target ex_msg_srv__rosidl_generator_c[0m
[2.755s] [ 17%] [32mBuilding C object CMakeFiles/ex_msg_srv__rosidl_generator_c.dir/rosidl_generator_c/ex_msg_srv/msg/num__functions.c.o[0m
[2.755s] [ 17%] [32mBuilding C object CMakeFiles/ex_msg_srv__rosidl_generator_c.dir/rosidl_generator_c/ex_msg_srv/srv/add_three_ints__functions.c.o[0m
[2.810s] [ 20%] [32m[1mLinking C shared library libex_msg_srv__rosidl_generator_c.so[0m
[2.852s] [ 20%] Built target ex_msg_srv__rosidl_generator_c
[2.864s] [ 25%] [34m[1mGenerating C type support dispatch for ROS interfaces[0m
[2.864s] [ 25%] [34m[1mGenerating C introspection for ROS interfaces[0m
[3.029s] [35m[1mScanning dependencies of target ex_msg_srv__rosidl_typesupport_introspection_cpp[0m
[3.040s] [35m[1mScanning dependencies of target ex_msg_srv__rosidl_typesupport_cpp[0m
[3.049s] [ 30%] [32mBuilding CXX object CMakeFiles/ex_msg_srv__rosidl_typesupport_introspection_cpp.dir/rosidl_typesupport_introspection_cpp/ex_msg_srv/msg/num__type_support.cpp.o[0m
[3.050s] [ 30%] [32mBuilding CXX object CMakeFiles/ex_msg_srv__rosidl_typesupport_introspection_cpp.dir/rosidl_typesupport_introspection_cpp/ex_msg_srv/srv/add_three_ints__type_support.cpp.o[0m
[3.055s] [ 33%] [32mBuilding CXX object CMakeFiles/ex_msg_srv__rosidl_typesupport_cpp.dir/rosidl_typesupport_cpp/ex_msg_srv/msg/num__type_support.cpp.o[0m
[3.055s] [35m[1mScanning dependencies of target ex_msg_srv__rosidl_typesupport_fastrtps_cpp[0m
[3.057s] [ 35%] [32mBuilding CXX object CMakeFiles/ex_msg_srv__rosidl_typesupport_cpp.dir/rosidl_typesupport_cpp/ex_msg_srv/srv/add_three_ints__type_support.cpp.o[0m
[3.082s] [ 41%] [32mBuilding CXX object CMakeFiles/ex_msg_srv__rosidl_typesupport_fastrtps_cpp.dir/rosidl_typesupport_fastrtps_cpp/ex_msg_srv/srv/dds_fastrtps/add_three_ints__type_support.cpp.o[0m
[3.083s] [ 41%] [32mBuilding CXX object CMakeFiles/ex_msg_srv__rosidl_typesupport_fastrtps_cpp.dir/rosidl_typesupport_fastrtps_cpp/ex_msg_srv/msg/dds_fastrtps/num__type_support.cpp.o[0m
[3.238s] [35m[1mScanning dependencies of target ex_msg_srv__rosidl_typesupport_c[0m
[3.240s] [35m[1mScanning dependencies of target ex_msg_srv__rosidl_typesupport_introspection_c[0m
[3.254s] [ 43%] [32mBuilding C object CMakeFiles/ex_msg_srv__rosidl_typesupport_introspection_c.dir/rosidl_typesupport_introspection_c/ex_msg_srv/srv/add_three_ints__type_support.c.o[0m
[3.257s] [ 48%] [32mBuilding CXX object CMakeFiles/ex_msg_srv__rosidl_typesupport_c.dir/rosidl_typesupport_c/ex_msg_srv/srv/add_three_ints__type_support.cpp.o[0m
[3.257s] [ 48%] [32mBuilding CXX object CMakeFiles/ex_msg_srv__rosidl_typesupport_c.dir/rosidl_typesupport_c/ex_msg_srv/msg/num__type_support.cpp.o[0m
[3.257s] [ 51%] [32mBuilding C object CMakeFiles/ex_msg_srv__rosidl_typesupport_introspection_c.dir/rosidl_typesupport_introspection_c/ex_msg_srv/msg/num__type_support.c.o[0m
[3.305s] [ 53%] [32m[1mLinking CXX shared library libex_msg_srv__rosidl_typesupport_c.so[0m
[3.308s] [ 56%] [32m[1mLinking C shared library libex_msg_srv__rosidl_typesupport_introspection_c.so[0m
[3.353s] [ 56%] Built target ex_msg_srv__rosidl_typesupport_introspection_c
[3.365s] [ 56%] Built target ex_msg_srv__rosidl_typesupport_c
[3.373s] [ 58%] [32m[1mLinking CXX shared library libex_msg_srv__rosidl_typesupport_introspection_cpp.so[0m
[3.402s] [ 61%] [32m[1mLinking CXX shared library libex_msg_srv__rosidl_typesupport_cpp.so[0m
[3.417s] [ 61%] Built target ex_msg_srv__rosidl_typesupport_introspection_cpp
[3.440s] [ 61%] Built target ex_msg_srv__rosidl_typesupport_cpp
[3.518s] [ 64%] [32m[1mLinking CXX shared library libex_msg_srv__rosidl_typesupport_fastrtps_cpp.so[0m
[3.607s] [ 64%] Built target ex_msg_srv__rosidl_typesupport_fastrtps_cpp
[3.618s] [ 66%] [34m[1mGenerating C type support for eProsima Fast-RTPS[0m
[3.878s] [35m[1mScanning dependencies of target ex_msg_srv__rosidl_typesupport_fastrtps_c[0m
[3.896s] [ 71%] [32mBuilding CXX object CMakeFiles/ex_msg_srv__rosidl_typesupport_fastrtps_c.dir/rosidl_typesupport_fastrtps_c/ex_msg_srv/srv/add_three_ints__type_support_c.cpp.o[0m
[3.897s] [ 71%] [32mBuilding CXX object CMakeFiles/ex_msg_srv__rosidl_typesupport_fastrtps_c.dir/rosidl_typesupport_fastrtps_c/ex_msg_srv/msg/num__type_support_c.cpp.o[0m
[4.166s] [ 74%] [32m[1mLinking CXX shared library libex_msg_srv__rosidl_typesupport_fastrtps_c.so[0m
[4.249s] [ 74%] Built target ex_msg_srv__rosidl_typesupport_fastrtps_c
[4.261s] [35m[1mScanning dependencies of target ex_msg_srv[0m
[4.272s] [ 74%] Built target ex_msg_srv
[4.283s] [35m[1mScanning dependencies of target ex_msg_srv__py[0m
[4.295s] [ 76%] [34m[1mGenerating Python code for ROS interfaces[0m
[4.730s] [ 76%] Built target ex_msg_srv__py
[4.741s] [35m[1mScanning dependencies of target ex_msg_srv__python[0m
[4.760s] [ 82%] [32mBuilding C object CMakeFiles/ex_msg_srv__python.dir/rosidl_generator_py/ex_msg_srv/msg/_num_s.c.o[0m
[4.760s] [ 82%] [32mBuilding C object CMakeFiles/ex_msg_srv__python.dir/rosidl_generator_py/ex_msg_srv/srv/_add_three_ints_s.c.o[0m
[4.833s] [ 84%] [32m[1mLinking C shared library rosidl_generator_py/ex_msg_srv/libex_msg_srv__python.so[0m
[4.871s] [ 84%] Built target ex_msg_srv__python
[4.881s] [35m[1mScanning dependencies of target ex_msg_srv__rosidl_typesupport_introspection_c__pyext[0m
[4.881s] [35m[1mScanning dependencies of target ex_msg_srv__rosidl_typesupport_c__pyext[0m
[4.882s] [35m[1mScanning dependencies of target ex_msg_srv__rosidl_typesupport_fastrtps_c__pyext[0m
[4.900s] [ 89%] [32mBuilding C object CMakeFiles/ex_msg_srv__rosidl_typesupport_fastrtps_c__pyext.dir/rosidl_generator_py/ex_msg_srv/_ex_msg_srv_s.ep.rosidl_typesupport_fastrtps_c.c.o[0m
[4.900s] [ 89%] [32mBuilding C object CMakeFiles/ex_msg_srv__rosidl_typesupport_c__pyext.dir/rosidl_generator_py/ex_msg_srv/_ex_msg_srv_s.ep.rosidl_typesupport_c.c.o[0m
[4.901s] [ 92%] [32mBuilding C object CMakeFiles/ex_msg_srv__rosidl_typesupport_introspection_c__pyext.dir/rosidl_generator_py/ex_msg_srv/_ex_msg_srv_s.ep.rosidl_typesupport_introspection_c.c.o[0m
[4.972s] [ 94%] [32m[1mLinking C shared library rosidl_generator_py/ex_msg_srv/ex_msg_srv_s__rosidl_typesupport_c.cpython-36m-x86_64-linux-gnu.so[0m
[4.975s] [ 97%] [32m[1mLinking C shared library rosidl_generator_py/ex_msg_srv/ex_msg_srv_s__rosidl_typesupport_introspection_c.cpython-36m-x86_64-linux-gnu.so[0m
[4.977s] [100%] [32m[1mLinking CXX shared library rosidl_generator_py/ex_msg_srv/ex_msg_srv_s__rosidl_typesupport_fastrtps_c.cpython-36m-x86_64-linux-gnu.so[0m
[5.009s] [100%] Built target ex_msg_srv__rosidl_typesupport_c__pyext
[5.013s] [100%] Built target ex_msg_srv__rosidl_typesupport_introspection_c__pyext
[5.036s] [100%] Built target ex_msg_srv__rosidl_typesupport_fastrtps_c__pyext
[5.049s] Invoked command in '/home/neubility/ROS/ros2_communication_ws/build/ex_msg_srv' returned '0': CMAKE_PREFIX_PATH=/opt/ros/eloquent /usr/bin/cmake --build /home/neubility/ROS/ros2_communication_ws/build/ex_msg_srv -- -j16 -l16
[5.142s] Invoking command in '/home/neubility/ROS/ros2_communication_ws/build/ex_msg_srv': CMAKE_PREFIX_PATH=/opt/ros/eloquent /usr/bin/cmake --build /home/neubility/ROS/ros2_communication_ws/build/ex_msg_srv --target install -- -j16 -l16
[5.200s] [ 10%] Built target ex_msg_srv__rosidl_generator_c
[5.201s] [ 12%] Built target ex_msg_srv__cpp
[5.225s] [ 33%] Built target ex_msg_srv__rosidl_typesupport_introspection_c
[5.226s] [ 33%] Built target ex_msg_srv__rosidl_typesupport_c
[5.226s] [ 43%] Built target ex_msg_srv__rosidl_typesupport_introspection_cpp
[5.228s] [ 53%] Built target ex_msg_srv__rosidl_typesupport_cpp
[5.233s] [ 64%] Built target ex_msg_srv__rosidl_typesupport_fastrtps_cpp
[5.264s] [ 74%] Built target ex_msg_srv__rosidl_typesupport_fastrtps_c
[5.289s] [ 74%] Built target ex_msg_srv
[5.311s] [ 76%] Built target ex_msg_srv__py
[5.338s] [ 84%] Built target ex_msg_srv__python
[5.367s] [ 89%] Built target ex_msg_srv__rosidl_typesupport_c__pyext
[5.368s] [100%] Built target ex_msg_srv__rosidl_typesupport_fastrtps_c__pyext
[5.368s] [100%] Built target ex_msg_srv__rosidl_typesupport_introspection_c__pyext
[5.388s] [36mInstall the project...[0m
[5.400s] -- Install configuration: "Debug"
[5.400s] -- Installing: /home/neubility/ROS/ros2_communication_ws/install/ex_msg_srv/share/ament_index/resource_index/rosidl_interfaces/ex_msg_srv
[5.400s] -- Installing: /home/neubility/ROS/ros2_communication_ws/install/ex_msg_srv/lib/libex_msg_srv__rosidl_typesupport_c.so
[5.401s] -- Set runtime path of "/home/neubility/ROS/ros2_communication_ws/install/ex_msg_srv/lib/libex_msg_srv__rosidl_typesupport_c.so" to ""
[5.401s] -- Installing: /home/neubility/ROS/ros2_communication_ws/install/ex_msg_srv/share/ex_msg_srv/environment/library_path.sh
[5.401s] -- Installing: /home/neubility/ROS/ros2_communication_ws/install/ex_msg_srv/share/ex_msg_srv/environment/library_path.dsv
[5.402s] -- Installing: /home/neubility/ROS/ros2_communication_ws/install/ex_msg_srv/lib/libex_msg_srv__rosidl_typesupport_cpp.so
[5.402s] -- Set runtime path of "/home/neubility/ROS/ros2_communication_ws/install/ex_msg_srv/lib/libex_msg_srv__rosidl_typesupport_cpp.so" to ""
[5.402s] -- Installing: /home/neubility/ROS/ros2_communication_ws/install/ex_msg_srv/include/ex_msg_srv
[5.402s] -- Installing: /home/neubility/ROS/ros2_communication_ws/install/ex_msg_srv/include/ex_msg_srv/srv
[5.402s] -- Installing: /home/neubility/ROS/ros2_communication_ws/install/ex_msg_srv/include/ex_msg_srv/srv/add_three_ints__rosidl_typesupport_fastrtps_c.h
[5.402s] -- Installing: /home/neubility/ROS/ros2_communication_ws/install/ex_msg_srv/include/ex_msg_srv/msg
[5.403s] -- Installing: /home/neubility/ROS/ros2_communication_ws/install/ex_msg_srv/include/ex_msg_srv/msg/num__rosidl_typesupport_fastrtps_c.h
[5.403s] -- Installing: /home/neubility/ROS/ros2_communication_ws/install/ex_msg_srv/include/ex_msg_srv/msg/rosidl_typesupport_fastrtps_c__visibility_control.h
[5.403s] -- Installing: /home/neubility/ROS/ros2_communication_ws/install/ex_msg_srv/lib/libex_msg_srv__rosidl_typesupport_fastrtps_c.so
[5.403s] -- Set runtime path of "/home/neubility/ROS/ros2_communication_ws/install/ex_msg_srv/lib/libex_msg_srv__rosidl_typesupport_fastrtps_c.so" to ""
[5.403s] -- Up-to-date: /home/neubility/ROS/ros2_communication_ws/install/ex_msg_srv/include/ex_msg_srv
[5.403s] -- Up-to-date: /home/neubility/ROS/ros2_communication_ws/install/ex_msg_srv/include/ex_msg_srv/srv
[5.403s] -- Installing: /home/neubility/ROS/ros2_communication_ws/install/ex_msg_srv/include/ex_msg_srv/srv/add_three_ints.h
[5.403s] -- Installing: /home/neubility/ROS/ros2_communication_ws/install/ex_msg_srv/include/ex_msg_srv/srv/add_three_ints__struct.h
[5.403s] -- Installing: /home/neubility/ROS/ros2_communication_ws/install/ex_msg_srv/include/ex_msg_srv/srv/add_three_ints__functions.c
[5.403s] -- Installing: /home/neubility/ROS/ros2_communication_ws/install/ex_msg_srv/include/ex_msg_srv/srv/add_three_ints__type_support.h
[5.403s] -- Installing: /home/neubility/ROS/ros2_communication_ws/install/ex_msg_srv/include/ex_msg_srv/srv/add_three_ints__functions.h
[5.403s] -- Up-to-date: /home/neubility/ROS/ros2_communication_ws/install/ex_msg_srv/include/ex_msg_srv/msg
[5.404s] -- Installing: /home/neubility/ROS/ros2_communication_ws/install/ex_msg_srv/include/ex_msg_srv/msg/num__type_support.h
[5.404s] -- Installing: /home/neubility/ROS/ros2_communication_ws/install/ex_msg_srv/include/ex_msg_srv/msg/num__functions.h
[5.404s] -- Installing: /home/neubility/ROS/ros2_communication_ws/install/ex_msg_srv/include/ex_msg_srv/msg/num__functions.c
[5.404s] -- Installing: /home/neubility/ROS/ros2_communication_ws/install/ex_msg_srv/include/ex_msg_srv/msg/rosidl_generator_c__visibility_control.h
[5.404s] -- Installing: /home/neubility/ROS/ros2_communication_ws/install/ex_msg_srv/include/ex_msg_srv/msg/num.h
[5.404s] -- Installing: /home/neubility/ROS/ros2_communication_ws/install/ex_msg_srv/include/ex_msg_srv/msg/num__struct.h
[5.404s] -- Installing: /home/neubility/ROS/ros2_communication_ws/install/ex_msg_srv/lib/libex_msg_srv__rosidl_generator_c.so
[5.404s] -- Set runtime path of "/home/neubility/ROS/ros2_communication_ws/install/ex_msg_srv/lib/libex_msg_srv__rosidl_generator_c.so" to ""
[5.404s] -- Up-to-date: /home/neubility/ROS/ros2_communication_ws/install/ex_msg_srv/include/ex_msg_srv
[5.404s] -- Up-to-date: /home/neubility/ROS/ros2_communication_ws/install/ex_msg_srv/include/ex_msg_srv/srv
[5.404s] -- Installing: /home/neubility/ROS/ros2_communication_ws/install/ex_msg_srv/include/ex_msg_srv/srv/dds_fastrtps
[5.404s] -- Installing: /home/neubility/ROS/ros2_communication_ws/install/ex_msg_srv/include/ex_msg_srv/srv/add_three_ints__rosidl_typesupport_fastrtps_cpp.hpp
[5.404s] -- Up-to-date: /home/neubility/ROS/ros2_communication_ws/install/ex_msg_srv/include/ex_msg_srv/msg
[5.404s] -- Installing: /home/neubility/ROS/ros2_communication_ws/install/ex_msg_srv/include/ex_msg_srv/msg/dds_fastrtps
[5.405s] -- Installing: /home/neubility/ROS/ros2_communication_ws/install/ex_msg_srv/include/ex_msg_srv/msg/rosidl_typesupport_fastrtps_cpp__visibility_control.h
[5.405s] -- Installing: /home/neubility/ROS/ros2_communication_ws/install/ex_msg_srv/include/ex_msg_srv/msg/num__rosidl_typesupport_fastrtps_cpp.hpp
[5.405s] -- Installing: /home/neubility/ROS/ros2_communication_ws/install/ex_msg_srv/lib/libex_msg_srv__rosidl_typesupport_fastrtps_cpp.so
[5.405s] -- Set runtime path of "/home/neubility/ROS/ros2_communication_ws/install/ex_msg_srv/lib/libex_msg_srv__rosidl_typesupport_fastrtps_cpp.so" to ""
[5.405s] -- Up-to-date: /home/neubility/ROS/ros2_communication_ws/install/ex_msg_srv/include/ex_msg_srv
[5.405s] -- Up-to-date: /home/neubility/ROS/ros2_communication_ws/install/ex_msg_srv/include/ex_msg_srv/srv
[5.405s] -- Installing: /home/neubility/ROS/ros2_communication_ws/install/ex_msg_srv/include/ex_msg_srv/srv/add_three_ints__traits.hpp
[5.405s] -- Installing: /home/neubility/ROS/ros2_communication_ws/install/ex_msg_srv/include/ex_msg_srv/srv/add_three_ints.hpp
[5.405s] -- Installing: /home/neubility/ROS/ros2_communication_ws/install/ex_msg_srv/include/ex_msg_srv/srv/add_three_ints__struct.hpp
[5.405s] -- Up-to-date: /home/neubility/ROS/ros2_communication_ws/install/ex_msg_srv/include/ex_msg_srv/msg
[5.405s] -- Installing: /home/neubility/ROS/ros2_communication_ws/install/ex_msg_srv/include/ex_msg_srv/msg/num__traits.hpp
[5.405s] -- Installing: /home/neubility/ROS/ros2_communication_ws/install/ex_msg_srv/include/ex_msg_srv/msg/num__struct.hpp
[5.405s] -- Installing: /home/neubility/ROS/ros2_communication_ws/install/ex_msg_srv/include/ex_msg_srv/msg/num.hpp
[5.406s] -- Up-to-date: /home/neubility/ROS/ros2_communication_ws/install/ex_msg_srv/include/ex_msg_srv
[5.406s] -- Up-to-date: /home/neubility/ROS/ros2_communication_ws/install/ex_msg_srv/include/ex_msg_srv/srv
[5.406s] -- Installing: /home/neubility/ROS/ros2_communication_ws/install/ex_msg_srv/include/ex_msg_srv/srv/add_three_ints__type_support.c
[5.407s] -- Installing: /home/neubility/ROS/ros2_communication_ws/install/ex_msg_srv/include/ex_msg_srv/srv/add_three_ints__rosidl_typesupport_introspection_c.h
[5.407s] -- Up-to-date: /home/neubility/ROS/ros2_communication_ws/install/ex_msg_srv/include/ex_msg_srv/msg
[5.407s] -- Installing: /home/neubility/ROS/ros2_communication_ws/install/ex_msg_srv/include/ex_msg_srv/msg/rosidl_typesupport_introspection_c__visibility_control.h
[5.407s] -- Installing: /home/neubility/ROS/ros2_communication_ws/install/ex_msg_srv/include/ex_msg_srv/msg/num__type_support.c
[5.407s] -- Installing: /home/neubility/ROS/ros2_communication_ws/install/ex_msg_srv/include/ex_msg_srv/msg/num__rosidl_typesupport_introspection_c.h
[5.407s] -- Installing: /home/neubility/ROS/ros2_communication_ws/install/ex_msg_srv/lib/libex_msg_srv__rosidl_typesupport_introspection_c.so
[5.407s] -- Set runtime path of "/home/neubility/ROS/ros2_communication_ws/install/ex_msg_srv/lib/libex_msg_srv__rosidl_typesupport_introspection_c.so" to ""
[5.407s] -- Up-to-date: /home/neubility/ROS/ros2_communication_ws/install/ex_msg_srv/include/ex_msg_srv
[5.407s] -- Up-to-date: /home/neubility/ROS/ros2_communication_ws/install/ex_msg_srv/include/ex_msg_srv/srv
[5.407s] -- Installing: /home/neubility/ROS/ros2_communication_ws/install/ex_msg_srv/include/ex_msg_srv/srv/add_three_ints__rosidl_typesupport_introspection_cpp.hpp
[5.407s] -- Installing: /home/neubility/ROS/ros2_communication_ws/install/ex_msg_srv/include/ex_msg_srv/srv/add_three_ints__type_support.cpp
[5.407s] -- Up-to-date: /home/neubility/ROS/ros2_communication_ws/install/ex_msg_srv/include/ex_msg_srv/msg
[5.407s] -- Installing: /home/neubility/ROS/ros2_communication_ws/install/ex_msg_srv/include/ex_msg_srv/msg/num__rosidl_typesupport_introspection_cpp.hpp
[5.407s] -- Installing: /home/neubility/ROS/ros2_communication_ws/install/ex_msg_srv/include/ex_msg_srv/msg/num__type_support.cpp
[5.407s] -- Installing: /home/neubility/ROS/ros2_communication_ws/install/ex_msg_srv/lib/libex_msg_srv__rosidl_typesupport_introspection_cpp.so
[5.408s] -- Set runtime path of "/home/neubility/ROS/ros2_communication_ws/install/ex_msg_srv/lib/libex_msg_srv__rosidl_typesupport_introspection_cpp.so" to ""
[5.408s] -- Installing: /home/neubility/ROS/ros2_communication_ws/install/ex_msg_srv/share/ex_msg_srv/environment/pythonpath.sh
[5.408s] -- Installing: /home/neubility/ROS/ros2_communication_ws/install/ex_msg_srv/share/ex_msg_srv/environment/pythonpath.dsv
[5.408s] -- Installing: /home/neubility/ROS/ros2_communication_ws/install/ex_msg_srv/lib/python3.6/site-packages/ex_msg_srv/__init__.py
[5.436s] Compiling '/home/neubility/ROS/ros2_communication_ws/install/ex_msg_srv/lib/python3.6/site-packages/ex_msg_srv/__init__.py'...
[5.441s] -- Installing: /home/neubility/ROS/ros2_communication_ws/install/ex_msg_srv/lib/python3.6/site-packages/ex_msg_srv/msg
[5.441s] -- Installing: /home/neubility/ROS/ros2_communication_ws/install/ex_msg_srv/lib/python3.6/site-packages/ex_msg_srv/msg/_num_s.c
[5.441s] -- Installing: /home/neubility/ROS/ros2_communication_ws/install/ex_msg_srv/lib/python3.6/site-packages/ex_msg_srv/msg/_num.py
[5.441s] -- Installing: /home/neubility/ROS/ros2_communication_ws/install/ex_msg_srv/lib/python3.6/site-packages/ex_msg_srv/msg/__init__.py
[5.441s] -- Installing: /home/neubility/ROS/ros2_communication_ws/install/ex_msg_srv/lib/python3.6/site-packages/ex_msg_srv/srv
[5.441s] -- Installing: /home/neubility/ROS/ros2_communication_ws/install/ex_msg_srv/lib/python3.6/site-packages/ex_msg_srv/srv/_add_three_ints_s.c
[5.441s] -- Installing: /home/neubility/ROS/ros2_communication_ws/install/ex_msg_srv/lib/python3.6/site-packages/ex_msg_srv/srv/__init__.py
[5.442s] -- Installing: /home/neubility/ROS/ros2_communication_ws/install/ex_msg_srv/lib/python3.6/site-packages/ex_msg_srv/srv/_add_three_ints.py
[5.442s] -- Installing: /home/neubility/ROS/ros2_communication_ws/install/ex_msg_srv/lib/python3.6/site-packages/ex_msg_srv/ex_msg_srv_s__rosidl_typesupport_c.cpython-36m-x86_64-linux-gnu.so
[5.442s] -- Set runtime path of "/home/neubility/ROS/ros2_communication_ws/install/ex_msg_srv/lib/python3.6/site-packages/ex_msg_srv/ex_msg_srv_s__rosidl_typesupport_c.cpython-36m-x86_64-linux-gnu.so" to ""
[5.442s] -- Installing: /home/neubility/ROS/ros2_communication_ws/install/ex_msg_srv/lib/python3.6/site-packages/ex_msg_srv/ex_msg_srv_s__rosidl_typesupport_introspection_c.cpython-36m-x86_64-linux-gnu.so
[5.443s] -- Set runtime path of "/home/neubility/ROS/ros2_communication_ws/install/ex_msg_srv/lib/python3.6/site-packages/ex_msg_srv/ex_msg_srv_s__rosidl_typesupport_introspection_c.cpython-36m-x86_64-linux-gnu.so" to ""
[5.443s] -- Installing: /home/neubility/ROS/ros2_communication_ws/install/ex_msg_srv/lib/python3.6/site-packages/ex_msg_srv/ex_msg_srv_s__rosidl_typesupport_fastrtps_c.cpython-36m-x86_64-linux-gnu.so
[5.443s] -- Set runtime path of "/home/neubility/ROS/ros2_communication_ws/install/ex_msg_srv/lib/python3.6/site-packages/ex_msg_srv/ex_msg_srv_s__rosidl_typesupport_fastrtps_c.cpython-36m-x86_64-linux-gnu.so" to ""
[5.443s] -- Installing: /home/neubility/ROS/ros2_communication_ws/install/ex_msg_srv/lib/libex_msg_srv__python.so
[5.444s] -- Set runtime path of "/home/neubility/ROS/ros2_communication_ws/install/ex_msg_srv/lib/libex_msg_srv__python.so" to ""
[5.444s] -- Installing: /home/neubility/ROS/ros2_communication_ws/install/ex_msg_srv/share/ex_msg_srv/msg/Num.idl
[5.444s] -- Installing: /home/neubility/ROS/ros2_communication_ws/install/ex_msg_srv/share/ex_msg_srv/srv/AddThreeInts.idl
[5.444s] -- Installing: /home/neubility/ROS/ros2_communication_ws/install/ex_msg_srv/share/ex_msg_srv/msg/Num.msg
[5.444s] -- Installing: /home/neubility/ROS/ros2_communication_ws/install/ex_msg_srv/share/ex_msg_srv/srv/AddThreeInts.srv
[5.444s] -- Installing: /home/neubility/ROS/ros2_communication_ws/install/ex_msg_srv/share/ex_msg_srv/srv/AddThreeInts_Request.msg
[5.444s] -- Installing: /home/neubility/ROS/ros2_communication_ws/install/ex_msg_srv/share/ex_msg_srv/srv/AddThreeInts_Response.msg
[5.445s] -- Installing: /home/neubility/ROS/ros2_communication_ws/install/ex_msg_srv/share/ament_index/resource_index/package_run_dependencies/ex_msg_srv
[5.445s] -- Installing: /home/neubility/ROS/ros2_communication_ws/install/ex_msg_srv/share/ament_index/resource_index/parent_prefix_path/ex_msg_srv
[5.445s] -- Installing: /home/neubility/ROS/ros2_communication_ws/install/ex_msg_srv/share/ex_msg_srv/environment/ament_prefix_path.sh
[5.445s] -- Installing: /home/neubility/ROS/ros2_communication_ws/install/ex_msg_srv/share/ex_msg_srv/environment/ament_prefix_path.dsv
[5.445s] -- Installing: /home/neubility/ROS/ros2_communication_ws/install/ex_msg_srv/share/ex_msg_srv/environment/path.sh
[5.445s] -- Installing: /home/neubility/ROS/ros2_communication_ws/install/ex_msg_srv/share/ex_msg_srv/environment/path.dsv
[5.445s] -- Installing: /home/neubility/ROS/ros2_communication_ws/install/ex_msg_srv/share/ex_msg_srv/local_setup.bash
[5.445s] -- Installing: /home/neubility/ROS/ros2_communication_ws/install/ex_msg_srv/share/ex_msg_srv/local_setup.sh
[5.445s] -- Installing: /home/neubility/ROS/ros2_communication_ws/install/ex_msg_srv/share/ex_msg_srv/local_setup.zsh
[5.446s] -- Installing: /home/neubility/ROS/ros2_communication_ws/install/ex_msg_srv/share/ex_msg_srv/local_setup.dsv
[5.446s] -- Installing: /home/neubility/ROS/ros2_communication_ws/install/ex_msg_srv/share/ex_msg_srv/package.dsv
[5.446s] -- Installing: /home/neubility/ROS/ros2_communication_ws/install/ex_msg_srv/share/ament_index/resource_index/packages/ex_msg_srv
[5.446s] -- Installing: /home/neubility/ROS/ros2_communication_ws/install/ex_msg_srv/share/ex_msg_srv/cmake/rosidl_cmake-extras.cmake
[5.446s] -- Installing: /home/neubility/ROS/ros2_communication_ws/install/ex_msg_srv/share/ex_msg_srv/cmake/ament_cmake_export_libraries-extras.cmake
[5.447s] -- Installing: /home/neubility/ROS/ros2_communication_ws/install/ex_msg_srv/share/ex_msg_srv/cmake/ament_cmake_export_include_directories-extras.cmake
[5.447s] -- Installing: /home/neubility/ROS/ros2_communication_ws/install/ex_msg_srv/share/ex_msg_srv/cmake/ex_msg_srvConfig.cmake
[5.447s] -- Installing: /home/neubility/ROS/ros2_communication_ws/install/ex_msg_srv/share/ex_msg_srv/cmake/ex_msg_srvConfig-version.cmake
[5.447s] -- Installing: /home/neubility/ROS/ros2_communication_ws/install/ex_msg_srv/share/ex_msg_srv/package.xml
[5.451s] Invoked command in '/home/neubility/ROS/ros2_communication_ws/build/ex_msg_srv' returned '0': CMAKE_PREFIX_PATH=/opt/ros/eloquent /usr/bin/cmake --build /home/neubility/ROS/ros2_communication_ws/build/ex_msg_srv --target install -- -j16 -l16
