Determining if the pthread_create exist failed with the following output:
Change Dir: /home/neubility/ROS/ros2_communication_ws/build/pub_ex/CMakeFiles/CMakeTmp

Run Build Command:"/usr/bin/make" "cmTC_9b24a/fast"
/usr/bin/make -f CMakeFiles/cmTC_9b24a.dir/build.make CMakeFiles/cmTC_9b24a.dir/build
make[1]: Entering directory '/home/neubility/ROS/ros2_communication_ws/build/pub_ex/CMakeFiles/CMakeTmp'
Building C object CMakeFiles/cmTC_9b24a.dir/CheckSymbolExists.c.o
/usr/bin/cc    -o CMakeFiles/cmTC_9b24a.dir/CheckSymbolExists.c.o   -c /home/neubility/ROS/ros2_communication_ws/build/pub_ex/CMakeFiles/CMakeTmp/CheckSymbolExists.c
Linking C executable cmTC_9b24a
/usr/bin/cmake -E cmake_link_script CMakeFiles/cmTC_9b24a.dir/link.txt --verbose=1
/usr/bin/cc      CMakeFiles/cmTC_9b24a.dir/CheckSymbolExists.c.o  -o cmTC_9b24a 
CMakeFiles/cmTC_9b24a.dir/CheckSymbolExists.c.o: In function `main':
CheckSymbolExists.c:(.text+0x1b): undefined reference to `pthread_create'
collect2: error: ld returned 1 exit status
CMakeFiles/cmTC_9b24a.dir/build.make:97: recipe for target 'cmTC_9b24a' failed
make[1]: *** [cmTC_9b24a] Error 1
make[1]: Leaving directory '/home/neubility/ROS/ros2_communication_ws/build/pub_ex/CMakeFiles/CMakeTmp'
Makefile:126: recipe for target 'cmTC_9b24a/fast' failed
make: *** [cmTC_9b24a/fast] Error 2

File /home/neubility/ROS/ros2_communication_ws/build/pub_ex/CMakeFiles/CMakeTmp/CheckSymbolExists.c:
/* */
#include <pthread.h>

int main(int argc, char** argv)
{
  (void)argv;
#ifndef pthread_create
  return ((int*)(&pthread_create))[argc];
#else
  (void)argc;
  return 0;
#endif
}

Determining if the function pthread_create exists in the pthreads failed with the following output:
Change Dir: /home/neubility/ROS/ros2_communication_ws/build/pub_ex/CMakeFiles/CMakeTmp

Run Build Command:"/usr/bin/make" "cmTC_34a80/fast"
/usr/bin/make -f CMakeFiles/cmTC_34a80.dir/build.make CMakeFiles/cmTC_34a80.dir/build
make[1]: Entering directory '/home/neubility/ROS/ros2_communication_ws/build/pub_ex/CMakeFiles/CMakeTmp'
Building C object CMakeFiles/cmTC_34a80.dir/CheckFunctionExists.c.o
/usr/bin/cc   -DCHECK_FUNCTION_EXISTS=pthread_create   -o CMakeFiles/cmTC_34a80.dir/CheckFunctionExists.c.o   -c /usr/share/cmake-3.10/Modules/CheckFunctionExists.c
Linking C executable cmTC_34a80
/usr/bin/cmake -E cmake_link_script CMakeFiles/cmTC_34a80.dir/link.txt --verbose=1
/usr/bin/cc  -DCHECK_FUNCTION_EXISTS=pthread_create    CMakeFiles/cmTC_34a80.dir/CheckFunctionExists.c.o  -o cmTC_34a80 -lpthreads 
/usr/bin/ld: cannot find -lpthreads
collect2: error: ld returned 1 exit status
CMakeFiles/cmTC_34a80.dir/build.make:97: recipe for target 'cmTC_34a80' failed
make[1]: *** [cmTC_34a80] Error 1
make[1]: Leaving directory '/home/neubility/ROS/ros2_communication_ws/build/pub_ex/CMakeFiles/CMakeTmp'
Makefile:126: recipe for target 'cmTC_34a80/fast' failed
make: *** [cmTC_34a80/fast] Error 2


