[0.000000] (-) TimerEvent: {}
[0.000287] (ex_msg_srv) JobQueued: {'identifier': 'ex_msg_srv', 'dependencies': OrderedDict()}
[0.000361] (sub_ex) JobQueued: {'identifier': 'sub_ex', 'dependencies': OrderedDict()}
[0.000390] (practice_code_pkg) JobQueued: {'identifier': 'practice_code_pkg', 'dependencies': OrderedDict([('ex_msg_srv', '/home/neubility/ROS/ros2_communication_ws/install/ex_msg_srv')])}
[0.000467] (pub_ex) JobQueued: {'identifier': 'pub_ex', 'dependencies': OrderedDict([('ex_msg_srv', '/home/neubility/ROS/ros2_communication_ws/install/ex_msg_srv')])}
[0.000518] (ex_msg_srv) JobStarted: {'identifier': 'ex_msg_srv'}
[0.008124] (sub_ex) JobStarted: {'identifier': 'sub_ex'}
[0.016322] (ex_msg_srv) JobProgress: {'identifier': 'ex_msg_srv', 'progress': 'cmake'}
[0.017091] (ex_msg_srv) JobProgress: {'identifier': 'ex_msg_srv', 'progress': 'build'}
[0.017709] (ex_msg_srv) Command: {'cmd': ['/usr/bin/cmake', '--build', '/home/neubility/ROS/ros2_communication_ws/build/ex_msg_srv', '--', '-j16', '-l16'], 'cwd': '/home/neubility/ROS/ros2_communication_ws/build/ex_msg_srv', 'env': OrderedDict([('GJS_DEBUG_TOPICS', 'JS ERROR;JS LOG'), ('LESSOPEN', '| /usr/bin/lesspipe %s'), ('USER', 'neubility'), ('LC_TIME', 'ko_KR.UTF-8'), ('TEXTDOMAIN', 'im-config'), ('XDG_SEAT', 'seat0'), ('SSH_AGENT_PID', '1359'), ('XDG_SESSION_TYPE', 'x11'), ('GIT_ASKPASS', '/usr/share/code/resources/app/extensions/git/dist/askpass.sh'), ('LD_LIBRARY_PATH', '/home/neubility/Qt5.14.2/Tools/QtCreator/lib:/usr/local/cuda-11.4/lib64:/usr/lib/x86_64-linux-gnu/gazebo-9/plugins:/opt/ros/eloquent/opt/yaml_cpp_vendor/lib:/opt/ros/eloquent/opt/rviz_ogre_vendor/lib:/opt/ros/eloquent/lib/x86_64-linux-gnu:/opt/ros/eloquent/lib'), ('SHLVL', '2'), ('CHROME_DESKTOP', 'code-url-handler.desktop'), ('QT4_IM_MODULE', 'xim'), ('HOME', '/home/neubility'), ('DESKTOP_SESSION', 'ubuntu'), ('TERM_PROGRAM_VERSION', '1.63.0'), ('GIO_LAUNCHED_DESKTOP_FILE', '/usr/share/applications/code.desktop'), ('GNOME_SHELL_SESSION_MODE', 'ubuntu'), ('GTK_MODULES', 'gail:atk-bridge'), ('VSCODE_GIT_ASKPASS_MAIN', '/usr/share/code/resources/app/extensions/git/dist/askpass-main.js'), ('ROS_PYTHON_VERSION', '3'), ('LC_MONETARY', 'ko_KR.UTF-8'), ('VSCODE_GIT_ASKPASS_NODE', '/usr/share/code/code'), ('DBUS_SESSION_BUS_ADDRESS', 'unix:path=/run/user/1000/bus'), ('COLORTERM', 'truecolor'), ('GIO_LAUNCHED_DESKTOP_FILE_PID', '19589'), ('IM_CONFIG_PHASE', '2'), ('ROS_DISTRO', 'eloquent'), ('LOGNAME', 'neubility'), ('GTK_IM_MODULE', 'ibus'), ('_', '/usr/bin/colcon'), ('ROS_VERSION', '2'), ('USERNAME', 'neubility'), ('XDG_SESSION_ID', '1'), ('TERM', 'xterm-256color'), ('ROS_LOCALHOST_ONLY', '0'), ('GNOME_DESKTOP_SESSION_ID', 'this-is-deprecated'), ('WINDOWPATH', '1'), ('PATH', '/home/neubility/Qt5.14.2/Tools/QtCreator/bin:/usr/local/cuda-11.4/bin:/opt/ros/eloquent/bin:/usr/local/sbin:/usr/local/bin:/usr/sbin:/usr/bin:/sbin:/bin:/usr/games:/usr/local/games:/snap/bin'), ('SESSION_MANAGER', 'local/neubility:@/tmp/.ICE-unix/1282,unix/neubility:/tmp/.ICE-unix/1282'), ('XDG_MENU_PREFIX', 'gnome-'), ('LC_ADDRESS', 'ko_KR.UTF-8'), ('GDK_BACKEND', 'x11'), ('XDG_RUNTIME_DIR', '/run/user/1000'), ('DISPLAY', ':0'), ('LANG', 'en_US.UTF-8'), ('XDG_CURRENT_DESKTOP', 'Unity'), ('LC_TELEPHONE', 'ko_KR.UTF-8'), ('RMW_IMPLEMENTATION', 'rmw_cyclonedds_cpp'), ('TERM_PROGRAM', 'vscode'), ('XDG_SESSION_DESKTOP', 'ubuntu'), ('XMODIFIERS', '@im=ibus'), ('VSCODE_GIT_IPC_HANDLE', '/run/user/1000/vscode-git-60516ff566.sock'), ('XAUTHORITY', '/run/user/1000/gdm/Xauthority'), ('AMENT_PREFIX_PATH', '/opt/ros/eloquent'), ('ORIGINAL_XDG_CURRENT_DESKTOP', 'ubuntu:GNOME'), ('SSH_AUTH_SOCK', '/run/user/1000/keyring/ssh'), ('ROS_DOMAIN_ID', '212'), ('LC_NAME', 'ko_KR.UTF-8'), ('SHELL', '/bin/bash'), ('QT_ACCESSIBILITY', '1'), ('GDMSESSION', 'ubuntu'), ('LESSCLOSE', '/usr/bin/lesspipe %s %s'), ('LC_MEASUREMENT', 'ko_KR.UTF-8'), ('TEXTDOMAINDIR', '/usr/share/locale/'), ('GJS_DEBUG_OUTPUT', 'stderr'), ('GPG_AGENT_INFO', '/run/user/1000/gnupg/S.gpg-agent:0:1'), ('LC_IDENTIFICATION', 'ko_KR.UTF-8'), ('VSCODE_GIT_ASKPASS_EXTRA_ARGS', '--ms-enable-electron-run-as-node'), ('XDG_VTNR', '1'), ('QT_IM_MODULE', 'ibus'), ('LC_ALL', 'en_US.UTF-8'), ('PWD', '/home/neubility/ROS/ros2_communication_ws/build/ex_msg_srv'), ('CLUTTER_IM_MODULE', 'xim'), ('XDG_DATA_DIRS', '/usr/share/ubuntu:/usr/local/share/:/usr/share/:/var/lib/snapd/desktop'), ('XDG_CONFIG_DIRS', '/etc/xdg/xdg-ubuntu:/etc/xdg'), ('LC_NUMERIC', 'ko_KR.UTF-8'), ('PYTHONPATH', '/opt/ros/eloquent/lib/python3.6/site-packages'), ('LC_PAPER', 'ko_KR.UTF-8'), ('BREAKPAD_DUMP_LOCATION', '/home/neubility/.config/Code/exthost Crash Reports'), ('COLCON', '1'), ('CMAKE_PREFIX_PATH', '/opt/ros/eloquent')]), 'shell': False}
[0.023599] (sub_ex) JobProgress: {'identifier': 'sub_ex', 'progress': 'cmake'}
[0.024255] (sub_ex) JobProgress: {'identifier': 'sub_ex', 'progress': 'build'}
[0.024424] (sub_ex) Command: {'cmd': ['/usr/bin/cmake', '--build', '/home/neubility/ROS/ros2_communication_ws/build/sub_ex', '--', '-j16', '-l16'], 'cwd': '/home/neubility/ROS/ros2_communication_ws/build/sub_ex', 'env': OrderedDict([('GJS_DEBUG_TOPICS', 'JS ERROR;JS LOG'), ('LESSOPEN', '| /usr/bin/lesspipe %s'), ('USER', 'neubility'), ('LC_TIME', 'ko_KR.UTF-8'), ('TEXTDOMAIN', 'im-config'), ('XDG_SEAT', 'seat0'), ('SSH_AGENT_PID', '1359'), ('XDG_SESSION_TYPE', 'x11'), ('GIT_ASKPASS', '/usr/share/code/resources/app/extensions/git/dist/askpass.sh'), ('LD_LIBRARY_PATH', '/home/neubility/Qt5.14.2/Tools/QtCreator/lib:/usr/local/cuda-11.4/lib64:/usr/lib/x86_64-linux-gnu/gazebo-9/plugins:/opt/ros/eloquent/opt/yaml_cpp_vendor/lib:/opt/ros/eloquent/opt/rviz_ogre_vendor/lib:/opt/ros/eloquent/lib/x86_64-linux-gnu:/opt/ros/eloquent/lib'), ('SHLVL', '2'), ('CHROME_DESKTOP', 'code-url-handler.desktop'), ('QT4_IM_MODULE', 'xim'), ('HOME', '/home/neubility'), ('DESKTOP_SESSION', 'ubuntu'), ('TERM_PROGRAM_VERSION', '1.63.0'), ('GIO_LAUNCHED_DESKTOP_FILE', '/usr/share/applications/code.desktop'), ('GNOME_SHELL_SESSION_MODE', 'ubuntu'), ('GTK_MODULES', 'gail:atk-bridge'), ('VSCODE_GIT_ASKPASS_MAIN', '/usr/share/code/resources/app/extensions/git/dist/askpass-main.js'), ('ROS_PYTHON_VERSION', '3'), ('LC_MONETARY', 'ko_KR.UTF-8'), ('VSCODE_GIT_ASKPASS_NODE', '/usr/share/code/code'), ('DBUS_SESSION_BUS_ADDRESS', 'unix:path=/run/user/1000/bus'), ('COLORTERM', 'truecolor'), ('GIO_LAUNCHED_DESKTOP_FILE_PID', '19589'), ('IM_CONFIG_PHASE', '2'), ('ROS_DISTRO', 'eloquent'), ('LOGNAME', 'neubility'), ('GTK_IM_MODULE', 'ibus'), ('_', '/usr/bin/colcon'), ('ROS_VERSION', '2'), ('USERNAME', 'neubility'), ('XDG_SESSION_ID', '1'), ('TERM', 'xterm-256color'), ('ROS_LOCALHOST_ONLY', '0'), ('GNOME_DESKTOP_SESSION_ID', 'this-is-deprecated'), ('WINDOWPATH', '1'), ('PATH', '/home/neubility/Qt5.14.2/Tools/QtCreator/bin:/usr/local/cuda-11.4/bin:/opt/ros/eloquent/bin:/usr/local/sbin:/usr/local/bin:/usr/sbin:/usr/bin:/sbin:/bin:/usr/games:/usr/local/games:/snap/bin'), ('SESSION_MANAGER', 'local/neubility:@/tmp/.ICE-unix/1282,unix/neubility:/tmp/.ICE-unix/1282'), ('XDG_MENU_PREFIX', 'gnome-'), ('LC_ADDRESS', 'ko_KR.UTF-8'), ('GDK_BACKEND', 'x11'), ('XDG_RUNTIME_DIR', '/run/user/1000'), ('DISPLAY', ':0'), ('LANG', 'en_US.UTF-8'), ('XDG_CURRENT_DESKTOP', 'Unity'), ('LC_TELEPHONE', 'ko_KR.UTF-8'), ('RMW_IMPLEMENTATION', 'rmw_cyclonedds_cpp'), ('TERM_PROGRAM', 'vscode'), ('XDG_SESSION_DESKTOP', 'ubuntu'), ('XMODIFIERS', '@im=ibus'), ('VSCODE_GIT_IPC_HANDLE', '/run/user/1000/vscode-git-60516ff566.sock'), ('XAUTHORITY', '/run/user/1000/gdm/Xauthority'), ('AMENT_PREFIX_PATH', '/opt/ros/eloquent'), ('ORIGINAL_XDG_CURRENT_DESKTOP', 'ubuntu:GNOME'), ('SSH_AUTH_SOCK', '/run/user/1000/keyring/ssh'), ('ROS_DOMAIN_ID', '212'), ('LC_NAME', 'ko_KR.UTF-8'), ('SHELL', '/bin/bash'), ('QT_ACCESSIBILITY', '1'), ('GDMSESSION', 'ubuntu'), ('LESSCLOSE', '/usr/bin/lesspipe %s %s'), ('LC_MEASUREMENT', 'ko_KR.UTF-8'), ('TEXTDOMAINDIR', '/usr/share/locale/'), ('GJS_DEBUG_OUTPUT', 'stderr'), ('GPG_AGENT_INFO', '/run/user/1000/gnupg/S.gpg-agent:0:1'), ('LC_IDENTIFICATION', 'ko_KR.UTF-8'), ('VSCODE_GIT_ASKPASS_EXTRA_ARGS', '--ms-enable-electron-run-as-node'), ('XDG_VTNR', '1'), ('QT_IM_MODULE', 'ibus'), ('LC_ALL', 'en_US.UTF-8'), ('PWD', '/home/neubility/ROS/ros2_communication_ws/build/sub_ex'), ('CLUTTER_IM_MODULE', 'xim'), ('XDG_DATA_DIRS', '/usr/share/ubuntu:/usr/local/share/:/usr/share/:/var/lib/snapd/desktop'), ('XDG_CONFIG_DIRS', '/etc/xdg/xdg-ubuntu:/etc/xdg'), ('LC_NUMERIC', 'ko_KR.UTF-8'), ('PYTHONPATH', '/opt/ros/eloquent/lib/python3.6/site-packages'), ('LC_PAPER', 'ko_KR.UTF-8'), ('BREAKPAD_DUMP_LOCATION', '/home/neubility/.config/Code/exthost Crash Reports'), ('COLCON', '1'), ('CMAKE_PREFIX_PATH', '/opt/ros/eloquent')]), 'shell': False}
[0.073172] (ex_msg_srv) StdoutLine: {'line': b'[  7%] Built target ex_msg_srv__cpp\n'}
[0.073475] (ex_msg_srv) StdoutLine: {'line': b'[ 12%] Built target ex_msg_srv__rosidl_generator_c\n'}
[0.083601] (sub_ex) StdoutLine: {'line': b'[100%] Built target sub_ex\n'}
[0.092420] (ex_msg_srv) StdoutLine: {'line': b'[ 33%] Built target ex_msg_srv__rosidl_typesupport_introspection_cpp\n'}
[0.092650] (ex_msg_srv) StdoutLine: {'line': b'[ 33%] Built target ex_msg_srv__rosidl_typesupport_c\n'}
[0.094047] (ex_msg_srv) StdoutLine: {'line': b'[ 43%] Built target ex_msg_srv__rosidl_typesupport_cpp\n'}
[0.094551] (sub_ex) CommandEnded: {'returncode': 0}
[0.098652] (-) TimerEvent: {}
[0.099786] (ex_msg_srv) StdoutLine: {'line': b'[ 53%] Built target ex_msg_srv__rosidl_typesupport_fastrtps_cpp\n'}
[0.100319] (ex_msg_srv) StdoutLine: {'line': b'[ 64%] Built target ex_msg_srv__rosidl_typesupport_introspection_c\n'}
[0.118910] (sub_ex) JobProgress: {'identifier': 'sub_ex', 'progress': 'install'}
[0.125792] (ex_msg_srv) StdoutLine: {'line': b'[ 74%] Built target ex_msg_srv__rosidl_typesupport_fastrtps_c\n'}
[0.126620] (sub_ex) Command: {'cmd': ['/usr/bin/cmake', '--build', '/home/neubility/ROS/ros2_communication_ws/build/sub_ex', '--target', 'install', '--', '-j16', '-l16'], 'cwd': '/home/neubility/ROS/ros2_communication_ws/build/sub_ex', 'env': OrderedDict([('GJS_DEBUG_TOPICS', 'JS ERROR;JS LOG'), ('LESSOPEN', '| /usr/bin/lesspipe %s'), ('USER', 'neubility'), ('LC_TIME', 'ko_KR.UTF-8'), ('TEXTDOMAIN', 'im-config'), ('XDG_SEAT', 'seat0'), ('SSH_AGENT_PID', '1359'), ('XDG_SESSION_TYPE', 'x11'), ('GIT_ASKPASS', '/usr/share/code/resources/app/extensions/git/dist/askpass.sh'), ('LD_LIBRARY_PATH', '/home/neubility/Qt5.14.2/Tools/QtCreator/lib:/usr/local/cuda-11.4/lib64:/usr/lib/x86_64-linux-gnu/gazebo-9/plugins:/opt/ros/eloquent/opt/yaml_cpp_vendor/lib:/opt/ros/eloquent/opt/rviz_ogre_vendor/lib:/opt/ros/eloquent/lib/x86_64-linux-gnu:/opt/ros/eloquent/lib'), ('SHLVL', '2'), ('CHROME_DESKTOP', 'code-url-handler.desktop'), ('QT4_IM_MODULE', 'xim'), ('HOME', '/home/neubility'), ('DESKTOP_SESSION', 'ubuntu'), ('TERM_PROGRAM_VERSION', '1.63.0'), ('GIO_LAUNCHED_DESKTOP_FILE', '/usr/share/applications/code.desktop'), ('GNOME_SHELL_SESSION_MODE', 'ubuntu'), ('GTK_MODULES', 'gail:atk-bridge'), ('VSCODE_GIT_ASKPASS_MAIN', '/usr/share/code/resources/app/extensions/git/dist/askpass-main.js'), ('ROS_PYTHON_VERSION', '3'), ('LC_MONETARY', 'ko_KR.UTF-8'), ('VSCODE_GIT_ASKPASS_NODE', '/usr/share/code/code'), ('DBUS_SESSION_BUS_ADDRESS', 'unix:path=/run/user/1000/bus'), ('COLORTERM', 'truecolor'), ('GIO_LAUNCHED_DESKTOP_FILE_PID', '19589'), ('IM_CONFIG_PHASE', '2'), ('ROS_DISTRO', 'eloquent'), ('LOGNAME', 'neubility'), ('GTK_IM_MODULE', 'ibus'), ('_', '/usr/bin/colcon'), ('ROS_VERSION', '2'), ('USERNAME', 'neubility'), ('XDG_SESSION_ID', '1'), ('TERM', 'xterm-256color'), ('ROS_LOCALHOST_ONLY', '0'), ('GNOME_DESKTOP_SESSION_ID', 'this-is-deprecated'), ('WINDOWPATH', '1'), ('PATH', '/home/neubility/Qt5.14.2/Tools/QtCreator/bin:/usr/local/cuda-11.4/bin:/opt/ros/eloquent/bin:/usr/local/sbin:/usr/local/bin:/usr/sbin:/usr/bin:/sbin:/bin:/usr/games:/usr/local/games:/snap/bin'), ('SESSION_MANAGER', 'local/neubility:@/tmp/.ICE-unix/1282,unix/neubility:/tmp/.ICE-unix/1282'), ('XDG_MENU_PREFIX', 'gnome-'), ('LC_ADDRESS', 'ko_KR.UTF-8'), ('GDK_BACKEND', 'x11'), ('XDG_RUNTIME_DIR', '/run/user/1000'), ('DISPLAY', ':0'), ('LANG', 'en_US.UTF-8'), ('XDG_CURRENT_DESKTOP', 'Unity'), ('LC_TELEPHONE', 'ko_KR.UTF-8'), ('RMW_IMPLEMENTATION', 'rmw_cyclonedds_cpp'), ('TERM_PROGRAM', 'vscode'), ('XDG_SESSION_DESKTOP', 'ubuntu'), ('XMODIFIERS', '@im=ibus'), ('VSCODE_GIT_IPC_HANDLE', '/run/user/1000/vscode-git-60516ff566.sock'), ('XAUTHORITY', '/run/user/1000/gdm/Xauthority'), ('AMENT_PREFIX_PATH', '/opt/ros/eloquent'), ('ORIGINAL_XDG_CURRENT_DESKTOP', 'ubuntu:GNOME'), ('SSH_AUTH_SOCK', '/run/user/1000/keyring/ssh'), ('ROS_DOMAIN_ID', '212'), ('LC_NAME', 'ko_KR.UTF-8'), ('SHELL', '/bin/bash'), ('QT_ACCESSIBILITY', '1'), ('GDMSESSION', 'ubuntu'), ('LESSCLOSE', '/usr/bin/lesspipe %s %s'), ('LC_MEASUREMENT', 'ko_KR.UTF-8'), ('TEXTDOMAINDIR', '/usr/share/locale/'), ('GJS_DEBUG_OUTPUT', 'stderr'), ('GPG_AGENT_INFO', '/run/user/1000/gnupg/S.gpg-agent:0:1'), ('LC_IDENTIFICATION', 'ko_KR.UTF-8'), ('VSCODE_GIT_ASKPASS_EXTRA_ARGS', '--ms-enable-electron-run-as-node'), ('XDG_VTNR', '1'), ('QT_IM_MODULE', 'ibus'), ('LC_ALL', 'en_US.UTF-8'), ('PWD', '/home/neubility/ROS/ros2_communication_ws/build/sub_ex'), ('CLUTTER_IM_MODULE', 'xim'), ('XDG_DATA_DIRS', '/usr/share/ubuntu:/usr/local/share/:/usr/share/:/var/lib/snapd/desktop'), ('XDG_CONFIG_DIRS', '/etc/xdg/xdg-ubuntu:/etc/xdg'), ('LC_NUMERIC', 'ko_KR.UTF-8'), ('PYTHONPATH', '/opt/ros/eloquent/lib/python3.6/site-packages'), ('LC_PAPER', 'ko_KR.UTF-8'), ('BREAKPAD_DUMP_LOCATION', '/home/neubility/.config/Code/exthost Crash Reports'), ('COLCON', '1'), ('CMAKE_PREFIX_PATH', '/opt/ros/eloquent')]), 'shell': False}
[0.147312] (ex_msg_srv) StdoutLine: {'line': b'[ 74%] Built target ex_msg_srv\n'}
[0.165492] (ex_msg_srv) StdoutLine: {'line': b'[ 76%] Built target ex_msg_srv__py\n'}
[0.180136] (sub_ex) StdoutLine: {'line': b'[100%] Built target sub_ex\n'}
[0.188339] (ex_msg_srv) StdoutLine: {'line': b'[ 84%] Built target ex_msg_srv__python\n'}
[0.197369] (sub_ex) StdoutLine: {'line': b'\x1b[36mInstall the project...\x1b[0m\n'}
[0.198714] (-) TimerEvent: {}
[0.208089] (sub_ex) StdoutLine: {'line': b'-- Install configuration: "Debug"\n'}
[0.208489] (sub_ex) StdoutLine: {'line': b'-- Up-to-date: /home/neubility/ROS/ros2_communication_ws/install/sub_ex/lib/sub_ex/sub_ex\n'}
[0.208709] (sub_ex) StdoutLine: {'line': b'-- Up-to-date: /home/neubility/ROS/ros2_communication_ws/install/sub_ex/share/ament_index/resource_index/package_run_dependencies/sub_ex\n'}
[0.208865] (sub_ex) StdoutLine: {'line': b'-- Up-to-date: /home/neubility/ROS/ros2_communication_ws/install/sub_ex/share/ament_index/resource_index/parent_prefix_path/sub_ex\n'}
[0.209020] (sub_ex) StdoutLine: {'line': b'-- Up-to-date: /home/neubility/ROS/ros2_communication_ws/install/sub_ex/share/sub_ex/environment/ament_prefix_path.sh\n'}
[0.209096] (sub_ex) StdoutLine: {'line': b'-- Up-to-date: /home/neubility/ROS/ros2_communication_ws/install/sub_ex/share/sub_ex/environment/ament_prefix_path.dsv\n'}
[0.209154] (sub_ex) StdoutLine: {'line': b'-- Up-to-date: /home/neubility/ROS/ros2_communication_ws/install/sub_ex/share/sub_ex/environment/path.sh\n'}
[0.209249] (sub_ex) StdoutLine: {'line': b'-- Up-to-date: /home/neubility/ROS/ros2_communication_ws/install/sub_ex/share/sub_ex/environment/path.dsv\n'}
[0.209340] (sub_ex) StdoutLine: {'line': b'-- Up-to-date: /home/neubility/ROS/ros2_communication_ws/install/sub_ex/share/sub_ex/local_setup.bash\n'}
[0.209397] (sub_ex) StdoutLine: {'line': b'-- Up-to-date: /home/neubility/ROS/ros2_communication_ws/install/sub_ex/share/sub_ex/local_setup.sh\n'}
[0.209454] (sub_ex) StdoutLine: {'line': b'-- Up-to-date: /home/neubility/ROS/ros2_communication_ws/install/sub_ex/share/sub_ex/local_setup.zsh\n'}
[0.209509] (sub_ex) StdoutLine: {'line': b'-- Up-to-date: /home/neubility/ROS/ros2_communication_ws/install/sub_ex/share/sub_ex/local_setup.dsv\n'}
[0.209565] (sub_ex) StdoutLine: {'line': b'-- Installing: /home/neubility/ROS/ros2_communication_ws/install/sub_ex/share/sub_ex/package.dsv\n'}
[0.209622] (sub_ex) StdoutLine: {'line': b'-- Up-to-date: /home/neubility/ROS/ros2_communication_ws/install/sub_ex/share/ament_index/resource_index/packages/sub_ex\n'}
[0.209681] (sub_ex) StdoutLine: {'line': b'-- Up-to-date: /home/neubility/ROS/ros2_communication_ws/install/sub_ex/share/sub_ex/cmake/sub_exConfig.cmake\n'}
[0.209743] (sub_ex) StdoutLine: {'line': b'-- Up-to-date: /home/neubility/ROS/ros2_communication_ws/install/sub_ex/share/sub_ex/cmake/sub_exConfig-version.cmake\n'}
[0.209798] (sub_ex) StdoutLine: {'line': b'-- Up-to-date: /home/neubility/ROS/ros2_communication_ws/install/sub_ex/share/sub_ex/package.xml\n'}
[0.212660] (sub_ex) CommandEnded: {'returncode': 0}
[0.213558] (ex_msg_srv) StdoutLine: {'line': b'[ 94%] Built target ex_msg_srv__rosidl_typesupport_fastrtps_c__pyext\n'}
[0.213664] (ex_msg_srv) StdoutLine: {'line': b'[ 94%] Built target ex_msg_srv__rosidl_typesupport_introspection_c__pyext\n'}
[0.215842] (ex_msg_srv) StdoutLine: {'line': b'[100%] Built target ex_msg_srv__rosidl_typesupport_c__pyext\n'}
[0.239095] (ex_msg_srv) CommandEnded: {'returncode': 0}
[0.269993] (sub_ex) JobEnded: {'identifier': 'sub_ex', 'rc': 0}
[0.298997] (-) TimerEvent: {}
[0.310993] (ex_msg_srv) JobProgress: {'identifier': 'ex_msg_srv', 'progress': 'install'}
[0.311680] (ex_msg_srv) Command: {'cmd': ['/usr/bin/cmake', '--build', '/home/neubility/ROS/ros2_communication_ws/build/ex_msg_srv', '--target', 'install', '--', '-j16', '-l16'], 'cwd': '/home/neubility/ROS/ros2_communication_ws/build/ex_msg_srv', 'env': OrderedDict([('GJS_DEBUG_TOPICS', 'JS ERROR;JS LOG'), ('LESSOPEN', '| /usr/bin/lesspipe %s'), ('USER', 'neubility'), ('LC_TIME', 'ko_KR.UTF-8'), ('TEXTDOMAIN', 'im-config'), ('XDG_SEAT', 'seat0'), ('SSH_AGENT_PID', '1359'), ('XDG_SESSION_TYPE', 'x11'), ('GIT_ASKPASS', '/usr/share/code/resources/app/extensions/git/dist/askpass.sh'), ('LD_LIBRARY_PATH', '/home/neubility/Qt5.14.2/Tools/QtCreator/lib:/usr/local/cuda-11.4/lib64:/usr/lib/x86_64-linux-gnu/gazebo-9/plugins:/opt/ros/eloquent/opt/yaml_cpp_vendor/lib:/opt/ros/eloquent/opt/rviz_ogre_vendor/lib:/opt/ros/eloquent/lib/x86_64-linux-gnu:/opt/ros/eloquent/lib'), ('SHLVL', '2'), ('CHROME_DESKTOP', 'code-url-handler.desktop'), ('QT4_IM_MODULE', 'xim'), ('HOME', '/home/neubility'), ('DESKTOP_SESSION', 'ubuntu'), ('TERM_PROGRAM_VERSION', '1.63.0'), ('GIO_LAUNCHED_DESKTOP_FILE', '/usr/share/applications/code.desktop'), ('GNOME_SHELL_SESSION_MODE', 'ubuntu'), ('GTK_MODULES', 'gail:atk-bridge'), ('VSCODE_GIT_ASKPASS_MAIN', '/usr/share/code/resources/app/extensions/git/dist/askpass-main.js'), ('ROS_PYTHON_VERSION', '3'), ('LC_MONETARY', 'ko_KR.UTF-8'), ('VSCODE_GIT_ASKPASS_NODE', '/usr/share/code/code'), ('DBUS_SESSION_BUS_ADDRESS', 'unix:path=/run/user/1000/bus'), ('COLORTERM', 'truecolor'), ('GIO_LAUNCHED_DESKTOP_FILE_PID', '19589'), ('IM_CONFIG_PHASE', '2'), ('ROS_DISTRO', 'eloquent'), ('LOGNAME', 'neubility'), ('GTK_IM_MODULE', 'ibus'), ('_', '/usr/bin/colcon'), ('ROS_VERSION', '2'), ('USERNAME', 'neubility'), ('XDG_SESSION_ID', '1'), ('TERM', 'xterm-256color'), ('ROS_LOCALHOST_ONLY', '0'), ('GNOME_DESKTOP_SESSION_ID', 'this-is-deprecated'), ('WINDOWPATH', '1'), ('PATH', '/home/neubility/Qt5.14.2/Tools/QtCreator/bin:/usr/local/cuda-11.4/bin:/opt/ros/eloquent/bin:/usr/local/sbin:/usr/local/bin:/usr/sbin:/usr/bin:/sbin:/bin:/usr/games:/usr/local/games:/snap/bin'), ('SESSION_MANAGER', 'local/neubility:@/tmp/.ICE-unix/1282,unix/neubility:/tmp/.ICE-unix/1282'), ('XDG_MENU_PREFIX', 'gnome-'), ('LC_ADDRESS', 'ko_KR.UTF-8'), ('GDK_BACKEND', 'x11'), ('XDG_RUNTIME_DIR', '/run/user/1000'), ('DISPLAY', ':0'), ('LANG', 'en_US.UTF-8'), ('XDG_CURRENT_DESKTOP', 'Unity'), ('LC_TELEPHONE', 'ko_KR.UTF-8'), ('RMW_IMPLEMENTATION', 'rmw_cyclonedds_cpp'), ('TERM_PROGRAM', 'vscode'), ('XDG_SESSION_DESKTOP', 'ubuntu'), ('XMODIFIERS', '@im=ibus'), ('VSCODE_GIT_IPC_HANDLE', '/run/user/1000/vscode-git-60516ff566.sock'), ('XAUTHORITY', '/run/user/1000/gdm/Xauthority'), ('AMENT_PREFIX_PATH', '/opt/ros/eloquent'), ('ORIGINAL_XDG_CURRENT_DESKTOP', 'ubuntu:GNOME'), ('SSH_AUTH_SOCK', '/run/user/1000/keyring/ssh'), ('ROS_DOMAIN_ID', '212'), ('LC_NAME', 'ko_KR.UTF-8'), ('SHELL', '/bin/bash'), ('QT_ACCESSIBILITY', '1'), ('GDMSESSION', 'ubuntu'), ('LESSCLOSE', '/usr/bin/lesspipe %s %s'), ('LC_MEASUREMENT', 'ko_KR.UTF-8'), ('TEXTDOMAINDIR', '/usr/share/locale/'), ('GJS_DEBUG_OUTPUT', 'stderr'), ('GPG_AGENT_INFO', '/run/user/1000/gnupg/S.gpg-agent:0:1'), ('LC_IDENTIFICATION', 'ko_KR.UTF-8'), ('VSCODE_GIT_ASKPASS_EXTRA_ARGS', '--ms-enable-electron-run-as-node'), ('XDG_VTNR', '1'), ('QT_IM_MODULE', 'ibus'), ('LC_ALL', 'en_US.UTF-8'), ('PWD', '/home/neubility/ROS/ros2_communication_ws/build/ex_msg_srv'), ('CLUTTER_IM_MODULE', 'xim'), ('XDG_DATA_DIRS', '/usr/share/ubuntu:/usr/local/share/:/usr/share/:/var/lib/snapd/desktop'), ('XDG_CONFIG_DIRS', '/etc/xdg/xdg-ubuntu:/etc/xdg'), ('LC_NUMERIC', 'ko_KR.UTF-8'), ('PYTHONPATH', '/opt/ros/eloquent/lib/python3.6/site-packages'), ('LC_PAPER', 'ko_KR.UTF-8'), ('BREAKPAD_DUMP_LOCATION', '/home/neubility/.config/Code/exthost Crash Reports'), ('COLCON', '1'), ('CMAKE_PREFIX_PATH', '/opt/ros/eloquent')]), 'shell': False}
[0.379227] (ex_msg_srv) StdoutLine: {'line': b'[  2%] Built target ex_msg_srv__cpp\n'}
[0.382297] (ex_msg_srv) StdoutLine: {'line': b'[ 12%] Built target ex_msg_srv__rosidl_generator_c\n'}
[0.399106] (-) TimerEvent: {}
[0.402364] (ex_msg_srv) StdoutLine: {'line': b'[ 30%] Built target ex_msg_srv__rosidl_typesupport_cpp\n'}
[0.402547] (ex_msg_srv) StdoutLine: {'line': b'[ 33%] Built target ex_msg_srv__rosidl_typesupport_introspection_cpp\n'}
[0.405130] (ex_msg_srv) StdoutLine: {'line': b'[ 46%] Built target ex_msg_srv__rosidl_typesupport_fastrtps_cpp\n'}
[0.405279] (ex_msg_srv) StdoutLine: {'line': b'[ 53%] Built target ex_msg_srv__rosidl_typesupport_c\n'}
[0.406067] (ex_msg_srv) StdoutLine: {'line': b'[ 64%] Built target ex_msg_srv__rosidl_typesupport_introspection_c\n'}
[0.433975] (ex_msg_srv) StdoutLine: {'line': b'[ 74%] Built target ex_msg_srv__rosidl_typesupport_fastrtps_c\n'}
[0.454557] (ex_msg_srv) StdoutLine: {'line': b'[ 74%] Built target ex_msg_srv\n'}
[0.477612] (ex_msg_srv) StdoutLine: {'line': b'[ 76%] Built target ex_msg_srv__py\n'}
[0.499234] (-) TimerEvent: {}
[0.505489] (ex_msg_srv) StdoutLine: {'line': b'[ 84%] Built target ex_msg_srv__python\n'}
[0.535859] (ex_msg_srv) StdoutLine: {'line': b'[100%] Built target ex_msg_srv__rosidl_typesupport_introspection_c__pyext\n'}
[0.536184] (ex_msg_srv) StdoutLine: {'line': b'[100%] Built target ex_msg_srv__rosidl_typesupport_c__pyext\n'}
[0.536419] (ex_msg_srv) StdoutLine: {'line': b'[100%] Built target ex_msg_srv__rosidl_typesupport_fastrtps_c__pyext\n'}
[0.564196] (ex_msg_srv) StdoutLine: {'line': b'\x1b[36mInstall the project...\x1b[0m\n'}
[0.573933] (ex_msg_srv) StdoutLine: {'line': b'-- Install configuration: "Debug"\n'}
[0.574231] (ex_msg_srv) StdoutLine: {'line': b'-- Up-to-date: /home/neubility/ROS/ros2_communication_ws/install/ex_msg_srv/share/ament_index/resource_index/rosidl_interfaces/ex_msg_srv\n'}
[0.574354] (ex_msg_srv) StdoutLine: {'line': b'-- Up-to-date: /home/neubility/ROS/ros2_communication_ws/install/ex_msg_srv/lib/libex_msg_srv__rosidl_typesupport_c.so\n'}
[0.574433] (ex_msg_srv) StdoutLine: {'line': b'-- Up-to-date: /home/neubility/ROS/ros2_communication_ws/install/ex_msg_srv/share/ex_msg_srv/environment/library_path.sh\n'}
[0.574494] (ex_msg_srv) StdoutLine: {'line': b'-- Up-to-date: /home/neubility/ROS/ros2_communication_ws/install/ex_msg_srv/share/ex_msg_srv/environment/library_path.dsv\n'}
[0.574643] (ex_msg_srv) StdoutLine: {'line': b'-- Up-to-date: /home/neubility/ROS/ros2_communication_ws/install/ex_msg_srv/lib/libex_msg_srv__rosidl_typesupport_cpp.so\n'}
[0.574706] (ex_msg_srv) StdoutLine: {'line': b'-- Up-to-date: /home/neubility/ROS/ros2_communication_ws/install/ex_msg_srv/include/ex_msg_srv\n'}
[0.574933] (ex_msg_srv) StdoutLine: {'line': b'-- Up-to-date: /home/neubility/ROS/ros2_communication_ws/install/ex_msg_srv/include/ex_msg_srv/srv\n'}
[0.575057] (ex_msg_srv) StdoutLine: {'line': b'-- Up-to-date: /home/neubility/ROS/ros2_communication_ws/install/ex_msg_srv/include/ex_msg_srv/srv/add_three_ints__rosidl_typesupport_fastrtps_c.h\n'}
[0.575232] (ex_msg_srv) StdoutLine: {'line': b'-- Up-to-date: /home/neubility/ROS/ros2_communication_ws/install/ex_msg_srv/include/ex_msg_srv/msg\n'}
[0.575291] (ex_msg_srv) StdoutLine: {'line': b'-- Up-to-date: /home/neubility/ROS/ros2_communication_ws/install/ex_msg_srv/include/ex_msg_srv/msg/num__rosidl_typesupport_fastrtps_c.h\n'}
[0.575429] (ex_msg_srv) StdoutLine: {'line': b'-- Up-to-date: /home/neubility/ROS/ros2_communication_ws/install/ex_msg_srv/include/ex_msg_srv/msg/rosidl_typesupport_fastrtps_c__visibility_control.h\n'}
[0.575509] (ex_msg_srv) StdoutLine: {'line': b'-- Up-to-date: /home/neubility/ROS/ros2_communication_ws/install/ex_msg_srv/lib/libex_msg_srv__rosidl_typesupport_fastrtps_c.so\n'}
[0.575614] (ex_msg_srv) StdoutLine: {'line': b'-- Up-to-date: /home/neubility/ROS/ros2_communication_ws/install/ex_msg_srv/include/ex_msg_srv\n'}
[0.575674] (ex_msg_srv) StdoutLine: {'line': b'-- Up-to-date: /home/neubility/ROS/ros2_communication_ws/install/ex_msg_srv/include/ex_msg_srv/srv\n'}
[0.575741] (ex_msg_srv) StdoutLine: {'line': b'-- Up-to-date: /home/neubility/ROS/ros2_communication_ws/install/ex_msg_srv/include/ex_msg_srv/srv/add_three_ints.h\n'}
[0.575797] (ex_msg_srv) StdoutLine: {'line': b'-- Up-to-date: /home/neubility/ROS/ros2_communication_ws/install/ex_msg_srv/include/ex_msg_srv/srv/add_three_ints__struct.h\n'}
[0.575901] (ex_msg_srv) StdoutLine: {'line': b'-- Up-to-date: /home/neubility/ROS/ros2_communication_ws/install/ex_msg_srv/include/ex_msg_srv/srv/add_three_ints__functions.c\n'}
[0.576036] (ex_msg_srv) StdoutLine: {'line': b'-- Up-to-date: /home/neubility/ROS/ros2_communication_ws/install/ex_msg_srv/include/ex_msg_srv/srv/add_three_ints__type_support.h\n'}
[0.576149] (ex_msg_srv) StdoutLine: {'line': b'-- Up-to-date: /home/neubility/ROS/ros2_communication_ws/install/ex_msg_srv/include/ex_msg_srv/srv/add_three_ints__functions.h\n'}
[0.576205] (ex_msg_srv) StdoutLine: {'line': b'-- Up-to-date: /home/neubility/ROS/ros2_communication_ws/install/ex_msg_srv/include/ex_msg_srv/msg\n'}
[0.576291] (ex_msg_srv) StdoutLine: {'line': b'-- Up-to-date: /home/neubility/ROS/ros2_communication_ws/install/ex_msg_srv/include/ex_msg_srv/msg/num__type_support.h\n'}
[0.576359] (ex_msg_srv) StdoutLine: {'line': b'-- Up-to-date: /home/neubility/ROS/ros2_communication_ws/install/ex_msg_srv/include/ex_msg_srv/msg/num__functions.h\n'}
[0.576488] (ex_msg_srv) StdoutLine: {'line': b'-- Up-to-date: /home/neubility/ROS/ros2_communication_ws/install/ex_msg_srv/include/ex_msg_srv/msg/num__functions.c\n'}
[0.576546] (ex_msg_srv) StdoutLine: {'line': b'-- Up-to-date: /home/neubility/ROS/ros2_communication_ws/install/ex_msg_srv/include/ex_msg_srv/msg/rosidl_generator_c__visibility_control.h\n'}
[0.576602] (ex_msg_srv) StdoutLine: {'line': b'-- Up-to-date: /home/neubility/ROS/ros2_communication_ws/install/ex_msg_srv/include/ex_msg_srv/msg/num.h\n'}
[0.576666] (ex_msg_srv) StdoutLine: {'line': b'-- Up-to-date: /home/neubility/ROS/ros2_communication_ws/install/ex_msg_srv/include/ex_msg_srv/msg/num__struct.h\n'}
[0.576720] (ex_msg_srv) StdoutLine: {'line': b'-- Up-to-date: /home/neubility/ROS/ros2_communication_ws/install/ex_msg_srv/lib/libex_msg_srv__rosidl_generator_c.so\n'}
[0.576784] (ex_msg_srv) StdoutLine: {'line': b'-- Up-to-date: /home/neubility/ROS/ros2_communication_ws/install/ex_msg_srv/include/ex_msg_srv\n'}
[0.576857] (ex_msg_srv) StdoutLine: {'line': b'-- Up-to-date: /home/neubility/ROS/ros2_communication_ws/install/ex_msg_srv/include/ex_msg_srv/srv\n'}
[0.576913] (ex_msg_srv) StdoutLine: {'line': b'-- Up-to-date: /home/neubility/ROS/ros2_communication_ws/install/ex_msg_srv/include/ex_msg_srv/srv/dds_fastrtps\n'}
[0.576966] (ex_msg_srv) StdoutLine: {'line': b'-- Up-to-date: /home/neubility/ROS/ros2_communication_ws/install/ex_msg_srv/include/ex_msg_srv/srv/add_three_ints__rosidl_typesupport_fastrtps_cpp.hpp\n'}
[0.577020] (ex_msg_srv) StdoutLine: {'line': b'-- Up-to-date: /home/neubility/ROS/ros2_communication_ws/install/ex_msg_srv/include/ex_msg_srv/msg\n'}
[0.577074] (ex_msg_srv) StdoutLine: {'line': b'-- Up-to-date: /home/neubility/ROS/ros2_communication_ws/install/ex_msg_srv/include/ex_msg_srv/msg/dds_fastrtps\n'}
[0.577130] (ex_msg_srv) StdoutLine: {'line': b'-- Up-to-date: /home/neubility/ROS/ros2_communication_ws/install/ex_msg_srv/include/ex_msg_srv/msg/rosidl_typesupport_fastrtps_cpp__visibility_control.h\n'}
[0.577191] (ex_msg_srv) StdoutLine: {'line': b'-- Up-to-date: /home/neubility/ROS/ros2_communication_ws/install/ex_msg_srv/include/ex_msg_srv/msg/num__rosidl_typesupport_fastrtps_cpp.hpp\n'}
[0.577246] (ex_msg_srv) StdoutLine: {'line': b'-- Up-to-date: /home/neubility/ROS/ros2_communication_ws/install/ex_msg_srv/lib/libex_msg_srv__rosidl_typesupport_fastrtps_cpp.so\n'}
[0.577300] (ex_msg_srv) StdoutLine: {'line': b'-- Up-to-date: /home/neubility/ROS/ros2_communication_ws/install/ex_msg_srv/include/ex_msg_srv\n'}
[0.577353] (ex_msg_srv) StdoutLine: {'line': b'-- Up-to-date: /home/neubility/ROS/ros2_communication_ws/install/ex_msg_srv/include/ex_msg_srv/srv\n'}
[0.577406] (ex_msg_srv) StdoutLine: {'line': b'-- Up-to-date: /home/neubility/ROS/ros2_communication_ws/install/ex_msg_srv/include/ex_msg_srv/srv/add_three_ints__traits.hpp\n'}
[0.577460] (ex_msg_srv) StdoutLine: {'line': b'-- Up-to-date: /home/neubility/ROS/ros2_communication_ws/install/ex_msg_srv/include/ex_msg_srv/srv/add_three_ints.hpp\n'}
[0.577512] (ex_msg_srv) StdoutLine: {'line': b'-- Up-to-date: /home/neubility/ROS/ros2_communication_ws/install/ex_msg_srv/include/ex_msg_srv/srv/add_three_ints__struct.hpp\n'}
[0.577565] (ex_msg_srv) StdoutLine: {'line': b'-- Up-to-date: /home/neubility/ROS/ros2_communication_ws/install/ex_msg_srv/include/ex_msg_srv/msg\n'}
[0.577617] (ex_msg_srv) StdoutLine: {'line': b'-- Up-to-date: /home/neubility/ROS/ros2_communication_ws/install/ex_msg_srv/include/ex_msg_srv/msg/num__traits.hpp\n'}
[0.577670] (ex_msg_srv) StdoutLine: {'line': b'-- Up-to-date: /home/neubility/ROS/ros2_communication_ws/install/ex_msg_srv/include/ex_msg_srv/msg/num__struct.hpp\n'}
[0.577723] (ex_msg_srv) StdoutLine: {'line': b'-- Up-to-date: /home/neubility/ROS/ros2_communication_ws/install/ex_msg_srv/include/ex_msg_srv/msg/num.hpp\n'}
[0.577781] (ex_msg_srv) StdoutLine: {'line': b'-- Up-to-date: /home/neubility/ROS/ros2_communication_ws/install/ex_msg_srv/include/ex_msg_srv\n'}
[0.577911] (ex_msg_srv) StdoutLine: {'line': b'-- Up-to-date: /home/neubility/ROS/ros2_communication_ws/install/ex_msg_srv/include/ex_msg_srv/srv\n'}
[0.577988] (ex_msg_srv) StdoutLine: {'line': b'-- Up-to-date: /home/neubility/ROS/ros2_communication_ws/install/ex_msg_srv/include/ex_msg_srv/srv/add_three_ints__type_support.c\n'}
[0.578091] (ex_msg_srv) StdoutLine: {'line': b'-- Up-to-date: /home/neubility/ROS/ros2_communication_ws/install/ex_msg_srv/include/ex_msg_srv/srv/add_three_ints__rosidl_typesupport_introspection_c.h\n'}
[0.578149] (ex_msg_srv) StdoutLine: {'line': b'-- Up-to-date: /home/neubility/ROS/ros2_communication_ws/install/ex_msg_srv/include/ex_msg_srv/msg\n'}
[0.578203] (ex_msg_srv) StdoutLine: {'line': b'-- Up-to-date: /home/neubility/ROS/ros2_communication_ws/install/ex_msg_srv/include/ex_msg_srv/msg/rosidl_typesupport_introspection_c__visibility_control.h\n'}
[0.578258] (ex_msg_srv) StdoutLine: {'line': b'-- Up-to-date: /home/neubility/ROS/ros2_communication_ws/install/ex_msg_srv/include/ex_msg_srv/msg/num__type_support.c\n'}
[0.578313] (ex_msg_srv) StdoutLine: {'line': b'-- Up-to-date: /home/neubility/ROS/ros2_communication_ws/install/ex_msg_srv/include/ex_msg_srv/msg/num__rosidl_typesupport_introspection_c.h\n'}
[0.578366] (ex_msg_srv) StdoutLine: {'line': b'-- Up-to-date: /home/neubility/ROS/ros2_communication_ws/install/ex_msg_srv/lib/libex_msg_srv__rosidl_typesupport_introspection_c.so\n'}
[0.578419] (ex_msg_srv) StdoutLine: {'line': b'-- Up-to-date: /home/neubility/ROS/ros2_communication_ws/install/ex_msg_srv/include/ex_msg_srv\n'}
[0.578513] (ex_msg_srv) StdoutLine: {'line': b'-- Up-to-date: /home/neubility/ROS/ros2_communication_ws/install/ex_msg_srv/include/ex_msg_srv/srv\n'}
[0.578608] (ex_msg_srv) StdoutLine: {'line': b'-- Up-to-date: /home/neubility/ROS/ros2_communication_ws/install/ex_msg_srv/include/ex_msg_srv/srv/add_three_ints__rosidl_typesupport_introspection_cpp.hpp\n'}
[0.578690] (ex_msg_srv) StdoutLine: {'line': b'-- Up-to-date: /home/neubility/ROS/ros2_communication_ws/install/ex_msg_srv/include/ex_msg_srv/srv/add_three_ints__type_support.cpp\n'}
[0.578910] (ex_msg_srv) StdoutLine: {'line': b'-- Up-to-date: /home/neubility/ROS/ros2_communication_ws/install/ex_msg_srv/include/ex_msg_srv/msg\n'}
[0.579111] (ex_msg_srv) StdoutLine: {'line': b'-- Up-to-date: /home/neubility/ROS/ros2_communication_ws/install/ex_msg_srv/include/ex_msg_srv/msg/num__rosidl_typesupport_introspection_cpp.hpp\n'}
[0.579233] (ex_msg_srv) StdoutLine: {'line': b'-- Up-to-date: /home/neubility/ROS/ros2_communication_ws/install/ex_msg_srv/include/ex_msg_srv/msg/num__type_support.cpp\n'}
[0.579334] (ex_msg_srv) StdoutLine: {'line': b'-- Up-to-date: /home/neubility/ROS/ros2_communication_ws/install/ex_msg_srv/lib/libex_msg_srv__rosidl_typesupport_introspection_cpp.so\n'}
[0.579390] (ex_msg_srv) StdoutLine: {'line': b'-- Up-to-date: /home/neubility/ROS/ros2_communication_ws/install/ex_msg_srv/share/ex_msg_srv/environment/pythonpath.sh\n'}
[0.579444] (ex_msg_srv) StdoutLine: {'line': b'-- Up-to-date: /home/neubility/ROS/ros2_communication_ws/install/ex_msg_srv/share/ex_msg_srv/environment/pythonpath.dsv\n'}
[0.579497] (ex_msg_srv) StdoutLine: {'line': b'-- Up-to-date: /home/neubility/ROS/ros2_communication_ws/install/ex_msg_srv/lib/python3.6/site-packages/ex_msg_srv/__init__.py\n'}
[0.599327] (-) TimerEvent: {}
[0.610821] (ex_msg_srv) StdoutLine: {'line': b'-- Up-to-date: /home/neubility/ROS/ros2_communication_ws/install/ex_msg_srv/lib/python3.6/site-packages/ex_msg_srv/msg\n'}
[0.611173] (ex_msg_srv) StdoutLine: {'line': b'-- Up-to-date: /home/neubility/ROS/ros2_communication_ws/install/ex_msg_srv/lib/python3.6/site-packages/ex_msg_srv/msg/_num_s.c\n'}
[0.611409] (ex_msg_srv) StdoutLine: {'line': b'-- Up-to-date: /home/neubility/ROS/ros2_communication_ws/install/ex_msg_srv/lib/python3.6/site-packages/ex_msg_srv/msg/_num.py\n'}
[0.611587] (ex_msg_srv) StdoutLine: {'line': b'-- Up-to-date: /home/neubility/ROS/ros2_communication_ws/install/ex_msg_srv/lib/python3.6/site-packages/ex_msg_srv/msg/__init__.py\n'}
[0.611678] (ex_msg_srv) StdoutLine: {'line': b'-- Up-to-date: /home/neubility/ROS/ros2_communication_ws/install/ex_msg_srv/lib/python3.6/site-packages/ex_msg_srv/srv\n'}
[0.611740] (ex_msg_srv) StdoutLine: {'line': b'-- Up-to-date: /home/neubility/ROS/ros2_communication_ws/install/ex_msg_srv/lib/python3.6/site-packages/ex_msg_srv/srv/_add_three_ints_s.c\n'}
[0.611799] (ex_msg_srv) StdoutLine: {'line': b'-- Up-to-date: /home/neubility/ROS/ros2_communication_ws/install/ex_msg_srv/lib/python3.6/site-packages/ex_msg_srv/srv/__init__.py\n'}
[0.611997] (ex_msg_srv) StdoutLine: {'line': b'-- Up-to-date: /home/neubility/ROS/ros2_communication_ws/install/ex_msg_srv/lib/python3.6/site-packages/ex_msg_srv/srv/_add_three_ints.py\n'}
[0.612121] (ex_msg_srv) StdoutLine: {'line': b'-- Up-to-date: /home/neubility/ROS/ros2_communication_ws/install/ex_msg_srv/lib/python3.6/site-packages/ex_msg_srv/ex_msg_srv_s__rosidl_typesupport_c.cpython-36m-x86_64-linux-gnu.so\n'}
[0.612186] (ex_msg_srv) StdoutLine: {'line': b'-- Up-to-date: /home/neubility/ROS/ros2_communication_ws/install/ex_msg_srv/lib/python3.6/site-packages/ex_msg_srv/ex_msg_srv_s__rosidl_typesupport_introspection_c.cpython-36m-x86_64-linux-gnu.so\n'}
[0.612466] (ex_msg_srv) StdoutLine: {'line': b'-- Up-to-date: /home/neubility/ROS/ros2_communication_ws/install/ex_msg_srv/lib/python3.6/site-packages/ex_msg_srv/ex_msg_srv_s__rosidl_typesupport_fastrtps_c.cpython-36m-x86_64-linux-gnu.so\n'}
[0.612853] (ex_msg_srv) StdoutLine: {'line': b'-- Up-to-date: /home/neubility/ROS/ros2_communication_ws/install/ex_msg_srv/lib/libex_msg_srv__python.so\n'}
[0.613095] (ex_msg_srv) StdoutLine: {'line': b'-- Up-to-date: /home/neubility/ROS/ros2_communication_ws/install/ex_msg_srv/share/ex_msg_srv/msg/Num.idl\n'}
[0.613236] (ex_msg_srv) StdoutLine: {'line': b'-- Up-to-date: /home/neubility/ROS/ros2_communication_ws/install/ex_msg_srv/share/ex_msg_srv/srv/AddThreeInts.idl\n'}
[0.613312] (ex_msg_srv) StdoutLine: {'line': b'-- Up-to-date: /home/neubility/ROS/ros2_communication_ws/install/ex_msg_srv/share/ex_msg_srv/msg/Num.msg\n'}
[0.613395] (ex_msg_srv) StdoutLine: {'line': b'-- Up-to-date: /home/neubility/ROS/ros2_communication_ws/install/ex_msg_srv/share/ex_msg_srv/srv/AddThreeInts.srv\n'}
[0.613469] (ex_msg_srv) StdoutLine: {'line': b'-- Up-to-date: /home/neubility/ROS/ros2_communication_ws/install/ex_msg_srv/share/ex_msg_srv/srv/AddThreeInts_Request.msg\n'}
[0.613542] (ex_msg_srv) StdoutLine: {'line': b'-- Up-to-date: /home/neubility/ROS/ros2_communication_ws/install/ex_msg_srv/share/ex_msg_srv/srv/AddThreeInts_Response.msg\n'}
[0.613614] (ex_msg_srv) StdoutLine: {'line': b'-- Up-to-date: /home/neubility/ROS/ros2_communication_ws/install/ex_msg_srv/share/ament_index/resource_index/package_run_dependencies/ex_msg_srv\n'}
[0.613670] (ex_msg_srv) StdoutLine: {'line': b'-- Up-to-date: /home/neubility/ROS/ros2_communication_ws/install/ex_msg_srv/share/ament_index/resource_index/parent_prefix_path/ex_msg_srv\n'}
[0.613725] (ex_msg_srv) StdoutLine: {'line': b'-- Up-to-date: /home/neubility/ROS/ros2_communication_ws/install/ex_msg_srv/share/ex_msg_srv/environment/ament_prefix_path.sh\n'}
[0.613787] (ex_msg_srv) StdoutLine: {'line': b'-- Up-to-date: /home/neubility/ROS/ros2_communication_ws/install/ex_msg_srv/share/ex_msg_srv/environment/ament_prefix_path.dsv\n'}
[0.613863] (ex_msg_srv) StdoutLine: {'line': b'-- Up-to-date: /home/neubility/ROS/ros2_communication_ws/install/ex_msg_srv/share/ex_msg_srv/environment/path.sh\n'}
[0.613941] (ex_msg_srv) StdoutLine: {'line': b'-- Up-to-date: /home/neubility/ROS/ros2_communication_ws/install/ex_msg_srv/share/ex_msg_srv/environment/path.dsv\n'}
[0.614040] (ex_msg_srv) StdoutLine: {'line': b'-- Up-to-date: /home/neubility/ROS/ros2_communication_ws/install/ex_msg_srv/share/ex_msg_srv/local_setup.bash\n'}
[0.614110] (ex_msg_srv) StdoutLine: {'line': b'-- Up-to-date: /home/neubility/ROS/ros2_communication_ws/install/ex_msg_srv/share/ex_msg_srv/local_setup.sh\n'}
[0.614172] (ex_msg_srv) StdoutLine: {'line': b'-- Up-to-date: /home/neubility/ROS/ros2_communication_ws/install/ex_msg_srv/share/ex_msg_srv/local_setup.zsh\n'}
[0.614228] (ex_msg_srv) StdoutLine: {'line': b'-- Up-to-date: /home/neubility/ROS/ros2_communication_ws/install/ex_msg_srv/share/ex_msg_srv/local_setup.dsv\n'}
[0.614283] (ex_msg_srv) StdoutLine: {'line': b'-- Installing: /home/neubility/ROS/ros2_communication_ws/install/ex_msg_srv/share/ex_msg_srv/package.dsv\n'}
[0.614336] (ex_msg_srv) StdoutLine: {'line': b'-- Up-to-date: /home/neubility/ROS/ros2_communication_ws/install/ex_msg_srv/share/ament_index/resource_index/packages/ex_msg_srv\n'}
[0.614390] (ex_msg_srv) StdoutLine: {'line': b'-- Up-to-date: /home/neubility/ROS/ros2_communication_ws/install/ex_msg_srv/share/ex_msg_srv/cmake/rosidl_cmake-extras.cmake\n'}
[0.614443] (ex_msg_srv) StdoutLine: {'line': b'-- Up-to-date: /home/neubility/ROS/ros2_communication_ws/install/ex_msg_srv/share/ex_msg_srv/cmake/ament_cmake_export_libraries-extras.cmake\n'}
[0.614497] (ex_msg_srv) StdoutLine: {'line': b'-- Up-to-date: /home/neubility/ROS/ros2_communication_ws/install/ex_msg_srv/share/ex_msg_srv/cmake/ament_cmake_export_include_directories-extras.cmake\n'}
[0.614553] (ex_msg_srv) StdoutLine: {'line': b'-- Up-to-date: /home/neubility/ROS/ros2_communication_ws/install/ex_msg_srv/share/ex_msg_srv/cmake/ex_msg_srvConfig.cmake\n'}
[0.614606] (ex_msg_srv) StdoutLine: {'line': b'-- Up-to-date: /home/neubility/ROS/ros2_communication_ws/install/ex_msg_srv/share/ex_msg_srv/cmake/ex_msg_srvConfig-version.cmake\n'}
[0.614659] (ex_msg_srv) StdoutLine: {'line': b'-- Up-to-date: /home/neubility/ROS/ros2_communication_ws/install/ex_msg_srv/share/ex_msg_srv/package.xml\n'}
[0.618276] (ex_msg_srv) CommandEnded: {'returncode': 0}
[0.699573] (-) TimerEvent: {}
[0.728766] (ex_msg_srv) JobEnded: {'identifier': 'ex_msg_srv', 'rc': 0}
[0.731046] (practice_code_pkg) JobStarted: {'identifier': 'practice_code_pkg'}
[0.732981] (pub_ex) JobStarted: {'identifier': 'pub_ex'}
[0.738568] (practice_code_pkg) JobProgress: {'identifier': 'practice_code_pkg', 'progress': 'cmake'}
[0.739443] (practice_code_pkg) JobProgress: {'identifier': 'practice_code_pkg', 'progress': 'build'}
[0.739735] (practice_code_pkg) Command: {'cmd': ['/usr/bin/cmake', '--build', '/home/neubility/ROS/ros2_communication_ws/build/practice_code_pkg', '--', '-j16', '-l16'], 'cwd': '/home/neubility/ROS/ros2_communication_ws/build/practice_code_pkg', 'env': OrderedDict([('GJS_DEBUG_TOPICS', 'JS ERROR;JS LOG'), ('LESSOPEN', '| /usr/bin/lesspipe %s'), ('USER', 'neubility'), ('LC_TIME', 'ko_KR.UTF-8'), ('TEXTDOMAIN', 'im-config'), ('XDG_SEAT', 'seat0'), ('SSH_AGENT_PID', '1359'), ('XDG_SESSION_TYPE', 'x11'), ('GIT_ASKPASS', '/usr/share/code/resources/app/extensions/git/dist/askpass.sh'), ('LD_LIBRARY_PATH', '/home/neubility/ROS/ros2_communication_ws/install/ex_msg_srv/lib:/home/neubility/Qt5.14.2/Tools/QtCreator/lib:/usr/local/cuda-11.4/lib64:/usr/lib/x86_64-linux-gnu/gazebo-9/plugins:/opt/ros/eloquent/opt/yaml_cpp_vendor/lib:/opt/ros/eloquent/opt/rviz_ogre_vendor/lib:/opt/ros/eloquent/lib/x86_64-linux-gnu:/opt/ros/eloquent/lib'), ('SHLVL', '2'), ('CHROME_DESKTOP', 'code-url-handler.desktop'), ('QT4_IM_MODULE', 'xim'), ('HOME', '/home/neubility'), ('DESKTOP_SESSION', 'ubuntu'), ('TERM_PROGRAM_VERSION', '1.63.0'), ('GIO_LAUNCHED_DESKTOP_FILE', '/usr/share/applications/code.desktop'), ('GNOME_SHELL_SESSION_MODE', 'ubuntu'), ('GTK_MODULES', 'gail:atk-bridge'), ('VSCODE_GIT_ASKPASS_MAIN', '/usr/share/code/resources/app/extensions/git/dist/askpass-main.js'), ('ROS_PYTHON_VERSION', '3'), ('LC_MONETARY', 'ko_KR.UTF-8'), ('VSCODE_GIT_ASKPASS_NODE', '/usr/share/code/code'), ('DBUS_SESSION_BUS_ADDRESS', 'unix:path=/run/user/1000/bus'), ('COLORTERM', 'truecolor'), ('GIO_LAUNCHED_DESKTOP_FILE_PID', '19589'), ('IM_CONFIG_PHASE', '2'), ('ROS_DISTRO', 'eloquent'), ('LOGNAME', 'neubility'), ('GTK_IM_MODULE', 'ibus'), ('_', '/usr/bin/colcon'), ('ROS_VERSION', '2'), ('USERNAME', 'neubility'), ('XDG_SESSION_ID', '1'), ('TERM', 'xterm-256color'), ('ROS_LOCALHOST_ONLY', '0'), ('GNOME_DESKTOP_SESSION_ID', 'this-is-deprecated'), ('WINDOWPATH', '1'), ('PATH', '/home/neubility/Qt5.14.2/Tools/QtCreator/bin:/usr/local/cuda-11.4/bin:/opt/ros/eloquent/bin:/usr/local/sbin:/usr/local/bin:/usr/sbin:/usr/bin:/sbin:/bin:/usr/games:/usr/local/games:/snap/bin'), ('SESSION_MANAGER', 'local/neubility:@/tmp/.ICE-unix/1282,unix/neubility:/tmp/.ICE-unix/1282'), ('XDG_MENU_PREFIX', 'gnome-'), ('LC_ADDRESS', 'ko_KR.UTF-8'), ('GDK_BACKEND', 'x11'), ('XDG_RUNTIME_DIR', '/run/user/1000'), ('DISPLAY', ':0'), ('LANG', 'en_US.UTF-8'), ('XDG_CURRENT_DESKTOP', 'Unity'), ('LC_TELEPHONE', 'ko_KR.UTF-8'), ('RMW_IMPLEMENTATION', 'rmw_cyclonedds_cpp'), ('TERM_PROGRAM', 'vscode'), ('XDG_SESSION_DESKTOP', 'ubuntu'), ('XMODIFIERS', '@im=ibus'), ('VSCODE_GIT_IPC_HANDLE', '/run/user/1000/vscode-git-60516ff566.sock'), ('XAUTHORITY', '/run/user/1000/gdm/Xauthority'), ('AMENT_PREFIX_PATH', '/home/neubility/ROS/ros2_communication_ws/install/ex_msg_srv:/opt/ros/eloquent'), ('ORIGINAL_XDG_CURRENT_DESKTOP', 'ubuntu:GNOME'), ('SSH_AUTH_SOCK', '/run/user/1000/keyring/ssh'), ('ROS_DOMAIN_ID', '212'), ('LC_NAME', 'ko_KR.UTF-8'), ('SHELL', '/bin/bash'), ('QT_ACCESSIBILITY', '1'), ('GDMSESSION', 'ubuntu'), ('LESSCLOSE', '/usr/bin/lesspipe %s %s'), ('LC_MEASUREMENT', 'ko_KR.UTF-8'), ('TEXTDOMAINDIR', '/usr/share/locale/'), ('GJS_DEBUG_OUTPUT', 'stderr'), ('GPG_AGENT_INFO', '/run/user/1000/gnupg/S.gpg-agent:0:1'), ('LC_IDENTIFICATION', 'ko_KR.UTF-8'), ('VSCODE_GIT_ASKPASS_EXTRA_ARGS', '--ms-enable-electron-run-as-node'), ('XDG_VTNR', '1'), ('QT_IM_MODULE', 'ibus'), ('LC_ALL', 'en_US.UTF-8'), ('PWD', '/home/neubility/ROS/ros2_communication_ws/build/practice_code_pkg'), ('CLUTTER_IM_MODULE', 'xim'), ('XDG_DATA_DIRS', '/usr/share/ubuntu:/usr/local/share/:/usr/share/:/var/lib/snapd/desktop'), ('XDG_CONFIG_DIRS', '/etc/xdg/xdg-ubuntu:/etc/xdg'), ('LC_NUMERIC', 'ko_KR.UTF-8'), ('PYTHONPATH', '/home/neubility/ROS/ros2_communication_ws/install/ex_msg_srv/lib/python3.6/site-packages:/opt/ros/eloquent/lib/python3.6/site-packages'), ('LC_PAPER', 'ko_KR.UTF-8'), ('BREAKPAD_DUMP_LOCATION', '/home/neubility/.config/Code/exthost Crash Reports'), ('COLCON', '1'), ('CMAKE_PREFIX_PATH', '/home/neubility/ROS/ros2_communication_ws/install/ex_msg_srv:/opt/ros/eloquent')]), 'shell': False}
[0.743420] (pub_ex) JobProgress: {'identifier': 'pub_ex', 'progress': 'cmake'}
[0.744017] (pub_ex) JobProgress: {'identifier': 'pub_ex', 'progress': 'build'}
[0.745512] (pub_ex) Command: {'cmd': ['/usr/bin/cmake', '--build', '/home/neubility/ROS/ros2_communication_ws/build/pub_ex', '--', '-j16', '-l16'], 'cwd': '/home/neubility/ROS/ros2_communication_ws/build/pub_ex', 'env': OrderedDict([('GJS_DEBUG_TOPICS', 'JS ERROR;JS LOG'), ('LESSOPEN', '| /usr/bin/lesspipe %s'), ('USER', 'neubility'), ('LC_TIME', 'ko_KR.UTF-8'), ('TEXTDOMAIN', 'im-config'), ('XDG_SEAT', 'seat0'), ('SSH_AGENT_PID', '1359'), ('XDG_SESSION_TYPE', 'x11'), ('GIT_ASKPASS', '/usr/share/code/resources/app/extensions/git/dist/askpass.sh'), ('LD_LIBRARY_PATH', '/home/neubility/ROS/ros2_communication_ws/install/ex_msg_srv/lib:/home/neubility/Qt5.14.2/Tools/QtCreator/lib:/usr/local/cuda-11.4/lib64:/usr/lib/x86_64-linux-gnu/gazebo-9/plugins:/opt/ros/eloquent/opt/yaml_cpp_vendor/lib:/opt/ros/eloquent/opt/rviz_ogre_vendor/lib:/opt/ros/eloquent/lib/x86_64-linux-gnu:/opt/ros/eloquent/lib'), ('SHLVL', '2'), ('CHROME_DESKTOP', 'code-url-handler.desktop'), ('QT4_IM_MODULE', 'xim'), ('HOME', '/home/neubility'), ('DESKTOP_SESSION', 'ubuntu'), ('TERM_PROGRAM_VERSION', '1.63.0'), ('GIO_LAUNCHED_DESKTOP_FILE', '/usr/share/applications/code.desktop'), ('GNOME_SHELL_SESSION_MODE', 'ubuntu'), ('GTK_MODULES', 'gail:atk-bridge'), ('VSCODE_GIT_ASKPASS_MAIN', '/usr/share/code/resources/app/extensions/git/dist/askpass-main.js'), ('ROS_PYTHON_VERSION', '3'), ('LC_MONETARY', 'ko_KR.UTF-8'), ('VSCODE_GIT_ASKPASS_NODE', '/usr/share/code/code'), ('DBUS_SESSION_BUS_ADDRESS', 'unix:path=/run/user/1000/bus'), ('COLORTERM', 'truecolor'), ('GIO_LAUNCHED_DESKTOP_FILE_PID', '19589'), ('IM_CONFIG_PHASE', '2'), ('ROS_DISTRO', 'eloquent'), ('LOGNAME', 'neubility'), ('GTK_IM_MODULE', 'ibus'), ('_', '/usr/bin/colcon'), ('ROS_VERSION', '2'), ('USERNAME', 'neubility'), ('XDG_SESSION_ID', '1'), ('TERM', 'xterm-256color'), ('ROS_LOCALHOST_ONLY', '0'), ('GNOME_DESKTOP_SESSION_ID', 'this-is-deprecated'), ('WINDOWPATH', '1'), ('PATH', '/home/neubility/Qt5.14.2/Tools/QtCreator/bin:/usr/local/cuda-11.4/bin:/opt/ros/eloquent/bin:/usr/local/sbin:/usr/local/bin:/usr/sbin:/usr/bin:/sbin:/bin:/usr/games:/usr/local/games:/snap/bin'), ('SESSION_MANAGER', 'local/neubility:@/tmp/.ICE-unix/1282,unix/neubility:/tmp/.ICE-unix/1282'), ('XDG_MENU_PREFIX', 'gnome-'), ('LC_ADDRESS', 'ko_KR.UTF-8'), ('GDK_BACKEND', 'x11'), ('XDG_RUNTIME_DIR', '/run/user/1000'), ('DISPLAY', ':0'), ('LANG', 'en_US.UTF-8'), ('XDG_CURRENT_DESKTOP', 'Unity'), ('LC_TELEPHONE', 'ko_KR.UTF-8'), ('RMW_IMPLEMENTATION', 'rmw_cyclonedds_cpp'), ('TERM_PROGRAM', 'vscode'), ('XDG_SESSION_DESKTOP', 'ubuntu'), ('XMODIFIERS', '@im=ibus'), ('VSCODE_GIT_IPC_HANDLE', '/run/user/1000/vscode-git-60516ff566.sock'), ('XAUTHORITY', '/run/user/1000/gdm/Xauthority'), ('AMENT_PREFIX_PATH', '/home/neubility/ROS/ros2_communication_ws/install/ex_msg_srv:/opt/ros/eloquent'), ('ORIGINAL_XDG_CURRENT_DESKTOP', 'ubuntu:GNOME'), ('SSH_AUTH_SOCK', '/run/user/1000/keyring/ssh'), ('ROS_DOMAIN_ID', '212'), ('LC_NAME', 'ko_KR.UTF-8'), ('SHELL', '/bin/bash'), ('QT_ACCESSIBILITY', '1'), ('GDMSESSION', 'ubuntu'), ('LESSCLOSE', '/usr/bin/lesspipe %s %s'), ('LC_MEASUREMENT', 'ko_KR.UTF-8'), ('TEXTDOMAINDIR', '/usr/share/locale/'), ('GJS_DEBUG_OUTPUT', 'stderr'), ('GPG_AGENT_INFO', '/run/user/1000/gnupg/S.gpg-agent:0:1'), ('LC_IDENTIFICATION', 'ko_KR.UTF-8'), ('VSCODE_GIT_ASKPASS_EXTRA_ARGS', '--ms-enable-electron-run-as-node'), ('XDG_VTNR', '1'), ('QT_IM_MODULE', 'ibus'), ('LC_ALL', 'en_US.UTF-8'), ('PWD', '/home/neubility/ROS/ros2_communication_ws/build/pub_ex'), ('CLUTTER_IM_MODULE', 'xim'), ('XDG_DATA_DIRS', '/usr/share/ubuntu:/usr/local/share/:/usr/share/:/var/lib/snapd/desktop'), ('XDG_CONFIG_DIRS', '/etc/xdg/xdg-ubuntu:/etc/xdg'), ('LC_NUMERIC', 'ko_KR.UTF-8'), ('PYTHONPATH', '/home/neubility/ROS/ros2_communication_ws/install/ex_msg_srv/lib/python3.6/site-packages:/opt/ros/eloquent/lib/python3.6/site-packages'), ('LC_PAPER', 'ko_KR.UTF-8'), ('BREAKPAD_DUMP_LOCATION', '/home/neubility/.config/Code/exthost Crash Reports'), ('COLCON', '1'), ('CMAKE_PREFIX_PATH', '/home/neubility/ROS/ros2_communication_ws/install/ex_msg_srv:/opt/ros/eloquent')]), 'shell': False}
[0.799670] (-) TimerEvent: {}
[0.806698] (pub_ex) StdoutLine: {'line': b'[100%] Built target pub_ex\n'}
[0.807476] (practice_code_pkg) StdoutLine: {'line': b'[100%] Built target practice_code_pkg\n'}
[0.817492] (practice_code_pkg) CommandEnded: {'returncode': 0}
[0.820672] (pub_ex) CommandEnded: {'returncode': 0}
[0.840596] (pub_ex) JobProgress: {'identifier': 'pub_ex', 'progress': 'install'}
[0.842607] (pub_ex) Command: {'cmd': ['/usr/bin/cmake', '--build', '/home/neubility/ROS/ros2_communication_ws/build/pub_ex', '--target', 'install', '--', '-j16', '-l16'], 'cwd': '/home/neubility/ROS/ros2_communication_ws/build/pub_ex', 'env': OrderedDict([('GJS_DEBUG_TOPICS', 'JS ERROR;JS LOG'), ('LESSOPEN', '| /usr/bin/lesspipe %s'), ('USER', 'neubility'), ('LC_TIME', 'ko_KR.UTF-8'), ('TEXTDOMAIN', 'im-config'), ('XDG_SEAT', 'seat0'), ('SSH_AGENT_PID', '1359'), ('XDG_SESSION_TYPE', 'x11'), ('GIT_ASKPASS', '/usr/share/code/resources/app/extensions/git/dist/askpass.sh'), ('LD_LIBRARY_PATH', '/home/neubility/ROS/ros2_communication_ws/install/ex_msg_srv/lib:/home/neubility/Qt5.14.2/Tools/QtCreator/lib:/usr/local/cuda-11.4/lib64:/usr/lib/x86_64-linux-gnu/gazebo-9/plugins:/opt/ros/eloquent/opt/yaml_cpp_vendor/lib:/opt/ros/eloquent/opt/rviz_ogre_vendor/lib:/opt/ros/eloquent/lib/x86_64-linux-gnu:/opt/ros/eloquent/lib'), ('SHLVL', '2'), ('CHROME_DESKTOP', 'code-url-handler.desktop'), ('QT4_IM_MODULE', 'xim'), ('HOME', '/home/neubility'), ('DESKTOP_SESSION', 'ubuntu'), ('TERM_PROGRAM_VERSION', '1.63.0'), ('GIO_LAUNCHED_DESKTOP_FILE', '/usr/share/applications/code.desktop'), ('GNOME_SHELL_SESSION_MODE', 'ubuntu'), ('GTK_MODULES', 'gail:atk-bridge'), ('VSCODE_GIT_ASKPASS_MAIN', '/usr/share/code/resources/app/extensions/git/dist/askpass-main.js'), ('ROS_PYTHON_VERSION', '3'), ('LC_MONETARY', 'ko_KR.UTF-8'), ('VSCODE_GIT_ASKPASS_NODE', '/usr/share/code/code'), ('DBUS_SESSION_BUS_ADDRESS', 'unix:path=/run/user/1000/bus'), ('COLORTERM', 'truecolor'), ('GIO_LAUNCHED_DESKTOP_FILE_PID', '19589'), ('IM_CONFIG_PHASE', '2'), ('ROS_DISTRO', 'eloquent'), ('LOGNAME', 'neubility'), ('GTK_IM_MODULE', 'ibus'), ('_', '/usr/bin/colcon'), ('ROS_VERSION', '2'), ('USERNAME', 'neubility'), ('XDG_SESSION_ID', '1'), ('TERM', 'xterm-256color'), ('ROS_LOCALHOST_ONLY', '0'), ('GNOME_DESKTOP_SESSION_ID', 'this-is-deprecated'), ('WINDOWPATH', '1'), ('PATH', '/home/neubility/Qt5.14.2/Tools/QtCreator/bin:/usr/local/cuda-11.4/bin:/opt/ros/eloquent/bin:/usr/local/sbin:/usr/local/bin:/usr/sbin:/usr/bin:/sbin:/bin:/usr/games:/usr/local/games:/snap/bin'), ('SESSION_MANAGER', 'local/neubility:@/tmp/.ICE-unix/1282,unix/neubility:/tmp/.ICE-unix/1282'), ('XDG_MENU_PREFIX', 'gnome-'), ('LC_ADDRESS', 'ko_KR.UTF-8'), ('GDK_BACKEND', 'x11'), ('XDG_RUNTIME_DIR', '/run/user/1000'), ('DISPLAY', ':0'), ('LANG', 'en_US.UTF-8'), ('XDG_CURRENT_DESKTOP', 'Unity'), ('LC_TELEPHONE', 'ko_KR.UTF-8'), ('RMW_IMPLEMENTATION', 'rmw_cyclonedds_cpp'), ('TERM_PROGRAM', 'vscode'), ('XDG_SESSION_DESKTOP', 'ubuntu'), ('XMODIFIERS', '@im=ibus'), ('VSCODE_GIT_IPC_HANDLE', '/run/user/1000/vscode-git-60516ff566.sock'), ('XAUTHORITY', '/run/user/1000/gdm/Xauthority'), ('AMENT_PREFIX_PATH', '/home/neubility/ROS/ros2_communication_ws/install/ex_msg_srv:/opt/ros/eloquent'), ('ORIGINAL_XDG_CURRENT_DESKTOP', 'ubuntu:GNOME'), ('SSH_AUTH_SOCK', '/run/user/1000/keyring/ssh'), ('ROS_DOMAIN_ID', '212'), ('LC_NAME', 'ko_KR.UTF-8'), ('SHELL', '/bin/bash'), ('QT_ACCESSIBILITY', '1'), ('GDMSESSION', 'ubuntu'), ('LESSCLOSE', '/usr/bin/lesspipe %s %s'), ('LC_MEASUREMENT', 'ko_KR.UTF-8'), ('TEXTDOMAINDIR', '/usr/share/locale/'), ('GJS_DEBUG_OUTPUT', 'stderr'), ('GPG_AGENT_INFO', '/run/user/1000/gnupg/S.gpg-agent:0:1'), ('LC_IDENTIFICATION', 'ko_KR.UTF-8'), ('VSCODE_GIT_ASKPASS_EXTRA_ARGS', '--ms-enable-electron-run-as-node'), ('XDG_VTNR', '1'), ('QT_IM_MODULE', 'ibus'), ('LC_ALL', 'en_US.UTF-8'), ('PWD', '/home/neubility/ROS/ros2_communication_ws/build/pub_ex'), ('CLUTTER_IM_MODULE', 'xim'), ('XDG_DATA_DIRS', '/usr/share/ubuntu:/usr/local/share/:/usr/share/:/var/lib/snapd/desktop'), ('XDG_CONFIG_DIRS', '/etc/xdg/xdg-ubuntu:/etc/xdg'), ('LC_NUMERIC', 'ko_KR.UTF-8'), ('PYTHONPATH', '/home/neubility/ROS/ros2_communication_ws/install/ex_msg_srv/lib/python3.6/site-packages:/opt/ros/eloquent/lib/python3.6/site-packages'), ('LC_PAPER', 'ko_KR.UTF-8'), ('BREAKPAD_DUMP_LOCATION', '/home/neubility/.config/Code/exthost Crash Reports'), ('COLCON', '1'), ('CMAKE_PREFIX_PATH', '/home/neubility/ROS/ros2_communication_ws/install/ex_msg_srv:/opt/ros/eloquent')]), 'shell': False}
[0.845860] (practice_code_pkg) JobProgress: {'identifier': 'practice_code_pkg', 'progress': 'install'}
[0.847405] (practice_code_pkg) Command: {'cmd': ['/usr/bin/cmake', '--build', '/home/neubility/ROS/ros2_communication_ws/build/practice_code_pkg', '--target', 'install', '--', '-j16', '-l16'], 'cwd': '/home/neubility/ROS/ros2_communication_ws/build/practice_code_pkg', 'env': OrderedDict([('GJS_DEBUG_TOPICS', 'JS ERROR;JS LOG'), ('LESSOPEN', '| /usr/bin/lesspipe %s'), ('USER', 'neubility'), ('LC_TIME', 'ko_KR.UTF-8'), ('TEXTDOMAIN', 'im-config'), ('XDG_SEAT', 'seat0'), ('SSH_AGENT_PID', '1359'), ('XDG_SESSION_TYPE', 'x11'), ('GIT_ASKPASS', '/usr/share/code/resources/app/extensions/git/dist/askpass.sh'), ('LD_LIBRARY_PATH', '/home/neubility/ROS/ros2_communication_ws/install/ex_msg_srv/lib:/home/neubility/Qt5.14.2/Tools/QtCreator/lib:/usr/local/cuda-11.4/lib64:/usr/lib/x86_64-linux-gnu/gazebo-9/plugins:/opt/ros/eloquent/opt/yaml_cpp_vendor/lib:/opt/ros/eloquent/opt/rviz_ogre_vendor/lib:/opt/ros/eloquent/lib/x86_64-linux-gnu:/opt/ros/eloquent/lib'), ('SHLVL', '2'), ('CHROME_DESKTOP', 'code-url-handler.desktop'), ('QT4_IM_MODULE', 'xim'), ('HOME', '/home/neubility'), ('DESKTOP_SESSION', 'ubuntu'), ('TERM_PROGRAM_VERSION', '1.63.0'), ('GIO_LAUNCHED_DESKTOP_FILE', '/usr/share/applications/code.desktop'), ('GNOME_SHELL_SESSION_MODE', 'ubuntu'), ('GTK_MODULES', 'gail:atk-bridge'), ('VSCODE_GIT_ASKPASS_MAIN', '/usr/share/code/resources/app/extensions/git/dist/askpass-main.js'), ('ROS_PYTHON_VERSION', '3'), ('LC_MONETARY', 'ko_KR.UTF-8'), ('VSCODE_GIT_ASKPASS_NODE', '/usr/share/code/code'), ('DBUS_SESSION_BUS_ADDRESS', 'unix:path=/run/user/1000/bus'), ('COLORTERM', 'truecolor'), ('GIO_LAUNCHED_DESKTOP_FILE_PID', '19589'), ('IM_CONFIG_PHASE', '2'), ('ROS_DISTRO', 'eloquent'), ('LOGNAME', 'neubility'), ('GTK_IM_MODULE', 'ibus'), ('_', '/usr/bin/colcon'), ('ROS_VERSION', '2'), ('USERNAME', 'neubility'), ('XDG_SESSION_ID', '1'), ('TERM', 'xterm-256color'), ('ROS_LOCALHOST_ONLY', '0'), ('GNOME_DESKTOP_SESSION_ID', 'this-is-deprecated'), ('WINDOWPATH', '1'), ('PATH', '/home/neubility/Qt5.14.2/Tools/QtCreator/bin:/usr/local/cuda-11.4/bin:/opt/ros/eloquent/bin:/usr/local/sbin:/usr/local/bin:/usr/sbin:/usr/bin:/sbin:/bin:/usr/games:/usr/local/games:/snap/bin'), ('SESSION_MANAGER', 'local/neubility:@/tmp/.ICE-unix/1282,unix/neubility:/tmp/.ICE-unix/1282'), ('XDG_MENU_PREFIX', 'gnome-'), ('LC_ADDRESS', 'ko_KR.UTF-8'), ('GDK_BACKEND', 'x11'), ('XDG_RUNTIME_DIR', '/run/user/1000'), ('DISPLAY', ':0'), ('LANG', 'en_US.UTF-8'), ('XDG_CURRENT_DESKTOP', 'Unity'), ('LC_TELEPHONE', 'ko_KR.UTF-8'), ('RMW_IMPLEMENTATION', 'rmw_cyclonedds_cpp'), ('TERM_PROGRAM', 'vscode'), ('XDG_SESSION_DESKTOP', 'ubuntu'), ('XMODIFIERS', '@im=ibus'), ('VSCODE_GIT_IPC_HANDLE', '/run/user/1000/vscode-git-60516ff566.sock'), ('XAUTHORITY', '/run/user/1000/gdm/Xauthority'), ('AMENT_PREFIX_PATH', '/home/neubility/ROS/ros2_communication_ws/install/ex_msg_srv:/opt/ros/eloquent'), ('ORIGINAL_XDG_CURRENT_DESKTOP', 'ubuntu:GNOME'), ('SSH_AUTH_SOCK', '/run/user/1000/keyring/ssh'), ('ROS_DOMAIN_ID', '212'), ('LC_NAME', 'ko_KR.UTF-8'), ('SHELL', '/bin/bash'), ('QT_ACCESSIBILITY', '1'), ('GDMSESSION', 'ubuntu'), ('LESSCLOSE', '/usr/bin/lesspipe %s %s'), ('LC_MEASUREMENT', 'ko_KR.UTF-8'), ('TEXTDOMAINDIR', '/usr/share/locale/'), ('GJS_DEBUG_OUTPUT', 'stderr'), ('GPG_AGENT_INFO', '/run/user/1000/gnupg/S.gpg-agent:0:1'), ('LC_IDENTIFICATION', 'ko_KR.UTF-8'), ('VSCODE_GIT_ASKPASS_EXTRA_ARGS', '--ms-enable-electron-run-as-node'), ('XDG_VTNR', '1'), ('QT_IM_MODULE', 'ibus'), ('LC_ALL', 'en_US.UTF-8'), ('PWD', '/home/neubility/ROS/ros2_communication_ws/build/practice_code_pkg'), ('CLUTTER_IM_MODULE', 'xim'), ('XDG_DATA_DIRS', '/usr/share/ubuntu:/usr/local/share/:/usr/share/:/var/lib/snapd/desktop'), ('XDG_CONFIG_DIRS', '/etc/xdg/xdg-ubuntu:/etc/xdg'), ('LC_NUMERIC', 'ko_KR.UTF-8'), ('PYTHONPATH', '/home/neubility/ROS/ros2_communication_ws/install/ex_msg_srv/lib/python3.6/site-packages:/opt/ros/eloquent/lib/python3.6/site-packages'), ('LC_PAPER', 'ko_KR.UTF-8'), ('BREAKPAD_DUMP_LOCATION', '/home/neubility/.config/Code/exthost Crash Reports'), ('COLCON', '1'), ('CMAKE_PREFIX_PATH', '/home/neubility/ROS/ros2_communication_ws/install/ex_msg_srv:/opt/ros/eloquent')]), 'shell': False}
[0.899802] (-) TimerEvent: {}
[0.901062] (pub_ex) StdoutLine: {'line': b'[100%] Built target pub_ex\n'}
[0.907902] (practice_code_pkg) StdoutLine: {'line': b'[100%] Built target practice_code_pkg\n'}
[0.918024] (pub_ex) StdoutLine: {'line': b'\x1b[36mInstall the project...\x1b[0m\n'}
[0.930327] (pub_ex) StdoutLine: {'line': b'-- Install configuration: "Debug"\n'}
[0.930644] (pub_ex) StdoutLine: {'line': b'-- Up-to-date: /home/neubility/ROS/ros2_communication_ws/install/pub_ex/lib/pub_ex/pub_ex\n'}
[0.930962] (pub_ex) StdoutLine: {'line': b'-- Up-to-date: /home/neubility/ROS/ros2_communication_ws/install/pub_ex/share/pub_ex/launch\n'}
[0.931149] (pub_ex) StdoutLine: {'line': b'-- Up-to-date: /home/neubility/ROS/ros2_communication_ws/install/pub_ex/share/pub_ex/launch/launch_executeprocess_ex.launch.py\n'}
[0.931338] (pub_ex) StdoutLine: {'line': b'-- Up-to-date: /home/neubility/ROS/ros2_communication_ws/install/pub_ex/share/pub_ex/launch/launch_node_ex_method_2.launch.py\n'}
[0.931591] (pub_ex) StdoutLine: {'line': b'-- Up-to-date: /home/neubility/ROS/ros2_communication_ws/install/pub_ex/share/pub_ex/launch/launch_node_ex_method_1.launch.py\n'}
[0.931677] (pub_ex) StdoutLine: {'line': b'-- Up-to-date: /home/neubility/ROS/ros2_communication_ws/install/pub_ex/share/ament_index/resource_index/package_run_dependencies/pub_ex\n'}
[0.931738] (pub_ex) StdoutLine: {'line': b'-- Up-to-date: /home/neubility/ROS/ros2_communication_ws/install/pub_ex/share/ament_index/resource_index/parent_prefix_path/pub_ex\n'}
[0.931785] (pub_ex) StdoutLine: {'line': b'-- Up-to-date: /home/neubility/ROS/ros2_communication_ws/install/pub_ex/share/pub_ex/environment/ament_prefix_path.sh\n'}
[0.931833] (pub_ex) StdoutLine: {'line': b'-- Up-to-date: /home/neubility/ROS/ros2_communication_ws/install/pub_ex/share/pub_ex/environment/ament_prefix_path.dsv\n'}
[0.932026] (pub_ex) StdoutLine: {'line': b'-- Up-to-date: /home/neubility/ROS/ros2_communication_ws/install/pub_ex/share/pub_ex/environment/path.sh\n'}
[0.932098] (pub_ex) StdoutLine: {'line': b'-- Up-to-date: /home/neubility/ROS/ros2_communication_ws/install/pub_ex/share/pub_ex/environment/path.dsv\n'}
[0.932153] (pub_ex) StdoutLine: {'line': b'-- Up-to-date: /home/neubility/ROS/ros2_communication_ws/install/pub_ex/share/pub_ex/local_setup.bash\n'}
[0.932198] (pub_ex) StdoutLine: {'line': b'-- Up-to-date: /home/neubility/ROS/ros2_communication_ws/install/pub_ex/share/pub_ex/local_setup.sh\n'}
[0.932243] (pub_ex) StdoutLine: {'line': b'-- Up-to-date: /home/neubility/ROS/ros2_communication_ws/install/pub_ex/share/pub_ex/local_setup.zsh\n'}
[0.932285] (pub_ex) StdoutLine: {'line': b'-- Up-to-date: /home/neubility/ROS/ros2_communication_ws/install/pub_ex/share/pub_ex/local_setup.dsv\n'}
[0.932328] (pub_ex) StdoutLine: {'line': b'-- Installing: /home/neubility/ROS/ros2_communication_ws/install/pub_ex/share/pub_ex/package.dsv\n'}
[0.932374] (practice_code_pkg) StdoutLine: {'line': b'\x1b[36mInstall the project...\x1b[0m\n'}
[0.932425] (pub_ex) StdoutLine: {'line': b'-- Up-to-date: /home/neubility/ROS/ros2_communication_ws/install/pub_ex/share/ament_index/resource_index/packages/pub_ex\n'}
[0.932476] (pub_ex) StdoutLine: {'line': b'-- Up-to-date: /home/neubility/ROS/ros2_communication_ws/install/pub_ex/share/pub_ex/cmake/pub_exConfig.cmake\n'}
[0.932525] (pub_ex) StdoutLine: {'line': b'-- Up-to-date: /home/neubility/ROS/ros2_communication_ws/install/pub_ex/share/pub_ex/cmake/pub_exConfig-version.cmake\n'}
[0.932570] (pub_ex) StdoutLine: {'line': b'-- Up-to-date: /home/neubility/ROS/ros2_communication_ws/install/pub_ex/share/pub_ex/package.xml\n'}
[0.934378] (pub_ex) CommandEnded: {'returncode': 0}
[0.941021] (practice_code_pkg) StdoutLine: {'line': b'-- Install configuration: "Debug"\n'}
[0.941834] (practice_code_pkg) StdoutLine: {'line': b'-- Up-to-date: /home/neubility/ROS/ros2_communication_ws/install/practice_code_pkg/lib/practice_code_pkg/practice_code_pkg\n'}
[0.942243] (practice_code_pkg) StdoutLine: {'line': b'-- Up-to-date: /home/neubility/ROS/ros2_communication_ws/install/practice_code_pkg/share/practice_code_pkg/launch\n'}
[0.943318] (practice_code_pkg) StdoutLine: {'line': b'-- Up-to-date: /home/neubility/ROS/ros2_communication_ws/install/practice_code_pkg/share/practice_code_pkg/launch/launch_executeprocess_ex.launch.py\n'}
[0.943561] (practice_code_pkg) StdoutLine: {'line': b'-- Up-to-date: /home/neubility/ROS/ros2_communication_ws/install/practice_code_pkg/share/practice_code_pkg/launch/launch_node_ex_method_2.launch.py\n'}
[0.943884] (practice_code_pkg) StdoutLine: {'line': b'-- Up-to-date: /home/neubility/ROS/ros2_communication_ws/install/practice_code_pkg/share/practice_code_pkg/launch/launch_node_ex_method_1.launch.py\n'}
[0.943990] (practice_code_pkg) StdoutLine: {'line': b'-- Up-to-date: /home/neubility/ROS/ros2_communication_ws/install/practice_code_pkg/share/ament_index/resource_index/package_run_dependencies/practice_code_pkg\n'}
[0.944530] (practice_code_pkg) StdoutLine: {'line': b'-- Up-to-date: /home/neubility/ROS/ros2_communication_ws/install/practice_code_pkg/share/ament_index/resource_index/parent_prefix_path/practice_code_pkg\n'}
[0.944845] (practice_code_pkg) StdoutLine: {'line': b'-- Up-to-date: /home/neubility/ROS/ros2_communication_ws/install/practice_code_pkg/share/practice_code_pkg/environment/ament_prefix_path.sh\n'}
[0.944934] (practice_code_pkg) StdoutLine: {'line': b'-- Up-to-date: /home/neubility/ROS/ros2_communication_ws/install/practice_code_pkg/share/practice_code_pkg/environment/ament_prefix_path.dsv\n'}
[0.945021] (practice_code_pkg) StdoutLine: {'line': b'-- Up-to-date: /home/neubility/ROS/ros2_communication_ws/install/practice_code_pkg/share/practice_code_pkg/environment/path.sh\n'}
[0.945367] (practice_code_pkg) StdoutLine: {'line': b'-- Up-to-date: /home/neubility/ROS/ros2_communication_ws/install/practice_code_pkg/share/practice_code_pkg/environment/path.dsv\n'}
[0.945610] (practice_code_pkg) StdoutLine: {'line': b'-- Up-to-date: /home/neubility/ROS/ros2_communication_ws/install/practice_code_pkg/share/practice_code_pkg/local_setup.bash\n'}
[0.945689] (practice_code_pkg) StdoutLine: {'line': b'-- Up-to-date: /home/neubility/ROS/ros2_communication_ws/install/practice_code_pkg/share/practice_code_pkg/local_setup.sh\n'}
[0.945772] (practice_code_pkg) StdoutLine: {'line': b'-- Up-to-date: /home/neubility/ROS/ros2_communication_ws/install/practice_code_pkg/share/practice_code_pkg/local_setup.zsh\n'}
[0.945949] (practice_code_pkg) StdoutLine: {'line': b'-- Up-to-date: /home/neubility/ROS/ros2_communication_ws/install/practice_code_pkg/share/practice_code_pkg/local_setup.dsv\n'}
[0.946097] (practice_code_pkg) StdoutLine: {'line': b'-- Installing: /home/neubility/ROS/ros2_communication_ws/install/practice_code_pkg/share/practice_code_pkg/package.dsv\n'}
[0.946179] (practice_code_pkg) StdoutLine: {'line': b'-- Up-to-date: /home/neubility/ROS/ros2_communication_ws/install/practice_code_pkg/share/ament_index/resource_index/packages/practice_code_pkg\n'}
[0.946353] (practice_code_pkg) StdoutLine: {'line': b'-- Up-to-date: /home/neubility/ROS/ros2_communication_ws/install/practice_code_pkg/share/practice_code_pkg/cmake/practice_code_pkgConfig.cmake\n'}
[0.946459] (practice_code_pkg) StdoutLine: {'line': b'-- Up-to-date: /home/neubility/ROS/ros2_communication_ws/install/practice_code_pkg/share/practice_code_pkg/cmake/practice_code_pkgConfig-version.cmake\n'}
[0.946539] (practice_code_pkg) StdoutLine: {'line': b'-- Up-to-date: /home/neubility/ROS/ros2_communication_ws/install/practice_code_pkg/share/practice_code_pkg/package.xml\n'}
[0.949280] (practice_code_pkg) CommandEnded: {'returncode': 0}
[0.978316] (pub_ex) JobEnded: {'identifier': 'pub_ex', 'rc': 0}
[0.988774] (practice_code_pkg) JobEnded: {'identifier': 'practice_code_pkg', 'rc': 0}
[0.990349] (-) EventReactorShutdown: {}
