[0.012s] Invoking command in '/home/neubility/ROS/ros2_communication_ws/build/practice_code_pkg': AMENT_PREFIX_PATH=/home/neubility/ROS/ros2_communication_ws/install/ex_msg_srv:${AMENT_PREFIX_PATH} CMAKE_PREFIX_PATH=/home/neubility/ROS/ros2_communication_ws/install/ex_msg_srv:/opt/ros/eloquent LD_LIBRARY_PATH=/home/neubility/ROS/ros2_communication_ws/install/ex_msg_srv/lib:${LD_LIBRARY_PATH} PYTHONPATH=/home/neubility/ROS/ros2_communication_ws/install/ex_msg_srv/lib/python3.6/site-packages:${PYTHONPATH} /usr/bin/cmake /home/neubility/ROS/ros2_communication_ws/src/practice_code_pkg -DCMAKE_BUILD_TYPE=Debug -DCMAKE_INSTALL_PREFIX=/home/neubility/ROS/ros2_communication_ws/install/practice_code_pkg
[0.027s] -- Found ament_cmake: 0.8.3 (/opt/ros/eloquent/share/ament_cmake/cmake)
[0.054s] -- Using PYTHON_EXECUTABLE: /usr/bin/python3
[0.222s] -- Found rclcpp: 0.8.5 (/opt/ros/eloquent/share/rclcpp/cmake)
[0.233s] -- Found rosidl_adapter: 0.8.3 (/opt/ros/eloquent/share/rosidl_adapter/cmake)
[0.260s] -- Found rmw_implementation_cmake: 0.8.1 (/opt/ros/eloquent/share/rmw_implementation_cmake/cmake)
[0.261s] -- Using RMW implementation 'rmw_cyclonedds_cpp' as default
[0.288s] -- Found std_msgs: 0.8.1 (/opt/ros/eloquent/share/std_msgs/cmake)
[0.291s] -- Found ex_msg_srv: 0.0.0 (/home/neubility/ROS/ros2_communication_ws/install/ex_msg_srv/share/ex_msg_srv/cmake)
[0.375s] -- Configuring done
[0.390s] -- Generating done
[0.395s] -- Build files have been written to: /home/neubility/ROS/ros2_communication_ws/build/practice_code_pkg
[0.397s] Invoked command in '/home/neubility/ROS/ros2_communication_ws/build/practice_code_pkg' returned '0': AMENT_PREFIX_PATH=/home/neubility/ROS/ros2_communication_ws/install/ex_msg_srv:${AMENT_PREFIX_PATH} CMAKE_PREFIX_PATH=/home/neubility/ROS/ros2_communication_ws/install/ex_msg_srv:/opt/ros/eloquent LD_LIBRARY_PATH=/home/neubility/ROS/ros2_communication_ws/install/ex_msg_srv/lib:${LD_LIBRARY_PATH} PYTHONPATH=/home/neubility/ROS/ros2_communication_ws/install/ex_msg_srv/lib/python3.6/site-packages:${PYTHONPATH} /usr/bin/cmake /home/neubility/ROS/ros2_communication_ws/src/practice_code_pkg -DCMAKE_BUILD_TYPE=Debug -DCMAKE_INSTALL_PREFIX=/home/neubility/ROS/ros2_communication_ws/install/practice_code_pkg
[0.399s] Invoking command in '/home/neubility/ROS/ros2_communication_ws/build/practice_code_pkg': AMENT_PREFIX_PATH=/home/neubility/ROS/ros2_communication_ws/install/ex_msg_srv:${AMENT_PREFIX_PATH} CMAKE_PREFIX_PATH=/home/neubility/ROS/ros2_communication_ws/install/ex_msg_srv:/opt/ros/eloquent LD_LIBRARY_PATH=/home/neubility/ROS/ros2_communication_ws/install/ex_msg_srv/lib:${LD_LIBRARY_PATH} PYTHONPATH=/home/neubility/ROS/ros2_communication_ws/install/ex_msg_srv/lib/python3.6/site-packages:${PYTHONPATH} /usr/bin/cmake --build /home/neubility/ROS/ros2_communication_ws/build/practice_code_pkg -- -j16 -l16
[0.441s] [35m[1mScanning dependencies of target practice_code_pkg[0m
[0.462s] [ 66%] [32mBuilding CXX object CMakeFiles/practice_code_pkg.dir/src/main.cpp.o[0m
[0.462s] [ 66%] [32mBuilding CXX object CMakeFiles/practice_code_pkg.dir/src/time_checker.cpp.o[0m
[2.822s] [100%] [32m[1mLinking CXX executable practice_code_pkg[0m
[3.021s] [100%] Built target practice_code_pkg
[3.030s] Invoked command in '/home/neubility/ROS/ros2_communication_ws/build/practice_code_pkg' returned '0': AMENT_PREFIX_PATH=/home/neubility/ROS/ros2_communication_ws/install/ex_msg_srv:${AMENT_PREFIX_PATH} CMAKE_PREFIX_PATH=/home/neubility/ROS/ros2_communication_ws/install/ex_msg_srv:/opt/ros/eloquent LD_LIBRARY_PATH=/home/neubility/ROS/ros2_communication_ws/install/ex_msg_srv/lib:${LD_LIBRARY_PATH} PYTHONPATH=/home/neubility/ROS/ros2_communication_ws/install/ex_msg_srv/lib/python3.6/site-packages:${PYTHONPATH} /usr/bin/cmake --build /home/neubility/ROS/ros2_communication_ws/build/practice_code_pkg -- -j16 -l16
[3.055s] Invoking command in '/home/neubility/ROS/ros2_communication_ws/build/practice_code_pkg': AMENT_PREFIX_PATH=/home/neubility/ROS/ros2_communication_ws/install/ex_msg_srv:${AMENT_PREFIX_PATH} CMAKE_PREFIX_PATH=/home/neubility/ROS/ros2_communication_ws/install/ex_msg_srv:/opt/ros/eloquent LD_LIBRARY_PATH=/home/neubility/ROS/ros2_communication_ws/install/ex_msg_srv/lib:${LD_LIBRARY_PATH} PYTHONPATH=/home/neubility/ROS/ros2_communication_ws/install/ex_msg_srv/lib/python3.6/site-packages:${PYTHONPATH} /usr/bin/cmake --build /home/neubility/ROS/ros2_communication_ws/build/practice_code_pkg --target install -- -j16 -l16
[3.121s] [100%] Built target practice_code_pkg
[3.140s] [36mInstall the project...[0m
[3.147s] -- Install configuration: "Debug"
[3.147s] -- Installing: /home/neubility/ROS/ros2_communication_ws/install/practice_code_pkg/lib/practice_code_pkg/practice_code_pkg
[3.149s] -- Set runtime path of "/home/neubility/ROS/ros2_communication_ws/install/practice_code_pkg/lib/practice_code_pkg/practice_code_pkg" to ""
[3.149s] -- Up-to-date: /home/neubility/ROS/ros2_communication_ws/install/practice_code_pkg/share/practice_code_pkg/launch
[3.149s] -- Up-to-date: /home/neubility/ROS/ros2_communication_ws/install/practice_code_pkg/share/practice_code_pkg/launch/launch_executeprocess_ex.launch.py
[3.150s] -- Up-to-date: /home/neubility/ROS/ros2_communication_ws/install/practice_code_pkg/share/practice_code_pkg/launch/launch_node_ex_method_2.launch.py
[3.150s] -- Up-to-date: /home/neubility/ROS/ros2_communication_ws/install/practice_code_pkg/share/practice_code_pkg/launch/launch_node_ex_method_1.launch.py
[3.150s] -- Up-to-date: /home/neubility/ROS/ros2_communication_ws/install/practice_code_pkg/share/ament_index/resource_index/package_run_dependencies/practice_code_pkg
[3.150s] -- Installing: /home/neubility/ROS/ros2_communication_ws/install/practice_code_pkg/share/ament_index/resource_index/parent_prefix_path/practice_code_pkg
[3.150s] -- Up-to-date: /home/neubility/ROS/ros2_communication_ws/install/practice_code_pkg/share/practice_code_pkg/environment/ament_prefix_path.sh
[3.150s] -- Installing: /home/neubility/ROS/ros2_communication_ws/install/practice_code_pkg/share/practice_code_pkg/environment/ament_prefix_path.dsv
[3.150s] -- Up-to-date: /home/neubility/ROS/ros2_communication_ws/install/practice_code_pkg/share/practice_code_pkg/environment/path.sh
[3.150s] -- Installing: /home/neubility/ROS/ros2_communication_ws/install/practice_code_pkg/share/practice_code_pkg/environment/path.dsv
[3.150s] -- Up-to-date: /home/neubility/ROS/ros2_communication_ws/install/practice_code_pkg/share/practice_code_pkg/local_setup.bash
[3.150s] -- Up-to-date: /home/neubility/ROS/ros2_communication_ws/install/practice_code_pkg/share/practice_code_pkg/local_setup.sh
[3.151s] -- Up-to-date: /home/neubility/ROS/ros2_communication_ws/install/practice_code_pkg/share/practice_code_pkg/local_setup.zsh
[3.151s] -- Installing: /home/neubility/ROS/ros2_communication_ws/install/practice_code_pkg/share/practice_code_pkg/local_setup.dsv
[3.151s] -- Installing: /home/neubility/ROS/ros2_communication_ws/install/practice_code_pkg/share/practice_code_pkg/package.dsv
[3.151s] -- Up-to-date: /home/neubility/ROS/ros2_communication_ws/install/practice_code_pkg/share/ament_index/resource_index/packages/practice_code_pkg
[3.151s] -- Up-to-date: /home/neubility/ROS/ros2_communication_ws/install/practice_code_pkg/share/practice_code_pkg/cmake/practice_code_pkgConfig.cmake
[3.151s] -- Up-to-date: /home/neubility/ROS/ros2_communication_ws/install/practice_code_pkg/share/practice_code_pkg/cmake/practice_code_pkgConfig-version.cmake
[3.151s] -- Up-to-date: /home/neubility/ROS/ros2_communication_ws/install/practice_code_pkg/share/practice_code_pkg/package.xml
[3.154s] Invoked command in '/home/neubility/ROS/ros2_communication_ws/build/practice_code_pkg' returned '0': AMENT_PREFIX_PATH=/home/neubility/ROS/ros2_communication_ws/install/ex_msg_srv:${AMENT_PREFIX_PATH} CMAKE_PREFIX_PATH=/home/neubility/ROS/ros2_communication_ws/install/ex_msg_srv:/opt/ros/eloquent LD_LIBRARY_PATH=/home/neubility/ROS/ros2_communication_ws/install/ex_msg_srv/lib:${LD_LIBRARY_PATH} PYTHONPATH=/home/neubility/ROS/ros2_communication_ws/install/ex_msg_srv/lib/python3.6/site-packages:${PYTHONPATH} /usr/bin/cmake --build /home/neubility/ROS/ros2_communication_ws/build/practice_code_pkg --target install -- -j16 -l16
