[0.160s] DEBUG:colcon:Command line arguments: ['/usr/bin/colcon', 'build']
[0.160s] DEBUG:colcon:Parsed command line arguments: Namespace(ament_cmake_args=None, base_paths=['.'], build_base='build', catkin_cmake_args=None, catkin_skip_building_tests=False, cmake_args=None, cmake_clean_cache=False, cmake_clean_first=False, cmake_force_configure=False, cmake_target=None, cmake_target_skip_unavailable=False, continue_on_error=False, event_handlers=None, executor='parallel', ignore_user_meta=False, install_base='install', log_base=None, log_level=None, main=<bound method BuildVerb.main of <colcon_core.verb.build.BuildVerb object at 0x7fc1d8077ac8>>, merge_install=False, metas=['./colcon.meta'], packages_above=None, packages_above_and_dependencies=None, packages_above_depth=None, packages_end=None, packages_ignore=None, packages_ignore_regex=None, packages_select=None, packages_select_build_failed=False, packages_select_by_dep=None, packages_select_regex=None, packages_select_test_failures=False, packages_skip=None, packages_skip_build_finished=False, packages_skip_by_dep=None, packages_skip_regex=None, packages_skip_test_passed=False, packages_skip_up_to=None, packages_start=None, packages_up_to=None, packages_up_to_regex=None, parallel_workers=16, paths=None, symlink_install=False, test_result_base=None, verb_extension=<colcon_core.verb.build.BuildVerb object at 0x7fc1d8077ac8>, verb_name='build', verb_parser=<colcon_defaults.argument_parser.defaults.DefaultArgumentsDecorator object at 0x7fc1d8077e10>)
[0.165s] Level 1:colcon.colcon_core.package_discovery:discover_packages(colcon_meta) check parameters
[0.165s] Level 1:colcon.colcon_core.package_discovery:discover_packages(recursive) check parameters
[0.165s] Level 1:colcon.colcon_core.package_discovery:discover_packages(ignore) check parameters
[0.165s] Level 1:colcon.colcon_core.package_discovery:discover_packages(path) check parameters
[0.165s] Level 1:colcon.colcon_core.package_discovery:discover_packages(colcon_meta) discover
[0.166s] Level 1:colcon.colcon_core.package_discovery:discover_packages(recursive) discover
[0.166s] INFO:colcon.colcon_core.package_discovery:Crawling recursively for packages in '/home/neubility/ROS/ros2_communication_ws'
[0.166s] Level 1:colcon.colcon_core.package_identification:_identify(.) by extensions ['ignore', 'ignore_ament_install']
[0.166s] Level 1:colcon.colcon_core.package_identification:_identify(.) by extension 'ignore'
[0.166s] Level 1:colcon.colcon_core.package_identification:_identify(.) by extension 'ignore_ament_install'
[0.166s] Level 1:colcon.colcon_core.package_identification:_identify(.) by extensions ['colcon_pkg']
[0.166s] Level 1:colcon.colcon_core.package_identification:_identify(.) by extension 'colcon_pkg'
[0.166s] Level 1:colcon.colcon_core.package_identification:_identify(.) by extensions ['colcon_meta']
[0.166s] Level 1:colcon.colcon_core.package_identification:_identify(.) by extension 'colcon_meta'
[0.166s] Level 1:colcon.colcon_core.package_identification:_identify(.) by extensions ['ros']
[0.166s] Level 1:colcon.colcon_core.package_identification:_identify(.) by extension 'ros'
[0.177s] Level 1:colcon.colcon_core.package_identification:_identify(.) by extensions ['cmake', 'python']
[0.178s] Level 1:colcon.colcon_core.package_identification:_identify(.) by extension 'cmake'
[0.178s] Level 1:colcon.colcon_core.package_identification:_identify(.) by extension 'python'
[0.178s] Level 1:colcon.colcon_core.package_identification:_identify(.) by extensions ['python_setup_py']
[0.178s] Level 1:colcon.colcon_core.package_identification:_identify(.) by extension 'python_setup_py'
[0.178s] Level 1:colcon.colcon_core.package_identification:_identify(build) by extensions ['ignore', 'ignore_ament_install']
[0.178s] Level 1:colcon.colcon_core.package_identification:_identify(build) by extension 'ignore'
[0.178s] Level 1:colcon.colcon_core.package_identification:_identify(build) ignored
[0.179s] Level 1:colcon.colcon_core.package_identification:_identify(install) by extensions ['ignore', 'ignore_ament_install']
[0.179s] Level 1:colcon.colcon_core.package_identification:_identify(install) by extension 'ignore'
[0.179s] Level 1:colcon.colcon_core.package_identification:_identify(install) ignored
[0.179s] Level 1:colcon.colcon_core.package_identification:_identify(log) by extensions ['ignore', 'ignore_ament_install']
[0.179s] Level 1:colcon.colcon_core.package_identification:_identify(log) by extension 'ignore'
[0.179s] Level 1:colcon.colcon_core.package_identification:_identify(log) ignored
[0.180s] Level 1:colcon.colcon_core.package_identification:_identify(src) by extensions ['ignore', 'ignore_ament_install']
[0.180s] Level 1:colcon.colcon_core.package_identification:_identify(src) by extension 'ignore'
[0.180s] Level 1:colcon.colcon_core.package_identification:_identify(src) by extension 'ignore_ament_install'
[0.180s] Level 1:colcon.colcon_core.package_identification:_identify(src) by extensions ['colcon_pkg']
[0.180s] Level 1:colcon.colcon_core.package_identification:_identify(src) by extension 'colcon_pkg'
[0.180s] Level 1:colcon.colcon_core.package_identification:_identify(src) by extensions ['colcon_meta']
[0.180s] Level 1:colcon.colcon_core.package_identification:_identify(src) by extension 'colcon_meta'
[0.180s] Level 1:colcon.colcon_core.package_identification:_identify(src) by extensions ['ros']
[0.180s] Level 1:colcon.colcon_core.package_identification:_identify(src) by extension 'ros'
[0.180s] Level 1:colcon.colcon_core.package_identification:_identify(src) by extensions ['cmake', 'python']
[0.180s] Level 1:colcon.colcon_core.package_identification:_identify(src) by extension 'cmake'
[0.180s] Level 1:colcon.colcon_core.package_identification:_identify(src) by extension 'python'
[0.181s] Level 1:colcon.colcon_core.package_identification:_identify(src) by extensions ['python_setup_py']
[0.181s] Level 1:colcon.colcon_core.package_identification:_identify(src) by extension 'python_setup_py'
[0.181s] Level 1:colcon.colcon_core.package_identification:_identify(src/ex_msg_srv_pkg) by extensions ['ignore', 'ignore_ament_install']
[0.181s] Level 1:colcon.colcon_core.package_identification:_identify(src/ex_msg_srv_pkg) by extension 'ignore'
[0.181s] Level 1:colcon.colcon_core.package_identification:_identify(src/ex_msg_srv_pkg) by extension 'ignore_ament_install'
[0.181s] Level 1:colcon.colcon_core.package_identification:_identify(src/ex_msg_srv_pkg) by extensions ['colcon_pkg']
[0.181s] Level 1:colcon.colcon_core.package_identification:_identify(src/ex_msg_srv_pkg) by extension 'colcon_pkg'
[0.181s] Level 1:colcon.colcon_core.package_identification:_identify(src/ex_msg_srv_pkg) by extensions ['colcon_meta']
[0.181s] Level 1:colcon.colcon_core.package_identification:_identify(src/ex_msg_srv_pkg) by extension 'colcon_meta'
[0.181s] Level 1:colcon.colcon_core.package_identification:_identify(src/ex_msg_srv_pkg) by extensions ['ros']
[0.181s] Level 1:colcon.colcon_core.package_identification:_identify(src/ex_msg_srv_pkg) by extension 'ros'
[0.183s] DEBUG:colcon.colcon_core.package_identification:Package 'src/ex_msg_srv_pkg' with type 'ros.ament_cmake' and name 'ex_msg_srv'
[0.183s] Level 1:colcon.colcon_core.package_identification:_identify(src/practice_code_pkg) by extensions ['ignore', 'ignore_ament_install']
[0.184s] Level 1:colcon.colcon_core.package_identification:_identify(src/practice_code_pkg) by extension 'ignore'
[0.184s] Level 1:colcon.colcon_core.package_identification:_identify(src/practice_code_pkg) by extension 'ignore_ament_install'
[0.184s] Level 1:colcon.colcon_core.package_identification:_identify(src/practice_code_pkg) by extensions ['colcon_pkg']
[0.184s] Level 1:colcon.colcon_core.package_identification:_identify(src/practice_code_pkg) by extension 'colcon_pkg'
[0.184s] Level 1:colcon.colcon_core.package_identification:_identify(src/practice_code_pkg) by extensions ['colcon_meta']
[0.184s] Level 1:colcon.colcon_core.package_identification:_identify(src/practice_code_pkg) by extension 'colcon_meta'
[0.184s] Level 1:colcon.colcon_core.package_identification:_identify(src/practice_code_pkg) by extensions ['ros']
[0.184s] Level 1:colcon.colcon_core.package_identification:_identify(src/practice_code_pkg) by extension 'ros'
[0.185s] DEBUG:colcon.colcon_core.package_identification:Package 'src/practice_code_pkg' with type 'ros.ament_cmake' and name 'practice_code_pkg'
[0.185s] Level 1:colcon.colcon_core.package_identification:_identify(src/pub_ex_pkg) by extensions ['ignore', 'ignore_ament_install']
[0.186s] Level 1:colcon.colcon_core.package_identification:_identify(src/pub_ex_pkg) by extension 'ignore'
[0.186s] Level 1:colcon.colcon_core.package_identification:_identify(src/pub_ex_pkg) by extension 'ignore_ament_install'
[0.186s] Level 1:colcon.colcon_core.package_identification:_identify(src/pub_ex_pkg) by extensions ['colcon_pkg']
[0.186s] Level 1:colcon.colcon_core.package_identification:_identify(src/pub_ex_pkg) by extension 'colcon_pkg'
[0.186s] Level 1:colcon.colcon_core.package_identification:_identify(src/pub_ex_pkg) by extensions ['colcon_meta']
[0.186s] Level 1:colcon.colcon_core.package_identification:_identify(src/pub_ex_pkg) by extension 'colcon_meta'
[0.186s] Level 1:colcon.colcon_core.package_identification:_identify(src/pub_ex_pkg) by extensions ['ros']
[0.186s] Level 1:colcon.colcon_core.package_identification:_identify(src/pub_ex_pkg) by extension 'ros'
[0.186s] DEBUG:colcon.colcon_core.package_identification:Package 'src/pub_ex_pkg' with type 'ros.ament_cmake' and name 'pub_ex'
[0.187s] Level 1:colcon.colcon_core.package_identification:_identify(src/sub_ex_pkg) by extensions ['ignore', 'ignore_ament_install']
[0.187s] Level 1:colcon.colcon_core.package_identification:_identify(src/sub_ex_pkg) by extension 'ignore'
[0.187s] Level 1:colcon.colcon_core.package_identification:_identify(src/sub_ex_pkg) by extension 'ignore_ament_install'
[0.187s] Level 1:colcon.colcon_core.package_identification:_identify(src/sub_ex_pkg) by extensions ['colcon_pkg']
[0.187s] Level 1:colcon.colcon_core.package_identification:_identify(src/sub_ex_pkg) by extension 'colcon_pkg'
[0.187s] Level 1:colcon.colcon_core.package_identification:_identify(src/sub_ex_pkg) by extensions ['colcon_meta']
[0.187s] Level 1:colcon.colcon_core.package_identification:_identify(src/sub_ex_pkg) by extension 'colcon_meta'
[0.187s] Level 1:colcon.colcon_core.package_identification:_identify(src/sub_ex_pkg) by extensions ['ros']
[0.187s] Level 1:colcon.colcon_core.package_identification:_identify(src/sub_ex_pkg) by extension 'ros'
[0.188s] DEBUG:colcon.colcon_core.package_identification:Package 'src/sub_ex_pkg' with type 'ros.ament_cmake' and name 'sub_ex'
[0.188s] Level 1:colcon.colcon_core.package_discovery:discover_packages(recursive) using defaults
[0.189s] Level 1:colcon.colcon_core.package_discovery:discover_packages(ignore) discover
[0.189s] Level 1:colcon.colcon_core.package_discovery:discover_packages(ignore) using defaults
[0.189s] Level 1:colcon.colcon_core.package_discovery:discover_packages(path) discover
[0.189s] Level 1:colcon.colcon_core.package_discovery:discover_packages(path) using defaults
[0.208s] Level 5:colcon.colcon_core.verb:set package 'ex_msg_srv' build argument 'cmake_args' from command line to 'None'
[0.208s] Level 5:colcon.colcon_core.verb:set package 'ex_msg_srv' build argument 'cmake_target' from command line to 'None'
[0.208s] Level 5:colcon.colcon_core.verb:set package 'ex_msg_srv' build argument 'cmake_target_skip_unavailable' from command line to 'False'
[0.208s] Level 5:colcon.colcon_core.verb:set package 'ex_msg_srv' build argument 'cmake_clean_cache' from command line to 'False'
[0.208s] Level 5:colcon.colcon_core.verb:set package 'ex_msg_srv' build argument 'cmake_clean_first' from command line to 'False'
[0.208s] Level 5:colcon.colcon_core.verb:set package 'ex_msg_srv' build argument 'cmake_force_configure' from command line to 'False'
[0.208s] Level 5:colcon.colcon_core.verb:set package 'ex_msg_srv' build argument 'ament_cmake_args' from command line to 'None'
[0.208s] Level 5:colcon.colcon_core.verb:set package 'ex_msg_srv' build argument 'catkin_cmake_args' from command line to 'None'
[0.208s] Level 5:colcon.colcon_core.verb:set package 'ex_msg_srv' build argument 'catkin_skip_building_tests' from command line to 'False'
[0.209s] DEBUG:colcon.colcon_core.verb:Building package 'ex_msg_srv' with the following arguments: {'ament_cmake_args': None, 'build_base': '/home/neubility/ROS/ros2_communication_ws/build/ex_msg_srv', 'catkin_cmake_args': None, 'catkin_skip_building_tests': False, 'cmake_args': None, 'cmake_clean_cache': False, 'cmake_clean_first': False, 'cmake_force_configure': False, 'cmake_target': None, 'cmake_target_skip_unavailable': False, 'install_base': '/home/neubility/ROS/ros2_communication_ws/install/ex_msg_srv', 'merge_install': False, 'path': '/home/neubility/ROS/ros2_communication_ws/src/ex_msg_srv_pkg', 'symlink_install': False, 'test_result_base': None}
[0.211s] Level 5:colcon.colcon_core.verb:set package 'sub_ex' build argument 'cmake_args' from command line to 'None'
[0.211s] Level 5:colcon.colcon_core.verb:set package 'sub_ex' build argument 'cmake_target' from command line to 'None'
[0.211s] Level 5:colcon.colcon_core.verb:set package 'sub_ex' build argument 'cmake_target_skip_unavailable' from command line to 'False'
[0.211s] Level 5:colcon.colcon_core.verb:set package 'sub_ex' build argument 'cmake_clean_cache' from command line to 'False'
[0.211s] Level 5:colcon.colcon_core.verb:set package 'sub_ex' build argument 'cmake_clean_first' from command line to 'False'
[0.211s] Level 5:colcon.colcon_core.verb:set package 'sub_ex' build argument 'cmake_force_configure' from command line to 'False'
[0.211s] Level 5:colcon.colcon_core.verb:set package 'sub_ex' build argument 'ament_cmake_args' from command line to 'None'
[0.211s] Level 5:colcon.colcon_core.verb:set package 'sub_ex' build argument 'catkin_cmake_args' from command line to 'None'
[0.211s] Level 5:colcon.colcon_core.verb:set package 'sub_ex' build argument 'catkin_skip_building_tests' from command line to 'False'
[0.211s] DEBUG:colcon.colcon_core.verb:Building package 'sub_ex' with the following arguments: {'ament_cmake_args': None, 'build_base': '/home/neubility/ROS/ros2_communication_ws/build/sub_ex', 'catkin_cmake_args': None, 'catkin_skip_building_tests': False, 'cmake_args': None, 'cmake_clean_cache': False, 'cmake_clean_first': False, 'cmake_force_configure': False, 'cmake_target': None, 'cmake_target_skip_unavailable': False, 'install_base': '/home/neubility/ROS/ros2_communication_ws/install/sub_ex', 'merge_install': False, 'path': '/home/neubility/ROS/ros2_communication_ws/src/sub_ex_pkg', 'symlink_install': False, 'test_result_base': None}
[0.214s] Level 5:colcon.colcon_core.verb:set package 'practice_code_pkg' build argument 'cmake_args' from command line to 'None'
[0.214s] Level 5:colcon.colcon_core.verb:set package 'practice_code_pkg' build argument 'cmake_target' from command line to 'None'
[0.214s] Level 5:colcon.colcon_core.verb:set package 'practice_code_pkg' build argument 'cmake_target_skip_unavailable' from command line to 'False'
[0.214s] Level 5:colcon.colcon_core.verb:set package 'practice_code_pkg' build argument 'cmake_clean_cache' from command line to 'False'
[0.214s] Level 5:colcon.colcon_core.verb:set package 'practice_code_pkg' build argument 'cmake_clean_first' from command line to 'False'
[0.214s] Level 5:colcon.colcon_core.verb:set package 'practice_code_pkg' build argument 'cmake_force_configure' from command line to 'False'
[0.214s] Level 5:colcon.colcon_core.verb:set package 'practice_code_pkg' build argument 'ament_cmake_args' from command line to 'None'
[0.214s] Level 5:colcon.colcon_core.verb:set package 'practice_code_pkg' build argument 'catkin_cmake_args' from command line to 'None'
[0.214s] Level 5:colcon.colcon_core.verb:set package 'practice_code_pkg' build argument 'catkin_skip_building_tests' from command line to 'False'
[0.214s] DEBUG:colcon.colcon_core.verb:Building package 'practice_code_pkg' with the following arguments: {'ament_cmake_args': None, 'build_base': '/home/neubility/ROS/ros2_communication_ws/build/practice_code_pkg', 'catkin_cmake_args': None, 'catkin_skip_building_tests': False, 'cmake_args': None, 'cmake_clean_cache': False, 'cmake_clean_first': False, 'cmake_force_configure': False, 'cmake_target': None, 'cmake_target_skip_unavailable': False, 'install_base': '/home/neubility/ROS/ros2_communication_ws/install/practice_code_pkg', 'merge_install': False, 'path': '/home/neubility/ROS/ros2_communication_ws/src/practice_code_pkg', 'symlink_install': False, 'test_result_base': None}
[0.217s] Level 5:colcon.colcon_core.verb:set package 'pub_ex' build argument 'cmake_args' from command line to 'None'
[0.217s] Level 5:colcon.colcon_core.verb:set package 'pub_ex' build argument 'cmake_target' from command line to 'None'
[0.217s] Level 5:colcon.colcon_core.verb:set package 'pub_ex' build argument 'cmake_target_skip_unavailable' from command line to 'False'
[0.217s] Level 5:colcon.colcon_core.verb:set package 'pub_ex' build argument 'cmake_clean_cache' from command line to 'False'
[0.217s] Level 5:colcon.colcon_core.verb:set package 'pub_ex' build argument 'cmake_clean_first' from command line to 'False'
[0.217s] Level 5:colcon.colcon_core.verb:set package 'pub_ex' build argument 'cmake_force_configure' from command line to 'False'
[0.217s] Level 5:colcon.colcon_core.verb:set package 'pub_ex' build argument 'ament_cmake_args' from command line to 'None'
[0.217s] Level 5:colcon.colcon_core.verb:set package 'pub_ex' build argument 'catkin_cmake_args' from command line to 'None'
[0.217s] Level 5:colcon.colcon_core.verb:set package 'pub_ex' build argument 'catkin_skip_building_tests' from command line to 'False'
[0.217s] DEBUG:colcon.colcon_core.verb:Building package 'pub_ex' with the following arguments: {'ament_cmake_args': None, 'build_base': '/home/neubility/ROS/ros2_communication_ws/build/pub_ex', 'catkin_cmake_args': None, 'catkin_skip_building_tests': False, 'cmake_args': None, 'cmake_clean_cache': False, 'cmake_clean_first': False, 'cmake_force_configure': False, 'cmake_target': None, 'cmake_target_skip_unavailable': False, 'install_base': '/home/neubility/ROS/ros2_communication_ws/install/pub_ex', 'merge_install': False, 'path': '/home/neubility/ROS/ros2_communication_ws/src/pub_ex_pkg', 'symlink_install': False, 'test_result_base': None}
[0.218s] INFO:colcon.colcon_core.executor:Executing jobs using 'parallel' executor
[0.220s] DEBUG:colcon.colcon_parallel_executor.executor.parallel:run_until_complete
[0.220s] INFO:colcon.colcon_ros.task.ament_cmake.build:Building ROS package in '/home/neubility/ROS/ros2_communication_ws/src/ex_msg_srv_pkg' with build type 'ament_cmake'
[0.220s] INFO:colcon.colcon_cmake.task.cmake.build:Building CMake package in '/home/neubility/ROS/ros2_communication_ws/src/ex_msg_srv_pkg'
[0.226s] INFO:colcon.colcon_core.plugin_system:Skipping extension 'colcon_core.shell.bat': Not used on non-Windows systems
[0.226s] INFO:colcon.colcon_core.shell:Skip shell extension 'powershell' for command environment: Not usable outside of PowerShell
[0.226s] DEBUG:colcon.colcon_core.shell:Skip shell extension 'dsv' for command environment
[0.229s] DEBUG:colcon.colcon_core.shell:Ignoring prefix path '/opt/ros/eloquent'
[0.232s] INFO:colcon.colcon_ros.task.ament_cmake.build:Building ROS package in '/home/neubility/ROS/ros2_communication_ws/src/sub_ex_pkg' with build type 'ament_cmake'
[0.232s] INFO:colcon.colcon_cmake.task.cmake.build:Building CMake package in '/home/neubility/ROS/ros2_communication_ws/src/sub_ex_pkg'
[0.233s] INFO:colcon.colcon_core.shell:Skip shell extension 'powershell' for command environment: Not usable outside of PowerShell
[0.234s] DEBUG:colcon.colcon_core.shell:Skip shell extension 'dsv' for command environment
[0.236s] DEBUG:colcon.colcon_core.shell:Ignoring prefix path '/opt/ros/eloquent'
[0.244s] DEBUG:colcon.colcon_core.event_handler.log_command:Invoking command in '/home/neubility/ROS/ros2_communication_ws/build/ex_msg_srv': CMAKE_PREFIX_PATH=${CMAKE_PREFIX_PATH}:/opt/ros/eloquent /usr/bin/cmake --build /home/neubility/ROS/ros2_communication_ws/build/ex_msg_srv -- -j16 -l16
[0.254s] DEBUG:colcon.colcon_core.event_handler.log_command:Invoking command in '/home/neubility/ROS/ros2_communication_ws/build/sub_ex': CMAKE_PREFIX_PATH=${CMAKE_PREFIX_PATH}:/opt/ros/eloquent /usr/bin/cmake --build /home/neubility/ROS/ros2_communication_ws/build/sub_ex -- -j16 -l16
[0.320s] DEBUG:colcon.colcon_core.event_handler.log_command:Invoked command in '/home/neubility/ROS/ros2_communication_ws/build/sub_ex' returned '0': CMAKE_PREFIX_PATH=${CMAKE_PREFIX_PATH}:/opt/ros/eloquent /usr/bin/cmake --build /home/neubility/ROS/ros2_communication_ws/build/sub_ex -- -j16 -l16
[0.351s] DEBUG:colcon.colcon_core.event_handler.log_command:Invoking command in '/home/neubility/ROS/ros2_communication_ws/build/sub_ex': CMAKE_PREFIX_PATH=${CMAKE_PREFIX_PATH}:/opt/ros/eloquent /usr/bin/cmake --build /home/neubility/ROS/ros2_communication_ws/build/sub_ex --target install -- -j16 -l16
[0.437s] Level 1:colcon.colcon_core.environment:create_environment_scripts_only(sub_ex)
[0.438s] DEBUG:colcon.colcon_core.event_handler.log_command:Invoked command in '/home/neubility/ROS/ros2_communication_ws/build/sub_ex' returned '0': CMAKE_PREFIX_PATH=${CMAKE_PREFIX_PATH}:/opt/ros/eloquent /usr/bin/cmake --build /home/neubility/ROS/ros2_communication_ws/build/sub_ex --target install -- -j16 -l16
[0.442s] Level 1:colcon.colcon_core.environment:checking '/home/neubility/ROS/ros2_communication_ws/install/sub_ex' for CMake module files
[0.443s] Level 1:colcon.colcon_core.environment:checking '/home/neubility/ROS/ros2_communication_ws/install/sub_ex' for CMake config files
[0.444s] Level 1:colcon.colcon_core.shell:create_environment_hook('sub_ex', 'cmake_prefix_path')
[0.444s] INFO:colcon.colcon_core.shell:Creating environment hook '/home/neubility/ROS/ros2_communication_ws/install/sub_ex/share/sub_ex/hook/cmake_prefix_path.ps1'
[0.459s] INFO:colcon.colcon_core.shell:Creating environment descriptor '/home/neubility/ROS/ros2_communication_ws/install/sub_ex/share/sub_ex/hook/cmake_prefix_path.dsv'
[0.460s] INFO:colcon.colcon_core.shell:Creating environment hook '/home/neubility/ROS/ros2_communication_ws/install/sub_ex/share/sub_ex/hook/cmake_prefix_path.sh'
[0.461s] Level 1:colcon.colcon_core.environment:checking '/home/neubility/ROS/ros2_communication_ws/install/sub_ex/lib'
[0.461s] Level 1:colcon.colcon_core.environment:checking '/home/neubility/ROS/ros2_communication_ws/install/sub_ex/bin'
[0.461s] Level 1:colcon.colcon_core.environment:checking '/home/neubility/ROS/ros2_communication_ws/install/sub_ex/lib/pkgconfig/sub_ex.pc'
[0.461s] Level 1:colcon.colcon_core.environment:checking '/home/neubility/ROS/ros2_communication_ws/install/sub_ex/lib/python3.6/site-packages'
[0.462s] INFO:colcon.colcon_core.shell:Creating package script '/home/neubility/ROS/ros2_communication_ws/install/sub_ex/share/sub_ex/package.ps1'
[0.462s] INFO:colcon.colcon_core.shell:Creating package descriptor '/home/neubility/ROS/ros2_communication_ws/install/sub_ex/share/sub_ex/package.dsv'
[0.463s] INFO:colcon.colcon_core.shell:Creating package script '/home/neubility/ROS/ros2_communication_ws/install/sub_ex/share/sub_ex/package.sh'
[0.463s] INFO:colcon.colcon_core.shell:Creating package script '/home/neubility/ROS/ros2_communication_ws/install/sub_ex/share/sub_ex/package.bash'
[0.464s] INFO:colcon.colcon_core.shell:Creating package script '/home/neubility/ROS/ros2_communication_ws/install/sub_ex/share/sub_ex/package.zsh'
[0.465s] Level 1:colcon.colcon_core.environment:create_file_with_runtime_dependencies(/home/neubility/ROS/ros2_communication_ws/install/sub_ex/share/colcon-core/packages/sub_ex)
[0.469s] DEBUG:colcon.colcon_core.event_handler.log_command:Invoked command in '/home/neubility/ROS/ros2_communication_ws/build/ex_msg_srv' returned '0': CMAKE_PREFIX_PATH=${CMAKE_PREFIX_PATH}:/opt/ros/eloquent /usr/bin/cmake --build /home/neubility/ROS/ros2_communication_ws/build/ex_msg_srv -- -j16 -l16
[0.486s] Level 1:colcon.colcon_core.environment:create_environment_scripts_only(sub_ex)
[0.487s] Level 1:colcon.colcon_core.environment:checking '/home/neubility/ROS/ros2_communication_ws/install/sub_ex' for CMake module files
[0.488s] Level 1:colcon.colcon_core.environment:checking '/home/neubility/ROS/ros2_communication_ws/install/sub_ex' for CMake config files
[0.488s] Level 1:colcon.colcon_core.shell:create_environment_hook('sub_ex', 'cmake_prefix_path')
[0.489s] INFO:colcon.colcon_core.shell:Creating environment hook '/home/neubility/ROS/ros2_communication_ws/install/sub_ex/share/sub_ex/hook/cmake_prefix_path.ps1'
[0.490s] INFO:colcon.colcon_core.shell:Creating environment descriptor '/home/neubility/ROS/ros2_communication_ws/install/sub_ex/share/sub_ex/hook/cmake_prefix_path.dsv'
[0.491s] INFO:colcon.colcon_core.shell:Creating environment hook '/home/neubility/ROS/ros2_communication_ws/install/sub_ex/share/sub_ex/hook/cmake_prefix_path.sh'
[0.492s] Level 1:colcon.colcon_core.environment:checking '/home/neubility/ROS/ros2_communication_ws/install/sub_ex/lib'
[0.492s] Level 1:colcon.colcon_core.environment:checking '/home/neubility/ROS/ros2_communication_ws/install/sub_ex/bin'
[0.492s] Level 1:colcon.colcon_core.environment:checking '/home/neubility/ROS/ros2_communication_ws/install/sub_ex/lib/pkgconfig/sub_ex.pc'
[0.492s] Level 1:colcon.colcon_core.environment:checking '/home/neubility/ROS/ros2_communication_ws/install/sub_ex/lib/python3.6/site-packages'
[0.493s] INFO:colcon.colcon_core.shell:Creating package script '/home/neubility/ROS/ros2_communication_ws/install/sub_ex/share/sub_ex/package.ps1'
[0.493s] INFO:colcon.colcon_core.shell:Creating package descriptor '/home/neubility/ROS/ros2_communication_ws/install/sub_ex/share/sub_ex/package.dsv'
[0.494s] INFO:colcon.colcon_core.shell:Creating package script '/home/neubility/ROS/ros2_communication_ws/install/sub_ex/share/sub_ex/package.sh'
[0.494s] INFO:colcon.colcon_core.shell:Creating package script '/home/neubility/ROS/ros2_communication_ws/install/sub_ex/share/sub_ex/package.bash'
[0.494s] INFO:colcon.colcon_core.shell:Creating package script '/home/neubility/ROS/ros2_communication_ws/install/sub_ex/share/sub_ex/package.zsh'
[0.495s] Level 1:colcon.colcon_core.environment:create_file_with_runtime_dependencies(/home/neubility/ROS/ros2_communication_ws/install/sub_ex/share/colcon-core/packages/sub_ex)
[0.526s] DEBUG:colcon.colcon_core.event_handler.log_command:Invoking command in '/home/neubility/ROS/ros2_communication_ws/build/ex_msg_srv': CMAKE_PREFIX_PATH=${CMAKE_PREFIX_PATH}:/opt/ros/eloquent /usr/bin/cmake --build /home/neubility/ROS/ros2_communication_ws/build/ex_msg_srv --target install -- -j16 -l16
[0.793s] Level 1:colcon.colcon_core.environment:create_environment_scripts_only(ex_msg_srv)
[0.794s] Level 1:colcon.colcon_core.environment:checking '/home/neubility/ROS/ros2_communication_ws/install/ex_msg_srv' for CMake module files
[0.794s] DEBUG:colcon.colcon_core.event_handler.log_command:Invoked command in '/home/neubility/ROS/ros2_communication_ws/build/ex_msg_srv' returned '0': CMAKE_PREFIX_PATH=${CMAKE_PREFIX_PATH}:/opt/ros/eloquent /usr/bin/cmake --build /home/neubility/ROS/ros2_communication_ws/build/ex_msg_srv --target install -- -j16 -l16
[0.795s] Level 1:colcon.colcon_core.environment:checking '/home/neubility/ROS/ros2_communication_ws/install/ex_msg_srv' for CMake config files
[0.795s] Level 1:colcon.colcon_core.shell:create_environment_hook('ex_msg_srv', 'cmake_prefix_path')
[0.796s] INFO:colcon.colcon_core.shell:Creating environment hook '/home/neubility/ROS/ros2_communication_ws/install/ex_msg_srv/share/ex_msg_srv/hook/cmake_prefix_path.ps1'
[0.796s] INFO:colcon.colcon_core.shell:Creating environment descriptor '/home/neubility/ROS/ros2_communication_ws/install/ex_msg_srv/share/ex_msg_srv/hook/cmake_prefix_path.dsv'
[0.796s] INFO:colcon.colcon_core.shell:Creating environment hook '/home/neubility/ROS/ros2_communication_ws/install/ex_msg_srv/share/ex_msg_srv/hook/cmake_prefix_path.sh'
[0.797s] Level 1:colcon.colcon_core.environment:checking '/home/neubility/ROS/ros2_communication_ws/install/ex_msg_srv/lib'
[0.797s] Level 1:colcon.colcon_core.shell:create_environment_hook('ex_msg_srv', 'ld_library_path_lib')
[0.797s] INFO:colcon.colcon_core.shell:Creating environment hook '/home/neubility/ROS/ros2_communication_ws/install/ex_msg_srv/share/ex_msg_srv/hook/ld_library_path_lib.ps1'
[0.798s] INFO:colcon.colcon_core.shell:Creating environment descriptor '/home/neubility/ROS/ros2_communication_ws/install/ex_msg_srv/share/ex_msg_srv/hook/ld_library_path_lib.dsv'
[0.798s] INFO:colcon.colcon_core.shell:Creating environment hook '/home/neubility/ROS/ros2_communication_ws/install/ex_msg_srv/share/ex_msg_srv/hook/ld_library_path_lib.sh'
[0.798s] Level 1:colcon.colcon_core.environment:checking '/home/neubility/ROS/ros2_communication_ws/install/ex_msg_srv/bin'
[0.798s] Level 1:colcon.colcon_core.environment:checking '/home/neubility/ROS/ros2_communication_ws/install/ex_msg_srv/lib/pkgconfig/ex_msg_srv.pc'
[0.798s] Level 1:colcon.colcon_core.environment:checking '/home/neubility/ROS/ros2_communication_ws/install/ex_msg_srv/lib/python3.6/site-packages'
[0.798s] Level 1:colcon.colcon_core.shell:create_environment_hook('ex_msg_srv', 'pythonpath')
[0.799s] INFO:colcon.colcon_core.shell:Creating environment hook '/home/neubility/ROS/ros2_communication_ws/install/ex_msg_srv/share/ex_msg_srv/hook/pythonpath.ps1'
[0.799s] INFO:colcon.colcon_core.shell:Creating environment descriptor '/home/neubility/ROS/ros2_communication_ws/install/ex_msg_srv/share/ex_msg_srv/hook/pythonpath.dsv'
[0.799s] INFO:colcon.colcon_core.shell:Creating environment hook '/home/neubility/ROS/ros2_communication_ws/install/ex_msg_srv/share/ex_msg_srv/hook/pythonpath.sh'
[0.800s] INFO:colcon.colcon_core.shell:Creating package script '/home/neubility/ROS/ros2_communication_ws/install/ex_msg_srv/share/ex_msg_srv/package.ps1'
[0.801s] INFO:colcon.colcon_core.shell:Creating package descriptor '/home/neubility/ROS/ros2_communication_ws/install/ex_msg_srv/share/ex_msg_srv/package.dsv'
[0.801s] INFO:colcon.colcon_core.shell:Creating package script '/home/neubility/ROS/ros2_communication_ws/install/ex_msg_srv/share/ex_msg_srv/package.sh'
[0.801s] INFO:colcon.colcon_core.shell:Creating package script '/home/neubility/ROS/ros2_communication_ws/install/ex_msg_srv/share/ex_msg_srv/package.bash'
[0.801s] INFO:colcon.colcon_core.shell:Creating package script '/home/neubility/ROS/ros2_communication_ws/install/ex_msg_srv/share/ex_msg_srv/package.zsh'
[0.802s] Level 1:colcon.colcon_core.environment:create_file_with_runtime_dependencies(/home/neubility/ROS/ros2_communication_ws/install/ex_msg_srv/share/colcon-core/packages/ex_msg_srv)
[0.860s] Level 1:colcon.colcon_core.environment:create_environment_scripts_only(ex_msg_srv)
[0.862s] Level 1:colcon.colcon_core.environment:checking '/home/neubility/ROS/ros2_communication_ws/install/ex_msg_srv' for CMake module files
[0.862s] Level 1:colcon.colcon_core.environment:checking '/home/neubility/ROS/ros2_communication_ws/install/ex_msg_srv' for CMake config files
[0.863s] Level 1:colcon.colcon_core.shell:create_environment_hook('ex_msg_srv', 'cmake_prefix_path')
[0.864s] INFO:colcon.colcon_core.shell:Creating environment hook '/home/neubility/ROS/ros2_communication_ws/install/ex_msg_srv/share/ex_msg_srv/hook/cmake_prefix_path.ps1'
[0.865s] INFO:colcon.colcon_core.shell:Creating environment descriptor '/home/neubility/ROS/ros2_communication_ws/install/ex_msg_srv/share/ex_msg_srv/hook/cmake_prefix_path.dsv'
[0.865s] INFO:colcon.colcon_core.shell:Creating environment hook '/home/neubility/ROS/ros2_communication_ws/install/ex_msg_srv/share/ex_msg_srv/hook/cmake_prefix_path.sh'
[0.866s] Level 1:colcon.colcon_core.environment:checking '/home/neubility/ROS/ros2_communication_ws/install/ex_msg_srv/lib'
[0.866s] Level 1:colcon.colcon_core.shell:create_environment_hook('ex_msg_srv', 'ld_library_path_lib')
[0.867s] INFO:colcon.colcon_core.shell:Creating environment hook '/home/neubility/ROS/ros2_communication_ws/install/ex_msg_srv/share/ex_msg_srv/hook/ld_library_path_lib.ps1'
[0.868s] INFO:colcon.colcon_core.shell:Creating environment descriptor '/home/neubility/ROS/ros2_communication_ws/install/ex_msg_srv/share/ex_msg_srv/hook/ld_library_path_lib.dsv'
[0.868s] INFO:colcon.colcon_core.shell:Creating environment hook '/home/neubility/ROS/ros2_communication_ws/install/ex_msg_srv/share/ex_msg_srv/hook/ld_library_path_lib.sh'
[0.869s] Level 1:colcon.colcon_core.environment:checking '/home/neubility/ROS/ros2_communication_ws/install/ex_msg_srv/bin'
[0.869s] Level 1:colcon.colcon_core.environment:checking '/home/neubility/ROS/ros2_communication_ws/install/ex_msg_srv/lib/pkgconfig/ex_msg_srv.pc'
[0.869s] Level 1:colcon.colcon_core.environment:checking '/home/neubility/ROS/ros2_communication_ws/install/ex_msg_srv/lib/python3.6/site-packages'
[0.869s] Level 1:colcon.colcon_core.shell:create_environment_hook('ex_msg_srv', 'pythonpath')
[0.870s] INFO:colcon.colcon_core.shell:Creating environment hook '/home/neubility/ROS/ros2_communication_ws/install/ex_msg_srv/share/ex_msg_srv/hook/pythonpath.ps1'
[0.870s] INFO:colcon.colcon_core.shell:Creating environment descriptor '/home/neubility/ROS/ros2_communication_ws/install/ex_msg_srv/share/ex_msg_srv/hook/pythonpath.dsv'
[0.871s] INFO:colcon.colcon_core.shell:Creating environment hook '/home/neubility/ROS/ros2_communication_ws/install/ex_msg_srv/share/ex_msg_srv/hook/pythonpath.sh'
[0.873s] INFO:colcon.colcon_core.shell:Creating package script '/home/neubility/ROS/ros2_communication_ws/install/ex_msg_srv/share/ex_msg_srv/package.ps1'
[0.873s] INFO:colcon.colcon_core.shell:Creating package descriptor '/home/neubility/ROS/ros2_communication_ws/install/ex_msg_srv/share/ex_msg_srv/package.dsv'
[0.874s] INFO:colcon.colcon_core.shell:Creating package script '/home/neubility/ROS/ros2_communication_ws/install/ex_msg_srv/share/ex_msg_srv/package.sh'
[0.874s] INFO:colcon.colcon_core.shell:Creating package script '/home/neubility/ROS/ros2_communication_ws/install/ex_msg_srv/share/ex_msg_srv/package.bash'
[0.875s] INFO:colcon.colcon_core.shell:Creating package script '/home/neubility/ROS/ros2_communication_ws/install/ex_msg_srv/share/ex_msg_srv/package.zsh'
[0.875s] Level 1:colcon.colcon_core.environment:create_file_with_runtime_dependencies(/home/neubility/ROS/ros2_communication_ws/install/ex_msg_srv/share/colcon-core/packages/ex_msg_srv)
[0.876s] INFO:colcon.colcon_ros.task.ament_cmake.build:Building ROS package in '/home/neubility/ROS/ros2_communication_ws/src/practice_code_pkg' with build type 'ament_cmake'
[0.876s] INFO:colcon.colcon_cmake.task.cmake.build:Building CMake package in '/home/neubility/ROS/ros2_communication_ws/src/practice_code_pkg'
[0.877s] INFO:colcon.colcon_core.shell:Skip shell extension 'powershell' for command environment: Not usable outside of PowerShell
[0.877s] DEBUG:colcon.colcon_core.shell:Skip shell extension 'dsv' for command environment
[0.880s] DEBUG:colcon.colcon_core.shell:Ignoring prefix path '/opt/ros/eloquent'
[0.882s] INFO:colcon.colcon_ros.task.ament_cmake.build:Building ROS package in '/home/neubility/ROS/ros2_communication_ws/src/pub_ex_pkg' with build type 'ament_cmake'
[0.882s] INFO:colcon.colcon_cmake.task.cmake.build:Building CMake package in '/home/neubility/ROS/ros2_communication_ws/src/pub_ex_pkg'
[0.883s] INFO:colcon.colcon_core.shell:Skip shell extension 'powershell' for command environment: Not usable outside of PowerShell
[0.883s] DEBUG:colcon.colcon_core.shell:Skip shell extension 'dsv' for command environment
[0.885s] DEBUG:colcon.colcon_core.shell:Ignoring prefix path '/opt/ros/eloquent'
[0.893s] DEBUG:colcon.colcon_core.event_handler.log_command:Invoking command in '/home/neubility/ROS/ros2_communication_ws/build/practice_code_pkg': CMAKE_PREFIX_PATH=/home/neubility/ROS/ros2_communication_ws/install/ex_msg_srv:/home/neubility/ROS/ros2_communication_ws/install/sub_ex:/home/neubility/ROS/ros2_communication_ws/install/pub_ex:/home/neubility/ROS/ros2_communication_ws/install/practice_code_pkg:/opt/ros/eloquent /usr/bin/cmake --build /home/neubility/ROS/ros2_communication_ws/build/practice_code_pkg -- -j16 -l16
[0.898s] DEBUG:colcon.colcon_core.event_handler.log_command:Invoking command in '/home/neubility/ROS/ros2_communication_ws/build/pub_ex': CMAKE_PREFIX_PATH=/home/neubility/ROS/ros2_communication_ws/install/ex_msg_srv:/home/neubility/ROS/ros2_communication_ws/install/sub_ex:/home/neubility/ROS/ros2_communication_ws/install/pub_ex:/home/neubility/ROS/ros2_communication_ws/install/practice_code_pkg:/opt/ros/eloquent /usr/bin/cmake --build /home/neubility/ROS/ros2_communication_ws/build/pub_ex -- -j16 -l16
[0.966s] DEBUG:colcon.colcon_core.event_handler.log_command:Invoked command in '/home/neubility/ROS/ros2_communication_ws/build/pub_ex' returned '0': CMAKE_PREFIX_PATH=/home/neubility/ROS/ros2_communication_ws/install/ex_msg_srv:/home/neubility/ROS/ros2_communication_ws/install/sub_ex:/home/neubility/ROS/ros2_communication_ws/install/pub_ex:/home/neubility/ROS/ros2_communication_ws/install/practice_code_pkg:/opt/ros/eloquent /usr/bin/cmake --build /home/neubility/ROS/ros2_communication_ws/build/pub_ex -- -j16 -l16
[0.994s] DEBUG:colcon.colcon_core.event_handler.log_command:Invoking command in '/home/neubility/ROS/ros2_communication_ws/build/pub_ex': CMAKE_PREFIX_PATH=/home/neubility/ROS/ros2_communication_ws/install/ex_msg_srv:/home/neubility/ROS/ros2_communication_ws/install/sub_ex:/home/neubility/ROS/ros2_communication_ws/install/pub_ex:/home/neubility/ROS/ros2_communication_ws/install/practice_code_pkg:/opt/ros/eloquent /usr/bin/cmake --build /home/neubility/ROS/ros2_communication_ws/build/pub_ex --target install -- -j16 -l16
[1.079s] Level 1:colcon.colcon_core.environment:create_environment_scripts_only(pub_ex)
[1.080s] Level 1:colcon.colcon_core.environment:checking '/home/neubility/ROS/ros2_communication_ws/install/pub_ex' for CMake module files
[1.081s] DEBUG:colcon.colcon_core.event_handler.log_command:Invoked command in '/home/neubility/ROS/ros2_communication_ws/build/pub_ex' returned '0': CMAKE_PREFIX_PATH=/home/neubility/ROS/ros2_communication_ws/install/ex_msg_srv:/home/neubility/ROS/ros2_communication_ws/install/sub_ex:/home/neubility/ROS/ros2_communication_ws/install/pub_ex:/home/neubility/ROS/ros2_communication_ws/install/practice_code_pkg:/opt/ros/eloquent /usr/bin/cmake --build /home/neubility/ROS/ros2_communication_ws/build/pub_ex --target install -- -j16 -l16
[1.081s] Level 1:colcon.colcon_core.environment:checking '/home/neubility/ROS/ros2_communication_ws/install/pub_ex' for CMake config files
[1.082s] Level 1:colcon.colcon_core.shell:create_environment_hook('pub_ex', 'cmake_prefix_path')
[1.082s] INFO:colcon.colcon_core.shell:Creating environment hook '/home/neubility/ROS/ros2_communication_ws/install/pub_ex/share/pub_ex/hook/cmake_prefix_path.ps1'
[1.083s] INFO:colcon.colcon_core.shell:Creating environment descriptor '/home/neubility/ROS/ros2_communication_ws/install/pub_ex/share/pub_ex/hook/cmake_prefix_path.dsv'
[1.083s] INFO:colcon.colcon_core.shell:Creating environment hook '/home/neubility/ROS/ros2_communication_ws/install/pub_ex/share/pub_ex/hook/cmake_prefix_path.sh'
[1.085s] Level 1:colcon.colcon_core.environment:checking '/home/neubility/ROS/ros2_communication_ws/install/pub_ex/lib'
[1.085s] Level 1:colcon.colcon_core.environment:checking '/home/neubility/ROS/ros2_communication_ws/install/pub_ex/bin'
[1.085s] Level 1:colcon.colcon_core.environment:checking '/home/neubility/ROS/ros2_communication_ws/install/pub_ex/lib/pkgconfig/pub_ex.pc'
[1.085s] Level 1:colcon.colcon_core.environment:checking '/home/neubility/ROS/ros2_communication_ws/install/pub_ex/lib/python3.6/site-packages'
[1.086s] INFO:colcon.colcon_core.shell:Creating package script '/home/neubility/ROS/ros2_communication_ws/install/pub_ex/share/pub_ex/package.ps1'
[1.087s] INFO:colcon.colcon_core.shell:Creating package descriptor '/home/neubility/ROS/ros2_communication_ws/install/pub_ex/share/pub_ex/package.dsv'
[1.087s] INFO:colcon.colcon_core.shell:Creating package script '/home/neubility/ROS/ros2_communication_ws/install/pub_ex/share/pub_ex/package.sh'
[1.088s] INFO:colcon.colcon_core.shell:Creating package script '/home/neubility/ROS/ros2_communication_ws/install/pub_ex/share/pub_ex/package.bash'
[1.088s] INFO:colcon.colcon_core.shell:Creating package script '/home/neubility/ROS/ros2_communication_ws/install/pub_ex/share/pub_ex/package.zsh'
[1.088s] Level 1:colcon.colcon_core.environment:create_file_with_runtime_dependencies(/home/neubility/ROS/ros2_communication_ws/install/pub_ex/share/colcon-core/packages/pub_ex)
[1.110s] Level 1:colcon.colcon_core.environment:create_environment_scripts_only(pub_ex)
[1.112s] Level 1:colcon.colcon_core.environment:checking '/home/neubility/ROS/ros2_communication_ws/install/pub_ex' for CMake module files
[1.112s] Level 1:colcon.colcon_core.environment:checking '/home/neubility/ROS/ros2_communication_ws/install/pub_ex' for CMake config files
[1.113s] Level 1:colcon.colcon_core.shell:create_environment_hook('pub_ex', 'cmake_prefix_path')
[1.113s] INFO:colcon.colcon_core.shell:Creating environment hook '/home/neubility/ROS/ros2_communication_ws/install/pub_ex/share/pub_ex/hook/cmake_prefix_path.ps1'
[1.114s] INFO:colcon.colcon_core.shell:Creating environment descriptor '/home/neubility/ROS/ros2_communication_ws/install/pub_ex/share/pub_ex/hook/cmake_prefix_path.dsv'
[1.114s] INFO:colcon.colcon_core.shell:Creating environment hook '/home/neubility/ROS/ros2_communication_ws/install/pub_ex/share/pub_ex/hook/cmake_prefix_path.sh'
[1.115s] Level 1:colcon.colcon_core.environment:checking '/home/neubility/ROS/ros2_communication_ws/install/pub_ex/lib'
[1.115s] Level 1:colcon.colcon_core.environment:checking '/home/neubility/ROS/ros2_communication_ws/install/pub_ex/bin'
[1.115s] Level 1:colcon.colcon_core.environment:checking '/home/neubility/ROS/ros2_communication_ws/install/pub_ex/lib/pkgconfig/pub_ex.pc'
[1.115s] Level 1:colcon.colcon_core.environment:checking '/home/neubility/ROS/ros2_communication_ws/install/pub_ex/lib/python3.6/site-packages'
[1.116s] INFO:colcon.colcon_core.shell:Creating package script '/home/neubility/ROS/ros2_communication_ws/install/pub_ex/share/pub_ex/package.ps1'
[1.117s] INFO:colcon.colcon_core.shell:Creating package descriptor '/home/neubility/ROS/ros2_communication_ws/install/pub_ex/share/pub_ex/package.dsv'
[1.118s] INFO:colcon.colcon_core.shell:Creating package script '/home/neubility/ROS/ros2_communication_ws/install/pub_ex/share/pub_ex/package.sh'
[1.118s] INFO:colcon.colcon_core.shell:Creating package script '/home/neubility/ROS/ros2_communication_ws/install/pub_ex/share/pub_ex/package.bash'
[1.119s] INFO:colcon.colcon_core.shell:Creating package script '/home/neubility/ROS/ros2_communication_ws/install/pub_ex/share/pub_ex/package.zsh'
[1.119s] Level 1:colcon.colcon_core.environment:create_file_with_runtime_dependencies(/home/neubility/ROS/ros2_communication_ws/install/pub_ex/share/colcon-core/packages/pub_ex)
[5.678s] DEBUG:colcon.colcon_core.event_handler.log_command:Invoked command in '/home/neubility/ROS/ros2_communication_ws/build/practice_code_pkg' returned '0': CMAKE_PREFIX_PATH=/home/neubility/ROS/ros2_communication_ws/install/ex_msg_srv:/home/neubility/ROS/ros2_communication_ws/install/sub_ex:/home/neubility/ROS/ros2_communication_ws/install/pub_ex:/home/neubility/ROS/ros2_communication_ws/install/practice_code_pkg:/opt/ros/eloquent /usr/bin/cmake --build /home/neubility/ROS/ros2_communication_ws/build/practice_code_pkg -- -j16 -l16
[5.702s] DEBUG:colcon.colcon_core.event_handler.log_command:Invoking command in '/home/neubility/ROS/ros2_communication_ws/build/practice_code_pkg': CMAKE_PREFIX_PATH=/home/neubility/ROS/ros2_communication_ws/install/ex_msg_srv:/home/neubility/ROS/ros2_communication_ws/install/sub_ex:/home/neubility/ROS/ros2_communication_ws/install/pub_ex:/home/neubility/ROS/ros2_communication_ws/install/practice_code_pkg:/opt/ros/eloquent /usr/bin/cmake --build /home/neubility/ROS/ros2_communication_ws/build/practice_code_pkg --target install -- -j16 -l16
[5.800s] Level 1:colcon.colcon_core.environment:create_environment_scripts_only(practice_code_pkg)
[5.802s] Level 1:colcon.colcon_core.environment:checking '/home/neubility/ROS/ros2_communication_ws/install/practice_code_pkg' for CMake module files
[5.802s] DEBUG:colcon.colcon_core.event_handler.log_command:Invoked command in '/home/neubility/ROS/ros2_communication_ws/build/practice_code_pkg' returned '0': CMAKE_PREFIX_PATH=/home/neubility/ROS/ros2_communication_ws/install/ex_msg_srv:/home/neubility/ROS/ros2_communication_ws/install/sub_ex:/home/neubility/ROS/ros2_communication_ws/install/pub_ex:/home/neubility/ROS/ros2_communication_ws/install/practice_code_pkg:/opt/ros/eloquent /usr/bin/cmake --build /home/neubility/ROS/ros2_communication_ws/build/practice_code_pkg --target install -- -j16 -l16
[5.803s] Level 1:colcon.colcon_core.environment:checking '/home/neubility/ROS/ros2_communication_ws/install/practice_code_pkg' for CMake config files
[5.803s] Level 1:colcon.colcon_core.shell:create_environment_hook('practice_code_pkg', 'cmake_prefix_path')
[5.804s] INFO:colcon.colcon_core.shell:Creating environment hook '/home/neubility/ROS/ros2_communication_ws/install/practice_code_pkg/share/practice_code_pkg/hook/cmake_prefix_path.ps1'
[5.804s] INFO:colcon.colcon_core.shell:Creating environment descriptor '/home/neubility/ROS/ros2_communication_ws/install/practice_code_pkg/share/practice_code_pkg/hook/cmake_prefix_path.dsv'
[5.805s] INFO:colcon.colcon_core.shell:Creating environment hook '/home/neubility/ROS/ros2_communication_ws/install/practice_code_pkg/share/practice_code_pkg/hook/cmake_prefix_path.sh'
[5.806s] Level 1:colcon.colcon_core.environment:checking '/home/neubility/ROS/ros2_communication_ws/install/practice_code_pkg/lib'
[5.806s] Level 1:colcon.colcon_core.environment:checking '/home/neubility/ROS/ros2_communication_ws/install/practice_code_pkg/bin'
[5.806s] Level 1:colcon.colcon_core.environment:checking '/home/neubility/ROS/ros2_communication_ws/install/practice_code_pkg/lib/pkgconfig/practice_code_pkg.pc'
[5.806s] Level 1:colcon.colcon_core.environment:checking '/home/neubility/ROS/ros2_communication_ws/install/practice_code_pkg/lib/python3.6/site-packages'
[5.806s] INFO:colcon.colcon_core.shell:Creating package script '/home/neubility/ROS/ros2_communication_ws/install/practice_code_pkg/share/practice_code_pkg/package.ps1'
[5.807s] INFO:colcon.colcon_core.shell:Creating package descriptor '/home/neubility/ROS/ros2_communication_ws/install/practice_code_pkg/share/practice_code_pkg/package.dsv'
[5.808s] INFO:colcon.colcon_core.shell:Creating package script '/home/neubility/ROS/ros2_communication_ws/install/practice_code_pkg/share/practice_code_pkg/package.sh'
[5.808s] INFO:colcon.colcon_core.shell:Creating package script '/home/neubility/ROS/ros2_communication_ws/install/practice_code_pkg/share/practice_code_pkg/package.bash'
[5.809s] INFO:colcon.colcon_core.shell:Creating package script '/home/neubility/ROS/ros2_communication_ws/install/practice_code_pkg/share/practice_code_pkg/package.zsh'
[5.809s] Level 1:colcon.colcon_core.environment:create_file_with_runtime_dependencies(/home/neubility/ROS/ros2_communication_ws/install/practice_code_pkg/share/colcon-core/packages/practice_code_pkg)
[5.833s] Level 1:colcon.colcon_core.environment:create_environment_scripts_only(practice_code_pkg)
[5.834s] Level 1:colcon.colcon_core.environment:checking '/home/neubility/ROS/ros2_communication_ws/install/practice_code_pkg' for CMake module files
[5.834s] Level 1:colcon.colcon_core.environment:checking '/home/neubility/ROS/ros2_communication_ws/install/practice_code_pkg' for CMake config files
[5.834s] Level 1:colcon.colcon_core.shell:create_environment_hook('practice_code_pkg', 'cmake_prefix_path')
[5.835s] INFO:colcon.colcon_core.shell:Creating environment hook '/home/neubility/ROS/ros2_communication_ws/install/practice_code_pkg/share/practice_code_pkg/hook/cmake_prefix_path.ps1'
[5.837s] INFO:colcon.colcon_core.shell:Creating environment descriptor '/home/neubility/ROS/ros2_communication_ws/install/practice_code_pkg/share/practice_code_pkg/hook/cmake_prefix_path.dsv'
[5.837s] INFO:colcon.colcon_core.shell:Creating environment hook '/home/neubility/ROS/ros2_communication_ws/install/practice_code_pkg/share/practice_code_pkg/hook/cmake_prefix_path.sh'
[5.838s] Level 1:colcon.colcon_core.environment:checking '/home/neubility/ROS/ros2_communication_ws/install/practice_code_pkg/lib'
[5.838s] Level 1:colcon.colcon_core.environment:checking '/home/neubility/ROS/ros2_communication_ws/install/practice_code_pkg/bin'
[5.838s] Level 1:colcon.colcon_core.environment:checking '/home/neubility/ROS/ros2_communication_ws/install/practice_code_pkg/lib/pkgconfig/practice_code_pkg.pc'
[5.838s] Level 1:colcon.colcon_core.environment:checking '/home/neubility/ROS/ros2_communication_ws/install/practice_code_pkg/lib/python3.6/site-packages'
[5.839s] INFO:colcon.colcon_core.shell:Creating package script '/home/neubility/ROS/ros2_communication_ws/install/practice_code_pkg/share/practice_code_pkg/package.ps1'
[5.840s] INFO:colcon.colcon_core.shell:Creating package descriptor '/home/neubility/ROS/ros2_communication_ws/install/practice_code_pkg/share/practice_code_pkg/package.dsv'
[5.841s] INFO:colcon.colcon_core.shell:Creating package script '/home/neubility/ROS/ros2_communication_ws/install/practice_code_pkg/share/practice_code_pkg/package.sh'
[5.841s] INFO:colcon.colcon_core.shell:Creating package script '/home/neubility/ROS/ros2_communication_ws/install/practice_code_pkg/share/practice_code_pkg/package.bash'
[5.841s] INFO:colcon.colcon_core.shell:Creating package script '/home/neubility/ROS/ros2_communication_ws/install/practice_code_pkg/share/practice_code_pkg/package.zsh'
[5.842s] Level 1:colcon.colcon_core.environment:create_file_with_runtime_dependencies(/home/neubility/ROS/ros2_communication_ws/install/practice_code_pkg/share/colcon-core/packages/practice_code_pkg)
[5.842s] DEBUG:colcon.colcon_parallel_executor.executor.parallel:closing loop
[5.844s] DEBUG:colcon.colcon_parallel_executor.executor.parallel:loop closed
[5.844s] DEBUG:colcon.colcon_parallel_executor.executor.parallel:run_until_complete finished with '0'
[5.844s] DEBUG:colcon.colcon_core.event_reactor:joining thread
[5.851s] INFO:colcon.colcon_core.plugin_system:Skipping extension 'colcon_notification.desktop_notification.terminal_notifier': Not used on non-Darwin systems
[5.851s] INFO:colcon.colcon_core.plugin_system:Skipping extension 'colcon_notification.desktop_notification.win32': Not used on non-Windows systems
[5.851s] INFO:colcon.colcon_notification.desktop_notification:Sending desktop notification using 'notify2'
[5.853s] DEBUG:colcon.colcon_core.event_reactor:joined thread
[5.854s] INFO:colcon.colcon_core.shell:Creating prefix script '/home/neubility/ROS/ros2_communication_ws/install/local_setup.ps1'
[5.855s] INFO:colcon.colcon_core.shell:Creating prefix util module '/home/neubility/ROS/ros2_communication_ws/install/_local_setup_util_ps1.py'
[5.856s] INFO:colcon.colcon_core.shell:Creating prefix chain script '/home/neubility/ROS/ros2_communication_ws/install/setup.ps1'
[5.858s] INFO:colcon.colcon_core.shell:Creating prefix script '/home/neubility/ROS/ros2_communication_ws/install/local_setup.sh'
[5.859s] INFO:colcon.colcon_core.shell:Creating prefix util module '/home/neubility/ROS/ros2_communication_ws/install/_local_setup_util_sh.py'
[5.860s] INFO:colcon.colcon_core.shell:Creating prefix chain script '/home/neubility/ROS/ros2_communication_ws/install/setup.sh'
[5.862s] INFO:colcon.colcon_core.shell:Creating prefix script '/home/neubility/ROS/ros2_communication_ws/install/local_setup.bash'
[5.863s] INFO:colcon.colcon_core.shell:Creating prefix chain script '/home/neubility/ROS/ros2_communication_ws/install/setup.bash'
[5.865s] INFO:colcon.colcon_core.shell:Creating prefix script '/home/neubility/ROS/ros2_communication_ws/install/local_setup.zsh'
[5.866s] INFO:colcon.colcon_core.shell:Creating prefix chain script '/home/neubility/ROS/ros2_communication_ws/install/setup.zsh'
