[0.025s] Invoking command in '/home/neubility/ROS/ros2_communication_ws/build/srv_server_pkg': CMAKE_PREFIX_PATH=/home/neubility/ROS/ros2_communication_ws/install/ex_msg_srv:/home/neubility/ROS/ros2_communication_ws/install/srv_client_pkg:/home/neubility/ROS/ros2_communication_ws/install/sub_ex:/home/neubility/ROS/ros2_communication_ws/install/srv_server_pkg:/home/neubility/ROS/ros2_communication_ws/install/pub_ex:/home/neubility/ROS/ros2_communication_ws/install/practice_code_pkg:/opt/ros/eloquent /usr/bin/cmake --build /home/neubility/ROS/ros2_communication_ws/build/srv_server_pkg -- -j16 -l16
[0.047s] -- Found ament_cmake: 0.8.3 (/opt/ros/eloquent/share/ament_cmake/cmake)
[0.072s] -- Using PYTHON_EXECUTABLE: /usr/bin/python3
[0.223s] -- Found rclcpp: 0.8.5 (/opt/ros/eloquent/share/rclcpp/cmake)
[0.232s] -- Found rosidl_adapter: 0.8.3 (/opt/ros/eloquent/share/rosidl_adapter/cmake)
[0.256s] -- Found rmw_implementation_cmake: 0.8.1 (/opt/ros/eloquent/share/rmw_implementation_cmake/cmake)
[0.257s] -- Using RMW implementation 'rmw_cyclonedds_cpp' as default
[0.278s] -- Found std_msgs: 0.8.1 (/opt/ros/eloquent/share/std_msgs/cmake)
[0.281s] -- Found ex_msg_srv: 0.0.0 (/home/neubility/ROS/ros2_communication_ws/install/ex_msg_srv/share/ex_msg_srv/cmake)
[0.344s] -- Configuring done
[0.352s] -- Generating done
[0.354s] -- Build files have been written to: /home/neubility/ROS/ros2_communication_ws/build/srv_server_pkg
[0.373s] [35m[1mScanning dependencies of target srv_server_pkg[0m
[0.391s] [ 50%] [32mBuilding CXX object CMakeFiles/srv_server_pkg.dir/src/main.cpp.o[0m
[1.493s] [100%] [32m[1mLinking CXX executable srv_server_pkg[0m
[1.599s] [100%] Built target srv_server_pkg
[1.610s] Invoked command in '/home/neubility/ROS/ros2_communication_ws/build/srv_server_pkg' returned '0': CMAKE_PREFIX_PATH=/home/neubility/ROS/ros2_communication_ws/install/ex_msg_srv:/home/neubility/ROS/ros2_communication_ws/install/srv_client_pkg:/home/neubility/ROS/ros2_communication_ws/install/sub_ex:/home/neubility/ROS/ros2_communication_ws/install/srv_server_pkg:/home/neubility/ROS/ros2_communication_ws/install/pub_ex:/home/neubility/ROS/ros2_communication_ws/install/practice_code_pkg:/opt/ros/eloquent /usr/bin/cmake --build /home/neubility/ROS/ros2_communication_ws/build/srv_server_pkg -- -j16 -l16
[1.634s] Invoking command in '/home/neubility/ROS/ros2_communication_ws/build/srv_server_pkg': CMAKE_PREFIX_PATH=/home/neubility/ROS/ros2_communication_ws/install/ex_msg_srv:/home/neubility/ROS/ros2_communication_ws/install/srv_client_pkg:/home/neubility/ROS/ros2_communication_ws/install/sub_ex:/home/neubility/ROS/ros2_communication_ws/install/srv_server_pkg:/home/neubility/ROS/ros2_communication_ws/install/pub_ex:/home/neubility/ROS/ros2_communication_ws/install/practice_code_pkg:/opt/ros/eloquent /usr/bin/cmake --build /home/neubility/ROS/ros2_communication_ws/build/srv_server_pkg --target install -- -j16 -l16
[1.683s] [100%] Built target srv_server_pkg
[1.700s] [36mInstall the project...[0m
[1.708s] -- Install configuration: ""
[1.708s] -- Installing: /home/neubility/ROS/ros2_communication_ws/install/srv_server_pkg/lib/srv_server_pkg/srv_server_pkg
[1.709s] -- Set runtime path of "/home/neubility/ROS/ros2_communication_ws/install/srv_server_pkg/lib/srv_server_pkg/srv_server_pkg" to ""
[1.710s] -- Up-to-date: /home/neubility/ROS/ros2_communication_ws/install/srv_server_pkg/share/srv_server_pkg/launch
[1.710s] -- Up-to-date: /home/neubility/ROS/ros2_communication_ws/install/srv_server_pkg/share/ament_index/resource_index/package_run_dependencies/srv_server_pkg
[1.710s] -- Up-to-date: /home/neubility/ROS/ros2_communication_ws/install/srv_server_pkg/share/ament_index/resource_index/parent_prefix_path/srv_server_pkg
[1.710s] -- Up-to-date: /home/neubility/ROS/ros2_communication_ws/install/srv_server_pkg/share/srv_server_pkg/environment/ament_prefix_path.sh
[1.711s] -- Installing: /home/neubility/ROS/ros2_communication_ws/install/srv_server_pkg/share/srv_server_pkg/environment/ament_prefix_path.dsv
[1.711s] -- Up-to-date: /home/neubility/ROS/ros2_communication_ws/install/srv_server_pkg/share/srv_server_pkg/environment/path.sh
[1.711s] -- Installing: /home/neubility/ROS/ros2_communication_ws/install/srv_server_pkg/share/srv_server_pkg/environment/path.dsv
[1.711s] -- Up-to-date: /home/neubility/ROS/ros2_communication_ws/install/srv_server_pkg/share/srv_server_pkg/local_setup.bash
[1.711s] -- Up-to-date: /home/neubility/ROS/ros2_communication_ws/install/srv_server_pkg/share/srv_server_pkg/local_setup.sh
[1.711s] -- Up-to-date: /home/neubility/ROS/ros2_communication_ws/install/srv_server_pkg/share/srv_server_pkg/local_setup.zsh
[1.711s] -- Installing: /home/neubility/ROS/ros2_communication_ws/install/srv_server_pkg/share/srv_server_pkg/local_setup.dsv
[1.711s] -- Installing: /home/neubility/ROS/ros2_communication_ws/install/srv_server_pkg/share/srv_server_pkg/package.dsv
[1.711s] -- Up-to-date: /home/neubility/ROS/ros2_communication_ws/install/srv_server_pkg/share/ament_index/resource_index/packages/srv_server_pkg
[1.712s] -- Up-to-date: /home/neubility/ROS/ros2_communication_ws/install/srv_server_pkg/share/srv_server_pkg/cmake/srv_server_pkgConfig.cmake
[1.712s] -- Up-to-date: /home/neubility/ROS/ros2_communication_ws/install/srv_server_pkg/share/srv_server_pkg/cmake/srv_server_pkgConfig-version.cmake
[1.712s] -- Up-to-date: /home/neubility/ROS/ros2_communication_ws/install/srv_server_pkg/share/srv_server_pkg/package.xml
[1.714s] Invoked command in '/home/neubility/ROS/ros2_communication_ws/build/srv_server_pkg' returned '0': CMAKE_PREFIX_PATH=/home/neubility/ROS/ros2_communication_ws/install/ex_msg_srv:/home/neubility/ROS/ros2_communication_ws/install/srv_client_pkg:/home/neubility/ROS/ros2_communication_ws/install/sub_ex:/home/neubility/ROS/ros2_communication_ws/install/srv_server_pkg:/home/neubility/ROS/ros2_communication_ws/install/pub_ex:/home/neubility/ROS/ros2_communication_ws/install/practice_code_pkg:/opt/ros/eloquent /usr/bin/cmake --build /home/neubility/ROS/ros2_communication_ws/build/srv_server_pkg --target install -- -j16 -l16
