[0.153s] DEBUG:colcon:Command line arguments: ['/usr/bin/colcon', 'build', '--cmake-args', '-DCMAKE_BUILD_TYPE=Debug']
[0.153s] DEBUG:colcon:Parsed command line arguments: Namespace(ament_cmake_args=None, base_paths=['.'], build_base='build', catkin_cmake_args=None, catkin_skip_building_tests=False, cmake_args=['-DCMAKE_BUILD_TYPE=Debug'], cmake_clean_cache=False, cmake_clean_first=False, cmake_force_configure=False, cmake_target=None, cmake_target_skip_unavailable=False, continue_on_error=False, event_handlers=None, executor='parallel', ignore_user_meta=False, install_base='install', log_base=None, log_level=None, main=<bound method BuildVerb.main of <colcon_core.verb.build.BuildVerb object at 0x7fb95a434a58>>, merge_install=False, metas=['./colcon.meta'], packages_above=None, packages_above_and_dependencies=None, packages_above_depth=None, packages_end=None, packages_ignore=None, packages_ignore_regex=None, packages_select=None, packages_select_build_failed=False, packages_select_by_dep=None, packages_select_regex=None, packages_select_test_failures=False, packages_skip=None, packages_skip_build_finished=False, packages_skip_by_dep=None, packages_skip_regex=None, packages_skip_test_passed=False, packages_skip_up_to=None, packages_start=None, packages_up_to=None, packages_up_to_regex=None, parallel_workers=16, paths=None, symlink_install=False, test_result_base=None, verb_extension=<colcon_core.verb.build.BuildVerb object at 0x7fb95a434a58>, verb_name='build', verb_parser=<colcon_defaults.argument_parser.defaults.DefaultArgumentsDecorator object at 0x7fb95a434da0>)
[0.158s] Level 1:colcon.colcon_core.package_discovery:discover_packages(colcon_meta) check parameters
[0.158s] Level 1:colcon.colcon_core.package_discovery:discover_packages(recursive) check parameters
[0.158s] Level 1:colcon.colcon_core.package_discovery:discover_packages(ignore) check parameters
[0.158s] Level 1:colcon.colcon_core.package_discovery:discover_packages(path) check parameters
[0.159s] Level 1:colcon.colcon_core.package_discovery:discover_packages(colcon_meta) discover
[0.159s] Level 1:colcon.colcon_core.package_discovery:discover_packages(recursive) discover
[0.159s] INFO:colcon.colcon_core.package_discovery:Crawling recursively for packages in '/home/neubility/ROS/ros2_communication_ws'
[0.159s] Level 1:colcon.colcon_core.package_identification:_identify(.) by extensions ['ignore', 'ignore_ament_install']
[0.159s] Level 1:colcon.colcon_core.package_identification:_identify(.) by extension 'ignore'
[0.159s] Level 1:colcon.colcon_core.package_identification:_identify(.) by extension 'ignore_ament_install'
[0.160s] Level 1:colcon.colcon_core.package_identification:_identify(.) by extensions ['colcon_pkg']
[0.160s] Level 1:colcon.colcon_core.package_identification:_identify(.) by extension 'colcon_pkg'
[0.160s] Level 1:colcon.colcon_core.package_identification:_identify(.) by extensions ['colcon_meta']
[0.160s] Level 1:colcon.colcon_core.package_identification:_identify(.) by extension 'colcon_meta'
[0.160s] Level 1:colcon.colcon_core.package_identification:_identify(.) by extensions ['ros']
[0.160s] Level 1:colcon.colcon_core.package_identification:_identify(.) by extension 'ros'
[0.169s] Level 1:colcon.colcon_core.package_identification:_identify(.) by extensions ['cmake', 'python']
[0.169s] Level 1:colcon.colcon_core.package_identification:_identify(.) by extension 'cmake'
[0.169s] Level 1:colcon.colcon_core.package_identification:_identify(.) by extension 'python'
[0.169s] Level 1:colcon.colcon_core.package_identification:_identify(.) by extensions ['python_setup_py']
[0.169s] Level 1:colcon.colcon_core.package_identification:_identify(.) by extension 'python_setup_py'
[0.169s] Level 1:colcon.colcon_core.package_identification:_identify(build) by extensions ['ignore', 'ignore_ament_install']
[0.169s] Level 1:colcon.colcon_core.package_identification:_identify(build) by extension 'ignore'
[0.169s] Level 1:colcon.colcon_core.package_identification:_identify(build) ignored
[0.170s] Level 1:colcon.colcon_core.package_identification:_identify(install) by extensions ['ignore', 'ignore_ament_install']
[0.170s] Level 1:colcon.colcon_core.package_identification:_identify(install) by extension 'ignore'
[0.170s] Level 1:colcon.colcon_core.package_identification:_identify(install) ignored
[0.170s] Level 1:colcon.colcon_core.package_identification:_identify(log) by extensions ['ignore', 'ignore_ament_install']
[0.170s] Level 1:colcon.colcon_core.package_identification:_identify(log) by extension 'ignore'
[0.170s] Level 1:colcon.colcon_core.package_identification:_identify(log) ignored
[0.170s] Level 1:colcon.colcon_core.package_identification:_identify(src) by extensions ['ignore', 'ignore_ament_install']
[0.170s] Level 1:colcon.colcon_core.package_identification:_identify(src) by extension 'ignore'
[0.170s] Level 1:colcon.colcon_core.package_identification:_identify(src) by extension 'ignore_ament_install'
[0.170s] Level 1:colcon.colcon_core.package_identification:_identify(src) by extensions ['colcon_pkg']
[0.171s] Level 1:colcon.colcon_core.package_identification:_identify(src) by extension 'colcon_pkg'
[0.171s] Level 1:colcon.colcon_core.package_identification:_identify(src) by extensions ['colcon_meta']
[0.171s] Level 1:colcon.colcon_core.package_identification:_identify(src) by extension 'colcon_meta'
[0.171s] Level 1:colcon.colcon_core.package_identification:_identify(src) by extensions ['ros']
[0.171s] Level 1:colcon.colcon_core.package_identification:_identify(src) by extension 'ros'
[0.171s] Level 1:colcon.colcon_core.package_identification:_identify(src) by extensions ['cmake', 'python']
[0.171s] Level 1:colcon.colcon_core.package_identification:_identify(src) by extension 'cmake'
[0.171s] Level 1:colcon.colcon_core.package_identification:_identify(src) by extension 'python'
[0.171s] Level 1:colcon.colcon_core.package_identification:_identify(src) by extensions ['python_setup_py']
[0.171s] Level 1:colcon.colcon_core.package_identification:_identify(src) by extension 'python_setup_py'
[0.171s] Level 1:colcon.colcon_core.package_identification:_identify(src/ex_msg_srv_pkg) by extensions ['ignore', 'ignore_ament_install']
[0.171s] Level 1:colcon.colcon_core.package_identification:_identify(src/ex_msg_srv_pkg) by extension 'ignore'
[0.171s] Level 1:colcon.colcon_core.package_identification:_identify(src/ex_msg_srv_pkg) by extension 'ignore_ament_install'
[0.171s] Level 1:colcon.colcon_core.package_identification:_identify(src/ex_msg_srv_pkg) by extensions ['colcon_pkg']
[0.171s] Level 1:colcon.colcon_core.package_identification:_identify(src/ex_msg_srv_pkg) by extension 'colcon_pkg'
[0.171s] Level 1:colcon.colcon_core.package_identification:_identify(src/ex_msg_srv_pkg) by extensions ['colcon_meta']
[0.171s] Level 1:colcon.colcon_core.package_identification:_identify(src/ex_msg_srv_pkg) by extension 'colcon_meta'
[0.171s] Level 1:colcon.colcon_core.package_identification:_identify(src/ex_msg_srv_pkg) by extensions ['ros']
[0.171s] Level 1:colcon.colcon_core.package_identification:_identify(src/ex_msg_srv_pkg) by extension 'ros'
[0.173s] DEBUG:colcon.colcon_core.package_identification:Package 'src/ex_msg_srv_pkg' with type 'ros.ament_cmake' and name 'ex_msg_srv'
[0.173s] Level 1:colcon.colcon_core.package_identification:_identify(src/practice_code_pkg) by extensions ['ignore', 'ignore_ament_install']
[0.174s] Level 1:colcon.colcon_core.package_identification:_identify(src/practice_code_pkg) by extension 'ignore'
[0.174s] Level 1:colcon.colcon_core.package_identification:_identify(src/practice_code_pkg) by extension 'ignore_ament_install'
[0.174s] Level 1:colcon.colcon_core.package_identification:_identify(src/practice_code_pkg) by extensions ['colcon_pkg']
[0.174s] Level 1:colcon.colcon_core.package_identification:_identify(src/practice_code_pkg) by extension 'colcon_pkg'
[0.174s] Level 1:colcon.colcon_core.package_identification:_identify(src/practice_code_pkg) by extensions ['colcon_meta']
[0.174s] Level 1:colcon.colcon_core.package_identification:_identify(src/practice_code_pkg) by extension 'colcon_meta'
[0.174s] Level 1:colcon.colcon_core.package_identification:_identify(src/practice_code_pkg) by extensions ['ros']
[0.174s] Level 1:colcon.colcon_core.package_identification:_identify(src/practice_code_pkg) by extension 'ros'
[0.175s] DEBUG:colcon.colcon_core.package_identification:Package 'src/practice_code_pkg' with type 'ros.ament_cmake' and name 'practice_code_pkg'
[0.176s] Level 1:colcon.colcon_core.package_identification:_identify(src/pub_ex_pkg) by extensions ['ignore', 'ignore_ament_install']
[0.176s] Level 1:colcon.colcon_core.package_identification:_identify(src/pub_ex_pkg) by extension 'ignore'
[0.176s] Level 1:colcon.colcon_core.package_identification:_identify(src/pub_ex_pkg) by extension 'ignore_ament_install'
[0.176s] Level 1:colcon.colcon_core.package_identification:_identify(src/pub_ex_pkg) by extensions ['colcon_pkg']
[0.176s] Level 1:colcon.colcon_core.package_identification:_identify(src/pub_ex_pkg) by extension 'colcon_pkg'
[0.176s] Level 1:colcon.colcon_core.package_identification:_identify(src/pub_ex_pkg) by extensions ['colcon_meta']
[0.176s] Level 1:colcon.colcon_core.package_identification:_identify(src/pub_ex_pkg) by extension 'colcon_meta'
[0.176s] Level 1:colcon.colcon_core.package_identification:_identify(src/pub_ex_pkg) by extensions ['ros']
[0.176s] Level 1:colcon.colcon_core.package_identification:_identify(src/pub_ex_pkg) by extension 'ros'
[0.177s] DEBUG:colcon.colcon_core.package_identification:Package 'src/pub_ex_pkg' with type 'ros.ament_cmake' and name 'pub_ex'
[0.177s] Level 1:colcon.colcon_core.package_identification:_identify(src/sub_ex_pkg) by extensions ['ignore', 'ignore_ament_install']
[0.177s] Level 1:colcon.colcon_core.package_identification:_identify(src/sub_ex_pkg) by extension 'ignore'
[0.178s] Level 1:colcon.colcon_core.package_identification:_identify(src/sub_ex_pkg) by extension 'ignore_ament_install'
[0.178s] Level 1:colcon.colcon_core.package_identification:_identify(src/sub_ex_pkg) by extensions ['colcon_pkg']
[0.178s] Level 1:colcon.colcon_core.package_identification:_identify(src/sub_ex_pkg) by extension 'colcon_pkg'
[0.178s] Level 1:colcon.colcon_core.package_identification:_identify(src/sub_ex_pkg) by extensions ['colcon_meta']
[0.178s] Level 1:colcon.colcon_core.package_identification:_identify(src/sub_ex_pkg) by extension 'colcon_meta'
[0.178s] Level 1:colcon.colcon_core.package_identification:_identify(src/sub_ex_pkg) by extensions ['ros']
[0.178s] Level 1:colcon.colcon_core.package_identification:_identify(src/sub_ex_pkg) by extension 'ros'
[0.178s] DEBUG:colcon.colcon_core.package_identification:Package 'src/sub_ex_pkg' with type 'ros.ament_cmake' and name 'sub_ex'
[0.178s] Level 1:colcon.colcon_core.package_discovery:discover_packages(recursive) using defaults
[0.179s] Level 1:colcon.colcon_core.package_discovery:discover_packages(ignore) discover
[0.179s] Level 1:colcon.colcon_core.package_discovery:discover_packages(ignore) using defaults
[0.179s] Level 1:colcon.colcon_core.package_discovery:discover_packages(path) discover
[0.179s] Level 1:colcon.colcon_core.package_discovery:discover_packages(path) using defaults
[0.196s] Level 5:colcon.colcon_core.verb:set package 'ex_msg_srv' build argument 'cmake_args' from command line to '['-DCMAKE_BUILD_TYPE=Debug']'
[0.196s] Level 5:colcon.colcon_core.verb:set package 'ex_msg_srv' build argument 'cmake_target' from command line to 'None'
[0.196s] Level 5:colcon.colcon_core.verb:set package 'ex_msg_srv' build argument 'cmake_target_skip_unavailable' from command line to 'False'
[0.196s] Level 5:colcon.colcon_core.verb:set package 'ex_msg_srv' build argument 'cmake_clean_cache' from command line to 'False'
[0.196s] Level 5:colcon.colcon_core.verb:set package 'ex_msg_srv' build argument 'cmake_clean_first' from command line to 'False'
[0.196s] Level 5:colcon.colcon_core.verb:set package 'ex_msg_srv' build argument 'cmake_force_configure' from command line to 'False'
[0.196s] Level 5:colcon.colcon_core.verb:set package 'ex_msg_srv' build argument 'ament_cmake_args' from command line to 'None'
[0.196s] Level 5:colcon.colcon_core.verb:set package 'ex_msg_srv' build argument 'catkin_cmake_args' from command line to 'None'
[0.197s] Level 5:colcon.colcon_core.verb:set package 'ex_msg_srv' build argument 'catkin_skip_building_tests' from command line to 'False'
[0.197s] DEBUG:colcon.colcon_core.verb:Building package 'ex_msg_srv' with the following arguments: {'ament_cmake_args': None, 'build_base': '/home/neubility/ROS/ros2_communication_ws/build/ex_msg_srv', 'catkin_cmake_args': None, 'catkin_skip_building_tests': False, 'cmake_args': ['-DCMAKE_BUILD_TYPE=Debug'], 'cmake_clean_cache': False, 'cmake_clean_first': False, 'cmake_force_configure': False, 'cmake_target': None, 'cmake_target_skip_unavailable': False, 'install_base': '/home/neubility/ROS/ros2_communication_ws/install/ex_msg_srv', 'merge_install': False, 'path': '/home/neubility/ROS/ros2_communication_ws/src/ex_msg_srv_pkg', 'symlink_install': False, 'test_result_base': None}
[0.199s] Level 5:colcon.colcon_core.verb:set package 'sub_ex' build argument 'cmake_args' from command line to '['-DCMAKE_BUILD_TYPE=Debug']'
[0.199s] Level 5:colcon.colcon_core.verb:set package 'sub_ex' build argument 'cmake_target' from command line to 'None'
[0.199s] Level 5:colcon.colcon_core.verb:set package 'sub_ex' build argument 'cmake_target_skip_unavailable' from command line to 'False'
[0.199s] Level 5:colcon.colcon_core.verb:set package 'sub_ex' build argument 'cmake_clean_cache' from command line to 'False'
[0.199s] Level 5:colcon.colcon_core.verb:set package 'sub_ex' build argument 'cmake_clean_first' from command line to 'False'
[0.199s] Level 5:colcon.colcon_core.verb:set package 'sub_ex' build argument 'cmake_force_configure' from command line to 'False'
[0.199s] Level 5:colcon.colcon_core.verb:set package 'sub_ex' build argument 'ament_cmake_args' from command line to 'None'
[0.199s] Level 5:colcon.colcon_core.verb:set package 'sub_ex' build argument 'catkin_cmake_args' from command line to 'None'
[0.199s] Level 5:colcon.colcon_core.verb:set package 'sub_ex' build argument 'catkin_skip_building_tests' from command line to 'False'
[0.199s] DEBUG:colcon.colcon_core.verb:Building package 'sub_ex' with the following arguments: {'ament_cmake_args': None, 'build_base': '/home/neubility/ROS/ros2_communication_ws/build/sub_ex', 'catkin_cmake_args': None, 'catkin_skip_building_tests': False, 'cmake_args': ['-DCMAKE_BUILD_TYPE=Debug'], 'cmake_clean_cache': False, 'cmake_clean_first': False, 'cmake_force_configure': False, 'cmake_target': None, 'cmake_target_skip_unavailable': False, 'install_base': '/home/neubility/ROS/ros2_communication_ws/install/sub_ex', 'merge_install': False, 'path': '/home/neubility/ROS/ros2_communication_ws/src/sub_ex_pkg', 'symlink_install': False, 'test_result_base': None}
[0.201s] Level 5:colcon.colcon_core.verb:set package 'practice_code_pkg' build argument 'cmake_args' from command line to '['-DCMAKE_BUILD_TYPE=Debug']'
[0.201s] Level 5:colcon.colcon_core.verb:set package 'practice_code_pkg' build argument 'cmake_target' from command line to 'None'
[0.201s] Level 5:colcon.colcon_core.verb:set package 'practice_code_pkg' build argument 'cmake_target_skip_unavailable' from command line to 'False'
[0.201s] Level 5:colcon.colcon_core.verb:set package 'practice_code_pkg' build argument 'cmake_clean_cache' from command line to 'False'
[0.201s] Level 5:colcon.colcon_core.verb:set package 'practice_code_pkg' build argument 'cmake_clean_first' from command line to 'False'
[0.201s] Level 5:colcon.colcon_core.verb:set package 'practice_code_pkg' build argument 'cmake_force_configure' from command line to 'False'
[0.201s] Level 5:colcon.colcon_core.verb:set package 'practice_code_pkg' build argument 'ament_cmake_args' from command line to 'None'
[0.201s] Level 5:colcon.colcon_core.verb:set package 'practice_code_pkg' build argument 'catkin_cmake_args' from command line to 'None'
[0.201s] Level 5:colcon.colcon_core.verb:set package 'practice_code_pkg' build argument 'catkin_skip_building_tests' from command line to 'False'
[0.202s] DEBUG:colcon.colcon_core.verb:Building package 'practice_code_pkg' with the following arguments: {'ament_cmake_args': None, 'build_base': '/home/neubility/ROS/ros2_communication_ws/build/practice_code_pkg', 'catkin_cmake_args': None, 'catkin_skip_building_tests': False, 'cmake_args': ['-DCMAKE_BUILD_TYPE=Debug'], 'cmake_clean_cache': False, 'cmake_clean_first': False, 'cmake_force_configure': False, 'cmake_target': None, 'cmake_target_skip_unavailable': False, 'install_base': '/home/neubility/ROS/ros2_communication_ws/install/practice_code_pkg', 'merge_install': False, 'path': '/home/neubility/ROS/ros2_communication_ws/src/practice_code_pkg', 'symlink_install': False, 'test_result_base': None}
[0.203s] Level 5:colcon.colcon_core.verb:set package 'pub_ex' build argument 'cmake_args' from command line to '['-DCMAKE_BUILD_TYPE=Debug']'
[0.203s] Level 5:colcon.colcon_core.verb:set package 'pub_ex' build argument 'cmake_target' from command line to 'None'
[0.203s] Level 5:colcon.colcon_core.verb:set package 'pub_ex' build argument 'cmake_target_skip_unavailable' from command line to 'False'
[0.203s] Level 5:colcon.colcon_core.verb:set package 'pub_ex' build argument 'cmake_clean_cache' from command line to 'False'
[0.203s] Level 5:colcon.colcon_core.verb:set package 'pub_ex' build argument 'cmake_clean_first' from command line to 'False'
[0.204s] Level 5:colcon.colcon_core.verb:set package 'pub_ex' build argument 'cmake_force_configure' from command line to 'False'
[0.204s] Level 5:colcon.colcon_core.verb:set package 'pub_ex' build argument 'ament_cmake_args' from command line to 'None'
[0.204s] Level 5:colcon.colcon_core.verb:set package 'pub_ex' build argument 'catkin_cmake_args' from command line to 'None'
[0.204s] Level 5:colcon.colcon_core.verb:set package 'pub_ex' build argument 'catkin_skip_building_tests' from command line to 'False'
[0.204s] DEBUG:colcon.colcon_core.verb:Building package 'pub_ex' with the following arguments: {'ament_cmake_args': None, 'build_base': '/home/neubility/ROS/ros2_communication_ws/build/pub_ex', 'catkin_cmake_args': None, 'catkin_skip_building_tests': False, 'cmake_args': ['-DCMAKE_BUILD_TYPE=Debug'], 'cmake_clean_cache': False, 'cmake_clean_first': False, 'cmake_force_configure': False, 'cmake_target': None, 'cmake_target_skip_unavailable': False, 'install_base': '/home/neubility/ROS/ros2_communication_ws/install/pub_ex', 'merge_install': False, 'path': '/home/neubility/ROS/ros2_communication_ws/src/pub_ex_pkg', 'symlink_install': False, 'test_result_base': None}
[0.204s] INFO:colcon.colcon_core.executor:Executing jobs using 'parallel' executor
[0.205s] DEBUG:colcon.colcon_parallel_executor.executor.parallel:run_until_complete
[0.206s] INFO:colcon.colcon_ros.task.ament_cmake.build:Building ROS package in '/home/neubility/ROS/ros2_communication_ws/src/ex_msg_srv_pkg' with build type 'ament_cmake'
[0.206s] INFO:colcon.colcon_cmake.task.cmake.build:Building CMake package in '/home/neubility/ROS/ros2_communication_ws/src/ex_msg_srv_pkg'
[0.212s] INFO:colcon.colcon_core.plugin_system:Skipping extension 'colcon_core.shell.bat': Not used on non-Windows systems
[0.212s] INFO:colcon.colcon_core.shell:Skip shell extension 'powershell' for command environment: Not usable outside of PowerShell
[0.212s] DEBUG:colcon.colcon_core.shell:Skip shell extension 'dsv' for command environment
[0.214s] DEBUG:colcon.colcon_core.shell:Ignoring prefix path '/opt/ros/eloquent'
[0.216s] INFO:colcon.colcon_ros.task.ament_cmake.build:Building ROS package in '/home/neubility/ROS/ros2_communication_ws/src/sub_ex_pkg' with build type 'ament_cmake'
[0.217s] INFO:colcon.colcon_cmake.task.cmake.build:Building CMake package in '/home/neubility/ROS/ros2_communication_ws/src/sub_ex_pkg'
[0.217s] INFO:colcon.colcon_core.shell:Skip shell extension 'powershell' for command environment: Not usable outside of PowerShell
[0.217s] DEBUG:colcon.colcon_core.shell:Skip shell extension 'dsv' for command environment
[0.219s] DEBUG:colcon.colcon_core.shell:Ignoring prefix path '/opt/ros/eloquent'
[0.228s] DEBUG:colcon.colcon_core.event_handler.log_command:Invoking command in '/home/neubility/ROS/ros2_communication_ws/build/ex_msg_srv': CMAKE_PREFIX_PATH=/opt/ros/eloquent /usr/bin/cmake /home/neubility/ROS/ros2_communication_ws/src/ex_msg_srv_pkg -DCMAKE_BUILD_TYPE=Debug -DCMAKE_INSTALL_PREFIX=/home/neubility/ROS/ros2_communication_ws/install/ex_msg_srv
[0.236s] DEBUG:colcon.colcon_core.event_handler.log_command:Invoking command in '/home/neubility/ROS/ros2_communication_ws/build/sub_ex': CMAKE_PREFIX_PATH=/opt/ros/eloquent /usr/bin/cmake /home/neubility/ROS/ros2_communication_ws/src/sub_ex_pkg -DCMAKE_BUILD_TYPE=Debug -DCMAKE_INSTALL_PREFIX=/home/neubility/ROS/ros2_communication_ws/install/sub_ex
[0.575s] DEBUG:colcon.colcon_core.event_handler.log_command:Invoked command in '/home/neubility/ROS/ros2_communication_ws/build/sub_ex' returned '0': CMAKE_PREFIX_PATH=/opt/ros/eloquent /usr/bin/cmake /home/neubility/ROS/ros2_communication_ws/src/sub_ex_pkg -DCMAKE_BUILD_TYPE=Debug -DCMAKE_INSTALL_PREFIX=/home/neubility/ROS/ros2_communication_ws/install/sub_ex
[0.577s] DEBUG:colcon.colcon_core.event_handler.log_command:Invoking command in '/home/neubility/ROS/ros2_communication_ws/build/sub_ex': CMAKE_PREFIX_PATH=/opt/ros/eloquent /usr/bin/cmake --build /home/neubility/ROS/ros2_communication_ws/build/sub_ex -- -j16 -l16
[0.889s] DEBUG:colcon.colcon_core.event_handler.log_command:Invoked command in '/home/neubility/ROS/ros2_communication_ws/build/ex_msg_srv' returned '0': CMAKE_PREFIX_PATH=/opt/ros/eloquent /usr/bin/cmake /home/neubility/ROS/ros2_communication_ws/src/ex_msg_srv_pkg -DCMAKE_BUILD_TYPE=Debug -DCMAKE_INSTALL_PREFIX=/home/neubility/ROS/ros2_communication_ws/install/ex_msg_srv
[0.891s] DEBUG:colcon.colcon_core.event_handler.log_command:Invoking command in '/home/neubility/ROS/ros2_communication_ws/build/ex_msg_srv': CMAKE_PREFIX_PATH=/opt/ros/eloquent /usr/bin/cmake --build /home/neubility/ROS/ros2_communication_ws/build/ex_msg_srv -- -j16 -l16
[2.214s] DEBUG:colcon.colcon_core.event_handler.log_command:Invoked command in '/home/neubility/ROS/ros2_communication_ws/build/ex_msg_srv' returned '0': CMAKE_PREFIX_PATH=/opt/ros/eloquent /usr/bin/cmake --build /home/neubility/ROS/ros2_communication_ws/build/ex_msg_srv -- -j16 -l16
[2.282s] DEBUG:colcon.colcon_core.event_handler.log_command:Invoking command in '/home/neubility/ROS/ros2_communication_ws/build/ex_msg_srv': CMAKE_PREFIX_PATH=/opt/ros/eloquent /usr/bin/cmake --build /home/neubility/ROS/ros2_communication_ws/build/ex_msg_srv --target install -- -j16 -l16
[2.557s] Level 1:colcon.colcon_core.environment:create_environment_scripts_only(ex_msg_srv)
[2.558s] DEBUG:colcon.colcon_core.event_handler.log_command:Invoked command in '/home/neubility/ROS/ros2_communication_ws/build/ex_msg_srv' returned '0': CMAKE_PREFIX_PATH=/opt/ros/eloquent /usr/bin/cmake --build /home/neubility/ROS/ros2_communication_ws/build/ex_msg_srv --target install -- -j16 -l16
[2.574s] Level 1:colcon.colcon_core.environment:checking '/home/neubility/ROS/ros2_communication_ws/install/ex_msg_srv' for CMake module files
[2.574s] Level 1:colcon.colcon_core.environment:checking '/home/neubility/ROS/ros2_communication_ws/install/ex_msg_srv' for CMake config files
[2.575s] Level 1:colcon.colcon_core.shell:create_environment_hook('ex_msg_srv', 'cmake_prefix_path')
[2.575s] INFO:colcon.colcon_core.shell:Creating environment hook '/home/neubility/ROS/ros2_communication_ws/install/ex_msg_srv/share/ex_msg_srv/hook/cmake_prefix_path.ps1'
[2.576s] INFO:colcon.colcon_core.shell:Creating environment descriptor '/home/neubility/ROS/ros2_communication_ws/install/ex_msg_srv/share/ex_msg_srv/hook/cmake_prefix_path.dsv'
[2.577s] INFO:colcon.colcon_core.shell:Creating environment hook '/home/neubility/ROS/ros2_communication_ws/install/ex_msg_srv/share/ex_msg_srv/hook/cmake_prefix_path.sh'
[2.578s] Level 1:colcon.colcon_core.environment:checking '/home/neubility/ROS/ros2_communication_ws/install/ex_msg_srv/lib'
[2.579s] Level 1:colcon.colcon_core.shell:create_environment_hook('ex_msg_srv', 'ld_library_path_lib')
[2.579s] INFO:colcon.colcon_core.shell:Creating environment hook '/home/neubility/ROS/ros2_communication_ws/install/ex_msg_srv/share/ex_msg_srv/hook/ld_library_path_lib.ps1'
[2.580s] INFO:colcon.colcon_core.shell:Creating environment descriptor '/home/neubility/ROS/ros2_communication_ws/install/ex_msg_srv/share/ex_msg_srv/hook/ld_library_path_lib.dsv'
[2.580s] INFO:colcon.colcon_core.shell:Creating environment hook '/home/neubility/ROS/ros2_communication_ws/install/ex_msg_srv/share/ex_msg_srv/hook/ld_library_path_lib.sh'
[2.581s] Level 1:colcon.colcon_core.environment:checking '/home/neubility/ROS/ros2_communication_ws/install/ex_msg_srv/bin'
[2.581s] Level 1:colcon.colcon_core.environment:checking '/home/neubility/ROS/ros2_communication_ws/install/ex_msg_srv/lib/pkgconfig/ex_msg_srv.pc'
[2.581s] Level 1:colcon.colcon_core.environment:checking '/home/neubility/ROS/ros2_communication_ws/install/ex_msg_srv/lib/python3.6/site-packages'
[2.581s] Level 1:colcon.colcon_core.shell:create_environment_hook('ex_msg_srv', 'pythonpath')
[2.582s] INFO:colcon.colcon_core.shell:Creating environment hook '/home/neubility/ROS/ros2_communication_ws/install/ex_msg_srv/share/ex_msg_srv/hook/pythonpath.ps1'
[2.582s] INFO:colcon.colcon_core.shell:Creating environment descriptor '/home/neubility/ROS/ros2_communication_ws/install/ex_msg_srv/share/ex_msg_srv/hook/pythonpath.dsv'
[2.582s] INFO:colcon.colcon_core.shell:Creating environment hook '/home/neubility/ROS/ros2_communication_ws/install/ex_msg_srv/share/ex_msg_srv/hook/pythonpath.sh'
[2.584s] INFO:colcon.colcon_core.shell:Creating package script '/home/neubility/ROS/ros2_communication_ws/install/ex_msg_srv/share/ex_msg_srv/package.ps1'
[2.584s] INFO:colcon.colcon_core.shell:Creating package descriptor '/home/neubility/ROS/ros2_communication_ws/install/ex_msg_srv/share/ex_msg_srv/package.dsv'
[2.585s] INFO:colcon.colcon_core.shell:Creating package script '/home/neubility/ROS/ros2_communication_ws/install/ex_msg_srv/share/ex_msg_srv/package.sh'
[2.586s] INFO:colcon.colcon_core.shell:Creating package script '/home/neubility/ROS/ros2_communication_ws/install/ex_msg_srv/share/ex_msg_srv/package.bash'
[2.587s] INFO:colcon.colcon_core.shell:Creating package script '/home/neubility/ROS/ros2_communication_ws/install/ex_msg_srv/share/ex_msg_srv/package.zsh'
[2.587s] Level 1:colcon.colcon_core.environment:create_file_with_runtime_dependencies(/home/neubility/ROS/ros2_communication_ws/install/ex_msg_srv/share/colcon-core/packages/ex_msg_srv)
[2.646s] Level 1:colcon.colcon_core.environment:create_environment_scripts_only(ex_msg_srv)
[2.647s] Level 1:colcon.colcon_core.environment:checking '/home/neubility/ROS/ros2_communication_ws/install/ex_msg_srv' for CMake module files
[2.647s] Level 1:colcon.colcon_core.environment:checking '/home/neubility/ROS/ros2_communication_ws/install/ex_msg_srv' for CMake config files
[2.648s] Level 1:colcon.colcon_core.shell:create_environment_hook('ex_msg_srv', 'cmake_prefix_path')
[2.648s] INFO:colcon.colcon_core.shell:Creating environment hook '/home/neubility/ROS/ros2_communication_ws/install/ex_msg_srv/share/ex_msg_srv/hook/cmake_prefix_path.ps1'
[2.649s] INFO:colcon.colcon_core.shell:Creating environment descriptor '/home/neubility/ROS/ros2_communication_ws/install/ex_msg_srv/share/ex_msg_srv/hook/cmake_prefix_path.dsv'
[2.649s] INFO:colcon.colcon_core.shell:Creating environment hook '/home/neubility/ROS/ros2_communication_ws/install/ex_msg_srv/share/ex_msg_srv/hook/cmake_prefix_path.sh'
[2.650s] Level 1:colcon.colcon_core.environment:checking '/home/neubility/ROS/ros2_communication_ws/install/ex_msg_srv/lib'
[2.651s] Level 1:colcon.colcon_core.shell:create_environment_hook('ex_msg_srv', 'ld_library_path_lib')
[2.651s] INFO:colcon.colcon_core.shell:Creating environment hook '/home/neubility/ROS/ros2_communication_ws/install/ex_msg_srv/share/ex_msg_srv/hook/ld_library_path_lib.ps1'
[2.652s] INFO:colcon.colcon_core.shell:Creating environment descriptor '/home/neubility/ROS/ros2_communication_ws/install/ex_msg_srv/share/ex_msg_srv/hook/ld_library_path_lib.dsv'
[2.652s] INFO:colcon.colcon_core.shell:Creating environment hook '/home/neubility/ROS/ros2_communication_ws/install/ex_msg_srv/share/ex_msg_srv/hook/ld_library_path_lib.sh'
[2.653s] Level 1:colcon.colcon_core.environment:checking '/home/neubility/ROS/ros2_communication_ws/install/ex_msg_srv/bin'
[2.653s] Level 1:colcon.colcon_core.environment:checking '/home/neubility/ROS/ros2_communication_ws/install/ex_msg_srv/lib/pkgconfig/ex_msg_srv.pc'
[2.653s] Level 1:colcon.colcon_core.environment:checking '/home/neubility/ROS/ros2_communication_ws/install/ex_msg_srv/lib/python3.6/site-packages'
[2.653s] Level 1:colcon.colcon_core.shell:create_environment_hook('ex_msg_srv', 'pythonpath')
[2.654s] INFO:colcon.colcon_core.shell:Creating environment hook '/home/neubility/ROS/ros2_communication_ws/install/ex_msg_srv/share/ex_msg_srv/hook/pythonpath.ps1'
[2.654s] INFO:colcon.colcon_core.shell:Creating environment descriptor '/home/neubility/ROS/ros2_communication_ws/install/ex_msg_srv/share/ex_msg_srv/hook/pythonpath.dsv'
[2.654s] INFO:colcon.colcon_core.shell:Creating environment hook '/home/neubility/ROS/ros2_communication_ws/install/ex_msg_srv/share/ex_msg_srv/hook/pythonpath.sh'
[2.655s] INFO:colcon.colcon_core.shell:Creating package script '/home/neubility/ROS/ros2_communication_ws/install/ex_msg_srv/share/ex_msg_srv/package.ps1'
[2.656s] INFO:colcon.colcon_core.shell:Creating package descriptor '/home/neubility/ROS/ros2_communication_ws/install/ex_msg_srv/share/ex_msg_srv/package.dsv'
[2.656s] INFO:colcon.colcon_core.shell:Creating package script '/home/neubility/ROS/ros2_communication_ws/install/ex_msg_srv/share/ex_msg_srv/package.sh'
[2.657s] INFO:colcon.colcon_core.shell:Creating package script '/home/neubility/ROS/ros2_communication_ws/install/ex_msg_srv/share/ex_msg_srv/package.bash'
[2.657s] INFO:colcon.colcon_core.shell:Creating package script '/home/neubility/ROS/ros2_communication_ws/install/ex_msg_srv/share/ex_msg_srv/package.zsh'
[2.658s] Level 1:colcon.colcon_core.environment:create_file_with_runtime_dependencies(/home/neubility/ROS/ros2_communication_ws/install/ex_msg_srv/share/colcon-core/packages/ex_msg_srv)
[2.659s] INFO:colcon.colcon_ros.task.ament_cmake.build:Building ROS package in '/home/neubility/ROS/ros2_communication_ws/src/practice_code_pkg' with build type 'ament_cmake'
[2.659s] INFO:colcon.colcon_cmake.task.cmake.build:Building CMake package in '/home/neubility/ROS/ros2_communication_ws/src/practice_code_pkg'
[2.660s] INFO:colcon.colcon_core.shell:Skip shell extension 'powershell' for command environment: Not usable outside of PowerShell
[2.660s] DEBUG:colcon.colcon_core.shell:Skip shell extension 'dsv' for command environment
[2.661s] DEBUG:colcon.colcon_core.shell:Ignoring prefix path '/opt/ros/eloquent'
[2.665s] INFO:colcon.colcon_ros.task.ament_cmake.build:Building ROS package in '/home/neubility/ROS/ros2_communication_ws/src/pub_ex_pkg' with build type 'ament_cmake'
[2.665s] INFO:colcon.colcon_cmake.task.cmake.build:Building CMake package in '/home/neubility/ROS/ros2_communication_ws/src/pub_ex_pkg'
[2.667s] INFO:colcon.colcon_core.shell:Skip shell extension 'powershell' for command environment: Not usable outside of PowerShell
[2.667s] DEBUG:colcon.colcon_core.shell:Skip shell extension 'dsv' for command environment
[2.668s] DEBUG:colcon.colcon_core.shell:Ignoring prefix path '/opt/ros/eloquent'
[2.677s] DEBUG:colcon.colcon_core.event_handler.log_command:Invoking command in '/home/neubility/ROS/ros2_communication_ws/build/practice_code_pkg': AMENT_PREFIX_PATH=/home/neubility/ROS/ros2_communication_ws/install/ex_msg_srv:${AMENT_PREFIX_PATH} CMAKE_PREFIX_PATH=/home/neubility/ROS/ros2_communication_ws/install/ex_msg_srv:/opt/ros/eloquent LD_LIBRARY_PATH=/home/neubility/ROS/ros2_communication_ws/install/ex_msg_srv/lib:${LD_LIBRARY_PATH} PYTHONPATH=/home/neubility/ROS/ros2_communication_ws/install/ex_msg_srv/lib/python3.6/site-packages:${PYTHONPATH} /usr/bin/cmake /home/neubility/ROS/ros2_communication_ws/src/practice_code_pkg -DCMAKE_BUILD_TYPE=Debug -DCMAKE_INSTALL_PREFIX=/home/neubility/ROS/ros2_communication_ws/install/practice_code_pkg
[2.686s] DEBUG:colcon.colcon_core.event_handler.log_command:Invoking command in '/home/neubility/ROS/ros2_communication_ws/build/pub_ex': AMENT_PREFIX_PATH=/home/neubility/ROS/ros2_communication_ws/install/ex_msg_srv:${AMENT_PREFIX_PATH} CMAKE_PREFIX_PATH=/home/neubility/ROS/ros2_communication_ws/install/ex_msg_srv:/opt/ros/eloquent LD_LIBRARY_PATH=/home/neubility/ROS/ros2_communication_ws/install/ex_msg_srv/lib:${LD_LIBRARY_PATH} PYTHONPATH=/home/neubility/ROS/ros2_communication_ws/install/ex_msg_srv/lib/python3.6/site-packages:${PYTHONPATH} /usr/bin/cmake /home/neubility/ROS/ros2_communication_ws/src/pub_ex_pkg -DCMAKE_BUILD_TYPE=Debug -DCMAKE_INSTALL_PREFIX=/home/neubility/ROS/ros2_communication_ws/install/pub_ex
[3.055s] DEBUG:colcon.colcon_core.event_handler.log_command:Invoked command in '/home/neubility/ROS/ros2_communication_ws/build/pub_ex' returned '0': AMENT_PREFIX_PATH=/home/neubility/ROS/ros2_communication_ws/install/ex_msg_srv:${AMENT_PREFIX_PATH} CMAKE_PREFIX_PATH=/home/neubility/ROS/ros2_communication_ws/install/ex_msg_srv:/opt/ros/eloquent LD_LIBRARY_PATH=/home/neubility/ROS/ros2_communication_ws/install/ex_msg_srv/lib:${LD_LIBRARY_PATH} PYTHONPATH=/home/neubility/ROS/ros2_communication_ws/install/ex_msg_srv/lib/python3.6/site-packages:${PYTHONPATH} /usr/bin/cmake /home/neubility/ROS/ros2_communication_ws/src/pub_ex_pkg -DCMAKE_BUILD_TYPE=Debug -DCMAKE_INSTALL_PREFIX=/home/neubility/ROS/ros2_communication_ws/install/pub_ex
[3.058s] DEBUG:colcon.colcon_core.event_handler.log_command:Invoking command in '/home/neubility/ROS/ros2_communication_ws/build/pub_ex': AMENT_PREFIX_PATH=/home/neubility/ROS/ros2_communication_ws/install/ex_msg_srv:${AMENT_PREFIX_PATH} CMAKE_PREFIX_PATH=/home/neubility/ROS/ros2_communication_ws/install/ex_msg_srv:/opt/ros/eloquent LD_LIBRARY_PATH=/home/neubility/ROS/ros2_communication_ws/install/ex_msg_srv/lib:${LD_LIBRARY_PATH} PYTHONPATH=/home/neubility/ROS/ros2_communication_ws/install/ex_msg_srv/lib/python3.6/site-packages:${PYTHONPATH} /usr/bin/cmake --build /home/neubility/ROS/ros2_communication_ws/build/pub_ex -- -j16 -l16
[3.061s] DEBUG:colcon.colcon_core.event_handler.log_command:Invoked command in '/home/neubility/ROS/ros2_communication_ws/build/practice_code_pkg' returned '0': AMENT_PREFIX_PATH=/home/neubility/ROS/ros2_communication_ws/install/ex_msg_srv:${AMENT_PREFIX_PATH} CMAKE_PREFIX_PATH=/home/neubility/ROS/ros2_communication_ws/install/ex_msg_srv:/opt/ros/eloquent LD_LIBRARY_PATH=/home/neubility/ROS/ros2_communication_ws/install/ex_msg_srv/lib:${LD_LIBRARY_PATH} PYTHONPATH=/home/neubility/ROS/ros2_communication_ws/install/ex_msg_srv/lib/python3.6/site-packages:${PYTHONPATH} /usr/bin/cmake /home/neubility/ROS/ros2_communication_ws/src/practice_code_pkg -DCMAKE_BUILD_TYPE=Debug -DCMAKE_INSTALL_PREFIX=/home/neubility/ROS/ros2_communication_ws/install/practice_code_pkg
[3.064s] DEBUG:colcon.colcon_core.event_handler.log_command:Invoking command in '/home/neubility/ROS/ros2_communication_ws/build/practice_code_pkg': AMENT_PREFIX_PATH=/home/neubility/ROS/ros2_communication_ws/install/ex_msg_srv:${AMENT_PREFIX_PATH} CMAKE_PREFIX_PATH=/home/neubility/ROS/ros2_communication_ws/install/ex_msg_srv:/opt/ros/eloquent LD_LIBRARY_PATH=/home/neubility/ROS/ros2_communication_ws/install/ex_msg_srv/lib:${LD_LIBRARY_PATH} PYTHONPATH=/home/neubility/ROS/ros2_communication_ws/install/ex_msg_srv/lib/python3.6/site-packages:${PYTHONPATH} /usr/bin/cmake --build /home/neubility/ROS/ros2_communication_ws/build/practice_code_pkg -- -j16 -l16
[3.851s] DEBUG:colcon.colcon_core.event_handler.log_command:Invoked command in '/home/neubility/ROS/ros2_communication_ws/build/sub_ex' returned '0': CMAKE_PREFIX_PATH=/opt/ros/eloquent /usr/bin/cmake --build /home/neubility/ROS/ros2_communication_ws/build/sub_ex -- -j16 -l16
[3.874s] DEBUG:colcon.colcon_core.event_handler.log_command:Invoking command in '/home/neubility/ROS/ros2_communication_ws/build/sub_ex': CMAKE_PREFIX_PATH=/opt/ros/eloquent /usr/bin/cmake --build /home/neubility/ROS/ros2_communication_ws/build/sub_ex --target install -- -j16 -l16
[3.964s] Level 1:colcon.colcon_core.environment:create_environment_scripts_only(sub_ex)
[3.965s] Level 1:colcon.colcon_core.environment:checking '/home/neubility/ROS/ros2_communication_ws/install/sub_ex' for CMake module files
[3.966s] DEBUG:colcon.colcon_core.event_handler.log_command:Invoked command in '/home/neubility/ROS/ros2_communication_ws/build/sub_ex' returned '0': CMAKE_PREFIX_PATH=/opt/ros/eloquent /usr/bin/cmake --build /home/neubility/ROS/ros2_communication_ws/build/sub_ex --target install -- -j16 -l16
[3.966s] Level 1:colcon.colcon_core.environment:checking '/home/neubility/ROS/ros2_communication_ws/install/sub_ex' for CMake config files
[3.967s] Level 1:colcon.colcon_core.shell:create_environment_hook('sub_ex', 'cmake_prefix_path')
[3.968s] INFO:colcon.colcon_core.shell:Creating environment hook '/home/neubility/ROS/ros2_communication_ws/install/sub_ex/share/sub_ex/hook/cmake_prefix_path.ps1'
[3.968s] INFO:colcon.colcon_core.shell:Creating environment descriptor '/home/neubility/ROS/ros2_communication_ws/install/sub_ex/share/sub_ex/hook/cmake_prefix_path.dsv'
[3.968s] INFO:colcon.colcon_core.shell:Creating environment hook '/home/neubility/ROS/ros2_communication_ws/install/sub_ex/share/sub_ex/hook/cmake_prefix_path.sh'
[3.969s] Level 1:colcon.colcon_core.environment:checking '/home/neubility/ROS/ros2_communication_ws/install/sub_ex/lib'
[3.970s] Level 1:colcon.colcon_core.environment:checking '/home/neubility/ROS/ros2_communication_ws/install/sub_ex/bin'
[3.970s] Level 1:colcon.colcon_core.environment:checking '/home/neubility/ROS/ros2_communication_ws/install/sub_ex/lib/pkgconfig/sub_ex.pc'
[3.970s] Level 1:colcon.colcon_core.environment:checking '/home/neubility/ROS/ros2_communication_ws/install/sub_ex/lib/python3.6/site-packages'
[3.970s] INFO:colcon.colcon_core.shell:Creating package script '/home/neubility/ROS/ros2_communication_ws/install/sub_ex/share/sub_ex/package.ps1'
[3.971s] INFO:colcon.colcon_core.shell:Creating package descriptor '/home/neubility/ROS/ros2_communication_ws/install/sub_ex/share/sub_ex/package.dsv'
[3.971s] INFO:colcon.colcon_core.shell:Creating package script '/home/neubility/ROS/ros2_communication_ws/install/sub_ex/share/sub_ex/package.sh'
[3.971s] INFO:colcon.colcon_core.shell:Creating package script '/home/neubility/ROS/ros2_communication_ws/install/sub_ex/share/sub_ex/package.bash'
[3.971s] INFO:colcon.colcon_core.shell:Creating package script '/home/neubility/ROS/ros2_communication_ws/install/sub_ex/share/sub_ex/package.zsh'
[3.972s] Level 1:colcon.colcon_core.environment:create_file_with_runtime_dependencies(/home/neubility/ROS/ros2_communication_ws/install/sub_ex/share/colcon-core/packages/sub_ex)
[3.995s] Level 1:colcon.colcon_core.environment:create_environment_scripts_only(sub_ex)
[3.996s] Level 1:colcon.colcon_core.environment:checking '/home/neubility/ROS/ros2_communication_ws/install/sub_ex' for CMake module files
[3.997s] Level 1:colcon.colcon_core.environment:checking '/home/neubility/ROS/ros2_communication_ws/install/sub_ex' for CMake config files
[3.997s] Level 1:colcon.colcon_core.shell:create_environment_hook('sub_ex', 'cmake_prefix_path')
[3.998s] INFO:colcon.colcon_core.shell:Creating environment hook '/home/neubility/ROS/ros2_communication_ws/install/sub_ex/share/sub_ex/hook/cmake_prefix_path.ps1'
[3.999s] INFO:colcon.colcon_core.shell:Creating environment descriptor '/home/neubility/ROS/ros2_communication_ws/install/sub_ex/share/sub_ex/hook/cmake_prefix_path.dsv'
[4.000s] INFO:colcon.colcon_core.shell:Creating environment hook '/home/neubility/ROS/ros2_communication_ws/install/sub_ex/share/sub_ex/hook/cmake_prefix_path.sh'
[4.001s] Level 1:colcon.colcon_core.environment:checking '/home/neubility/ROS/ros2_communication_ws/install/sub_ex/lib'
[4.001s] Level 1:colcon.colcon_core.environment:checking '/home/neubility/ROS/ros2_communication_ws/install/sub_ex/bin'
[4.001s] Level 1:colcon.colcon_core.environment:checking '/home/neubility/ROS/ros2_communication_ws/install/sub_ex/lib/pkgconfig/sub_ex.pc'
[4.001s] Level 1:colcon.colcon_core.environment:checking '/home/neubility/ROS/ros2_communication_ws/install/sub_ex/lib/python3.6/site-packages'
[4.002s] INFO:colcon.colcon_core.shell:Creating package script '/home/neubility/ROS/ros2_communication_ws/install/sub_ex/share/sub_ex/package.ps1'
[4.002s] INFO:colcon.colcon_core.shell:Creating package descriptor '/home/neubility/ROS/ros2_communication_ws/install/sub_ex/share/sub_ex/package.dsv'
[4.003s] INFO:colcon.colcon_core.shell:Creating package script '/home/neubility/ROS/ros2_communication_ws/install/sub_ex/share/sub_ex/package.sh'
[4.003s] INFO:colcon.colcon_core.shell:Creating package script '/home/neubility/ROS/ros2_communication_ws/install/sub_ex/share/sub_ex/package.bash'
[4.003s] INFO:colcon.colcon_core.shell:Creating package script '/home/neubility/ROS/ros2_communication_ws/install/sub_ex/share/sub_ex/package.zsh'
[4.003s] Level 1:colcon.colcon_core.environment:create_file_with_runtime_dependencies(/home/neubility/ROS/ros2_communication_ws/install/sub_ex/share/colcon-core/packages/sub_ex)
[5.682s] DEBUG:colcon.colcon_core.event_handler.log_command:Invoked command in '/home/neubility/ROS/ros2_communication_ws/build/pub_ex' returned '0': AMENT_PREFIX_PATH=/home/neubility/ROS/ros2_communication_ws/install/ex_msg_srv:${AMENT_PREFIX_PATH} CMAKE_PREFIX_PATH=/home/neubility/ROS/ros2_communication_ws/install/ex_msg_srv:/opt/ros/eloquent LD_LIBRARY_PATH=/home/neubility/ROS/ros2_communication_ws/install/ex_msg_srv/lib:${LD_LIBRARY_PATH} PYTHONPATH=/home/neubility/ROS/ros2_communication_ws/install/ex_msg_srv/lib/python3.6/site-packages:${PYTHONPATH} /usr/bin/cmake --build /home/neubility/ROS/ros2_communication_ws/build/pub_ex -- -j16 -l16
[5.695s] DEBUG:colcon.colcon_core.event_handler.log_command:Invoked command in '/home/neubility/ROS/ros2_communication_ws/build/practice_code_pkg' returned '0': AMENT_PREFIX_PATH=/home/neubility/ROS/ros2_communication_ws/install/ex_msg_srv:${AMENT_PREFIX_PATH} CMAKE_PREFIX_PATH=/home/neubility/ROS/ros2_communication_ws/install/ex_msg_srv:/opt/ros/eloquent LD_LIBRARY_PATH=/home/neubility/ROS/ros2_communication_ws/install/ex_msg_srv/lib:${LD_LIBRARY_PATH} PYTHONPATH=/home/neubility/ROS/ros2_communication_ws/install/ex_msg_srv/lib/python3.6/site-packages:${PYTHONPATH} /usr/bin/cmake --build /home/neubility/ROS/ros2_communication_ws/build/practice_code_pkg -- -j16 -l16
[5.706s] DEBUG:colcon.colcon_core.event_handler.log_command:Invoking command in '/home/neubility/ROS/ros2_communication_ws/build/pub_ex': AMENT_PREFIX_PATH=/home/neubility/ROS/ros2_communication_ws/install/ex_msg_srv:${AMENT_PREFIX_PATH} CMAKE_PREFIX_PATH=/home/neubility/ROS/ros2_communication_ws/install/ex_msg_srv:/opt/ros/eloquent LD_LIBRARY_PATH=/home/neubility/ROS/ros2_communication_ws/install/ex_msg_srv/lib:${LD_LIBRARY_PATH} PYTHONPATH=/home/neubility/ROS/ros2_communication_ws/install/ex_msg_srv/lib/python3.6/site-packages:${PYTHONPATH} /usr/bin/cmake --build /home/neubility/ROS/ros2_communication_ws/build/pub_ex --target install -- -j16 -l16
[5.721s] DEBUG:colcon.colcon_core.event_handler.log_command:Invoking command in '/home/neubility/ROS/ros2_communication_ws/build/practice_code_pkg': AMENT_PREFIX_PATH=/home/neubility/ROS/ros2_communication_ws/install/ex_msg_srv:${AMENT_PREFIX_PATH} CMAKE_PREFIX_PATH=/home/neubility/ROS/ros2_communication_ws/install/ex_msg_srv:/opt/ros/eloquent LD_LIBRARY_PATH=/home/neubility/ROS/ros2_communication_ws/install/ex_msg_srv/lib:${LD_LIBRARY_PATH} PYTHONPATH=/home/neubility/ROS/ros2_communication_ws/install/ex_msg_srv/lib/python3.6/site-packages:${PYTHONPATH} /usr/bin/cmake --build /home/neubility/ROS/ros2_communication_ws/build/practice_code_pkg --target install -- -j16 -l16
[5.797s] Level 1:colcon.colcon_core.environment:create_environment_scripts_only(pub_ex)
[5.798s] Level 1:colcon.colcon_core.environment:checking '/home/neubility/ROS/ros2_communication_ws/install/pub_ex' for CMake module files
[5.799s] DEBUG:colcon.colcon_core.event_handler.log_command:Invoked command in '/home/neubility/ROS/ros2_communication_ws/build/pub_ex' returned '0': AMENT_PREFIX_PATH=/home/neubility/ROS/ros2_communication_ws/install/ex_msg_srv:${AMENT_PREFIX_PATH} CMAKE_PREFIX_PATH=/home/neubility/ROS/ros2_communication_ws/install/ex_msg_srv:/opt/ros/eloquent LD_LIBRARY_PATH=/home/neubility/ROS/ros2_communication_ws/install/ex_msg_srv/lib:${LD_LIBRARY_PATH} PYTHONPATH=/home/neubility/ROS/ros2_communication_ws/install/ex_msg_srv/lib/python3.6/site-packages:${PYTHONPATH} /usr/bin/cmake --build /home/neubility/ROS/ros2_communication_ws/build/pub_ex --target install -- -j16 -l16
[5.800s] Level 1:colcon.colcon_core.environment:checking '/home/neubility/ROS/ros2_communication_ws/install/pub_ex' for CMake config files
[5.801s] Level 1:colcon.colcon_core.shell:create_environment_hook('pub_ex', 'cmake_prefix_path')
[5.802s] INFO:colcon.colcon_core.shell:Creating environment hook '/home/neubility/ROS/ros2_communication_ws/install/pub_ex/share/pub_ex/hook/cmake_prefix_path.ps1'
[5.802s] INFO:colcon.colcon_core.shell:Creating environment descriptor '/home/neubility/ROS/ros2_communication_ws/install/pub_ex/share/pub_ex/hook/cmake_prefix_path.dsv'
[5.803s] INFO:colcon.colcon_core.shell:Creating environment hook '/home/neubility/ROS/ros2_communication_ws/install/pub_ex/share/pub_ex/hook/cmake_prefix_path.sh'
[5.804s] Level 1:colcon.colcon_core.environment:checking '/home/neubility/ROS/ros2_communication_ws/install/pub_ex/lib'
[5.805s] Level 1:colcon.colcon_core.environment:checking '/home/neubility/ROS/ros2_communication_ws/install/pub_ex/bin'
[5.805s] Level 1:colcon.colcon_core.environment:checking '/home/neubility/ROS/ros2_communication_ws/install/pub_ex/lib/pkgconfig/pub_ex.pc'
[5.805s] Level 1:colcon.colcon_core.environment:checking '/home/neubility/ROS/ros2_communication_ws/install/pub_ex/lib/python3.6/site-packages'
[5.806s] INFO:colcon.colcon_core.shell:Creating package script '/home/neubility/ROS/ros2_communication_ws/install/pub_ex/share/pub_ex/package.ps1'
[5.806s] INFO:colcon.colcon_core.shell:Creating package descriptor '/home/neubility/ROS/ros2_communication_ws/install/pub_ex/share/pub_ex/package.dsv'
[5.806s] INFO:colcon.colcon_core.shell:Creating package script '/home/neubility/ROS/ros2_communication_ws/install/pub_ex/share/pub_ex/package.sh'
[5.807s] INFO:colcon.colcon_core.shell:Creating package script '/home/neubility/ROS/ros2_communication_ws/install/pub_ex/share/pub_ex/package.bash'
[5.807s] INFO:colcon.colcon_core.shell:Creating package script '/home/neubility/ROS/ros2_communication_ws/install/pub_ex/share/pub_ex/package.zsh'
[5.807s] Level 1:colcon.colcon_core.environment:create_file_with_runtime_dependencies(/home/neubility/ROS/ros2_communication_ws/install/pub_ex/share/colcon-core/packages/pub_ex)
[5.816s] Level 1:colcon.colcon_core.environment:create_environment_scripts_only(practice_code_pkg)
[5.818s] Level 1:colcon.colcon_core.environment:checking '/home/neubility/ROS/ros2_communication_ws/install/practice_code_pkg' for CMake module files
[5.819s] DEBUG:colcon.colcon_core.event_handler.log_command:Invoked command in '/home/neubility/ROS/ros2_communication_ws/build/practice_code_pkg' returned '0': AMENT_PREFIX_PATH=/home/neubility/ROS/ros2_communication_ws/install/ex_msg_srv:${AMENT_PREFIX_PATH} CMAKE_PREFIX_PATH=/home/neubility/ROS/ros2_communication_ws/install/ex_msg_srv:/opt/ros/eloquent LD_LIBRARY_PATH=/home/neubility/ROS/ros2_communication_ws/install/ex_msg_srv/lib:${LD_LIBRARY_PATH} PYTHONPATH=/home/neubility/ROS/ros2_communication_ws/install/ex_msg_srv/lib/python3.6/site-packages:${PYTHONPATH} /usr/bin/cmake --build /home/neubility/ROS/ros2_communication_ws/build/practice_code_pkg --target install -- -j16 -l16
[5.819s] Level 1:colcon.colcon_core.environment:checking '/home/neubility/ROS/ros2_communication_ws/install/practice_code_pkg' for CMake config files
[5.819s] Level 1:colcon.colcon_core.shell:create_environment_hook('practice_code_pkg', 'cmake_prefix_path')
[5.820s] INFO:colcon.colcon_core.shell:Creating environment hook '/home/neubility/ROS/ros2_communication_ws/install/practice_code_pkg/share/practice_code_pkg/hook/cmake_prefix_path.ps1'
[5.821s] INFO:colcon.colcon_core.shell:Creating environment descriptor '/home/neubility/ROS/ros2_communication_ws/install/practice_code_pkg/share/practice_code_pkg/hook/cmake_prefix_path.dsv'
[5.821s] INFO:colcon.colcon_core.shell:Creating environment hook '/home/neubility/ROS/ros2_communication_ws/install/practice_code_pkg/share/practice_code_pkg/hook/cmake_prefix_path.sh'
[5.823s] Level 1:colcon.colcon_core.environment:checking '/home/neubility/ROS/ros2_communication_ws/install/practice_code_pkg/lib'
[5.823s] Level 1:colcon.colcon_core.environment:checking '/home/neubility/ROS/ros2_communication_ws/install/practice_code_pkg/bin'
[5.823s] Level 1:colcon.colcon_core.environment:checking '/home/neubility/ROS/ros2_communication_ws/install/practice_code_pkg/lib/pkgconfig/practice_code_pkg.pc'
[5.823s] Level 1:colcon.colcon_core.environment:checking '/home/neubility/ROS/ros2_communication_ws/install/practice_code_pkg/lib/python3.6/site-packages'
[5.824s] INFO:colcon.colcon_core.shell:Creating package script '/home/neubility/ROS/ros2_communication_ws/install/practice_code_pkg/share/practice_code_pkg/package.ps1'
[5.825s] INFO:colcon.colcon_core.shell:Creating package descriptor '/home/neubility/ROS/ros2_communication_ws/install/practice_code_pkg/share/practice_code_pkg/package.dsv'
[5.825s] INFO:colcon.colcon_core.shell:Creating package script '/home/neubility/ROS/ros2_communication_ws/install/practice_code_pkg/share/practice_code_pkg/package.sh'
[5.826s] INFO:colcon.colcon_core.shell:Creating package script '/home/neubility/ROS/ros2_communication_ws/install/practice_code_pkg/share/practice_code_pkg/package.bash'
[5.827s] INFO:colcon.colcon_core.shell:Creating package script '/home/neubility/ROS/ros2_communication_ws/install/practice_code_pkg/share/practice_code_pkg/package.zsh'
[5.827s] Level 1:colcon.colcon_core.environment:create_file_with_runtime_dependencies(/home/neubility/ROS/ros2_communication_ws/install/practice_code_pkg/share/colcon-core/packages/practice_code_pkg)
[5.832s] Level 1:colcon.colcon_core.environment:create_environment_scripts_only(pub_ex)
[5.833s] Level 1:colcon.colcon_core.environment:checking '/home/neubility/ROS/ros2_communication_ws/install/pub_ex' for CMake module files
[5.834s] Level 1:colcon.colcon_core.environment:checking '/home/neubility/ROS/ros2_communication_ws/install/pub_ex' for CMake config files
[5.834s] Level 1:colcon.colcon_core.shell:create_environment_hook('pub_ex', 'cmake_prefix_path')
[5.835s] INFO:colcon.colcon_core.shell:Creating environment hook '/home/neubility/ROS/ros2_communication_ws/install/pub_ex/share/pub_ex/hook/cmake_prefix_path.ps1'
[5.836s] INFO:colcon.colcon_core.shell:Creating environment descriptor '/home/neubility/ROS/ros2_communication_ws/install/pub_ex/share/pub_ex/hook/cmake_prefix_path.dsv'
[5.837s] INFO:colcon.colcon_core.shell:Creating environment hook '/home/neubility/ROS/ros2_communication_ws/install/pub_ex/share/pub_ex/hook/cmake_prefix_path.sh'
[5.838s] Level 1:colcon.colcon_core.environment:checking '/home/neubility/ROS/ros2_communication_ws/install/pub_ex/lib'
[5.838s] Level 1:colcon.colcon_core.environment:checking '/home/neubility/ROS/ros2_communication_ws/install/pub_ex/bin'
[5.838s] Level 1:colcon.colcon_core.environment:checking '/home/neubility/ROS/ros2_communication_ws/install/pub_ex/lib/pkgconfig/pub_ex.pc'
[5.838s] Level 1:colcon.colcon_core.environment:checking '/home/neubility/ROS/ros2_communication_ws/install/pub_ex/lib/python3.6/site-packages'
[5.839s] INFO:colcon.colcon_core.shell:Creating package script '/home/neubility/ROS/ros2_communication_ws/install/pub_ex/share/pub_ex/package.ps1'
[5.839s] INFO:colcon.colcon_core.shell:Creating package descriptor '/home/neubility/ROS/ros2_communication_ws/install/pub_ex/share/pub_ex/package.dsv'
[5.840s] INFO:colcon.colcon_core.shell:Creating package script '/home/neubility/ROS/ros2_communication_ws/install/pub_ex/share/pub_ex/package.sh'
[5.840s] INFO:colcon.colcon_core.shell:Creating package script '/home/neubility/ROS/ros2_communication_ws/install/pub_ex/share/pub_ex/package.bash'
[5.841s] INFO:colcon.colcon_core.shell:Creating package script '/home/neubility/ROS/ros2_communication_ws/install/pub_ex/share/pub_ex/package.zsh'
[5.841s] Level 1:colcon.colcon_core.environment:create_file_with_runtime_dependencies(/home/neubility/ROS/ros2_communication_ws/install/pub_ex/share/colcon-core/packages/pub_ex)
[5.850s] Level 1:colcon.colcon_core.environment:create_environment_scripts_only(practice_code_pkg)
[5.851s] Level 1:colcon.colcon_core.environment:checking '/home/neubility/ROS/ros2_communication_ws/install/practice_code_pkg' for CMake module files
[5.852s] Level 1:colcon.colcon_core.environment:checking '/home/neubility/ROS/ros2_communication_ws/install/practice_code_pkg' for CMake config files
[5.852s] Level 1:colcon.colcon_core.shell:create_environment_hook('practice_code_pkg', 'cmake_prefix_path')
[5.852s] INFO:colcon.colcon_core.shell:Creating environment hook '/home/neubility/ROS/ros2_communication_ws/install/practice_code_pkg/share/practice_code_pkg/hook/cmake_prefix_path.ps1'
[5.853s] INFO:colcon.colcon_core.shell:Creating environment descriptor '/home/neubility/ROS/ros2_communication_ws/install/practice_code_pkg/share/practice_code_pkg/hook/cmake_prefix_path.dsv'
[5.854s] INFO:colcon.colcon_core.shell:Creating environment hook '/home/neubility/ROS/ros2_communication_ws/install/practice_code_pkg/share/practice_code_pkg/hook/cmake_prefix_path.sh'
[5.855s] Level 1:colcon.colcon_core.environment:checking '/home/neubility/ROS/ros2_communication_ws/install/practice_code_pkg/lib'
[5.855s] Level 1:colcon.colcon_core.environment:checking '/home/neubility/ROS/ros2_communication_ws/install/practice_code_pkg/bin'
[5.855s] Level 1:colcon.colcon_core.environment:checking '/home/neubility/ROS/ros2_communication_ws/install/practice_code_pkg/lib/pkgconfig/practice_code_pkg.pc'
[5.855s] Level 1:colcon.colcon_core.environment:checking '/home/neubility/ROS/ros2_communication_ws/install/practice_code_pkg/lib/python3.6/site-packages'
[5.857s] INFO:colcon.colcon_core.shell:Creating package script '/home/neubility/ROS/ros2_communication_ws/install/practice_code_pkg/share/practice_code_pkg/package.ps1'
[5.858s] INFO:colcon.colcon_core.shell:Creating package descriptor '/home/neubility/ROS/ros2_communication_ws/install/practice_code_pkg/share/practice_code_pkg/package.dsv'
[5.859s] INFO:colcon.colcon_core.shell:Creating package script '/home/neubility/ROS/ros2_communication_ws/install/practice_code_pkg/share/practice_code_pkg/package.sh'
[5.859s] INFO:colcon.colcon_core.shell:Creating package script '/home/neubility/ROS/ros2_communication_ws/install/practice_code_pkg/share/practice_code_pkg/package.bash'
[5.860s] INFO:colcon.colcon_core.shell:Creating package script '/home/neubility/ROS/ros2_communication_ws/install/practice_code_pkg/share/practice_code_pkg/package.zsh'
[5.861s] Level 1:colcon.colcon_core.environment:create_file_with_runtime_dependencies(/home/neubility/ROS/ros2_communication_ws/install/practice_code_pkg/share/colcon-core/packages/practice_code_pkg)
[5.862s] DEBUG:colcon.colcon_parallel_executor.executor.parallel:closing loop
[5.863s] DEBUG:colcon.colcon_parallel_executor.executor.parallel:loop closed
[5.864s] DEBUG:colcon.colcon_parallel_executor.executor.parallel:run_until_complete finished with '0'
[5.864s] DEBUG:colcon.colcon_core.event_reactor:joining thread
[5.869s] INFO:colcon.colcon_core.plugin_system:Skipping extension 'colcon_notification.desktop_notification.terminal_notifier': Not used on non-Darwin systems
[5.870s] INFO:colcon.colcon_core.plugin_system:Skipping extension 'colcon_notification.desktop_notification.win32': Not used on non-Windows systems
[5.870s] INFO:colcon.colcon_notification.desktop_notification:Sending desktop notification using 'notify2'
[5.872s] DEBUG:colcon.colcon_core.event_reactor:joined thread
[5.873s] INFO:colcon.colcon_core.shell:Creating prefix script '/home/neubility/ROS/ros2_communication_ws/install/local_setup.ps1'
[5.874s] INFO:colcon.colcon_core.shell:Creating prefix util module '/home/neubility/ROS/ros2_communication_ws/install/_local_setup_util_ps1.py'
[5.876s] INFO:colcon.colcon_core.shell:Creating prefix chain script '/home/neubility/ROS/ros2_communication_ws/install/setup.ps1'
[5.878s] INFO:colcon.colcon_core.shell:Creating prefix script '/home/neubility/ROS/ros2_communication_ws/install/local_setup.sh'
[5.879s] INFO:colcon.colcon_core.shell:Creating prefix util module '/home/neubility/ROS/ros2_communication_ws/install/_local_setup_util_sh.py'
[5.879s] INFO:colcon.colcon_core.shell:Creating prefix chain script '/home/neubility/ROS/ros2_communication_ws/install/setup.sh'
[5.881s] INFO:colcon.colcon_core.shell:Creating prefix script '/home/neubility/ROS/ros2_communication_ws/install/local_setup.bash'
[5.882s] INFO:colcon.colcon_core.shell:Creating prefix chain script '/home/neubility/ROS/ros2_communication_ws/install/setup.bash'
[5.884s] INFO:colcon.colcon_core.shell:Creating prefix script '/home/neubility/ROS/ros2_communication_ws/install/local_setup.zsh'
[5.884s] INFO:colcon.colcon_core.shell:Creating prefix chain script '/home/neubility/ROS/ros2_communication_ws/install/setup.zsh'
