[0.026s] Invoking command in '/home/neubility/ROS/ros2_communication_ws/build/srv_server_pkg': CMAKE_PREFIX_PATH=/home/neubility/ROS/ros2_communication_ws/install/ex_msg_srv:/home/neubility/ROS/ros2_communication_ws/install/srv_client_pkg:/home/neubility/ROS/ros2_communication_ws/install/sub_ex:/home/neubility/ROS/ros2_communication_ws/install/srv_server_pkg:/home/neubility/ROS/ros2_communication_ws/install/pub_ex:/home/neubility/ROS/ros2_communication_ws/install/practice_code_pkg:/opt/ros/eloquent /usr/bin/cmake --build /home/neubility/ROS/ros2_communication_ws/build/srv_server_pkg -- -j16 -l16
[0.064s] [35m[1mScanning dependencies of target srv_server_pkg[0m
[0.085s] [ 50%] [32mBuilding CXX object CMakeFiles/srv_server_pkg.dir/src/main.cpp.o[0m
[1.209s] [100%] [32m[1mLinking CXX executable srv_server_pkg[0m
[1.309s] [100%] Built target srv_server_pkg
[1.320s] Invoked command in '/home/neubility/ROS/ros2_communication_ws/build/srv_server_pkg' returned '0': CMAKE_PREFIX_PATH=/home/neubility/ROS/ros2_communication_ws/install/ex_msg_srv:/home/neubility/ROS/ros2_communication_ws/install/srv_client_pkg:/home/neubility/ROS/ros2_communication_ws/install/sub_ex:/home/neubility/ROS/ros2_communication_ws/install/srv_server_pkg:/home/neubility/ROS/ros2_communication_ws/install/pub_ex:/home/neubility/ROS/ros2_communication_ws/install/practice_code_pkg:/opt/ros/eloquent /usr/bin/cmake --build /home/neubility/ROS/ros2_communication_ws/build/srv_server_pkg -- -j16 -l16
[1.343s] Invoking command in '/home/neubility/ROS/ros2_communication_ws/build/srv_server_pkg': CMAKE_PREFIX_PATH=/home/neubility/ROS/ros2_communication_ws/install/ex_msg_srv:/home/neubility/ROS/ros2_communication_ws/install/srv_client_pkg:/home/neubility/ROS/ros2_communication_ws/install/sub_ex:/home/neubility/ROS/ros2_communication_ws/install/srv_server_pkg:/home/neubility/ROS/ros2_communication_ws/install/pub_ex:/home/neubility/ROS/ros2_communication_ws/install/practice_code_pkg:/opt/ros/eloquent /usr/bin/cmake --build /home/neubility/ROS/ros2_communication_ws/build/srv_server_pkg --target install -- -j16 -l16
[1.397s] [100%] Built target srv_server_pkg
[1.413s] [36mInstall the project...[0m
[1.421s] -- Install configuration: ""
[1.421s] -- Installing: /home/neubility/ROS/ros2_communication_ws/install/srv_server_pkg/lib/srv_server_pkg/srv_server_pkg
[1.422s] -- Set runtime path of "/home/neubility/ROS/ros2_communication_ws/install/srv_server_pkg/lib/srv_server_pkg/srv_server_pkg" to ""
[1.422s] CMake Error at cmake_install.cmake:61 (file):
[1.422s]   file INSTALL cannot find
[1.422s]   "/home/neubility/ROS/ros2_communication_ws/src/srv_server_pkg/launch".
[1.422s] 
[1.422s] 
[1.423s] Makefile:73: recipe for target 'install' failed
[1.423s] make: *** [install] Error 1
[1.424s] Invoked command in '/home/neubility/ROS/ros2_communication_ws/build/srv_server_pkg' returned '2': CMAKE_PREFIX_PATH=/home/neubility/ROS/ros2_communication_ws/install/ex_msg_srv:/home/neubility/ROS/ros2_communication_ws/install/srv_client_pkg:/home/neubility/ROS/ros2_communication_ws/install/sub_ex:/home/neubility/ROS/ros2_communication_ws/install/srv_server_pkg:/home/neubility/ROS/ros2_communication_ws/install/pub_ex:/home/neubility/ROS/ros2_communication_ws/install/practice_code_pkg:/opt/ros/eloquent /usr/bin/cmake --build /home/neubility/ROS/ros2_communication_ws/build/srv_server_pkg --target install -- -j16 -l16
