Determining if the pthread_create exist failed with the following output:
Change Dir: /home/neubility/ROS/ros2_communication_ws/build/srv_server_pkg/CMakeFiles/CMakeTmp

Run Build Command:"/usr/bin/make" "cmTC_09acc/fast"
/usr/bin/make -f CMakeFiles/cmTC_09acc.dir/build.make CMakeFiles/cmTC_09acc.dir/build
make[1]: Entering directory '/home/neubility/ROS/ros2_communication_ws/build/srv_server_pkg/CMakeFiles/CMakeTmp'
Building C object CMakeFiles/cmTC_09acc.dir/CheckSymbolExists.c.o
/usr/bin/cc    -o CMakeFiles/cmTC_09acc.dir/CheckSymbolExists.c.o   -c /home/neubility/ROS/ros2_communication_ws/build/srv_server_pkg/CMakeFiles/CMakeTmp/CheckSymbolExists.c
Linking C executable cmTC_09acc
/usr/bin/cmake -E cmake_link_script CMakeFiles/cmTC_09acc.dir/link.txt --verbose=1
/usr/bin/cc      CMakeFiles/cmTC_09acc.dir/CheckSymbolExists.c.o  -o cmTC_09acc 
CMakeFiles/cmTC_09acc.dir/CheckSymbolExists.c.o: In function `main':
CheckSymbolExists.c:(.text+0x1b): undefined reference to `pthread_create'
collect2: error: ld returned 1 exit status
CMakeFiles/cmTC_09acc.dir/build.make:97: recipe for target 'cmTC_09acc' failed
make[1]: *** [cmTC_09acc] Error 1
make[1]: Leaving directory '/home/neubility/ROS/ros2_communication_ws/build/srv_server_pkg/CMakeFiles/CMakeTmp'
Makefile:126: recipe for target 'cmTC_09acc/fast' failed
make: *** [cmTC_09acc/fast] Error 2

File /home/neubility/ROS/ros2_communication_ws/build/srv_server_pkg/CMakeFiles/CMakeTmp/CheckSymbolExists.c:
/* */
#include <pthread.h>

int main(int argc, char** argv)
{
  (void)argv;
#ifndef pthread_create
  return ((int*)(&pthread_create))[argc];
#else
  (void)argc;
  return 0;
#endif
}

Determining if the function pthread_create exists in the pthreads failed with the following output:
Change Dir: /home/neubility/ROS/ros2_communication_ws/build/srv_server_pkg/CMakeFiles/CMakeTmp

Run Build Command:"/usr/bin/make" "cmTC_532ea/fast"
/usr/bin/make -f CMakeFiles/cmTC_532ea.dir/build.make CMakeFiles/cmTC_532ea.dir/build
make[1]: Entering directory '/home/neubility/ROS/ros2_communication_ws/build/srv_server_pkg/CMakeFiles/CMakeTmp'
Building C object CMakeFiles/cmTC_532ea.dir/CheckFunctionExists.c.o
/usr/bin/cc   -DCHECK_FUNCTION_EXISTS=pthread_create   -o CMakeFiles/cmTC_532ea.dir/CheckFunctionExists.c.o   -c /usr/share/cmake-3.10/Modules/CheckFunctionExists.c
Linking C executable cmTC_532ea
/usr/bin/cmake -E cmake_link_script CMakeFiles/cmTC_532ea.dir/link.txt --verbose=1
/usr/bin/cc  -DCHECK_FUNCTION_EXISTS=pthread_create    CMakeFiles/cmTC_532ea.dir/CheckFunctionExists.c.o  -o cmTC_532ea -lpthreads 
/usr/bin/ld: cannot find -lpthreads
collect2: error: ld returned 1 exit status
CMakeFiles/cmTC_532ea.dir/build.make:97: recipe for target 'cmTC_532ea' failed
make[1]: *** [cmTC_532ea] Error 1
make[1]: Leaving directory '/home/neubility/ROS/ros2_communication_ws/build/srv_server_pkg/CMakeFiles/CMakeTmp'
Makefile:126: recipe for target 'cmTC_532ea/fast' failed
make: *** [cmTC_532ea/fast] Error 2


