[0.025s] Invoking command in '/home/neubility/ROS/ros2_communication_ws/build/srv_server_pkg': AMENT_PREFIX_PATH=/home/neubility/ROS/ros2_communication_ws/install/ex_msg_srv:${AMENT_PREFIX_PATH} CMAKE_PREFIX_PATH=/home/neubility/ROS/ros2_communication_ws/install/ex_msg_srv:/opt/ros/eloquent LD_LIBRARY_PATH=/home/neubility/ROS/ros2_communication_ws/install/ex_msg_srv/lib:${LD_LIBRARY_PATH} PYTHONPATH=/home/neubility/ROS/ros2_communication_ws/install/ex_msg_srv/lib/python3.6/site-packages:${PYTHONPATH} /usr/bin/cmake /home/neubility/ROS/ros2_communication_ws/src/srv_server_pkg -DCMAKE_BUILD_TYPE=Debug -DCMAKE_INSTALL_PREFIX=/home/neubility/ROS/ros2_communication_ws/install/srv_server_pkg
[0.038s] -- Found ament_cmake: 0.8.3 (/opt/ros/eloquent/share/ament_cmake/cmake)
[0.061s] -- Using PYTHON_EXECUTABLE: /usr/bin/python3
[0.234s] -- Found rclcpp: 0.8.5 (/opt/ros/eloquent/share/rclcpp/cmake)
[0.244s] -- Found rosidl_adapter: 0.8.3 (/opt/ros/eloquent/share/rosidl_adapter/cmake)
[0.267s] -- Found rmw_implementation_cmake: 0.8.1 (/opt/ros/eloquent/share/rmw_implementation_cmake/cmake)
[0.268s] -- Using RMW implementation 'rmw_cyclonedds_cpp' as default
[0.293s] -- Found std_msgs: 0.8.1 (/opt/ros/eloquent/share/std_msgs/cmake)
[0.297s] -- Found ex_msg_srv: 0.0.0 (/home/neubility/ROS/ros2_communication_ws/install/ex_msg_srv/share/ex_msg_srv/cmake)
[0.374s] -- Configuring done
[0.386s] -- Generating done
[0.386s] -- Build files have been written to: /home/neubility/ROS/ros2_communication_ws/build/srv_server_pkg
[0.388s] Invoked command in '/home/neubility/ROS/ros2_communication_ws/build/srv_server_pkg' returned '0': AMENT_PREFIX_PATH=/home/neubility/ROS/ros2_communication_ws/install/ex_msg_srv:${AMENT_PREFIX_PATH} CMAKE_PREFIX_PATH=/home/neubility/ROS/ros2_communication_ws/install/ex_msg_srv:/opt/ros/eloquent LD_LIBRARY_PATH=/home/neubility/ROS/ros2_communication_ws/install/ex_msg_srv/lib:${LD_LIBRARY_PATH} PYTHONPATH=/home/neubility/ROS/ros2_communication_ws/install/ex_msg_srv/lib/python3.6/site-packages:${PYTHONPATH} /usr/bin/cmake /home/neubility/ROS/ros2_communication_ws/src/srv_server_pkg -DCMAKE_BUILD_TYPE=Debug -DCMAKE_INSTALL_PREFIX=/home/neubility/ROS/ros2_communication_ws/install/srv_server_pkg
[0.390s] Invoking command in '/home/neubility/ROS/ros2_communication_ws/build/srv_server_pkg': AMENT_PREFIX_PATH=/home/neubility/ROS/ros2_communication_ws/install/ex_msg_srv:${AMENT_PREFIX_PATH} CMAKE_PREFIX_PATH=/home/neubility/ROS/ros2_communication_ws/install/ex_msg_srv:/opt/ros/eloquent LD_LIBRARY_PATH=/home/neubility/ROS/ros2_communication_ws/install/ex_msg_srv/lib:${LD_LIBRARY_PATH} PYTHONPATH=/home/neubility/ROS/ros2_communication_ws/install/ex_msg_srv/lib/python3.6/site-packages:${PYTHONPATH} /usr/bin/cmake --build /home/neubility/ROS/ros2_communication_ws/build/srv_server_pkg -- -j16 -l16
[0.444s] [ 50%] [32mBuilding CXX object CMakeFiles/srv_server_pkg.dir/src/main.cpp.o[0m
[2.045s] [100%] [32m[1mLinking CXX executable srv_server_pkg[0m
[2.170s] [100%] Built target srv_server_pkg
[2.180s] Invoked command in '/home/neubility/ROS/ros2_communication_ws/build/srv_server_pkg' returned '0': AMENT_PREFIX_PATH=/home/neubility/ROS/ros2_communication_ws/install/ex_msg_srv:${AMENT_PREFIX_PATH} CMAKE_PREFIX_PATH=/home/neubility/ROS/ros2_communication_ws/install/ex_msg_srv:/opt/ros/eloquent LD_LIBRARY_PATH=/home/neubility/ROS/ros2_communication_ws/install/ex_msg_srv/lib:${LD_LIBRARY_PATH} PYTHONPATH=/home/neubility/ROS/ros2_communication_ws/install/ex_msg_srv/lib/python3.6/site-packages:${PYTHONPATH} /usr/bin/cmake --build /home/neubility/ROS/ros2_communication_ws/build/srv_server_pkg -- -j16 -l16
[2.202s] Invoking command in '/home/neubility/ROS/ros2_communication_ws/build/srv_server_pkg': AMENT_PREFIX_PATH=/home/neubility/ROS/ros2_communication_ws/install/ex_msg_srv:${AMENT_PREFIX_PATH} CMAKE_PREFIX_PATH=/home/neubility/ROS/ros2_communication_ws/install/ex_msg_srv:/opt/ros/eloquent LD_LIBRARY_PATH=/home/neubility/ROS/ros2_communication_ws/install/ex_msg_srv/lib:${LD_LIBRARY_PATH} PYTHONPATH=/home/neubility/ROS/ros2_communication_ws/install/ex_msg_srv/lib/python3.6/site-packages:${PYTHONPATH} /usr/bin/cmake --build /home/neubility/ROS/ros2_communication_ws/build/srv_server_pkg --target install -- -j16 -l16
[2.257s] [100%] Built target srv_server_pkg
[2.276s] [36mInstall the project...[0m
[2.285s] -- Install configuration: "Debug"
[2.285s] -- Installing: /home/neubility/ROS/ros2_communication_ws/install/srv_server_pkg/lib/srv_server_pkg/srv_server_pkg
[2.287s] -- Set runtime path of "/home/neubility/ROS/ros2_communication_ws/install/srv_server_pkg/lib/srv_server_pkg/srv_server_pkg" to ""
[2.287s] -- Up-to-date: /home/neubility/ROS/ros2_communication_ws/install/srv_server_pkg/share/srv_server_pkg/launch
[2.287s] -- Up-to-date: /home/neubility/ROS/ros2_communication_ws/install/srv_server_pkg/share/ament_index/resource_index/package_run_dependencies/srv_server_pkg
[2.287s] -- Installing: /home/neubility/ROS/ros2_communication_ws/install/srv_server_pkg/share/ament_index/resource_index/parent_prefix_path/srv_server_pkg
[2.287s] -- Up-to-date: /home/neubility/ROS/ros2_communication_ws/install/srv_server_pkg/share/srv_server_pkg/environment/ament_prefix_path.sh
[2.287s] -- Installing: /home/neubility/ROS/ros2_communication_ws/install/srv_server_pkg/share/srv_server_pkg/environment/ament_prefix_path.dsv
[2.287s] -- Up-to-date: /home/neubility/ROS/ros2_communication_ws/install/srv_server_pkg/share/srv_server_pkg/environment/path.sh
[2.287s] -- Installing: /home/neubility/ROS/ros2_communication_ws/install/srv_server_pkg/share/srv_server_pkg/environment/path.dsv
[2.287s] -- Up-to-date: /home/neubility/ROS/ros2_communication_ws/install/srv_server_pkg/share/srv_server_pkg/local_setup.bash
[2.288s] -- Up-to-date: /home/neubility/ROS/ros2_communication_ws/install/srv_server_pkg/share/srv_server_pkg/local_setup.sh
[2.288s] -- Up-to-date: /home/neubility/ROS/ros2_communication_ws/install/srv_server_pkg/share/srv_server_pkg/local_setup.zsh
[2.288s] -- Installing: /home/neubility/ROS/ros2_communication_ws/install/srv_server_pkg/share/srv_server_pkg/local_setup.dsv
[2.288s] -- Installing: /home/neubility/ROS/ros2_communication_ws/install/srv_server_pkg/share/srv_server_pkg/package.dsv
[2.288s] -- Up-to-date: /home/neubility/ROS/ros2_communication_ws/install/srv_server_pkg/share/ament_index/resource_index/packages/srv_server_pkg
[2.288s] -- Up-to-date: /home/neubility/ROS/ros2_communication_ws/install/srv_server_pkg/share/srv_server_pkg/cmake/srv_server_pkgConfig.cmake
[2.288s] -- Up-to-date: /home/neubility/ROS/ros2_communication_ws/install/srv_server_pkg/share/srv_server_pkg/cmake/srv_server_pkgConfig-version.cmake
[2.288s] -- Up-to-date: /home/neubility/ROS/ros2_communication_ws/install/srv_server_pkg/share/srv_server_pkg/package.xml
[2.304s] Invoked command in '/home/neubility/ROS/ros2_communication_ws/build/srv_server_pkg' returned '0': AMENT_PREFIX_PATH=/home/neubility/ROS/ros2_communication_ws/install/ex_msg_srv:${AMENT_PREFIX_PATH} CMAKE_PREFIX_PATH=/home/neubility/ROS/ros2_communication_ws/install/ex_msg_srv:/opt/ros/eloquent LD_LIBRARY_PATH=/home/neubility/ROS/ros2_communication_ws/install/ex_msg_srv/lib:${LD_LIBRARY_PATH} PYTHONPATH=/home/neubility/ROS/ros2_communication_ws/install/ex_msg_srv/lib/python3.6/site-packages:${PYTHONPATH} /usr/bin/cmake --build /home/neubility/ROS/ros2_communication_ws/build/srv_server_pkg --target install -- -j16 -l16
