[0.000000] (-) TimerEvent: {}
[0.000505] (ex_msg_srv) JobQueued: {'identifier': 'ex_msg_srv', 'dependencies': OrderedDict()}
[0.001056] (sub_ex) JobQueued: {'identifier': 'sub_ex', 'dependencies': OrderedDict()}
[0.001148] (practice_code_pkg) JobQueued: {'identifier': 'practice_code_pkg', 'dependencies': OrderedDict([('ex_msg_srv', '/home/neubility/ROS/ros2_communication_ws/install/ex_msg_srv')])}
[0.001178] (pub_ex) JobQueued: {'identifier': 'pub_ex', 'dependencies': OrderedDict([('ex_msg_srv', '/home/neubility/ROS/ros2_communication_ws/install/ex_msg_srv')])}
[0.001614] (ex_msg_srv) JobStarted: {'identifier': 'ex_msg_srv'}
[0.008769] (sub_ex) JobStarted: {'identifier': 'sub_ex'}
[0.016983] (ex_msg_srv) JobProgress: {'identifier': 'ex_msg_srv', 'progress': 'cmake'}
[0.018171] (ex_msg_srv) Command: {'cmd': ['/usr/bin/cmake', '/home/neubility/ROS/ros2_communication_ws/src/ex_msg_srv_pkg', '-DCMAKE_BUILD_TYPE=Debug', '-DCMAKE_INSTALL_PREFIX=/home/neubility/ROS/ros2_communication_ws/install/ex_msg_srv'], 'cwd': '/home/neubility/ROS/ros2_communication_ws/build/ex_msg_srv', 'env': OrderedDict([('GJS_DEBUG_TOPICS', 'JS ERROR;JS LOG'), ('LESSOPEN', '| /usr/bin/lesspipe %s'), ('USER', 'neubility'), ('LC_TIME', 'ko_KR.UTF-8'), ('TEXTDOMAIN', 'im-config'), ('XDG_SEAT', 'seat0'), ('SSH_AGENT_PID', '1359'), ('XDG_SESSION_TYPE', 'x11'), ('GIT_ASKPASS', '/usr/share/code/resources/app/extensions/git/dist/askpass.sh'), ('LD_LIBRARY_PATH', '/home/neubility/Qt5.14.2/Tools/QtCreator/lib:/usr/local/cuda-11.4/lib64:/usr/lib/x86_64-linux-gnu/gazebo-9/plugins:/opt/ros/eloquent/opt/yaml_cpp_vendor/lib:/opt/ros/eloquent/opt/rviz_ogre_vendor/lib:/opt/ros/eloquent/lib/x86_64-linux-gnu:/opt/ros/eloquent/lib'), ('SHLVL', '2'), ('CHROME_DESKTOP', 'code-url-handler.desktop'), ('QT4_IM_MODULE', 'xim'), ('HOME', '/home/neubility'), ('DESKTOP_SESSION', 'ubuntu'), ('TERM_PROGRAM_VERSION', '1.63.0'), ('GIO_LAUNCHED_DESKTOP_FILE', '/usr/share/applications/code.desktop'), ('GNOME_SHELL_SESSION_MODE', 'ubuntu'), ('GTK_MODULES', 'gail:atk-bridge'), ('VSCODE_GIT_ASKPASS_MAIN', '/usr/share/code/resources/app/extensions/git/dist/askpass-main.js'), ('ROS_PYTHON_VERSION', '3'), ('LC_MONETARY', 'ko_KR.UTF-8'), ('VSCODE_GIT_ASKPASS_NODE', '/usr/share/code/code'), ('DBUS_SESSION_BUS_ADDRESS', 'unix:path=/run/user/1000/bus'), ('COLORTERM', 'truecolor'), ('GIO_LAUNCHED_DESKTOP_FILE_PID', '19589'), ('IM_CONFIG_PHASE', '2'), ('ROS_DISTRO', 'eloquent'), ('LOGNAME', 'neubility'), ('GTK_IM_MODULE', 'ibus'), ('_', '/usr/bin/colcon'), ('ROS_VERSION', '2'), ('USERNAME', 'neubility'), ('XDG_SESSION_ID', '1'), ('TERM', 'xterm-256color'), ('ROS_LOCALHOST_ONLY', '0'), ('GNOME_DESKTOP_SESSION_ID', 'this-is-deprecated'), ('WINDOWPATH', '1'), ('PATH', '/home/neubility/Qt5.14.2/Tools/QtCreator/bin:/usr/local/cuda-11.4/bin:/opt/ros/eloquent/bin:/usr/local/sbin:/usr/local/bin:/usr/sbin:/usr/bin:/sbin:/bin:/usr/games:/usr/local/games:/snap/bin'), ('SESSION_MANAGER', 'local/neubility:@/tmp/.ICE-unix/1282,unix/neubility:/tmp/.ICE-unix/1282'), ('XDG_MENU_PREFIX', 'gnome-'), ('LC_ADDRESS', 'ko_KR.UTF-8'), ('GDK_BACKEND', 'x11'), ('XDG_RUNTIME_DIR', '/run/user/1000'), ('DISPLAY', ':0'), ('LANG', 'en_US.UTF-8'), ('XDG_CURRENT_DESKTOP', 'Unity'), ('LC_TELEPHONE', 'ko_KR.UTF-8'), ('RMW_IMPLEMENTATION', 'rmw_cyclonedds_cpp'), ('TERM_PROGRAM', 'vscode'), ('XDG_SESSION_DESKTOP', 'ubuntu'), ('XMODIFIERS', '@im=ibus'), ('VSCODE_GIT_IPC_HANDLE', '/run/user/1000/vscode-git-60516ff566.sock'), ('XAUTHORITY', '/run/user/1000/gdm/Xauthority'), ('AMENT_PREFIX_PATH', '/opt/ros/eloquent'), ('ORIGINAL_XDG_CURRENT_DESKTOP', 'ubuntu:GNOME'), ('SSH_AUTH_SOCK', '/run/user/1000/keyring/ssh'), ('ROS_DOMAIN_ID', '212'), ('LC_NAME', 'ko_KR.UTF-8'), ('SHELL', '/bin/bash'), ('QT_ACCESSIBILITY', '1'), ('GDMSESSION', 'ubuntu'), ('LESSCLOSE', '/usr/bin/lesspipe %s %s'), ('LC_MEASUREMENT', 'ko_KR.UTF-8'), ('TEXTDOMAINDIR', '/usr/share/locale/'), ('GJS_DEBUG_OUTPUT', 'stderr'), ('GPG_AGENT_INFO', '/run/user/1000/gnupg/S.gpg-agent:0:1'), ('LC_IDENTIFICATION', 'ko_KR.UTF-8'), ('VSCODE_GIT_ASKPASS_EXTRA_ARGS', '--ms-enable-electron-run-as-node'), ('XDG_VTNR', '1'), ('QT_IM_MODULE', 'ibus'), ('LC_ALL', 'en_US.UTF-8'), ('PWD', '/home/neubility/ROS/ros2_communication_ws/build/ex_msg_srv'), ('CLUTTER_IM_MODULE', 'xim'), ('XDG_DATA_DIRS', '/usr/share/ubuntu:/usr/local/share/:/usr/share/:/var/lib/snapd/desktop'), ('XDG_CONFIG_DIRS', '/etc/xdg/xdg-ubuntu:/etc/xdg'), ('LC_NUMERIC', 'ko_KR.UTF-8'), ('PYTHONPATH', '/opt/ros/eloquent/lib/python3.6/site-packages'), ('LC_PAPER', 'ko_KR.UTF-8'), ('BREAKPAD_DUMP_LOCATION', '/home/neubility/.config/Code/exthost Crash Reports'), ('COLCON', '1'), ('CMAKE_PREFIX_PATH', '/opt/ros/eloquent')]), 'shell': False}
[0.023401] (sub_ex) JobProgress: {'identifier': 'sub_ex', 'progress': 'cmake'}
[0.024593] (sub_ex) Command: {'cmd': ['/usr/bin/cmake', '/home/neubility/ROS/ros2_communication_ws/src/sub_ex_pkg', '-DCMAKE_BUILD_TYPE=Debug', '-DCMAKE_INSTALL_PREFIX=/home/neubility/ROS/ros2_communication_ws/install/sub_ex'], 'cwd': '/home/neubility/ROS/ros2_communication_ws/build/sub_ex', 'env': OrderedDict([('GJS_DEBUG_TOPICS', 'JS ERROR;JS LOG'), ('LESSOPEN', '| /usr/bin/lesspipe %s'), ('USER', 'neubility'), ('LC_TIME', 'ko_KR.UTF-8'), ('TEXTDOMAIN', 'im-config'), ('XDG_SEAT', 'seat0'), ('SSH_AGENT_PID', '1359'), ('XDG_SESSION_TYPE', 'x11'), ('GIT_ASKPASS', '/usr/share/code/resources/app/extensions/git/dist/askpass.sh'), ('LD_LIBRARY_PATH', '/home/neubility/Qt5.14.2/Tools/QtCreator/lib:/usr/local/cuda-11.4/lib64:/usr/lib/x86_64-linux-gnu/gazebo-9/plugins:/opt/ros/eloquent/opt/yaml_cpp_vendor/lib:/opt/ros/eloquent/opt/rviz_ogre_vendor/lib:/opt/ros/eloquent/lib/x86_64-linux-gnu:/opt/ros/eloquent/lib'), ('SHLVL', '2'), ('CHROME_DESKTOP', 'code-url-handler.desktop'), ('QT4_IM_MODULE', 'xim'), ('HOME', '/home/neubility'), ('DESKTOP_SESSION', 'ubuntu'), ('TERM_PROGRAM_VERSION', '1.63.0'), ('GIO_LAUNCHED_DESKTOP_FILE', '/usr/share/applications/code.desktop'), ('GNOME_SHELL_SESSION_MODE', 'ubuntu'), ('GTK_MODULES', 'gail:atk-bridge'), ('VSCODE_GIT_ASKPASS_MAIN', '/usr/share/code/resources/app/extensions/git/dist/askpass-main.js'), ('ROS_PYTHON_VERSION', '3'), ('LC_MONETARY', 'ko_KR.UTF-8'), ('VSCODE_GIT_ASKPASS_NODE', '/usr/share/code/code'), ('DBUS_SESSION_BUS_ADDRESS', 'unix:path=/run/user/1000/bus'), ('COLORTERM', 'truecolor'), ('GIO_LAUNCHED_DESKTOP_FILE_PID', '19589'), ('IM_CONFIG_PHASE', '2'), ('ROS_DISTRO', 'eloquent'), ('LOGNAME', 'neubility'), ('GTK_IM_MODULE', 'ibus'), ('_', '/usr/bin/colcon'), ('ROS_VERSION', '2'), ('USERNAME', 'neubility'), ('XDG_SESSION_ID', '1'), ('TERM', 'xterm-256color'), ('ROS_LOCALHOST_ONLY', '0'), ('GNOME_DESKTOP_SESSION_ID', 'this-is-deprecated'), ('WINDOWPATH', '1'), ('PATH', '/home/neubility/Qt5.14.2/Tools/QtCreator/bin:/usr/local/cuda-11.4/bin:/opt/ros/eloquent/bin:/usr/local/sbin:/usr/local/bin:/usr/sbin:/usr/bin:/sbin:/bin:/usr/games:/usr/local/games:/snap/bin'), ('SESSION_MANAGER', 'local/neubility:@/tmp/.ICE-unix/1282,unix/neubility:/tmp/.ICE-unix/1282'), ('XDG_MENU_PREFIX', 'gnome-'), ('LC_ADDRESS', 'ko_KR.UTF-8'), ('GDK_BACKEND', 'x11'), ('XDG_RUNTIME_DIR', '/run/user/1000'), ('DISPLAY', ':0'), ('LANG', 'en_US.UTF-8'), ('XDG_CURRENT_DESKTOP', 'Unity'), ('LC_TELEPHONE', 'ko_KR.UTF-8'), ('RMW_IMPLEMENTATION', 'rmw_cyclonedds_cpp'), ('TERM_PROGRAM', 'vscode'), ('XDG_SESSION_DESKTOP', 'ubuntu'), ('XMODIFIERS', '@im=ibus'), ('VSCODE_GIT_IPC_HANDLE', '/run/user/1000/vscode-git-60516ff566.sock'), ('XAUTHORITY', '/run/user/1000/gdm/Xauthority'), ('AMENT_PREFIX_PATH', '/opt/ros/eloquent'), ('ORIGINAL_XDG_CURRENT_DESKTOP', 'ubuntu:GNOME'), ('SSH_AUTH_SOCK', '/run/user/1000/keyring/ssh'), ('ROS_DOMAIN_ID', '212'), ('LC_NAME', 'ko_KR.UTF-8'), ('SHELL', '/bin/bash'), ('QT_ACCESSIBILITY', '1'), ('GDMSESSION', 'ubuntu'), ('LESSCLOSE', '/usr/bin/lesspipe %s %s'), ('LC_MEASUREMENT', 'ko_KR.UTF-8'), ('TEXTDOMAINDIR', '/usr/share/locale/'), ('GJS_DEBUG_OUTPUT', 'stderr'), ('GPG_AGENT_INFO', '/run/user/1000/gnupg/S.gpg-agent:0:1'), ('LC_IDENTIFICATION', 'ko_KR.UTF-8'), ('VSCODE_GIT_ASKPASS_EXTRA_ARGS', '--ms-enable-electron-run-as-node'), ('XDG_VTNR', '1'), ('QT_IM_MODULE', 'ibus'), ('LC_ALL', 'en_US.UTF-8'), ('PWD', '/home/neubility/ROS/ros2_communication_ws/build/sub_ex'), ('CLUTTER_IM_MODULE', 'xim'), ('XDG_DATA_DIRS', '/usr/share/ubuntu:/usr/local/share/:/usr/share/:/var/lib/snapd/desktop'), ('XDG_CONFIG_DIRS', '/etc/xdg/xdg-ubuntu:/etc/xdg'), ('LC_NUMERIC', 'ko_KR.UTF-8'), ('PYTHONPATH', '/opt/ros/eloquent/lib/python3.6/site-packages'), ('LC_PAPER', 'ko_KR.UTF-8'), ('BREAKPAD_DUMP_LOCATION', '/home/neubility/.config/Code/exthost Crash Reports'), ('COLCON', '1'), ('CMAKE_PREFIX_PATH', '/opt/ros/eloquent')]), 'shell': False}
[0.033155] (ex_msg_srv) StdoutLine: {'line': b'-- Found ament_cmake: 0.8.3 (/opt/ros/eloquent/share/ament_cmake/cmake)\n'}
[0.035312] (sub_ex) StdoutLine: {'line': b'-- Found ament_cmake: 0.8.3 (/opt/ros/eloquent/share/ament_cmake/cmake)\n'}
[0.056661] (ex_msg_srv) StdoutLine: {'line': b'-- Found PythonInterp: /usr/bin/python3 (found suitable version "3.6.9", minimum required is "3") \n'}
[0.057488] (ex_msg_srv) StdoutLine: {'line': b'-- Using PYTHON_EXECUTABLE: /usr/bin/python3\n'}
[0.057725] (sub_ex) StdoutLine: {'line': b'-- Using PYTHON_EXECUTABLE: /usr/bin/python3\n'}
[0.099635] (-) TimerEvent: {}
[0.199987] (-) TimerEvent: {}
[0.209554] (sub_ex) StdoutLine: {'line': b'-- Found rclcpp: 0.8.5 (/opt/ros/eloquent/share/rclcpp/cmake)\n'}
[0.212869] (ex_msg_srv) StdoutLine: {'line': b'-- Found rosidl_default_generators: 0.8.0 (/opt/ros/eloquent/share/rosidl_default_generators/cmake)\n'}
[0.221506] (sub_ex) StdoutLine: {'line': b'-- Found rosidl_adapter: 0.8.3 (/opt/ros/eloquent/share/rosidl_adapter/cmake)\n'}
[0.246406] (sub_ex) StdoutLine: {'line': b'-- Found rmw_implementation_cmake: 0.8.1 (/opt/ros/eloquent/share/rmw_implementation_cmake/cmake)\n'}
[0.247312] (sub_ex) StdoutLine: {'line': b"-- Using RMW implementation 'rmw_cyclonedds_cpp' as default\n"}
[0.257080] (ex_msg_srv) StdoutLine: {'line': b'-- Found rosidl_adapter: 0.8.3 (/opt/ros/eloquent/share/rosidl_adapter/cmake)\n'}
[0.269166] (sub_ex) StdoutLine: {'line': b'-- Found std_msgs: 0.8.1 (/opt/ros/eloquent/share/std_msgs/cmake)\n'}
[0.300055] (-) TimerEvent: {}
[0.329701] (ex_msg_srv) StdoutLine: {'line': b'-- Found PythonInterp: /usr/bin/python3 (found version "3.6.9") \n'}
[0.347209] (sub_ex) StdoutLine: {'line': b'-- Configuring done\n'}
[0.353584] (sub_ex) StdoutLine: {'line': b'-- Generating done\n'}
[0.354784] (sub_ex) StdoutLine: {'line': b'-- Build files have been written to: /home/neubility/ROS/ros2_communication_ws/build/sub_ex\n'}
[0.356939] (sub_ex) CommandEnded: {'returncode': 0}
[0.357800] (sub_ex) JobProgress: {'identifier': 'sub_ex', 'progress': 'build'}
[0.358369] (sub_ex) Command: {'cmd': ['/usr/bin/cmake', '--build', '/home/neubility/ROS/ros2_communication_ws/build/sub_ex', '--', '-j16', '-l16'], 'cwd': '/home/neubility/ROS/ros2_communication_ws/build/sub_ex', 'env': OrderedDict([('GJS_DEBUG_TOPICS', 'JS ERROR;JS LOG'), ('LESSOPEN', '| /usr/bin/lesspipe %s'), ('USER', 'neubility'), ('LC_TIME', 'ko_KR.UTF-8'), ('TEXTDOMAIN', 'im-config'), ('XDG_SEAT', 'seat0'), ('SSH_AGENT_PID', '1359'), ('XDG_SESSION_TYPE', 'x11'), ('GIT_ASKPASS', '/usr/share/code/resources/app/extensions/git/dist/askpass.sh'), ('LD_LIBRARY_PATH', '/home/neubility/Qt5.14.2/Tools/QtCreator/lib:/usr/local/cuda-11.4/lib64:/usr/lib/x86_64-linux-gnu/gazebo-9/plugins:/opt/ros/eloquent/opt/yaml_cpp_vendor/lib:/opt/ros/eloquent/opt/rviz_ogre_vendor/lib:/opt/ros/eloquent/lib/x86_64-linux-gnu:/opt/ros/eloquent/lib'), ('SHLVL', '2'), ('CHROME_DESKTOP', 'code-url-handler.desktop'), ('QT4_IM_MODULE', 'xim'), ('HOME', '/home/neubility'), ('DESKTOP_SESSION', 'ubuntu'), ('TERM_PROGRAM_VERSION', '1.63.0'), ('GIO_LAUNCHED_DESKTOP_FILE', '/usr/share/applications/code.desktop'), ('GNOME_SHELL_SESSION_MODE', 'ubuntu'), ('GTK_MODULES', 'gail:atk-bridge'), ('VSCODE_GIT_ASKPASS_MAIN', '/usr/share/code/resources/app/extensions/git/dist/askpass-main.js'), ('ROS_PYTHON_VERSION', '3'), ('LC_MONETARY', 'ko_KR.UTF-8'), ('VSCODE_GIT_ASKPASS_NODE', '/usr/share/code/code'), ('DBUS_SESSION_BUS_ADDRESS', 'unix:path=/run/user/1000/bus'), ('COLORTERM', 'truecolor'), ('GIO_LAUNCHED_DESKTOP_FILE_PID', '19589'), ('IM_CONFIG_PHASE', '2'), ('ROS_DISTRO', 'eloquent'), ('LOGNAME', 'neubility'), ('GTK_IM_MODULE', 'ibus'), ('_', '/usr/bin/colcon'), ('ROS_VERSION', '2'), ('USERNAME', 'neubility'), ('XDG_SESSION_ID', '1'), ('TERM', 'xterm-256color'), ('ROS_LOCALHOST_ONLY', '0'), ('GNOME_DESKTOP_SESSION_ID', 'this-is-deprecated'), ('WINDOWPATH', '1'), ('PATH', '/home/neubility/Qt5.14.2/Tools/QtCreator/bin:/usr/local/cuda-11.4/bin:/opt/ros/eloquent/bin:/usr/local/sbin:/usr/local/bin:/usr/sbin:/usr/bin:/sbin:/bin:/usr/games:/usr/local/games:/snap/bin'), ('SESSION_MANAGER', 'local/neubility:@/tmp/.ICE-unix/1282,unix/neubility:/tmp/.ICE-unix/1282'), ('XDG_MENU_PREFIX', 'gnome-'), ('LC_ADDRESS', 'ko_KR.UTF-8'), ('GDK_BACKEND', 'x11'), ('XDG_RUNTIME_DIR', '/run/user/1000'), ('DISPLAY', ':0'), ('LANG', 'en_US.UTF-8'), ('XDG_CURRENT_DESKTOP', 'Unity'), ('LC_TELEPHONE', 'ko_KR.UTF-8'), ('RMW_IMPLEMENTATION', 'rmw_cyclonedds_cpp'), ('TERM_PROGRAM', 'vscode'), ('XDG_SESSION_DESKTOP', 'ubuntu'), ('XMODIFIERS', '@im=ibus'), ('VSCODE_GIT_IPC_HANDLE', '/run/user/1000/vscode-git-60516ff566.sock'), ('XAUTHORITY', '/run/user/1000/gdm/Xauthority'), ('AMENT_PREFIX_PATH', '/opt/ros/eloquent'), ('ORIGINAL_XDG_CURRENT_DESKTOP', 'ubuntu:GNOME'), ('SSH_AUTH_SOCK', '/run/user/1000/keyring/ssh'), ('ROS_DOMAIN_ID', '212'), ('LC_NAME', 'ko_KR.UTF-8'), ('SHELL', '/bin/bash'), ('QT_ACCESSIBILITY', '1'), ('GDMSESSION', 'ubuntu'), ('LESSCLOSE', '/usr/bin/lesspipe %s %s'), ('LC_MEASUREMENT', 'ko_KR.UTF-8'), ('TEXTDOMAINDIR', '/usr/share/locale/'), ('GJS_DEBUG_OUTPUT', 'stderr'), ('GPG_AGENT_INFO', '/run/user/1000/gnupg/S.gpg-agent:0:1'), ('LC_IDENTIFICATION', 'ko_KR.UTF-8'), ('VSCODE_GIT_ASKPASS_EXTRA_ARGS', '--ms-enable-electron-run-as-node'), ('XDG_VTNR', '1'), ('QT_IM_MODULE', 'ibus'), ('LC_ALL', 'en_US.UTF-8'), ('PWD', '/home/neubility/ROS/ros2_communication_ws/build/sub_ex'), ('CLUTTER_IM_MODULE', 'xim'), ('XDG_DATA_DIRS', '/usr/share/ubuntu:/usr/local/share/:/usr/share/:/var/lib/snapd/desktop'), ('XDG_CONFIG_DIRS', '/etc/xdg/xdg-ubuntu:/etc/xdg'), ('LC_NUMERIC', 'ko_KR.UTF-8'), ('PYTHONPATH', '/opt/ros/eloquent/lib/python3.6/site-packages'), ('LC_PAPER', 'ko_KR.UTF-8'), ('BREAKPAD_DUMP_LOCATION', '/home/neubility/.config/Code/exthost Crash Reports'), ('COLCON', '1'), ('CMAKE_PREFIX_PATH', '/opt/ros/eloquent')]), 'shell': False}
[0.400150] (-) TimerEvent: {}
[0.419991] (sub_ex) StdoutLine: {'line': b'[100%] Built target sub_ex\n'}
[0.429505] (sub_ex) CommandEnded: {'returncode': 0}
[0.450967] (sub_ex) JobProgress: {'identifier': 'sub_ex', 'progress': 'install'}
[0.454069] (ex_msg_srv) StdoutLine: {'line': b'-- Using all available rosidl_typesupport_c: rosidl_typesupport_fastrtps_c;rosidl_typesupport_introspection_c\n'}
[0.458512] (ex_msg_srv) StdoutLine: {'line': b'-- Using all available rosidl_typesupport_cpp: rosidl_typesupport_fastrtps_cpp;rosidl_typesupport_introspection_cpp\n'}
[0.461921] (sub_ex) Command: {'cmd': ['/usr/bin/cmake', '--build', '/home/neubility/ROS/ros2_communication_ws/build/sub_ex', '--target', 'install', '--', '-j16', '-l16'], 'cwd': '/home/neubility/ROS/ros2_communication_ws/build/sub_ex', 'env': OrderedDict([('GJS_DEBUG_TOPICS', 'JS ERROR;JS LOG'), ('LESSOPEN', '| /usr/bin/lesspipe %s'), ('USER', 'neubility'), ('LC_TIME', 'ko_KR.UTF-8'), ('TEXTDOMAIN', 'im-config'), ('XDG_SEAT', 'seat0'), ('SSH_AGENT_PID', '1359'), ('XDG_SESSION_TYPE', 'x11'), ('GIT_ASKPASS', '/usr/share/code/resources/app/extensions/git/dist/askpass.sh'), ('LD_LIBRARY_PATH', '/home/neubility/Qt5.14.2/Tools/QtCreator/lib:/usr/local/cuda-11.4/lib64:/usr/lib/x86_64-linux-gnu/gazebo-9/plugins:/opt/ros/eloquent/opt/yaml_cpp_vendor/lib:/opt/ros/eloquent/opt/rviz_ogre_vendor/lib:/opt/ros/eloquent/lib/x86_64-linux-gnu:/opt/ros/eloquent/lib'), ('SHLVL', '2'), ('CHROME_DESKTOP', 'code-url-handler.desktop'), ('QT4_IM_MODULE', 'xim'), ('HOME', '/home/neubility'), ('DESKTOP_SESSION', 'ubuntu'), ('TERM_PROGRAM_VERSION', '1.63.0'), ('GIO_LAUNCHED_DESKTOP_FILE', '/usr/share/applications/code.desktop'), ('GNOME_SHELL_SESSION_MODE', 'ubuntu'), ('GTK_MODULES', 'gail:atk-bridge'), ('VSCODE_GIT_ASKPASS_MAIN', '/usr/share/code/resources/app/extensions/git/dist/askpass-main.js'), ('ROS_PYTHON_VERSION', '3'), ('LC_MONETARY', 'ko_KR.UTF-8'), ('VSCODE_GIT_ASKPASS_NODE', '/usr/share/code/code'), ('DBUS_SESSION_BUS_ADDRESS', 'unix:path=/run/user/1000/bus'), ('COLORTERM', 'truecolor'), ('GIO_LAUNCHED_DESKTOP_FILE_PID', '19589'), ('IM_CONFIG_PHASE', '2'), ('ROS_DISTRO', 'eloquent'), ('LOGNAME', 'neubility'), ('GTK_IM_MODULE', 'ibus'), ('_', '/usr/bin/colcon'), ('ROS_VERSION', '2'), ('USERNAME', 'neubility'), ('XDG_SESSION_ID', '1'), ('TERM', 'xterm-256color'), ('ROS_LOCALHOST_ONLY', '0'), ('GNOME_DESKTOP_SESSION_ID', 'this-is-deprecated'), ('WINDOWPATH', '1'), ('PATH', '/home/neubility/Qt5.14.2/Tools/QtCreator/bin:/usr/local/cuda-11.4/bin:/opt/ros/eloquent/bin:/usr/local/sbin:/usr/local/bin:/usr/sbin:/usr/bin:/sbin:/bin:/usr/games:/usr/local/games:/snap/bin'), ('SESSION_MANAGER', 'local/neubility:@/tmp/.ICE-unix/1282,unix/neubility:/tmp/.ICE-unix/1282'), ('XDG_MENU_PREFIX', 'gnome-'), ('LC_ADDRESS', 'ko_KR.UTF-8'), ('GDK_BACKEND', 'x11'), ('XDG_RUNTIME_DIR', '/run/user/1000'), ('DISPLAY', ':0'), ('LANG', 'en_US.UTF-8'), ('XDG_CURRENT_DESKTOP', 'Unity'), ('LC_TELEPHONE', 'ko_KR.UTF-8'), ('RMW_IMPLEMENTATION', 'rmw_cyclonedds_cpp'), ('TERM_PROGRAM', 'vscode'), ('XDG_SESSION_DESKTOP', 'ubuntu'), ('XMODIFIERS', '@im=ibus'), ('VSCODE_GIT_IPC_HANDLE', '/run/user/1000/vscode-git-60516ff566.sock'), ('XAUTHORITY', '/run/user/1000/gdm/Xauthority'), ('AMENT_PREFIX_PATH', '/opt/ros/eloquent'), ('ORIGINAL_XDG_CURRENT_DESKTOP', 'ubuntu:GNOME'), ('SSH_AUTH_SOCK', '/run/user/1000/keyring/ssh'), ('ROS_DOMAIN_ID', '212'), ('LC_NAME', 'ko_KR.UTF-8'), ('SHELL', '/bin/bash'), ('QT_ACCESSIBILITY', '1'), ('GDMSESSION', 'ubuntu'), ('LESSCLOSE', '/usr/bin/lesspipe %s %s'), ('LC_MEASUREMENT', 'ko_KR.UTF-8'), ('TEXTDOMAINDIR', '/usr/share/locale/'), ('GJS_DEBUG_OUTPUT', 'stderr'), ('GPG_AGENT_INFO', '/run/user/1000/gnupg/S.gpg-agent:0:1'), ('LC_IDENTIFICATION', 'ko_KR.UTF-8'), ('VSCODE_GIT_ASKPASS_EXTRA_ARGS', '--ms-enable-electron-run-as-node'), ('XDG_VTNR', '1'), ('QT_IM_MODULE', 'ibus'), ('LC_ALL', 'en_US.UTF-8'), ('PWD', '/home/neubility/ROS/ros2_communication_ws/build/sub_ex'), ('CLUTTER_IM_MODULE', 'xim'), ('XDG_DATA_DIRS', '/usr/share/ubuntu:/usr/local/share/:/usr/share/:/var/lib/snapd/desktop'), ('XDG_CONFIG_DIRS', '/etc/xdg/xdg-ubuntu:/etc/xdg'), ('LC_NUMERIC', 'ko_KR.UTF-8'), ('PYTHONPATH', '/opt/ros/eloquent/lib/python3.6/site-packages'), ('LC_PAPER', 'ko_KR.UTF-8'), ('BREAKPAD_DUMP_LOCATION', '/home/neubility/.config/Code/exthost Crash Reports'), ('COLCON', '1'), ('CMAKE_PREFIX_PATH', '/opt/ros/eloquent')]), 'shell': False}
[0.500231] (-) TimerEvent: {}
[0.511889] (sub_ex) StdoutLine: {'line': b'[100%] Built target sub_ex\n'}
[0.521571] (ex_msg_srv) StdoutLine: {'line': b'-- Found rmw_implementation_cmake: 0.8.1 (/opt/ros/eloquent/share/rmw_implementation_cmake/cmake)\n'}
[0.530726] (sub_ex) StdoutLine: {'line': b'\x1b[36mInstall the project...\x1b[0m\n'}
[0.538777] (sub_ex) StdoutLine: {'line': b'-- Install configuration: "Debug"\n'}
[0.539186] (sub_ex) StdoutLine: {'line': b'-- Up-to-date: /home/neubility/ROS/ros2_communication_ws/install/sub_ex/lib/sub_ex/sub_ex\n'}
[0.539427] (sub_ex) StdoutLine: {'line': b'-- Up-to-date: /home/neubility/ROS/ros2_communication_ws/install/sub_ex/share/ament_index/resource_index/package_run_dependencies/sub_ex\n'}
[0.539582] (sub_ex) StdoutLine: {'line': b'-- Installing: /home/neubility/ROS/ros2_communication_ws/install/sub_ex/share/ament_index/resource_index/parent_prefix_path/sub_ex\n'}
[0.539754] (sub_ex) StdoutLine: {'line': b'-- Up-to-date: /home/neubility/ROS/ros2_communication_ws/install/sub_ex/share/sub_ex/environment/ament_prefix_path.sh\n'}
[0.539827] (sub_ex) StdoutLine: {'line': b'-- Installing: /home/neubility/ROS/ros2_communication_ws/install/sub_ex/share/sub_ex/environment/ament_prefix_path.dsv\n'}
[0.539901] (sub_ex) StdoutLine: {'line': b'-- Up-to-date: /home/neubility/ROS/ros2_communication_ws/install/sub_ex/share/sub_ex/environment/path.sh\n'}
[0.539991] (sub_ex) StdoutLine: {'line': b'-- Installing: /home/neubility/ROS/ros2_communication_ws/install/sub_ex/share/sub_ex/environment/path.dsv\n'}
[0.540063] (sub_ex) StdoutLine: {'line': b'-- Up-to-date: /home/neubility/ROS/ros2_communication_ws/install/sub_ex/share/sub_ex/local_setup.bash\n'}
[0.540148] (sub_ex) StdoutLine: {'line': b'-- Up-to-date: /home/neubility/ROS/ros2_communication_ws/install/sub_ex/share/sub_ex/local_setup.sh\n'}
[0.540259] (sub_ex) StdoutLine: {'line': b'-- Up-to-date: /home/neubility/ROS/ros2_communication_ws/install/sub_ex/share/sub_ex/local_setup.zsh\n'}
[0.540373] (sub_ex) StdoutLine: {'line': b'-- Installing: /home/neubility/ROS/ros2_communication_ws/install/sub_ex/share/sub_ex/local_setup.dsv\n'}
[0.540451] (sub_ex) StdoutLine: {'line': b'-- Installing: /home/neubility/ROS/ros2_communication_ws/install/sub_ex/share/sub_ex/package.dsv\n'}
[0.540514] (sub_ex) StdoutLine: {'line': b'-- Up-to-date: /home/neubility/ROS/ros2_communication_ws/install/sub_ex/share/ament_index/resource_index/packages/sub_ex\n'}
[0.540580] (sub_ex) StdoutLine: {'line': b'-- Up-to-date: /home/neubility/ROS/ros2_communication_ws/install/sub_ex/share/sub_ex/cmake/sub_exConfig.cmake\n'}
[0.540642] (sub_ex) StdoutLine: {'line': b'-- Up-to-date: /home/neubility/ROS/ros2_communication_ws/install/sub_ex/share/sub_ex/cmake/sub_exConfig-version.cmake\n'}
[0.540791] (sub_ex) StdoutLine: {'line': b'-- Up-to-date: /home/neubility/ROS/ros2_communication_ws/install/sub_ex/share/sub_ex/package.xml\n'}
[0.542917] (sub_ex) CommandEnded: {'returncode': 0}
[0.546695] (ex_msg_srv) StdoutLine: {'line': b'-- Found PythonInterp: /usr/bin/python3 (found suitable version "3.6.9", minimum required is "3.5") \n'}
[0.547179] (ex_msg_srv) StdoutLine: {'line': b'-- Found python_cmake_module: 0.8.0 (/opt/ros/eloquent/share/python_cmake_module/cmake)\n'}
[0.573929] (ex_msg_srv) StdoutLine: {'line': b'-- Using PYTHON_EXECUTABLE: /usr/bin/python3\n'}
[0.574244] (ex_msg_srv) StdoutLine: {'line': b'-- Using PYTHON_INCLUDE_DIRS: /usr/include/python3.6m\n'}
[0.574333] (ex_msg_srv) StdoutLine: {'line': b'-- Using PYTHON_LIBRARIES: /usr/lib/x86_64-linux-gnu/libpython3.6m.so\n'}
[0.599095] (sub_ex) JobEnded: {'identifier': 'sub_ex', 'rc': 0}
[0.600324] (-) TimerEvent: {}
[0.647506] (ex_msg_srv) StdoutLine: {'line': b'-- Found ament_lint_auto: 0.8.2 (/opt/ros/eloquent/share/ament_lint_auto/cmake)\n'}
[0.656380] (ex_msg_srv) StdoutLine: {'line': b"-- Added test 'lint_cmake' to check CMake code style\n"}
[0.656929] (ex_msg_srv) StdoutLine: {'line': b"-- Added test 'xmllint' to check XML markup files\n"}
[0.659049] (ex_msg_srv) StdoutLine: {'line': b'-- Configuring done\n'}
[0.688020] (ex_msg_srv) StdoutLine: {'line': b'-- Generating done\n'}
[0.691119] (ex_msg_srv) StdoutLine: {'line': b'-- Build files have been written to: /home/neubility/ROS/ros2_communication_ws/build/ex_msg_srv\n'}
[0.694898] (ex_msg_srv) CommandEnded: {'returncode': 0}
[0.695867] (ex_msg_srv) JobProgress: {'identifier': 'ex_msg_srv', 'progress': 'build'}
[0.695910] (ex_msg_srv) Command: {'cmd': ['/usr/bin/cmake', '--build', '/home/neubility/ROS/ros2_communication_ws/build/ex_msg_srv', '--', '-j16', '-l16'], 'cwd': '/home/neubility/ROS/ros2_communication_ws/build/ex_msg_srv', 'env': OrderedDict([('GJS_DEBUG_TOPICS', 'JS ERROR;JS LOG'), ('LESSOPEN', '| /usr/bin/lesspipe %s'), ('USER', 'neubility'), ('LC_TIME', 'ko_KR.UTF-8'), ('TEXTDOMAIN', 'im-config'), ('XDG_SEAT', 'seat0'), ('SSH_AGENT_PID', '1359'), ('XDG_SESSION_TYPE', 'x11'), ('GIT_ASKPASS', '/usr/share/code/resources/app/extensions/git/dist/askpass.sh'), ('LD_LIBRARY_PATH', '/home/neubility/Qt5.14.2/Tools/QtCreator/lib:/usr/local/cuda-11.4/lib64:/usr/lib/x86_64-linux-gnu/gazebo-9/plugins:/opt/ros/eloquent/opt/yaml_cpp_vendor/lib:/opt/ros/eloquent/opt/rviz_ogre_vendor/lib:/opt/ros/eloquent/lib/x86_64-linux-gnu:/opt/ros/eloquent/lib'), ('SHLVL', '2'), ('CHROME_DESKTOP', 'code-url-handler.desktop'), ('QT4_IM_MODULE', 'xim'), ('HOME', '/home/neubility'), ('DESKTOP_SESSION', 'ubuntu'), ('TERM_PROGRAM_VERSION', '1.63.0'), ('GIO_LAUNCHED_DESKTOP_FILE', '/usr/share/applications/code.desktop'), ('GNOME_SHELL_SESSION_MODE', 'ubuntu'), ('GTK_MODULES', 'gail:atk-bridge'), ('VSCODE_GIT_ASKPASS_MAIN', '/usr/share/code/resources/app/extensions/git/dist/askpass-main.js'), ('ROS_PYTHON_VERSION', '3'), ('LC_MONETARY', 'ko_KR.UTF-8'), ('VSCODE_GIT_ASKPASS_NODE', '/usr/share/code/code'), ('DBUS_SESSION_BUS_ADDRESS', 'unix:path=/run/user/1000/bus'), ('COLORTERM', 'truecolor'), ('GIO_LAUNCHED_DESKTOP_FILE_PID', '19589'), ('IM_CONFIG_PHASE', '2'), ('ROS_DISTRO', 'eloquent'), ('LOGNAME', 'neubility'), ('GTK_IM_MODULE', 'ibus'), ('_', '/usr/bin/colcon'), ('ROS_VERSION', '2'), ('USERNAME', 'neubility'), ('XDG_SESSION_ID', '1'), ('TERM', 'xterm-256color'), ('ROS_LOCALHOST_ONLY', '0'), ('GNOME_DESKTOP_SESSION_ID', 'this-is-deprecated'), ('WINDOWPATH', '1'), ('PATH', '/home/neubility/Qt5.14.2/Tools/QtCreator/bin:/usr/local/cuda-11.4/bin:/opt/ros/eloquent/bin:/usr/local/sbin:/usr/local/bin:/usr/sbin:/usr/bin:/sbin:/bin:/usr/games:/usr/local/games:/snap/bin'), ('SESSION_MANAGER', 'local/neubility:@/tmp/.ICE-unix/1282,unix/neubility:/tmp/.ICE-unix/1282'), ('XDG_MENU_PREFIX', 'gnome-'), ('LC_ADDRESS', 'ko_KR.UTF-8'), ('GDK_BACKEND', 'x11'), ('XDG_RUNTIME_DIR', '/run/user/1000'), ('DISPLAY', ':0'), ('LANG', 'en_US.UTF-8'), ('XDG_CURRENT_DESKTOP', 'Unity'), ('LC_TELEPHONE', 'ko_KR.UTF-8'), ('RMW_IMPLEMENTATION', 'rmw_cyclonedds_cpp'), ('TERM_PROGRAM', 'vscode'), ('XDG_SESSION_DESKTOP', 'ubuntu'), ('XMODIFIERS', '@im=ibus'), ('VSCODE_GIT_IPC_HANDLE', '/run/user/1000/vscode-git-60516ff566.sock'), ('XAUTHORITY', '/run/user/1000/gdm/Xauthority'), ('AMENT_PREFIX_PATH', '/opt/ros/eloquent'), ('ORIGINAL_XDG_CURRENT_DESKTOP', 'ubuntu:GNOME'), ('SSH_AUTH_SOCK', '/run/user/1000/keyring/ssh'), ('ROS_DOMAIN_ID', '212'), ('LC_NAME', 'ko_KR.UTF-8'), ('SHELL', '/bin/bash'), ('QT_ACCESSIBILITY', '1'), ('GDMSESSION', 'ubuntu'), ('LESSCLOSE', '/usr/bin/lesspipe %s %s'), ('LC_MEASUREMENT', 'ko_KR.UTF-8'), ('TEXTDOMAINDIR', '/usr/share/locale/'), ('GJS_DEBUG_OUTPUT', 'stderr'), ('GPG_AGENT_INFO', '/run/user/1000/gnupg/S.gpg-agent:0:1'), ('LC_IDENTIFICATION', 'ko_KR.UTF-8'), ('VSCODE_GIT_ASKPASS_EXTRA_ARGS', '--ms-enable-electron-run-as-node'), ('XDG_VTNR', '1'), ('QT_IM_MODULE', 'ibus'), ('LC_ALL', 'en_US.UTF-8'), ('PWD', '/home/neubility/ROS/ros2_communication_ws/build/ex_msg_srv'), ('CLUTTER_IM_MODULE', 'xim'), ('XDG_DATA_DIRS', '/usr/share/ubuntu:/usr/local/share/:/usr/share/:/var/lib/snapd/desktop'), ('XDG_CONFIG_DIRS', '/etc/xdg/xdg-ubuntu:/etc/xdg'), ('LC_NUMERIC', 'ko_KR.UTF-8'), ('PYTHONPATH', '/opt/ros/eloquent/lib/python3.6/site-packages'), ('LC_PAPER', 'ko_KR.UTF-8'), ('BREAKPAD_DUMP_LOCATION', '/home/neubility/.config/Code/exthost Crash Reports'), ('COLCON', '1'), ('CMAKE_PREFIX_PATH', '/opt/ros/eloquent')]), 'shell': False}
[0.700410] (-) TimerEvent: {}
[0.751987] (ex_msg_srv) StdoutLine: {'line': b'[ 10%] Built target ex_msg_srv__rosidl_generator_c\n'}
[0.753538] (ex_msg_srv) StdoutLine: {'line': b'[ 12%] Built target ex_msg_srv__cpp\n'}
[0.774442] (ex_msg_srv) StdoutLine: {'line': b'[ 33%] Built target ex_msg_srv__rosidl_typesupport_introspection_c\n'}
[0.774671] (ex_msg_srv) StdoutLine: {'line': b'[ 30%] Built target ex_msg_srv__rosidl_typesupport_c\n'}
[0.774773] (ex_msg_srv) StdoutLine: {'line': b'[ 43%] Built target ex_msg_srv__rosidl_typesupport_cpp\n'}
[0.775699] (ex_msg_srv) StdoutLine: {'line': b'[ 53%] Built target ex_msg_srv__rosidl_typesupport_introspection_cpp\n'}
[0.779530] (ex_msg_srv) StdoutLine: {'line': b'[ 64%] Built target ex_msg_srv__rosidl_typesupport_fastrtps_cpp\n'}
[0.800503] (-) TimerEvent: {}
[0.803055] (ex_msg_srv) StdoutLine: {'line': b'[ 74%] Built target ex_msg_srv__rosidl_typesupport_fastrtps_c\n'}
[0.823992] (ex_msg_srv) StdoutLine: {'line': b'[ 74%] Built target ex_msg_srv\n'}
[0.843549] (ex_msg_srv) StdoutLine: {'line': b'[ 76%] Built target ex_msg_srv__py\n'}
[0.868897] (ex_msg_srv) StdoutLine: {'line': b'[ 84%] Built target ex_msg_srv__python\n'}
[0.893969] (ex_msg_srv) StdoutLine: {'line': b'[ 89%] Built target ex_msg_srv__rosidl_typesupport_introspection_c__pyext\n'}
[0.894520] (ex_msg_srv) StdoutLine: {'line': b'[100%] Built target ex_msg_srv__rosidl_typesupport_c__pyext\n'}
[0.894834] (ex_msg_srv) StdoutLine: {'line': b'[100%] Built target ex_msg_srv__rosidl_typesupport_fastrtps_c__pyext\n'}
[0.900599] (-) TimerEvent: {}
[0.905967] (ex_msg_srv) CommandEnded: {'returncode': 0}
[0.958810] (ex_msg_srv) JobProgress: {'identifier': 'ex_msg_srv', 'progress': 'install'}
[0.959361] (ex_msg_srv) Command: {'cmd': ['/usr/bin/cmake', '--build', '/home/neubility/ROS/ros2_communication_ws/build/ex_msg_srv', '--target', 'install', '--', '-j16', '-l16'], 'cwd': '/home/neubility/ROS/ros2_communication_ws/build/ex_msg_srv', 'env': OrderedDict([('GJS_DEBUG_TOPICS', 'JS ERROR;JS LOG'), ('LESSOPEN', '| /usr/bin/lesspipe %s'), ('USER', 'neubility'), ('LC_TIME', 'ko_KR.UTF-8'), ('TEXTDOMAIN', 'im-config'), ('XDG_SEAT', 'seat0'), ('SSH_AGENT_PID', '1359'), ('XDG_SESSION_TYPE', 'x11'), ('GIT_ASKPASS', '/usr/share/code/resources/app/extensions/git/dist/askpass.sh'), ('LD_LIBRARY_PATH', '/home/neubility/Qt5.14.2/Tools/QtCreator/lib:/usr/local/cuda-11.4/lib64:/usr/lib/x86_64-linux-gnu/gazebo-9/plugins:/opt/ros/eloquent/opt/yaml_cpp_vendor/lib:/opt/ros/eloquent/opt/rviz_ogre_vendor/lib:/opt/ros/eloquent/lib/x86_64-linux-gnu:/opt/ros/eloquent/lib'), ('SHLVL', '2'), ('CHROME_DESKTOP', 'code-url-handler.desktop'), ('QT4_IM_MODULE', 'xim'), ('HOME', '/home/neubility'), ('DESKTOP_SESSION', 'ubuntu'), ('TERM_PROGRAM_VERSION', '1.63.0'), ('GIO_LAUNCHED_DESKTOP_FILE', '/usr/share/applications/code.desktop'), ('GNOME_SHELL_SESSION_MODE', 'ubuntu'), ('GTK_MODULES', 'gail:atk-bridge'), ('VSCODE_GIT_ASKPASS_MAIN', '/usr/share/code/resources/app/extensions/git/dist/askpass-main.js'), ('ROS_PYTHON_VERSION', '3'), ('LC_MONETARY', 'ko_KR.UTF-8'), ('VSCODE_GIT_ASKPASS_NODE', '/usr/share/code/code'), ('DBUS_SESSION_BUS_ADDRESS', 'unix:path=/run/user/1000/bus'), ('COLORTERM', 'truecolor'), ('GIO_LAUNCHED_DESKTOP_FILE_PID', '19589'), ('IM_CONFIG_PHASE', '2'), ('ROS_DISTRO', 'eloquent'), ('LOGNAME', 'neubility'), ('GTK_IM_MODULE', 'ibus'), ('_', '/usr/bin/colcon'), ('ROS_VERSION', '2'), ('USERNAME', 'neubility'), ('XDG_SESSION_ID', '1'), ('TERM', 'xterm-256color'), ('ROS_LOCALHOST_ONLY', '0'), ('GNOME_DESKTOP_SESSION_ID', 'this-is-deprecated'), ('WINDOWPATH', '1'), ('PATH', '/home/neubility/Qt5.14.2/Tools/QtCreator/bin:/usr/local/cuda-11.4/bin:/opt/ros/eloquent/bin:/usr/local/sbin:/usr/local/bin:/usr/sbin:/usr/bin:/sbin:/bin:/usr/games:/usr/local/games:/snap/bin'), ('SESSION_MANAGER', 'local/neubility:@/tmp/.ICE-unix/1282,unix/neubility:/tmp/.ICE-unix/1282'), ('XDG_MENU_PREFIX', 'gnome-'), ('LC_ADDRESS', 'ko_KR.UTF-8'), ('GDK_BACKEND', 'x11'), ('XDG_RUNTIME_DIR', '/run/user/1000'), ('DISPLAY', ':0'), ('LANG', 'en_US.UTF-8'), ('XDG_CURRENT_DESKTOP', 'Unity'), ('LC_TELEPHONE', 'ko_KR.UTF-8'), ('RMW_IMPLEMENTATION', 'rmw_cyclonedds_cpp'), ('TERM_PROGRAM', 'vscode'), ('XDG_SESSION_DESKTOP', 'ubuntu'), ('XMODIFIERS', '@im=ibus'), ('VSCODE_GIT_IPC_HANDLE', '/run/user/1000/vscode-git-60516ff566.sock'), ('XAUTHORITY', '/run/user/1000/gdm/Xauthority'), ('AMENT_PREFIX_PATH', '/opt/ros/eloquent'), ('ORIGINAL_XDG_CURRENT_DESKTOP', 'ubuntu:GNOME'), ('SSH_AUTH_SOCK', '/run/user/1000/keyring/ssh'), ('ROS_DOMAIN_ID', '212'), ('LC_NAME', 'ko_KR.UTF-8'), ('SHELL', '/bin/bash'), ('QT_ACCESSIBILITY', '1'), ('GDMSESSION', 'ubuntu'), ('LESSCLOSE', '/usr/bin/lesspipe %s %s'), ('LC_MEASUREMENT', 'ko_KR.UTF-8'), ('TEXTDOMAINDIR', '/usr/share/locale/'), ('GJS_DEBUG_OUTPUT', 'stderr'), ('GPG_AGENT_INFO', '/run/user/1000/gnupg/S.gpg-agent:0:1'), ('LC_IDENTIFICATION', 'ko_KR.UTF-8'), ('VSCODE_GIT_ASKPASS_EXTRA_ARGS', '--ms-enable-electron-run-as-node'), ('XDG_VTNR', '1'), ('QT_IM_MODULE', 'ibus'), ('LC_ALL', 'en_US.UTF-8'), ('PWD', '/home/neubility/ROS/ros2_communication_ws/build/ex_msg_srv'), ('CLUTTER_IM_MODULE', 'xim'), ('XDG_DATA_DIRS', '/usr/share/ubuntu:/usr/local/share/:/usr/share/:/var/lib/snapd/desktop'), ('XDG_CONFIG_DIRS', '/etc/xdg/xdg-ubuntu:/etc/xdg'), ('LC_NUMERIC', 'ko_KR.UTF-8'), ('PYTHONPATH', '/opt/ros/eloquent/lib/python3.6/site-packages'), ('LC_PAPER', 'ko_KR.UTF-8'), ('BREAKPAD_DUMP_LOCATION', '/home/neubility/.config/Code/exthost Crash Reports'), ('COLCON', '1'), ('CMAKE_PREFIX_PATH', '/opt/ros/eloquent')]), 'shell': False}
[1.000859] (-) TimerEvent: {}
[1.011153] (ex_msg_srv) StdoutLine: {'line': b'[  2%] Built target ex_msg_srv__cpp\n'}
[1.012569] (ex_msg_srv) StdoutLine: {'line': b'[ 12%] Built target ex_msg_srv__rosidl_generator_c\n'}
[1.034596] (ex_msg_srv) StdoutLine: {'line': b'[ 23%] Built target ex_msg_srv__rosidl_typesupport_cpp\n'}
[1.034968] (ex_msg_srv) StdoutLine: {'line': b'[ 33%] Built target ex_msg_srv__rosidl_typesupport_introspection_cpp\n'}
[1.035334] (ex_msg_srv) StdoutLine: {'line': b'[ 43%] Built target ex_msg_srv__rosidl_typesupport_c\n'}
[1.037589] (ex_msg_srv) StdoutLine: {'line': b'[ 53%] Built target ex_msg_srv__rosidl_typesupport_introspection_c\n'}
[1.039742] (ex_msg_srv) StdoutLine: {'line': b'[ 64%] Built target ex_msg_srv__rosidl_typesupport_fastrtps_cpp\n'}
[1.064534] (ex_msg_srv) StdoutLine: {'line': b'[ 74%] Built target ex_msg_srv__rosidl_typesupport_fastrtps_c\n'}
[1.085897] (ex_msg_srv) StdoutLine: {'line': b'[ 74%] Built target ex_msg_srv\n'}
[1.100893] (-) TimerEvent: {}
[1.105470] (ex_msg_srv) StdoutLine: {'line': b'[ 76%] Built target ex_msg_srv__py\n'}
[1.129570] (ex_msg_srv) StdoutLine: {'line': b'[ 84%] Built target ex_msg_srv__python\n'}
[1.151892] (ex_msg_srv) StdoutLine: {'line': b'[ 89%] Built target ex_msg_srv__rosidl_typesupport_introspection_c__pyext\n'}
[1.153261] (ex_msg_srv) StdoutLine: {'line': b'[ 94%] Built target ex_msg_srv__rosidl_typesupport_fastrtps_c__pyext\n'}
[1.153564] (ex_msg_srv) StdoutLine: {'line': b'[100%] Built target ex_msg_srv__rosidl_typesupport_c__pyext\n'}
[1.170679] (ex_msg_srv) StdoutLine: {'line': b'\x1b[36mInstall the project...\x1b[0m\n'}
[1.178809] (ex_msg_srv) StdoutLine: {'line': b'-- Install configuration: "Debug"\n'}
[1.179092] (ex_msg_srv) StdoutLine: {'line': b'-- Up-to-date: /home/neubility/ROS/ros2_communication_ws/install/ex_msg_srv/share/ament_index/resource_index/rosidl_interfaces/ex_msg_srv\n'}
[1.179261] (ex_msg_srv) StdoutLine: {'line': b'-- Up-to-date: /home/neubility/ROS/ros2_communication_ws/install/ex_msg_srv/lib/libex_msg_srv__rosidl_typesupport_c.so\n'}
[1.179329] (ex_msg_srv) StdoutLine: {'line': b'-- Up-to-date: /home/neubility/ROS/ros2_communication_ws/install/ex_msg_srv/share/ex_msg_srv/environment/library_path.sh\n'}
[1.179395] (ex_msg_srv) StdoutLine: {'line': b'-- Installing: /home/neubility/ROS/ros2_communication_ws/install/ex_msg_srv/share/ex_msg_srv/environment/library_path.dsv\n'}
[1.179488] (ex_msg_srv) StdoutLine: {'line': b'-- Up-to-date: /home/neubility/ROS/ros2_communication_ws/install/ex_msg_srv/lib/libex_msg_srv__rosidl_typesupport_cpp.so\n'}
[1.179572] (ex_msg_srv) StdoutLine: {'line': b'-- Up-to-date: /home/neubility/ROS/ros2_communication_ws/install/ex_msg_srv/include/ex_msg_srv\n'}
[1.179673] (ex_msg_srv) StdoutLine: {'line': b'-- Up-to-date: /home/neubility/ROS/ros2_communication_ws/install/ex_msg_srv/include/ex_msg_srv/srv\n'}
[1.179737] (ex_msg_srv) StdoutLine: {'line': b'-- Up-to-date: /home/neubility/ROS/ros2_communication_ws/install/ex_msg_srv/include/ex_msg_srv/srv/add_three_ints__rosidl_typesupport_fastrtps_c.h\n'}
[1.179813] (ex_msg_srv) StdoutLine: {'line': b'-- Up-to-date: /home/neubility/ROS/ros2_communication_ws/install/ex_msg_srv/include/ex_msg_srv/msg\n'}
[1.179883] (ex_msg_srv) StdoutLine: {'line': b'-- Up-to-date: /home/neubility/ROS/ros2_communication_ws/install/ex_msg_srv/include/ex_msg_srv/msg/num__rosidl_typesupport_fastrtps_c.h\n'}
[1.179971] (ex_msg_srv) StdoutLine: {'line': b'-- Up-to-date: /home/neubility/ROS/ros2_communication_ws/install/ex_msg_srv/include/ex_msg_srv/msg/rosidl_typesupport_fastrtps_c__visibility_control.h\n'}
[1.180110] (ex_msg_srv) StdoutLine: {'line': b'-- Up-to-date: /home/neubility/ROS/ros2_communication_ws/install/ex_msg_srv/lib/libex_msg_srv__rosidl_typesupport_fastrtps_c.so\n'}
[1.180194] (ex_msg_srv) StdoutLine: {'line': b'-- Up-to-date: /home/neubility/ROS/ros2_communication_ws/install/ex_msg_srv/include/ex_msg_srv\n'}
[1.180270] (ex_msg_srv) StdoutLine: {'line': b'-- Up-to-date: /home/neubility/ROS/ros2_communication_ws/install/ex_msg_srv/include/ex_msg_srv/srv\n'}
[1.180330] (ex_msg_srv) StdoutLine: {'line': b'-- Up-to-date: /home/neubility/ROS/ros2_communication_ws/install/ex_msg_srv/include/ex_msg_srv/srv/add_three_ints.h\n'}
[1.180387] (ex_msg_srv) StdoutLine: {'line': b'-- Up-to-date: /home/neubility/ROS/ros2_communication_ws/install/ex_msg_srv/include/ex_msg_srv/srv/add_three_ints__struct.h\n'}
[1.180473] (ex_msg_srv) StdoutLine: {'line': b'-- Up-to-date: /home/neubility/ROS/ros2_communication_ws/install/ex_msg_srv/include/ex_msg_srv/srv/add_three_ints__functions.c\n'}
[1.180571] (ex_msg_srv) StdoutLine: {'line': b'-- Up-to-date: /home/neubility/ROS/ros2_communication_ws/install/ex_msg_srv/include/ex_msg_srv/srv/add_three_ints__type_support.h\n'}
[1.180633] (ex_msg_srv) StdoutLine: {'line': b'-- Up-to-date: /home/neubility/ROS/ros2_communication_ws/install/ex_msg_srv/include/ex_msg_srv/srv/add_three_ints__functions.h\n'}
[1.180807] (ex_msg_srv) StdoutLine: {'line': b'-- Up-to-date: /home/neubility/ROS/ros2_communication_ws/install/ex_msg_srv/include/ex_msg_srv/msg\n'}
[1.181029] (ex_msg_srv) StdoutLine: {'line': b'-- Up-to-date: /home/neubility/ROS/ros2_communication_ws/install/ex_msg_srv/include/ex_msg_srv/msg/num__type_support.h\n'}
[1.181262] (ex_msg_srv) StdoutLine: {'line': b'-- Up-to-date: /home/neubility/ROS/ros2_communication_ws/install/ex_msg_srv/include/ex_msg_srv/msg/num__functions.h\n'}
[1.181414] (ex_msg_srv) StdoutLine: {'line': b'-- Up-to-date: /home/neubility/ROS/ros2_communication_ws/install/ex_msg_srv/include/ex_msg_srv/msg/num__functions.c\n'}
[1.181532] (ex_msg_srv) StdoutLine: {'line': b'-- Up-to-date: /home/neubility/ROS/ros2_communication_ws/install/ex_msg_srv/include/ex_msg_srv/msg/rosidl_generator_c__visibility_control.h\n'}
[1.181638] (ex_msg_srv) StdoutLine: {'line': b'-- Up-to-date: /home/neubility/ROS/ros2_communication_ws/install/ex_msg_srv/include/ex_msg_srv/msg/num.h\n'}
[1.181798] (ex_msg_srv) StdoutLine: {'line': b'-- Up-to-date: /home/neubility/ROS/ros2_communication_ws/install/ex_msg_srv/include/ex_msg_srv/msg/num__struct.h\n'}
[1.181873] (ex_msg_srv) StdoutLine: {'line': b'-- Up-to-date: /home/neubility/ROS/ros2_communication_ws/install/ex_msg_srv/lib/libex_msg_srv__rosidl_generator_c.so\n'}
[1.181959] (ex_msg_srv) StdoutLine: {'line': b'-- Up-to-date: /home/neubility/ROS/ros2_communication_ws/install/ex_msg_srv/include/ex_msg_srv\n'}
[1.182056] (ex_msg_srv) StdoutLine: {'line': b'-- Up-to-date: /home/neubility/ROS/ros2_communication_ws/install/ex_msg_srv/include/ex_msg_srv/srv\n'}
[1.182117] (ex_msg_srv) StdoutLine: {'line': b'-- Up-to-date: /home/neubility/ROS/ros2_communication_ws/install/ex_msg_srv/include/ex_msg_srv/srv/dds_fastrtps\n'}
[1.182188] (ex_msg_srv) StdoutLine: {'line': b'-- Up-to-date: /home/neubility/ROS/ros2_communication_ws/install/ex_msg_srv/include/ex_msg_srv/srv/add_three_ints__rosidl_typesupport_fastrtps_cpp.hpp\n'}
[1.182248] (ex_msg_srv) StdoutLine: {'line': b'-- Up-to-date: /home/neubility/ROS/ros2_communication_ws/install/ex_msg_srv/include/ex_msg_srv/msg\n'}
[1.182331] (ex_msg_srv) StdoutLine: {'line': b'-- Up-to-date: /home/neubility/ROS/ros2_communication_ws/install/ex_msg_srv/include/ex_msg_srv/msg/dds_fastrtps\n'}
[1.182400] (ex_msg_srv) StdoutLine: {'line': b'-- Up-to-date: /home/neubility/ROS/ros2_communication_ws/install/ex_msg_srv/include/ex_msg_srv/msg/rosidl_typesupport_fastrtps_cpp__visibility_control.h\n'}
[1.182556] (ex_msg_srv) StdoutLine: {'line': b'-- Up-to-date: /home/neubility/ROS/ros2_communication_ws/install/ex_msg_srv/include/ex_msg_srv/msg/num__rosidl_typesupport_fastrtps_cpp.hpp\n'}
[1.182717] (ex_msg_srv) StdoutLine: {'line': b'-- Up-to-date: /home/neubility/ROS/ros2_communication_ws/install/ex_msg_srv/lib/libex_msg_srv__rosidl_typesupport_fastrtps_cpp.so\n'}
[1.182815] (ex_msg_srv) StdoutLine: {'line': b'-- Up-to-date: /home/neubility/ROS/ros2_communication_ws/install/ex_msg_srv/include/ex_msg_srv\n'}
[1.183041] (ex_msg_srv) StdoutLine: {'line': b'-- Up-to-date: /home/neubility/ROS/ros2_communication_ws/install/ex_msg_srv/include/ex_msg_srv/srv\n'}
[1.183155] (ex_msg_srv) StdoutLine: {'line': b'-- Up-to-date: /home/neubility/ROS/ros2_communication_ws/install/ex_msg_srv/include/ex_msg_srv/srv/add_three_ints__traits.hpp\n'}
[1.183258] (ex_msg_srv) StdoutLine: {'line': b'-- Up-to-date: /home/neubility/ROS/ros2_communication_ws/install/ex_msg_srv/include/ex_msg_srv/srv/add_three_ints.hpp\n'}
[1.183465] (ex_msg_srv) StdoutLine: {'line': b'-- Up-to-date: /home/neubility/ROS/ros2_communication_ws/install/ex_msg_srv/include/ex_msg_srv/srv/add_three_ints__struct.hpp\n'}
[1.183544] (ex_msg_srv) StdoutLine: {'line': b'-- Up-to-date: /home/neubility/ROS/ros2_communication_ws/install/ex_msg_srv/include/ex_msg_srv/msg\n'}
[1.183603] (ex_msg_srv) StdoutLine: {'line': b'-- Up-to-date: /home/neubility/ROS/ros2_communication_ws/install/ex_msg_srv/include/ex_msg_srv/msg/num__traits.hpp\n'}
[1.183662] (ex_msg_srv) StdoutLine: {'line': b'-- Up-to-date: /home/neubility/ROS/ros2_communication_ws/install/ex_msg_srv/include/ex_msg_srv/msg/num__struct.hpp\n'}
[1.183732] (ex_msg_srv) StdoutLine: {'line': b'-- Up-to-date: /home/neubility/ROS/ros2_communication_ws/install/ex_msg_srv/include/ex_msg_srv/msg/num.hpp\n'}
[1.183790] (ex_msg_srv) StdoutLine: {'line': b'-- Up-to-date: /home/neubility/ROS/ros2_communication_ws/install/ex_msg_srv/include/ex_msg_srv\n'}
[1.183847] (ex_msg_srv) StdoutLine: {'line': b'-- Up-to-date: /home/neubility/ROS/ros2_communication_ws/install/ex_msg_srv/include/ex_msg_srv/srv\n'}
[1.183904] (ex_msg_srv) StdoutLine: {'line': b'-- Up-to-date: /home/neubility/ROS/ros2_communication_ws/install/ex_msg_srv/include/ex_msg_srv/srv/add_three_ints__type_support.c\n'}
[1.183960] (ex_msg_srv) StdoutLine: {'line': b'-- Up-to-date: /home/neubility/ROS/ros2_communication_ws/install/ex_msg_srv/include/ex_msg_srv/srv/add_three_ints__rosidl_typesupport_introspection_c.h\n'}
[1.184039] (ex_msg_srv) StdoutLine: {'line': b'-- Up-to-date: /home/neubility/ROS/ros2_communication_ws/install/ex_msg_srv/include/ex_msg_srv/msg\n'}
[1.184099] (ex_msg_srv) StdoutLine: {'line': b'-- Up-to-date: /home/neubility/ROS/ros2_communication_ws/install/ex_msg_srv/include/ex_msg_srv/msg/rosidl_typesupport_introspection_c__visibility_control.h\n'}
[1.184156] (ex_msg_srv) StdoutLine: {'line': b'-- Up-to-date: /home/neubility/ROS/ros2_communication_ws/install/ex_msg_srv/include/ex_msg_srv/msg/num__type_support.c\n'}
[1.184212] (ex_msg_srv) StdoutLine: {'line': b'-- Up-to-date: /home/neubility/ROS/ros2_communication_ws/install/ex_msg_srv/include/ex_msg_srv/msg/num__rosidl_typesupport_introspection_c.h\n'}
[1.184269] (ex_msg_srv) StdoutLine: {'line': b'-- Up-to-date: /home/neubility/ROS/ros2_communication_ws/install/ex_msg_srv/lib/libex_msg_srv__rosidl_typesupport_introspection_c.so\n'}
[1.184325] (ex_msg_srv) StdoutLine: {'line': b'-- Up-to-date: /home/neubility/ROS/ros2_communication_ws/install/ex_msg_srv/include/ex_msg_srv\n'}
[1.184380] (ex_msg_srv) StdoutLine: {'line': b'-- Up-to-date: /home/neubility/ROS/ros2_communication_ws/install/ex_msg_srv/include/ex_msg_srv/srv\n'}
[1.184436] (ex_msg_srv) StdoutLine: {'line': b'-- Up-to-date: /home/neubility/ROS/ros2_communication_ws/install/ex_msg_srv/include/ex_msg_srv/srv/add_three_ints__rosidl_typesupport_introspection_cpp.hpp\n'}
[1.184492] (ex_msg_srv) StdoutLine: {'line': b'-- Up-to-date: /home/neubility/ROS/ros2_communication_ws/install/ex_msg_srv/include/ex_msg_srv/srv/add_three_ints__type_support.cpp\n'}
[1.184548] (ex_msg_srv) StdoutLine: {'line': b'-- Up-to-date: /home/neubility/ROS/ros2_communication_ws/install/ex_msg_srv/include/ex_msg_srv/msg\n'}
[1.184608] (ex_msg_srv) StdoutLine: {'line': b'-- Up-to-date: /home/neubility/ROS/ros2_communication_ws/install/ex_msg_srv/include/ex_msg_srv/msg/num__rosidl_typesupport_introspection_cpp.hpp\n'}
[1.184669] (ex_msg_srv) StdoutLine: {'line': b'-- Up-to-date: /home/neubility/ROS/ros2_communication_ws/install/ex_msg_srv/include/ex_msg_srv/msg/num__type_support.cpp\n'}
[1.184966] (ex_msg_srv) StdoutLine: {'line': b'-- Up-to-date: /home/neubility/ROS/ros2_communication_ws/install/ex_msg_srv/lib/libex_msg_srv__rosidl_typesupport_introspection_cpp.so\n'}
[1.185040] (ex_msg_srv) StdoutLine: {'line': b'-- Up-to-date: /home/neubility/ROS/ros2_communication_ws/install/ex_msg_srv/share/ex_msg_srv/environment/pythonpath.sh\n'}
[1.185162] (ex_msg_srv) StdoutLine: {'line': b'-- Installing: /home/neubility/ROS/ros2_communication_ws/install/ex_msg_srv/share/ex_msg_srv/environment/pythonpath.dsv\n'}
[1.185245] (ex_msg_srv) StdoutLine: {'line': b'-- Installing: /home/neubility/ROS/ros2_communication_ws/install/ex_msg_srv/lib/python3.6/site-packages/ex_msg_srv/__init__.py\n'}
[1.200989] (-) TimerEvent: {}
[1.212080] (ex_msg_srv) StdoutLine: {'line': b"Compiling '/home/neubility/ROS/ros2_communication_ws/install/ex_msg_srv/lib/python3.6/site-packages/ex_msg_srv/__init__.py'...\n"}
[1.217330] (ex_msg_srv) StdoutLine: {'line': b'-- Up-to-date: /home/neubility/ROS/ros2_communication_ws/install/ex_msg_srv/lib/python3.6/site-packages/ex_msg_srv/msg\n'}
[1.217850] (ex_msg_srv) StdoutLine: {'line': b'-- Up-to-date: /home/neubility/ROS/ros2_communication_ws/install/ex_msg_srv/lib/python3.6/site-packages/ex_msg_srv/msg/_num_s.c\n'}
[1.218002] (ex_msg_srv) StdoutLine: {'line': b'-- Up-to-date: /home/neubility/ROS/ros2_communication_ws/install/ex_msg_srv/lib/python3.6/site-packages/ex_msg_srv/msg/_num.py\n'}
[1.218060] (ex_msg_srv) StdoutLine: {'line': b'-- Up-to-date: /home/neubility/ROS/ros2_communication_ws/install/ex_msg_srv/lib/python3.6/site-packages/ex_msg_srv/msg/__init__.py\n'}
[1.218114] (ex_msg_srv) StdoutLine: {'line': b'-- Up-to-date: /home/neubility/ROS/ros2_communication_ws/install/ex_msg_srv/lib/python3.6/site-packages/ex_msg_srv/srv\n'}
[1.218167] (ex_msg_srv) StdoutLine: {'line': b'-- Up-to-date: /home/neubility/ROS/ros2_communication_ws/install/ex_msg_srv/lib/python3.6/site-packages/ex_msg_srv/srv/_add_three_ints_s.c\n'}
[1.218220] (ex_msg_srv) StdoutLine: {'line': b'-- Up-to-date: /home/neubility/ROS/ros2_communication_ws/install/ex_msg_srv/lib/python3.6/site-packages/ex_msg_srv/srv/__init__.py\n'}
[1.218271] (ex_msg_srv) StdoutLine: {'line': b'-- Up-to-date: /home/neubility/ROS/ros2_communication_ws/install/ex_msg_srv/lib/python3.6/site-packages/ex_msg_srv/srv/_add_three_ints.py\n'}
[1.218322] (ex_msg_srv) StdoutLine: {'line': b'-- Up-to-date: /home/neubility/ROS/ros2_communication_ws/install/ex_msg_srv/lib/python3.6/site-packages/ex_msg_srv/ex_msg_srv_s__rosidl_typesupport_c.cpython-36m-x86_64-linux-gnu.so\n'}
[1.218398] (ex_msg_srv) StdoutLine: {'line': b'-- Up-to-date: /home/neubility/ROS/ros2_communication_ws/install/ex_msg_srv/lib/python3.6/site-packages/ex_msg_srv/ex_msg_srv_s__rosidl_typesupport_introspection_c.cpython-36m-x86_64-linux-gnu.so\n'}
[1.218907] (ex_msg_srv) StdoutLine: {'line': b'-- Up-to-date: /home/neubility/ROS/ros2_communication_ws/install/ex_msg_srv/lib/python3.6/site-packages/ex_msg_srv/ex_msg_srv_s__rosidl_typesupport_fastrtps_c.cpython-36m-x86_64-linux-gnu.so\n'}
[1.219344] (ex_msg_srv) StdoutLine: {'line': b'-- Up-to-date: /home/neubility/ROS/ros2_communication_ws/install/ex_msg_srv/lib/libex_msg_srv__python.so\n'}
[1.219471] (ex_msg_srv) StdoutLine: {'line': b'-- Up-to-date: /home/neubility/ROS/ros2_communication_ws/install/ex_msg_srv/share/ex_msg_srv/msg/Num.idl\n'}
[1.219533] (ex_msg_srv) StdoutLine: {'line': b'-- Up-to-date: /home/neubility/ROS/ros2_communication_ws/install/ex_msg_srv/share/ex_msg_srv/srv/AddThreeInts.idl\n'}
[1.219606] (ex_msg_srv) StdoutLine: {'line': b'-- Up-to-date: /home/neubility/ROS/ros2_communication_ws/install/ex_msg_srv/share/ex_msg_srv/msg/Num.msg\n'}
[1.219680] (ex_msg_srv) StdoutLine: {'line': b'-- Up-to-date: /home/neubility/ROS/ros2_communication_ws/install/ex_msg_srv/share/ex_msg_srv/srv/AddThreeInts.srv\n'}
[1.219742] (ex_msg_srv) StdoutLine: {'line': b'-- Up-to-date: /home/neubility/ROS/ros2_communication_ws/install/ex_msg_srv/share/ex_msg_srv/srv/AddThreeInts_Request.msg\n'}
[1.219807] (ex_msg_srv) StdoutLine: {'line': b'-- Up-to-date: /home/neubility/ROS/ros2_communication_ws/install/ex_msg_srv/share/ex_msg_srv/srv/AddThreeInts_Response.msg\n'}
[1.219866] (ex_msg_srv) StdoutLine: {'line': b'-- Up-to-date: /home/neubility/ROS/ros2_communication_ws/install/ex_msg_srv/share/ament_index/resource_index/package_run_dependencies/ex_msg_srv\n'}
[1.219916] (ex_msg_srv) StdoutLine: {'line': b'-- Installing: /home/neubility/ROS/ros2_communication_ws/install/ex_msg_srv/share/ament_index/resource_index/parent_prefix_path/ex_msg_srv\n'}
[1.220001] (ex_msg_srv) StdoutLine: {'line': b'-- Up-to-date: /home/neubility/ROS/ros2_communication_ws/install/ex_msg_srv/share/ex_msg_srv/environment/ament_prefix_path.sh\n'}
[1.220055] (ex_msg_srv) StdoutLine: {'line': b'-- Installing: /home/neubility/ROS/ros2_communication_ws/install/ex_msg_srv/share/ex_msg_srv/environment/ament_prefix_path.dsv\n'}
[1.220139] (ex_msg_srv) StdoutLine: {'line': b'-- Up-to-date: /home/neubility/ROS/ros2_communication_ws/install/ex_msg_srv/share/ex_msg_srv/environment/path.sh\n'}
[1.220192] (ex_msg_srv) StdoutLine: {'line': b'-- Installing: /home/neubility/ROS/ros2_communication_ws/install/ex_msg_srv/share/ex_msg_srv/environment/path.dsv\n'}
[1.220261] (ex_msg_srv) StdoutLine: {'line': b'-- Up-to-date: /home/neubility/ROS/ros2_communication_ws/install/ex_msg_srv/share/ex_msg_srv/local_setup.bash\n'}
[1.220355] (ex_msg_srv) StdoutLine: {'line': b'-- Up-to-date: /home/neubility/ROS/ros2_communication_ws/install/ex_msg_srv/share/ex_msg_srv/local_setup.sh\n'}
[1.220406] (ex_msg_srv) StdoutLine: {'line': b'-- Up-to-date: /home/neubility/ROS/ros2_communication_ws/install/ex_msg_srv/share/ex_msg_srv/local_setup.zsh\n'}
[1.220469] (ex_msg_srv) StdoutLine: {'line': b'-- Installing: /home/neubility/ROS/ros2_communication_ws/install/ex_msg_srv/share/ex_msg_srv/local_setup.dsv\n'}
[1.220519] (ex_msg_srv) StdoutLine: {'line': b'-- Installing: /home/neubility/ROS/ros2_communication_ws/install/ex_msg_srv/share/ex_msg_srv/package.dsv\n'}
[1.220588] (ex_msg_srv) StdoutLine: {'line': b'-- Up-to-date: /home/neubility/ROS/ros2_communication_ws/install/ex_msg_srv/share/ament_index/resource_index/packages/ex_msg_srv\n'}
[1.220648] (ex_msg_srv) StdoutLine: {'line': b'-- Up-to-date: /home/neubility/ROS/ros2_communication_ws/install/ex_msg_srv/share/ex_msg_srv/cmake/rosidl_cmake-extras.cmake\n'}
[1.220948] (ex_msg_srv) StdoutLine: {'line': b'-- Up-to-date: /home/neubility/ROS/ros2_communication_ws/install/ex_msg_srv/share/ex_msg_srv/cmake/ament_cmake_export_libraries-extras.cmake\n'}
[1.221049] (ex_msg_srv) StdoutLine: {'line': b'-- Up-to-date: /home/neubility/ROS/ros2_communication_ws/install/ex_msg_srv/share/ex_msg_srv/cmake/ament_cmake_export_include_directories-extras.cmake\n'}
[1.221113] (ex_msg_srv) StdoutLine: {'line': b'-- Up-to-date: /home/neubility/ROS/ros2_communication_ws/install/ex_msg_srv/share/ex_msg_srv/cmake/ex_msg_srvConfig.cmake\n'}
[1.221205] (ex_msg_srv) StdoutLine: {'line': b'-- Up-to-date: /home/neubility/ROS/ros2_communication_ws/install/ex_msg_srv/share/ex_msg_srv/cmake/ex_msg_srvConfig-version.cmake\n'}
[1.221317] (ex_msg_srv) StdoutLine: {'line': b'-- Up-to-date: /home/neubility/ROS/ros2_communication_ws/install/ex_msg_srv/share/ex_msg_srv/package.xml\n'}
[1.223729] (ex_msg_srv) CommandEnded: {'returncode': 0}
[1.301157] (-) TimerEvent: {}
[1.306712] (ex_msg_srv) JobEnded: {'identifier': 'ex_msg_srv', 'rc': 0}
[1.309859] (practice_code_pkg) JobStarted: {'identifier': 'practice_code_pkg'}
[1.312651] (pub_ex) JobStarted: {'identifier': 'pub_ex'}
[1.319232] (practice_code_pkg) JobProgress: {'identifier': 'practice_code_pkg', 'progress': 'cmake'}
[1.319688] (practice_code_pkg) Command: {'cmd': ['/usr/bin/cmake', '/home/neubility/ROS/ros2_communication_ws/src/practice_code_pkg', '-DCMAKE_BUILD_TYPE=Debug', '-DCMAKE_INSTALL_PREFIX=/home/neubility/ROS/ros2_communication_ws/install/practice_code_pkg'], 'cwd': '/home/neubility/ROS/ros2_communication_ws/build/practice_code_pkg', 'env': OrderedDict([('GJS_DEBUG_TOPICS', 'JS ERROR;JS LOG'), ('LESSOPEN', '| /usr/bin/lesspipe %s'), ('USER', 'neubility'), ('LC_TIME', 'ko_KR.UTF-8'), ('TEXTDOMAIN', 'im-config'), ('XDG_SEAT', 'seat0'), ('SSH_AGENT_PID', '1359'), ('XDG_SESSION_TYPE', 'x11'), ('GIT_ASKPASS', '/usr/share/code/resources/app/extensions/git/dist/askpass.sh'), ('LD_LIBRARY_PATH', '/home/neubility/ROS/ros2_communication_ws/install/ex_msg_srv/lib:/home/neubility/Qt5.14.2/Tools/QtCreator/lib:/usr/local/cuda-11.4/lib64:/usr/lib/x86_64-linux-gnu/gazebo-9/plugins:/opt/ros/eloquent/opt/yaml_cpp_vendor/lib:/opt/ros/eloquent/opt/rviz_ogre_vendor/lib:/opt/ros/eloquent/lib/x86_64-linux-gnu:/opt/ros/eloquent/lib'), ('SHLVL', '2'), ('CHROME_DESKTOP', 'code-url-handler.desktop'), ('QT4_IM_MODULE', 'xim'), ('HOME', '/home/neubility'), ('DESKTOP_SESSION', 'ubuntu'), ('TERM_PROGRAM_VERSION', '1.63.0'), ('GIO_LAUNCHED_DESKTOP_FILE', '/usr/share/applications/code.desktop'), ('GNOME_SHELL_SESSION_MODE', 'ubuntu'), ('GTK_MODULES', 'gail:atk-bridge'), ('VSCODE_GIT_ASKPASS_MAIN', '/usr/share/code/resources/app/extensions/git/dist/askpass-main.js'), ('ROS_PYTHON_VERSION', '3'), ('LC_MONETARY', 'ko_KR.UTF-8'), ('VSCODE_GIT_ASKPASS_NODE', '/usr/share/code/code'), ('DBUS_SESSION_BUS_ADDRESS', 'unix:path=/run/user/1000/bus'), ('COLORTERM', 'truecolor'), ('GIO_LAUNCHED_DESKTOP_FILE_PID', '19589'), ('IM_CONFIG_PHASE', '2'), ('ROS_DISTRO', 'eloquent'), ('LOGNAME', 'neubility'), ('GTK_IM_MODULE', 'ibus'), ('_', '/usr/bin/colcon'), ('ROS_VERSION', '2'), ('USERNAME', 'neubility'), ('XDG_SESSION_ID', '1'), ('TERM', 'xterm-256color'), ('ROS_LOCALHOST_ONLY', '0'), ('GNOME_DESKTOP_SESSION_ID', 'this-is-deprecated'), ('WINDOWPATH', '1'), ('PATH', '/home/neubility/Qt5.14.2/Tools/QtCreator/bin:/usr/local/cuda-11.4/bin:/opt/ros/eloquent/bin:/usr/local/sbin:/usr/local/bin:/usr/sbin:/usr/bin:/sbin:/bin:/usr/games:/usr/local/games:/snap/bin'), ('SESSION_MANAGER', 'local/neubility:@/tmp/.ICE-unix/1282,unix/neubility:/tmp/.ICE-unix/1282'), ('XDG_MENU_PREFIX', 'gnome-'), ('LC_ADDRESS', 'ko_KR.UTF-8'), ('GDK_BACKEND', 'x11'), ('XDG_RUNTIME_DIR', '/run/user/1000'), ('DISPLAY', ':0'), ('LANG', 'en_US.UTF-8'), ('XDG_CURRENT_DESKTOP', 'Unity'), ('LC_TELEPHONE', 'ko_KR.UTF-8'), ('RMW_IMPLEMENTATION', 'rmw_cyclonedds_cpp'), ('TERM_PROGRAM', 'vscode'), ('XDG_SESSION_DESKTOP', 'ubuntu'), ('XMODIFIERS', '@im=ibus'), ('VSCODE_GIT_IPC_HANDLE', '/run/user/1000/vscode-git-60516ff566.sock'), ('XAUTHORITY', '/run/user/1000/gdm/Xauthority'), ('AMENT_PREFIX_PATH', '/home/neubility/ROS/ros2_communication_ws/install/ex_msg_srv:/opt/ros/eloquent'), ('ORIGINAL_XDG_CURRENT_DESKTOP', 'ubuntu:GNOME'), ('SSH_AUTH_SOCK', '/run/user/1000/keyring/ssh'), ('ROS_DOMAIN_ID', '212'), ('LC_NAME', 'ko_KR.UTF-8'), ('SHELL', '/bin/bash'), ('QT_ACCESSIBILITY', '1'), ('GDMSESSION', 'ubuntu'), ('LESSCLOSE', '/usr/bin/lesspipe %s %s'), ('LC_MEASUREMENT', 'ko_KR.UTF-8'), ('TEXTDOMAINDIR', '/usr/share/locale/'), ('GJS_DEBUG_OUTPUT', 'stderr'), ('GPG_AGENT_INFO', '/run/user/1000/gnupg/S.gpg-agent:0:1'), ('LC_IDENTIFICATION', 'ko_KR.UTF-8'), ('VSCODE_GIT_ASKPASS_EXTRA_ARGS', '--ms-enable-electron-run-as-node'), ('XDG_VTNR', '1'), ('QT_IM_MODULE', 'ibus'), ('LC_ALL', 'en_US.UTF-8'), ('PWD', '/home/neubility/ROS/ros2_communication_ws/build/practice_code_pkg'), ('CLUTTER_IM_MODULE', 'xim'), ('XDG_DATA_DIRS', '/usr/share/ubuntu:/usr/local/share/:/usr/share/:/var/lib/snapd/desktop'), ('XDG_CONFIG_DIRS', '/etc/xdg/xdg-ubuntu:/etc/xdg'), ('LC_NUMERIC', 'ko_KR.UTF-8'), ('PYTHONPATH', '/home/neubility/ROS/ros2_communication_ws/install/ex_msg_srv/lib/python3.6/site-packages:/opt/ros/eloquent/lib/python3.6/site-packages'), ('LC_PAPER', 'ko_KR.UTF-8'), ('BREAKPAD_DUMP_LOCATION', '/home/neubility/.config/Code/exthost Crash Reports'), ('COLCON', '1'), ('CMAKE_PREFIX_PATH', '/home/neubility/ROS/ros2_communication_ws/install/ex_msg_srv:/opt/ros/eloquent')]), 'shell': False}
[1.323202] (pub_ex) JobProgress: {'identifier': 'pub_ex', 'progress': 'cmake'}
[1.324304] (pub_ex) Command: {'cmd': ['/usr/bin/cmake', '/home/neubility/ROS/ros2_communication_ws/src/pub_ex_pkg', '-DCMAKE_BUILD_TYPE=Debug', '-DCMAKE_INSTALL_PREFIX=/home/neubility/ROS/ros2_communication_ws/install/pub_ex'], 'cwd': '/home/neubility/ROS/ros2_communication_ws/build/pub_ex', 'env': OrderedDict([('GJS_DEBUG_TOPICS', 'JS ERROR;JS LOG'), ('LESSOPEN', '| /usr/bin/lesspipe %s'), ('USER', 'neubility'), ('LC_TIME', 'ko_KR.UTF-8'), ('TEXTDOMAIN', 'im-config'), ('XDG_SEAT', 'seat0'), ('SSH_AGENT_PID', '1359'), ('XDG_SESSION_TYPE', 'x11'), ('GIT_ASKPASS', '/usr/share/code/resources/app/extensions/git/dist/askpass.sh'), ('LD_LIBRARY_PATH', '/home/neubility/ROS/ros2_communication_ws/install/ex_msg_srv/lib:/home/neubility/Qt5.14.2/Tools/QtCreator/lib:/usr/local/cuda-11.4/lib64:/usr/lib/x86_64-linux-gnu/gazebo-9/plugins:/opt/ros/eloquent/opt/yaml_cpp_vendor/lib:/opt/ros/eloquent/opt/rviz_ogre_vendor/lib:/opt/ros/eloquent/lib/x86_64-linux-gnu:/opt/ros/eloquent/lib'), ('SHLVL', '2'), ('CHROME_DESKTOP', 'code-url-handler.desktop'), ('QT4_IM_MODULE', 'xim'), ('HOME', '/home/neubility'), ('DESKTOP_SESSION', 'ubuntu'), ('TERM_PROGRAM_VERSION', '1.63.0'), ('GIO_LAUNCHED_DESKTOP_FILE', '/usr/share/applications/code.desktop'), ('GNOME_SHELL_SESSION_MODE', 'ubuntu'), ('GTK_MODULES', 'gail:atk-bridge'), ('VSCODE_GIT_ASKPASS_MAIN', '/usr/share/code/resources/app/extensions/git/dist/askpass-main.js'), ('ROS_PYTHON_VERSION', '3'), ('LC_MONETARY', 'ko_KR.UTF-8'), ('VSCODE_GIT_ASKPASS_NODE', '/usr/share/code/code'), ('DBUS_SESSION_BUS_ADDRESS', 'unix:path=/run/user/1000/bus'), ('COLORTERM', 'truecolor'), ('GIO_LAUNCHED_DESKTOP_FILE_PID', '19589'), ('IM_CONFIG_PHASE', '2'), ('ROS_DISTRO', 'eloquent'), ('LOGNAME', 'neubility'), ('GTK_IM_MODULE', 'ibus'), ('_', '/usr/bin/colcon'), ('ROS_VERSION', '2'), ('USERNAME', 'neubility'), ('XDG_SESSION_ID', '1'), ('TERM', 'xterm-256color'), ('ROS_LOCALHOST_ONLY', '0'), ('GNOME_DESKTOP_SESSION_ID', 'this-is-deprecated'), ('WINDOWPATH', '1'), ('PATH', '/home/neubility/Qt5.14.2/Tools/QtCreator/bin:/usr/local/cuda-11.4/bin:/opt/ros/eloquent/bin:/usr/local/sbin:/usr/local/bin:/usr/sbin:/usr/bin:/sbin:/bin:/usr/games:/usr/local/games:/snap/bin'), ('SESSION_MANAGER', 'local/neubility:@/tmp/.ICE-unix/1282,unix/neubility:/tmp/.ICE-unix/1282'), ('XDG_MENU_PREFIX', 'gnome-'), ('LC_ADDRESS', 'ko_KR.UTF-8'), ('GDK_BACKEND', 'x11'), ('XDG_RUNTIME_DIR', '/run/user/1000'), ('DISPLAY', ':0'), ('LANG', 'en_US.UTF-8'), ('XDG_CURRENT_DESKTOP', 'Unity'), ('LC_TELEPHONE', 'ko_KR.UTF-8'), ('RMW_IMPLEMENTATION', 'rmw_cyclonedds_cpp'), ('TERM_PROGRAM', 'vscode'), ('XDG_SESSION_DESKTOP', 'ubuntu'), ('XMODIFIERS', '@im=ibus'), ('VSCODE_GIT_IPC_HANDLE', '/run/user/1000/vscode-git-60516ff566.sock'), ('XAUTHORITY', '/run/user/1000/gdm/Xauthority'), ('AMENT_PREFIX_PATH', '/home/neubility/ROS/ros2_communication_ws/install/ex_msg_srv:/opt/ros/eloquent'), ('ORIGINAL_XDG_CURRENT_DESKTOP', 'ubuntu:GNOME'), ('SSH_AUTH_SOCK', '/run/user/1000/keyring/ssh'), ('ROS_DOMAIN_ID', '212'), ('LC_NAME', 'ko_KR.UTF-8'), ('SHELL', '/bin/bash'), ('QT_ACCESSIBILITY', '1'), ('GDMSESSION', 'ubuntu'), ('LESSCLOSE', '/usr/bin/lesspipe %s %s'), ('LC_MEASUREMENT', 'ko_KR.UTF-8'), ('TEXTDOMAINDIR', '/usr/share/locale/'), ('GJS_DEBUG_OUTPUT', 'stderr'), ('GPG_AGENT_INFO', '/run/user/1000/gnupg/S.gpg-agent:0:1'), ('LC_IDENTIFICATION', 'ko_KR.UTF-8'), ('VSCODE_GIT_ASKPASS_EXTRA_ARGS', '--ms-enable-electron-run-as-node'), ('XDG_VTNR', '1'), ('QT_IM_MODULE', 'ibus'), ('LC_ALL', 'en_US.UTF-8'), ('PWD', '/home/neubility/ROS/ros2_communication_ws/build/pub_ex'), ('CLUTTER_IM_MODULE', 'xim'), ('XDG_DATA_DIRS', '/usr/share/ubuntu:/usr/local/share/:/usr/share/:/var/lib/snapd/desktop'), ('XDG_CONFIG_DIRS', '/etc/xdg/xdg-ubuntu:/etc/xdg'), ('LC_NUMERIC', 'ko_KR.UTF-8'), ('PYTHONPATH', '/home/neubility/ROS/ros2_communication_ws/install/ex_msg_srv/lib/python3.6/site-packages:/opt/ros/eloquent/lib/python3.6/site-packages'), ('LC_PAPER', 'ko_KR.UTF-8'), ('BREAKPAD_DUMP_LOCATION', '/home/neubility/.config/Code/exthost Crash Reports'), ('COLCON', '1'), ('CMAKE_PREFIX_PATH', '/home/neubility/ROS/ros2_communication_ws/install/ex_msg_srv:/opt/ros/eloquent')]), 'shell': False}
[1.331988] (practice_code_pkg) StdoutLine: {'line': b'-- Found ament_cmake: 0.8.3 (/opt/ros/eloquent/share/ament_cmake/cmake)\n'}
[1.338716] (pub_ex) StdoutLine: {'line': b'-- Found ament_cmake: 0.8.3 (/opt/ros/eloquent/share/ament_cmake/cmake)\n'}
[1.358311] (practice_code_pkg) StdoutLine: {'line': b'-- Using PYTHON_EXECUTABLE: /usr/bin/python3\n'}
[1.362230] (pub_ex) StdoutLine: {'line': b'-- Using PYTHON_EXECUTABLE: /usr/bin/python3\n'}
[1.401233] (-) TimerEvent: {}
[1.501581] (-) TimerEvent: {}
[1.520390] (practice_code_pkg) StdoutLine: {'line': b'-- Found rclcpp: 0.8.5 (/opt/ros/eloquent/share/rclcpp/cmake)\n'}
[1.531872] (practice_code_pkg) StdoutLine: {'line': b'-- Found rosidl_adapter: 0.8.3 (/opt/ros/eloquent/share/rosidl_adapter/cmake)\n'}
[1.538795] (pub_ex) StdoutLine: {'line': b'-- Found rclcpp: 0.8.5 (/opt/ros/eloquent/share/rclcpp/cmake)\n'}
[1.549231] (pub_ex) StdoutLine: {'line': b'-- Found rosidl_adapter: 0.8.3 (/opt/ros/eloquent/share/rosidl_adapter/cmake)\n'}
[1.556649] (practice_code_pkg) StdoutLine: {'line': b'-- Found rmw_implementation_cmake: 0.8.1 (/opt/ros/eloquent/share/rmw_implementation_cmake/cmake)\n'}
[1.557806] (practice_code_pkg) StdoutLine: {'line': b"-- Using RMW implementation 'rmw_cyclonedds_cpp' as default\n"}
[1.574207] (pub_ex) StdoutLine: {'line': b'-- Found rmw_implementation_cmake: 0.8.1 (/opt/ros/eloquent/share/rmw_implementation_cmake/cmake)\n'}
[1.575329] (pub_ex) StdoutLine: {'line': b"-- Using RMW implementation 'rmw_cyclonedds_cpp' as default\n"}
[1.581792] (practice_code_pkg) StdoutLine: {'line': b'-- Found std_msgs: 0.8.1 (/opt/ros/eloquent/share/std_msgs/cmake)\n'}
[1.585355] (practice_code_pkg) StdoutLine: {'line': b'-- Found ex_msg_srv: 0.0.0 (/home/neubility/ROS/ros2_communication_ws/install/ex_msg_srv/share/ex_msg_srv/cmake)\n'}
[1.598941] (pub_ex) StdoutLine: {'line': b'-- Found std_msgs: 0.8.1 (/opt/ros/eloquent/share/std_msgs/cmake)\n'}
[1.601774] (-) TimerEvent: {}
[1.603222] (pub_ex) StdoutLine: {'line': b'-- Found ex_msg_srv: 0.0.0 (/home/neubility/ROS/ros2_communication_ws/install/ex_msg_srv/share/ex_msg_srv/cmake)\n'}
[1.676178] (practice_code_pkg) StdoutLine: {'line': b'-- Configuring done\n'}
[1.681339] (pub_ex) StdoutLine: {'line': b'-- Configuring done\n'}
[1.688345] (pub_ex) StdoutLine: {'line': b'-- Generating done\n'}
[1.689032] (practice_code_pkg) StdoutLine: {'line': b'-- Generating done\n'}
[1.689361] (pub_ex) StdoutLine: {'line': b'-- Build files have been written to: /home/neubility/ROS/ros2_communication_ws/build/pub_ex\n'}
[1.690455] (practice_code_pkg) StdoutLine: {'line': b'-- Build files have been written to: /home/neubility/ROS/ros2_communication_ws/build/practice_code_pkg\n'}
[1.691653] (pub_ex) CommandEnded: {'returncode': 0}
[1.692309] (pub_ex) JobProgress: {'identifier': 'pub_ex', 'progress': 'build'}
[1.692495] (pub_ex) Command: {'cmd': ['/usr/bin/cmake', '--build', '/home/neubility/ROS/ros2_communication_ws/build/pub_ex', '--', '-j16', '-l16'], 'cwd': '/home/neubility/ROS/ros2_communication_ws/build/pub_ex', 'env': OrderedDict([('GJS_DEBUG_TOPICS', 'JS ERROR;JS LOG'), ('LESSOPEN', '| /usr/bin/lesspipe %s'), ('USER', 'neubility'), ('LC_TIME', 'ko_KR.UTF-8'), ('TEXTDOMAIN', 'im-config'), ('XDG_SEAT', 'seat0'), ('SSH_AGENT_PID', '1359'), ('XDG_SESSION_TYPE', 'x11'), ('GIT_ASKPASS', '/usr/share/code/resources/app/extensions/git/dist/askpass.sh'), ('LD_LIBRARY_PATH', '/home/neubility/ROS/ros2_communication_ws/install/ex_msg_srv/lib:/home/neubility/Qt5.14.2/Tools/QtCreator/lib:/usr/local/cuda-11.4/lib64:/usr/lib/x86_64-linux-gnu/gazebo-9/plugins:/opt/ros/eloquent/opt/yaml_cpp_vendor/lib:/opt/ros/eloquent/opt/rviz_ogre_vendor/lib:/opt/ros/eloquent/lib/x86_64-linux-gnu:/opt/ros/eloquent/lib'), ('SHLVL', '2'), ('CHROME_DESKTOP', 'code-url-handler.desktop'), ('QT4_IM_MODULE', 'xim'), ('HOME', '/home/neubility'), ('DESKTOP_SESSION', 'ubuntu'), ('TERM_PROGRAM_VERSION', '1.63.0'), ('GIO_LAUNCHED_DESKTOP_FILE', '/usr/share/applications/code.desktop'), ('GNOME_SHELL_SESSION_MODE', 'ubuntu'), ('GTK_MODULES', 'gail:atk-bridge'), ('VSCODE_GIT_ASKPASS_MAIN', '/usr/share/code/resources/app/extensions/git/dist/askpass-main.js'), ('ROS_PYTHON_VERSION', '3'), ('LC_MONETARY', 'ko_KR.UTF-8'), ('VSCODE_GIT_ASKPASS_NODE', '/usr/share/code/code'), ('DBUS_SESSION_BUS_ADDRESS', 'unix:path=/run/user/1000/bus'), ('COLORTERM', 'truecolor'), ('GIO_LAUNCHED_DESKTOP_FILE_PID', '19589'), ('IM_CONFIG_PHASE', '2'), ('ROS_DISTRO', 'eloquent'), ('LOGNAME', 'neubility'), ('GTK_IM_MODULE', 'ibus'), ('_', '/usr/bin/colcon'), ('ROS_VERSION', '2'), ('USERNAME', 'neubility'), ('XDG_SESSION_ID', '1'), ('TERM', 'xterm-256color'), ('ROS_LOCALHOST_ONLY', '0'), ('GNOME_DESKTOP_SESSION_ID', 'this-is-deprecated'), ('WINDOWPATH', '1'), ('PATH', '/home/neubility/Qt5.14.2/Tools/QtCreator/bin:/usr/local/cuda-11.4/bin:/opt/ros/eloquent/bin:/usr/local/sbin:/usr/local/bin:/usr/sbin:/usr/bin:/sbin:/bin:/usr/games:/usr/local/games:/snap/bin'), ('SESSION_MANAGER', 'local/neubility:@/tmp/.ICE-unix/1282,unix/neubility:/tmp/.ICE-unix/1282'), ('XDG_MENU_PREFIX', 'gnome-'), ('LC_ADDRESS', 'ko_KR.UTF-8'), ('GDK_BACKEND', 'x11'), ('XDG_RUNTIME_DIR', '/run/user/1000'), ('DISPLAY', ':0'), ('LANG', 'en_US.UTF-8'), ('XDG_CURRENT_DESKTOP', 'Unity'), ('LC_TELEPHONE', 'ko_KR.UTF-8'), ('RMW_IMPLEMENTATION', 'rmw_cyclonedds_cpp'), ('TERM_PROGRAM', 'vscode'), ('XDG_SESSION_DESKTOP', 'ubuntu'), ('XMODIFIERS', '@im=ibus'), ('VSCODE_GIT_IPC_HANDLE', '/run/user/1000/vscode-git-60516ff566.sock'), ('XAUTHORITY', '/run/user/1000/gdm/Xauthority'), ('AMENT_PREFIX_PATH', '/home/neubility/ROS/ros2_communication_ws/install/ex_msg_srv:/opt/ros/eloquent'), ('ORIGINAL_XDG_CURRENT_DESKTOP', 'ubuntu:GNOME'), ('SSH_AUTH_SOCK', '/run/user/1000/keyring/ssh'), ('ROS_DOMAIN_ID', '212'), ('LC_NAME', 'ko_KR.UTF-8'), ('SHELL', '/bin/bash'), ('QT_ACCESSIBILITY', '1'), ('GDMSESSION', 'ubuntu'), ('LESSCLOSE', '/usr/bin/lesspipe %s %s'), ('LC_MEASUREMENT', 'ko_KR.UTF-8'), ('TEXTDOMAINDIR', '/usr/share/locale/'), ('GJS_DEBUG_OUTPUT', 'stderr'), ('GPG_AGENT_INFO', '/run/user/1000/gnupg/S.gpg-agent:0:1'), ('LC_IDENTIFICATION', 'ko_KR.UTF-8'), ('VSCODE_GIT_ASKPASS_EXTRA_ARGS', '--ms-enable-electron-run-as-node'), ('XDG_VTNR', '1'), ('QT_IM_MODULE', 'ibus'), ('LC_ALL', 'en_US.UTF-8'), ('PWD', '/home/neubility/ROS/ros2_communication_ws/build/pub_ex'), ('CLUTTER_IM_MODULE', 'xim'), ('XDG_DATA_DIRS', '/usr/share/ubuntu:/usr/local/share/:/usr/share/:/var/lib/snapd/desktop'), ('XDG_CONFIG_DIRS', '/etc/xdg/xdg-ubuntu:/etc/xdg'), ('LC_NUMERIC', 'ko_KR.UTF-8'), ('PYTHONPATH', '/home/neubility/ROS/ros2_communication_ws/install/ex_msg_srv/lib/python3.6/site-packages:/opt/ros/eloquent/lib/python3.6/site-packages'), ('LC_PAPER', 'ko_KR.UTF-8'), ('BREAKPAD_DUMP_LOCATION', '/home/neubility/.config/Code/exthost Crash Reports'), ('COLCON', '1'), ('CMAKE_PREFIX_PATH', '/home/neubility/ROS/ros2_communication_ws/install/ex_msg_srv:/opt/ros/eloquent')]), 'shell': False}
[1.696164] (practice_code_pkg) CommandEnded: {'returncode': 0}
[1.697119] (practice_code_pkg) JobProgress: {'identifier': 'practice_code_pkg', 'progress': 'build'}
[1.697341] (practice_code_pkg) Command: {'cmd': ['/usr/bin/cmake', '--build', '/home/neubility/ROS/ros2_communication_ws/build/practice_code_pkg', '--', '-j16', '-l16'], 'cwd': '/home/neubility/ROS/ros2_communication_ws/build/practice_code_pkg', 'env': OrderedDict([('GJS_DEBUG_TOPICS', 'JS ERROR;JS LOG'), ('LESSOPEN', '| /usr/bin/lesspipe %s'), ('USER', 'neubility'), ('LC_TIME', 'ko_KR.UTF-8'), ('TEXTDOMAIN', 'im-config'), ('XDG_SEAT', 'seat0'), ('SSH_AGENT_PID', '1359'), ('XDG_SESSION_TYPE', 'x11'), ('GIT_ASKPASS', '/usr/share/code/resources/app/extensions/git/dist/askpass.sh'), ('LD_LIBRARY_PATH', '/home/neubility/ROS/ros2_communication_ws/install/ex_msg_srv/lib:/home/neubility/Qt5.14.2/Tools/QtCreator/lib:/usr/local/cuda-11.4/lib64:/usr/lib/x86_64-linux-gnu/gazebo-9/plugins:/opt/ros/eloquent/opt/yaml_cpp_vendor/lib:/opt/ros/eloquent/opt/rviz_ogre_vendor/lib:/opt/ros/eloquent/lib/x86_64-linux-gnu:/opt/ros/eloquent/lib'), ('SHLVL', '2'), ('CHROME_DESKTOP', 'code-url-handler.desktop'), ('QT4_IM_MODULE', 'xim'), ('HOME', '/home/neubility'), ('DESKTOP_SESSION', 'ubuntu'), ('TERM_PROGRAM_VERSION', '1.63.0'), ('GIO_LAUNCHED_DESKTOP_FILE', '/usr/share/applications/code.desktop'), ('GNOME_SHELL_SESSION_MODE', 'ubuntu'), ('GTK_MODULES', 'gail:atk-bridge'), ('VSCODE_GIT_ASKPASS_MAIN', '/usr/share/code/resources/app/extensions/git/dist/askpass-main.js'), ('ROS_PYTHON_VERSION', '3'), ('LC_MONETARY', 'ko_KR.UTF-8'), ('VSCODE_GIT_ASKPASS_NODE', '/usr/share/code/code'), ('DBUS_SESSION_BUS_ADDRESS', 'unix:path=/run/user/1000/bus'), ('COLORTERM', 'truecolor'), ('GIO_LAUNCHED_DESKTOP_FILE_PID', '19589'), ('IM_CONFIG_PHASE', '2'), ('ROS_DISTRO', 'eloquent'), ('LOGNAME', 'neubility'), ('GTK_IM_MODULE', 'ibus'), ('_', '/usr/bin/colcon'), ('ROS_VERSION', '2'), ('USERNAME', 'neubility'), ('XDG_SESSION_ID', '1'), ('TERM', 'xterm-256color'), ('ROS_LOCALHOST_ONLY', '0'), ('GNOME_DESKTOP_SESSION_ID', 'this-is-deprecated'), ('WINDOWPATH', '1'), ('PATH', '/home/neubility/Qt5.14.2/Tools/QtCreator/bin:/usr/local/cuda-11.4/bin:/opt/ros/eloquent/bin:/usr/local/sbin:/usr/local/bin:/usr/sbin:/usr/bin:/sbin:/bin:/usr/games:/usr/local/games:/snap/bin'), ('SESSION_MANAGER', 'local/neubility:@/tmp/.ICE-unix/1282,unix/neubility:/tmp/.ICE-unix/1282'), ('XDG_MENU_PREFIX', 'gnome-'), ('LC_ADDRESS', 'ko_KR.UTF-8'), ('GDK_BACKEND', 'x11'), ('XDG_RUNTIME_DIR', '/run/user/1000'), ('DISPLAY', ':0'), ('LANG', 'en_US.UTF-8'), ('XDG_CURRENT_DESKTOP', 'Unity'), ('LC_TELEPHONE', 'ko_KR.UTF-8'), ('RMW_IMPLEMENTATION', 'rmw_cyclonedds_cpp'), ('TERM_PROGRAM', 'vscode'), ('XDG_SESSION_DESKTOP', 'ubuntu'), ('XMODIFIERS', '@im=ibus'), ('VSCODE_GIT_IPC_HANDLE', '/run/user/1000/vscode-git-60516ff566.sock'), ('XAUTHORITY', '/run/user/1000/gdm/Xauthority'), ('AMENT_PREFIX_PATH', '/home/neubility/ROS/ros2_communication_ws/install/ex_msg_srv:/opt/ros/eloquent'), ('ORIGINAL_XDG_CURRENT_DESKTOP', 'ubuntu:GNOME'), ('SSH_AUTH_SOCK', '/run/user/1000/keyring/ssh'), ('ROS_DOMAIN_ID', '212'), ('LC_NAME', 'ko_KR.UTF-8'), ('SHELL', '/bin/bash'), ('QT_ACCESSIBILITY', '1'), ('GDMSESSION', 'ubuntu'), ('LESSCLOSE', '/usr/bin/lesspipe %s %s'), ('LC_MEASUREMENT', 'ko_KR.UTF-8'), ('TEXTDOMAINDIR', '/usr/share/locale/'), ('GJS_DEBUG_OUTPUT', 'stderr'), ('GPG_AGENT_INFO', '/run/user/1000/gnupg/S.gpg-agent:0:1'), ('LC_IDENTIFICATION', 'ko_KR.UTF-8'), ('VSCODE_GIT_ASKPASS_EXTRA_ARGS', '--ms-enable-electron-run-as-node'), ('XDG_VTNR', '1'), ('QT_IM_MODULE', 'ibus'), ('LC_ALL', 'en_US.UTF-8'), ('PWD', '/home/neubility/ROS/ros2_communication_ws/build/practice_code_pkg'), ('CLUTTER_IM_MODULE', 'xim'), ('XDG_DATA_DIRS', '/usr/share/ubuntu:/usr/local/share/:/usr/share/:/var/lib/snapd/desktop'), ('XDG_CONFIG_DIRS', '/etc/xdg/xdg-ubuntu:/etc/xdg'), ('LC_NUMERIC', 'ko_KR.UTF-8'), ('PYTHONPATH', '/home/neubility/ROS/ros2_communication_ws/install/ex_msg_srv/lib/python3.6/site-packages:/opt/ros/eloquent/lib/python3.6/site-packages'), ('LC_PAPER', 'ko_KR.UTF-8'), ('BREAKPAD_DUMP_LOCATION', '/home/neubility/.config/Code/exthost Crash Reports'), ('COLCON', '1'), ('CMAKE_PREFIX_PATH', '/home/neubility/ROS/ros2_communication_ws/install/ex_msg_srv:/opt/ros/eloquent')]), 'shell': False}
[1.701878] (-) TimerEvent: {}
[1.739408] (practice_code_pkg) StdoutLine: {'line': b'\x1b[35m\x1b[1mScanning dependencies of target practice_code_pkg\x1b[0m\n'}
[1.746259] (pub_ex) StdoutLine: {'line': b'[100%] Built target pub_ex\n'}
[1.756101] (pub_ex) CommandEnded: {'returncode': 0}
[1.762059] (practice_code_pkg) StdoutLine: {'line': b'[ 33%] \x1b[32mBuilding CXX object CMakeFiles/practice_code_pkg.dir/src/main.cpp.o\x1b[0m\n'}
[1.778889] (pub_ex) JobProgress: {'identifier': 'pub_ex', 'progress': 'install'}
[1.780222] (pub_ex) Command: {'cmd': ['/usr/bin/cmake', '--build', '/home/neubility/ROS/ros2_communication_ws/build/pub_ex', '--target', 'install', '--', '-j16', '-l16'], 'cwd': '/home/neubility/ROS/ros2_communication_ws/build/pub_ex', 'env': OrderedDict([('GJS_DEBUG_TOPICS', 'JS ERROR;JS LOG'), ('LESSOPEN', '| /usr/bin/lesspipe %s'), ('USER', 'neubility'), ('LC_TIME', 'ko_KR.UTF-8'), ('TEXTDOMAIN', 'im-config'), ('XDG_SEAT', 'seat0'), ('SSH_AGENT_PID', '1359'), ('XDG_SESSION_TYPE', 'x11'), ('GIT_ASKPASS', '/usr/share/code/resources/app/extensions/git/dist/askpass.sh'), ('LD_LIBRARY_PATH', '/home/neubility/ROS/ros2_communication_ws/install/ex_msg_srv/lib:/home/neubility/Qt5.14.2/Tools/QtCreator/lib:/usr/local/cuda-11.4/lib64:/usr/lib/x86_64-linux-gnu/gazebo-9/plugins:/opt/ros/eloquent/opt/yaml_cpp_vendor/lib:/opt/ros/eloquent/opt/rviz_ogre_vendor/lib:/opt/ros/eloquent/lib/x86_64-linux-gnu:/opt/ros/eloquent/lib'), ('SHLVL', '2'), ('CHROME_DESKTOP', 'code-url-handler.desktop'), ('QT4_IM_MODULE', 'xim'), ('HOME', '/home/neubility'), ('DESKTOP_SESSION', 'ubuntu'), ('TERM_PROGRAM_VERSION', '1.63.0'), ('GIO_LAUNCHED_DESKTOP_FILE', '/usr/share/applications/code.desktop'), ('GNOME_SHELL_SESSION_MODE', 'ubuntu'), ('GTK_MODULES', 'gail:atk-bridge'), ('VSCODE_GIT_ASKPASS_MAIN', '/usr/share/code/resources/app/extensions/git/dist/askpass-main.js'), ('ROS_PYTHON_VERSION', '3'), ('LC_MONETARY', 'ko_KR.UTF-8'), ('VSCODE_GIT_ASKPASS_NODE', '/usr/share/code/code'), ('DBUS_SESSION_BUS_ADDRESS', 'unix:path=/run/user/1000/bus'), ('COLORTERM', 'truecolor'), ('GIO_LAUNCHED_DESKTOP_FILE_PID', '19589'), ('IM_CONFIG_PHASE', '2'), ('ROS_DISTRO', 'eloquent'), ('LOGNAME', 'neubility'), ('GTK_IM_MODULE', 'ibus'), ('_', '/usr/bin/colcon'), ('ROS_VERSION', '2'), ('USERNAME', 'neubility'), ('XDG_SESSION_ID', '1'), ('TERM', 'xterm-256color'), ('ROS_LOCALHOST_ONLY', '0'), ('GNOME_DESKTOP_SESSION_ID', 'this-is-deprecated'), ('WINDOWPATH', '1'), ('PATH', '/home/neubility/Qt5.14.2/Tools/QtCreator/bin:/usr/local/cuda-11.4/bin:/opt/ros/eloquent/bin:/usr/local/sbin:/usr/local/bin:/usr/sbin:/usr/bin:/sbin:/bin:/usr/games:/usr/local/games:/snap/bin'), ('SESSION_MANAGER', 'local/neubility:@/tmp/.ICE-unix/1282,unix/neubility:/tmp/.ICE-unix/1282'), ('XDG_MENU_PREFIX', 'gnome-'), ('LC_ADDRESS', 'ko_KR.UTF-8'), ('GDK_BACKEND', 'x11'), ('XDG_RUNTIME_DIR', '/run/user/1000'), ('DISPLAY', ':0'), ('LANG', 'en_US.UTF-8'), ('XDG_CURRENT_DESKTOP', 'Unity'), ('LC_TELEPHONE', 'ko_KR.UTF-8'), ('RMW_IMPLEMENTATION', 'rmw_cyclonedds_cpp'), ('TERM_PROGRAM', 'vscode'), ('XDG_SESSION_DESKTOP', 'ubuntu'), ('XMODIFIERS', '@im=ibus'), ('VSCODE_GIT_IPC_HANDLE', '/run/user/1000/vscode-git-60516ff566.sock'), ('XAUTHORITY', '/run/user/1000/gdm/Xauthority'), ('AMENT_PREFIX_PATH', '/home/neubility/ROS/ros2_communication_ws/install/ex_msg_srv:/opt/ros/eloquent'), ('ORIGINAL_XDG_CURRENT_DESKTOP', 'ubuntu:GNOME'), ('SSH_AUTH_SOCK', '/run/user/1000/keyring/ssh'), ('ROS_DOMAIN_ID', '212'), ('LC_NAME', 'ko_KR.UTF-8'), ('SHELL', '/bin/bash'), ('QT_ACCESSIBILITY', '1'), ('GDMSESSION', 'ubuntu'), ('LESSCLOSE', '/usr/bin/lesspipe %s %s'), ('LC_MEASUREMENT', 'ko_KR.UTF-8'), ('TEXTDOMAINDIR', '/usr/share/locale/'), ('GJS_DEBUG_OUTPUT', 'stderr'), ('GPG_AGENT_INFO', '/run/user/1000/gnupg/S.gpg-agent:0:1'), ('LC_IDENTIFICATION', 'ko_KR.UTF-8'), ('VSCODE_GIT_ASKPASS_EXTRA_ARGS', '--ms-enable-electron-run-as-node'), ('XDG_VTNR', '1'), ('QT_IM_MODULE', 'ibus'), ('LC_ALL', 'en_US.UTF-8'), ('PWD', '/home/neubility/ROS/ros2_communication_ws/build/pub_ex'), ('CLUTTER_IM_MODULE', 'xim'), ('XDG_DATA_DIRS', '/usr/share/ubuntu:/usr/local/share/:/usr/share/:/var/lib/snapd/desktop'), ('XDG_CONFIG_DIRS', '/etc/xdg/xdg-ubuntu:/etc/xdg'), ('LC_NUMERIC', 'ko_KR.UTF-8'), ('PYTHONPATH', '/home/neubility/ROS/ros2_communication_ws/install/ex_msg_srv/lib/python3.6/site-packages:/opt/ros/eloquent/lib/python3.6/site-packages'), ('LC_PAPER', 'ko_KR.UTF-8'), ('BREAKPAD_DUMP_LOCATION', '/home/neubility/.config/Code/exthost Crash Reports'), ('COLCON', '1'), ('CMAKE_PREFIX_PATH', '/home/neubility/ROS/ros2_communication_ws/install/ex_msg_srv:/opt/ros/eloquent')]), 'shell': False}
[1.801977] (-) TimerEvent: {}
[1.833391] (pub_ex) StdoutLine: {'line': b'[100%] Built target pub_ex\n'}
[1.852126] (pub_ex) StdoutLine: {'line': b'\x1b[36mInstall the project...\x1b[0m\n'}
[1.861185] (pub_ex) StdoutLine: {'line': b'-- Install configuration: "Debug"\n'}
[1.861726] (pub_ex) StdoutLine: {'line': b'-- Up-to-date: /home/neubility/ROS/ros2_communication_ws/install/pub_ex/lib/pub_ex/pub_ex\n'}
[1.862078] (pub_ex) StdoutLine: {'line': b'-- Up-to-date: /home/neubility/ROS/ros2_communication_ws/install/pub_ex/share/pub_ex/launch\n'}
[1.862352] (pub_ex) StdoutLine: {'line': b'-- Up-to-date: /home/neubility/ROS/ros2_communication_ws/install/pub_ex/share/pub_ex/launch/launch_executeprocess_ex.launch.py\n'}
[1.862648] (pub_ex) StdoutLine: {'line': b'-- Up-to-date: /home/neubility/ROS/ros2_communication_ws/install/pub_ex/share/pub_ex/launch/launch_node_ex_method_2.launch.py\n'}
[1.862844] (pub_ex) StdoutLine: {'line': b'-- Up-to-date: /home/neubility/ROS/ros2_communication_ws/install/pub_ex/share/pub_ex/launch/launch_node_ex_method_1.launch.py\n'}
[1.863211] (pub_ex) StdoutLine: {'line': b'-- Up-to-date: /home/neubility/ROS/ros2_communication_ws/install/pub_ex/share/ament_index/resource_index/package_run_dependencies/pub_ex\n'}
[1.863955] (pub_ex) StdoutLine: {'line': b'-- Installing: /home/neubility/ROS/ros2_communication_ws/install/pub_ex/share/ament_index/resource_index/parent_prefix_path/pub_ex\n'}
[1.864150] (pub_ex) StdoutLine: {'line': b'-- Up-to-date: /home/neubility/ROS/ros2_communication_ws/install/pub_ex/share/pub_ex/environment/ament_prefix_path.sh\n'}
[1.864252] (pub_ex) StdoutLine: {'line': b'-- Installing: /home/neubility/ROS/ros2_communication_ws/install/pub_ex/share/pub_ex/environment/ament_prefix_path.dsv\n'}
[1.864325] (pub_ex) StdoutLine: {'line': b'-- Up-to-date: /home/neubility/ROS/ros2_communication_ws/install/pub_ex/share/pub_ex/environment/path.sh\n'}
[1.864412] (pub_ex) StdoutLine: {'line': b'-- Installing: /home/neubility/ROS/ros2_communication_ws/install/pub_ex/share/pub_ex/environment/path.dsv\n'}
[1.864484] (pub_ex) StdoutLine: {'line': b'-- Up-to-date: /home/neubility/ROS/ros2_communication_ws/install/pub_ex/share/pub_ex/local_setup.bash\n'}
[1.864554] (pub_ex) StdoutLine: {'line': b'-- Up-to-date: /home/neubility/ROS/ros2_communication_ws/install/pub_ex/share/pub_ex/local_setup.sh\n'}
[1.864641] (pub_ex) StdoutLine: {'line': b'-- Up-to-date: /home/neubility/ROS/ros2_communication_ws/install/pub_ex/share/pub_ex/local_setup.zsh\n'}
[1.864883] (pub_ex) StdoutLine: {'line': b'-- Installing: /home/neubility/ROS/ros2_communication_ws/install/pub_ex/share/pub_ex/local_setup.dsv\n'}
[1.865021] (pub_ex) StdoutLine: {'line': b'-- Installing: /home/neubility/ROS/ros2_communication_ws/install/pub_ex/share/pub_ex/package.dsv\n'}
[1.865084] (pub_ex) StdoutLine: {'line': b'-- Up-to-date: /home/neubility/ROS/ros2_communication_ws/install/pub_ex/share/ament_index/resource_index/packages/pub_ex\n'}
[1.865147] (pub_ex) StdoutLine: {'line': b'-- Up-to-date: /home/neubility/ROS/ros2_communication_ws/install/pub_ex/share/pub_ex/cmake/pub_exConfig.cmake\n'}
[1.865249] (pub_ex) StdoutLine: {'line': b'-- Up-to-date: /home/neubility/ROS/ros2_communication_ws/install/pub_ex/share/pub_ex/cmake/pub_exConfig-version.cmake\n'}
[1.865325] (pub_ex) StdoutLine: {'line': b'-- Up-to-date: /home/neubility/ROS/ros2_communication_ws/install/pub_ex/share/pub_ex/package.xml\n'}
[1.867072] (pub_ex) CommandEnded: {'returncode': 0}
[1.902291] (-) TimerEvent: {}
[1.908955] (pub_ex) JobEnded: {'identifier': 'pub_ex', 'rc': 0}
[2.002377] (-) TimerEvent: {}
[2.102681] (-) TimerEvent: {}
[2.202962] (-) TimerEvent: {}
[2.303220] (-) TimerEvent: {}
[2.403526] (-) TimerEvent: {}
[2.503837] (-) TimerEvent: {}
[2.604254] (-) TimerEvent: {}
[2.704536] (-) TimerEvent: {}
[2.804957] (-) TimerEvent: {}
[2.905270] (-) TimerEvent: {}
[3.005621] (-) TimerEvent: {}
[3.105934] (-) TimerEvent: {}
[3.206235] (-) TimerEvent: {}
[3.306565] (-) TimerEvent: {}
[3.406857] (-) TimerEvent: {}
[3.458327] (practice_code_pkg) StderrLine: {'line': b'\x1b[01m\x1b[K/home/neubility/ROS/ros2_communication_ws/src/practice_code_pkg/src/main.cpp:69:1:\x1b[m\x1b[K \x1b[01;31m\x1b[Kerror: \x1b[m\x1b[Kexpected unqualified-id before \xe2\x80\x98\x1b[01m\x1b[K{\x1b[m\x1b[K\xe2\x80\x99 token\n'}
[3.458757] (practice_code_pkg) StderrLine: {'line': b' \x1b[01;31m\x1b[K{\x1b[m\x1b[K\n'}
[3.458871] (practice_code_pkg) StderrLine: {'line': b' \x1b[01;31m\x1b[K^\x1b[m\x1b[K\n'}
[3.458938] (practice_code_pkg) StderrLine: {'line': b'\x1b[01m\x1b[K/home/neubility/ROS/ros2_communication_ws/src/practice_code_pkg/src/main.cpp:\x1b[m\x1b[K In function \xe2\x80\x98\x1b[01m\x1b[Kint main(int, char**)\x1b[m\x1b[K\xe2\x80\x99:\n'}
[3.459014] (practice_code_pkg) StderrLine: {'line': b'\x1b[01m\x1b[K/home/neubility/ROS/ros2_communication_ws/src/practice_code_pkg/src/main.cpp:77:37:\x1b[m\x1b[K \x1b[01;31m\x1b[Kerror: \x1b[m\x1b[Kinvalid conversion from \xe2\x80\x98\x1b[01m\x1b[Kvoid (*)(void*)\x1b[m\x1b[K\xe2\x80\x99 to \xe2\x80\x98\x1b[01m\x1b[Kvoid* (*)(void*)\x1b[m\x1b[K\xe2\x80\x99 [\x1b[01;31m\x1b[K-fpermissive\x1b[m\x1b[K]\n'}
[3.459084] (practice_code_pkg) StderrLine: {'line': b'     pthread_create(&p_thread, NULL, \x1b[01;31m\x1b[K&ThreadNB\x1b[m\x1b[K, &cute_nb);\n'}
[3.459144] (practice_code_pkg) StderrLine: {'line': b'                                     \x1b[01;31m\x1b[K^~~~~~~~~\x1b[m\x1b[K\n'}
[3.459201] (practice_code_pkg) StderrLine: {'line': b'In file included from \x1b[01m\x1b[K/usr/include/x86_64-linux-gnu/c++/7/bits/gthr-default.h:35:0\x1b[m\x1b[K,\n'}
[3.459270] (practice_code_pkg) StderrLine: {'line': b'                 from \x1b[01m\x1b[K/usr/include/x86_64-linux-gnu/c++/7/bits/gthr.h:148\x1b[m\x1b[K,\n'}
[3.459330] (practice_code_pkg) StderrLine: {'line': b'                 from \x1b[01m\x1b[K/usr/include/c++/7/ext/atomicity.h:35\x1b[m\x1b[K,\n'}
[3.459393] (practice_code_pkg) StderrLine: {'line': b'                 from \x1b[01m\x1b[K/usr/include/c++/7/bits/basic_string.h:39\x1b[m\x1b[K,\n'}
[3.459452] (practice_code_pkg) StderrLine: {'line': b'                 from \x1b[01m\x1b[K/usr/include/c++/7/string:52\x1b[m\x1b[K,\n'}
[3.459509] (practice_code_pkg) StderrLine: {'line': b'                 from \x1b[01m\x1b[K/usr/include/c++/7/stdexcept:39\x1b[m\x1b[K,\n'}
[3.459566] (practice_code_pkg) StderrLine: {'line': b'                 from \x1b[01m\x1b[K/usr/include/c++/7/array:39\x1b[m\x1b[K,\n'}
[3.459622] (practice_code_pkg) StderrLine: {'line': b'                 from \x1b[01m\x1b[K/usr/include/c++/7/tuple:39\x1b[m\x1b[K,\n'}
[3.459678] (practice_code_pkg) StderrLine: {'line': b'                 from \x1b[01m\x1b[K/usr/include/c++/7/functional:54\x1b[m\x1b[K,\n'}
[3.459735] (practice_code_pkg) StderrLine: {'line': b'                 from \x1b[01m\x1b[K/home/neubility/ROS/ros2_communication_ws/src/practice_code_pkg/src/main.cpp:2\x1b[m\x1b[K:\n'}
[3.459791] (practice_code_pkg) StderrLine: {'line': b'\x1b[01m\x1b[K/usr/include/pthread.h:234:12:\x1b[m\x1b[K \x1b[01;36m\x1b[Knote: \x1b[m\x1b[K  initializing argument 3 of \xe2\x80\x98\x1b[01m\x1b[Kint pthread_create(pthread_t*, const pthread_attr_t*, void* (*)(void*), void*)\x1b[m\x1b[K\xe2\x80\x99\n'}
[3.459849] (practice_code_pkg) StderrLine: {'line': b' extern int \x1b[01;36m\x1b[Kpthread_create\x1b[m\x1b[K (pthread_t *__restrict __newthread,\n'}
[3.459905] (practice_code_pkg) StderrLine: {'line': b'            \x1b[01;36m\x1b[K^~~~~~~~~~~~~~\x1b[m\x1b[K\n'}
[3.506944] (-) TimerEvent: {}
[3.607221] (-) TimerEvent: {}
[3.707502] (-) TimerEvent: {}
[3.807759] (-) TimerEvent: {}
[3.908045] (-) TimerEvent: {}
[4.008294] (-) TimerEvent: {}
[4.046529] (practice_code_pkg) StderrLine: {'line': b'make[2]: *** [CMakeFiles/practice_code_pkg.dir/src/main.cpp.o] Error 1\n'}
[4.046930] (practice_code_pkg) StdoutLine: {'line': b"CMakeFiles/practice_code_pkg.dir/build.make:62: recipe for target 'CMakeFiles/practice_code_pkg.dir/src/main.cpp.o' failed\n"}
[4.047037] (practice_code_pkg) StdoutLine: {'line': b"CMakeFiles/Makefile2:131: recipe for target 'CMakeFiles/practice_code_pkg.dir/all' failed\n"}
[4.047188] (practice_code_pkg) StderrLine: {'line': b'make[1]: *** [CMakeFiles/practice_code_pkg.dir/all] Error 2\n'}
[4.047304] (practice_code_pkg) StdoutLine: {'line': b"Makefile:140: recipe for target 'all' failed\n"}
[4.047371] (practice_code_pkg) StderrLine: {'line': b'make: *** [all] Error 2\n'}
[4.048553] (practice_code_pkg) CommandEnded: {'returncode': 2}
[4.080640] (practice_code_pkg) JobEnded: {'identifier': 'practice_code_pkg', 'rc': 2}
[4.092125] (-) EventReactorShutdown: {}
