Determining if the pthread_create exist failed with the following output:
Change Dir: /home/neubility/ROS/ros2_communication_ws/src/pub_ex_pkg/build/CMakeFiles/CMakeTmp

Run Build Command:"/usr/bin/make" "cmTC_805db/fast"
/usr/bin/make -f CMakeFiles/cmTC_805db.dir/build.make CMakeFiles/cmTC_805db.dir/build
make[1]: Entering directory '/home/neubility/ROS/ros2_communication_ws/src/pub_ex_pkg/build/CMakeFiles/CMakeTmp'
Building C object CMakeFiles/cmTC_805db.dir/CheckSymbolExists.c.o
/usr/bin/x86_64-linux-gnu-gcc-7    -o CMakeFiles/cmTC_805db.dir/CheckSymbolExists.c.o   -c /home/neubility/ROS/ros2_communication_ws/src/pub_ex_pkg/build/CMakeFiles/CMakeTmp/CheckSymbolExists.c
Linking C executable cmTC_805db
/usr/bin/cmake -E cmake_link_script CMakeFiles/cmTC_805db.dir/link.txt --verbose=1
/usr/bin/x86_64-linux-gnu-gcc-7      CMakeFiles/cmTC_805db.dir/CheckSymbolExists.c.o  -o cmTC_805db 
CMakeFiles/cmTC_805db.dir/CheckSymbolExists.c.o: In function `main':
CheckSymbolExists.c:(.text+0x1b): undefined reference to `pthread_create'
collect2: error: ld returned 1 exit status
CMakeFiles/cmTC_805db.dir/build.make:97: recipe for target 'cmTC_805db' failed
make[1]: *** [cmTC_805db] Error 1
make[1]: Leaving directory '/home/neubility/ROS/ros2_communication_ws/src/pub_ex_pkg/build/CMakeFiles/CMakeTmp'
Makefile:126: recipe for target 'cmTC_805db/fast' failed
make: *** [cmTC_805db/fast] Error 2

File /home/neubility/ROS/ros2_communication_ws/src/pub_ex_pkg/build/CMakeFiles/CMakeTmp/CheckSymbolExists.c:
/* */
#include <pthread.h>

int main(int argc, char** argv)
{
  (void)argv;
#ifndef pthread_create
  return ((int*)(&pthread_create))[argc];
#else
  (void)argc;
  return 0;
#endif
}

Determining if the function pthread_create exists in the pthreads failed with the following output:
Change Dir: /home/neubility/ROS/ros2_communication_ws/src/pub_ex_pkg/build/CMakeFiles/CMakeTmp

Run Build Command:"/usr/bin/make" "cmTC_167e2/fast"
/usr/bin/make -f CMakeFiles/cmTC_167e2.dir/build.make CMakeFiles/cmTC_167e2.dir/build
make[1]: Entering directory '/home/neubility/ROS/ros2_communication_ws/src/pub_ex_pkg/build/CMakeFiles/CMakeTmp'
Building C object CMakeFiles/cmTC_167e2.dir/CheckFunctionExists.c.o
/usr/bin/x86_64-linux-gnu-gcc-7   -DCHECK_FUNCTION_EXISTS=pthread_create   -o CMakeFiles/cmTC_167e2.dir/CheckFunctionExists.c.o   -c /usr/share/cmake-3.10/Modules/CheckFunctionExists.c
Linking C executable cmTC_167e2
/usr/bin/cmake -E cmake_link_script CMakeFiles/cmTC_167e2.dir/link.txt --verbose=1
/usr/bin/x86_64-linux-gnu-gcc-7  -DCHECK_FUNCTION_EXISTS=pthread_create    CMakeFiles/cmTC_167e2.dir/CheckFunctionExists.c.o  -o cmTC_167e2 -lpthreads 
/usr/bin/ld: cannot find -lpthreads
collect2: error: ld returned 1 exit status
CMakeFiles/cmTC_167e2.dir/build.make:97: recipe for target 'cmTC_167e2' failed
make[1]: *** [cmTC_167e2] Error 1
make[1]: Leaving directory '/home/neubility/ROS/ros2_communication_ws/src/pub_ex_pkg/build/CMakeFiles/CMakeTmp'
Makefile:126: recipe for target 'cmTC_167e2/fast' failed
make: *** [cmTC_167e2/fast] Error 2


