[0.025s] Invoking command in '/home/neubility/ROS/ros2_communication_ws/build/pub_ex': CMAKE_PREFIX_PATH=/home/neubility/ROS/ros2_communication_ws/install/ex_msg_srv:/home/neubility/ROS/ros2_communication_ws/install/srv_client_pkg:/home/neubility/ROS/ros2_communication_ws/install/sub_ex:/home/neubility/ROS/ros2_communication_ws/install/srv_server_pkg:/home/neubility/ROS/ros2_communication_ws/install/pub_ex:/home/neubility/ROS/ros2_communication_ws/install/practice_code_pkg:/opt/ros/eloquent /usr/bin/cmake /home/neubility/ROS/ros2_communication_ws/src/pub_ex_pkg -DCMAKE_INSTALL_PREFIX=/home/neubility/ROS/ros2_communication_ws/install/pub_ex
[0.040s] -- Found ament_cmake: 0.8.3 (/opt/ros/eloquent/share/ament_cmake/cmake)
[0.062s] -- Using PYTHON_EXECUTABLE: /usr/bin/python3
[0.211s] -- Found rclcpp: 0.8.5 (/opt/ros/eloquent/share/rclcpp/cmake)
[0.220s] -- Found rosidl_adapter: 0.8.3 (/opt/ros/eloquent/share/rosidl_adapter/cmake)
[0.243s] -- Found rmw_implementation_cmake: 0.8.1 (/opt/ros/eloquent/share/rmw_implementation_cmake/cmake)
[0.244s] -- Using RMW implementation 'rmw_cyclonedds_cpp' as default
[0.265s] -- Found std_msgs: 0.8.1 (/opt/ros/eloquent/share/std_msgs/cmake)
[0.268s] -- Found ex_msg_srv: 0.0.0 (/home/neubility/ROS/ros2_communication_ws/install/ex_msg_srv/share/ex_msg_srv/cmake)
[0.338s] -- Configuring done
[0.346s] -- Generating done
[0.348s] -- Build files have been written to: /home/neubility/ROS/ros2_communication_ws/build/pub_ex
[0.351s] Invoked command in '/home/neubility/ROS/ros2_communication_ws/build/pub_ex' returned '0': CMAKE_PREFIX_PATH=/home/neubility/ROS/ros2_communication_ws/install/ex_msg_srv:/home/neubility/ROS/ros2_communication_ws/install/srv_client_pkg:/home/neubility/ROS/ros2_communication_ws/install/sub_ex:/home/neubility/ROS/ros2_communication_ws/install/srv_server_pkg:/home/neubility/ROS/ros2_communication_ws/install/pub_ex:/home/neubility/ROS/ros2_communication_ws/install/practice_code_pkg:/opt/ros/eloquent /usr/bin/cmake /home/neubility/ROS/ros2_communication_ws/src/pub_ex_pkg -DCMAKE_INSTALL_PREFIX=/home/neubility/ROS/ros2_communication_ws/install/pub_ex
[0.354s] Invoking command in '/home/neubility/ROS/ros2_communication_ws/build/pub_ex': CMAKE_PREFIX_PATH=/home/neubility/ROS/ros2_communication_ws/install/ex_msg_srv:/home/neubility/ROS/ros2_communication_ws/install/srv_client_pkg:/home/neubility/ROS/ros2_communication_ws/install/sub_ex:/home/neubility/ROS/ros2_communication_ws/install/srv_server_pkg:/home/neubility/ROS/ros2_communication_ws/install/pub_ex:/home/neubility/ROS/ros2_communication_ws/install/practice_code_pkg:/opt/ros/eloquent /usr/bin/cmake --build /home/neubility/ROS/ros2_communication_ws/build/pub_ex -- -j16 -l16
[0.407s] [100%] Built target pub_ex
[0.418s] Invoked command in '/home/neubility/ROS/ros2_communication_ws/build/pub_ex' returned '0': CMAKE_PREFIX_PATH=/home/neubility/ROS/ros2_communication_ws/install/ex_msg_srv:/home/neubility/ROS/ros2_communication_ws/install/srv_client_pkg:/home/neubility/ROS/ros2_communication_ws/install/sub_ex:/home/neubility/ROS/ros2_communication_ws/install/srv_server_pkg:/home/neubility/ROS/ros2_communication_ws/install/pub_ex:/home/neubility/ROS/ros2_communication_ws/install/practice_code_pkg:/opt/ros/eloquent /usr/bin/cmake --build /home/neubility/ROS/ros2_communication_ws/build/pub_ex -- -j16 -l16
[0.445s] Invoking command in '/home/neubility/ROS/ros2_communication_ws/build/pub_ex': CMAKE_PREFIX_PATH=/home/neubility/ROS/ros2_communication_ws/install/ex_msg_srv:/home/neubility/ROS/ros2_communication_ws/install/srv_client_pkg:/home/neubility/ROS/ros2_communication_ws/install/sub_ex:/home/neubility/ROS/ros2_communication_ws/install/srv_server_pkg:/home/neubility/ROS/ros2_communication_ws/install/pub_ex:/home/neubility/ROS/ros2_communication_ws/install/practice_code_pkg:/opt/ros/eloquent /usr/bin/cmake --build /home/neubility/ROS/ros2_communication_ws/build/pub_ex --target install -- -j16 -l16
[0.497s] [100%] Built target pub_ex
[0.514s] [36mInstall the project...[0m
[0.522s] -- Install configuration: "Debug"
[0.522s] -- Up-to-date: /home/neubility/ROS/ros2_communication_ws/install/pub_ex/lib/pub_ex/pub_ex
[0.522s] -- Up-to-date: /home/neubility/ROS/ros2_communication_ws/install/pub_ex/share/pub_ex/launch
[0.522s] -- Up-to-date: /home/neubility/ROS/ros2_communication_ws/install/pub_ex/share/pub_ex/launch/launch_executeprocess_ex.launch.py
[0.522s] -- Up-to-date: /home/neubility/ROS/ros2_communication_ws/install/pub_ex/share/pub_ex/launch/launch_node_ex_method_2.launch.py
[0.522s] -- Up-to-date: /home/neubility/ROS/ros2_communication_ws/install/pub_ex/share/pub_ex/launch/launch_node_ex_method_1.launch.py
[0.522s] -- Up-to-date: /home/neubility/ROS/ros2_communication_ws/install/pub_ex/share/ament_index/resource_index/package_run_dependencies/pub_ex
[0.523s] -- Installing: /home/neubility/ROS/ros2_communication_ws/install/pub_ex/share/ament_index/resource_index/parent_prefix_path/pub_ex
[0.523s] -- Up-to-date: /home/neubility/ROS/ros2_communication_ws/install/pub_ex/share/pub_ex/environment/ament_prefix_path.sh
[0.523s] -- Installing: /home/neubility/ROS/ros2_communication_ws/install/pub_ex/share/pub_ex/environment/ament_prefix_path.dsv
[0.523s] -- Up-to-date: /home/neubility/ROS/ros2_communication_ws/install/pub_ex/share/pub_ex/environment/path.sh
[0.523s] -- Installing: /home/neubility/ROS/ros2_communication_ws/install/pub_ex/share/pub_ex/environment/path.dsv
[0.523s] -- Up-to-date: /home/neubility/ROS/ros2_communication_ws/install/pub_ex/share/pub_ex/local_setup.bash
[0.523s] -- Up-to-date: /home/neubility/ROS/ros2_communication_ws/install/pub_ex/share/pub_ex/local_setup.sh
[0.523s] -- Up-to-date: /home/neubility/ROS/ros2_communication_ws/install/pub_ex/share/pub_ex/local_setup.zsh
[0.523s] -- Installing: /home/neubility/ROS/ros2_communication_ws/install/pub_ex/share/pub_ex/local_setup.dsv
[0.523s] -- Installing: /home/neubility/ROS/ros2_communication_ws/install/pub_ex/share/pub_ex/package.dsv
[0.523s] -- Up-to-date: /home/neubility/ROS/ros2_communication_ws/install/pub_ex/share/ament_index/resource_index/packages/pub_ex
[0.524s] -- Up-to-date: /home/neubility/ROS/ros2_communication_ws/install/pub_ex/share/pub_ex/cmake/pub_exConfig.cmake
[0.524s] -- Up-to-date: /home/neubility/ROS/ros2_communication_ws/install/pub_ex/share/pub_ex/cmake/pub_exConfig-version.cmake
[0.524s] -- Up-to-date: /home/neubility/ROS/ros2_communication_ws/install/pub_ex/share/pub_ex/package.xml
[0.528s] Invoked command in '/home/neubility/ROS/ros2_communication_ws/build/pub_ex' returned '0': CMAKE_PREFIX_PATH=/home/neubility/ROS/ros2_communication_ws/install/ex_msg_srv:/home/neubility/ROS/ros2_communication_ws/install/srv_client_pkg:/home/neubility/ROS/ros2_communication_ws/install/sub_ex:/home/neubility/ROS/ros2_communication_ws/install/srv_server_pkg:/home/neubility/ROS/ros2_communication_ws/install/pub_ex:/home/neubility/ROS/ros2_communication_ws/install/practice_code_pkg:/opt/ros/eloquent /usr/bin/cmake --build /home/neubility/ROS/ros2_communication_ws/build/pub_ex --target install -- -j16 -l16
