[0.000000] (-) TimerEvent: {}
[0.000397] (ex_msg_srv) JobQueued: {'identifier': 'ex_msg_srv', 'dependencies': OrderedDict()}
[0.001489] (sub_ex) JobQueued: {'identifier': 'sub_ex', 'dependencies': OrderedDict()}
[0.002115] (pub_ex) JobQueued: {'identifier': 'pub_ex', 'dependencies': OrderedDict([('ex_msg_srv', '/home/neubility/ROS/ros2_communication_ws/install/ex_msg_srv')])}
[0.002313] (ex_msg_srv) JobStarted: {'identifier': 'ex_msg_srv'}
[0.014889] (sub_ex) JobStarted: {'identifier': 'sub_ex'}
[0.026479] (ex_msg_srv) JobProgress: {'identifier': 'ex_msg_srv', 'progress': 'cmake'}
[0.029059] (ex_msg_srv) JobProgress: {'identifier': 'ex_msg_srv', 'progress': 'build'}
[0.029196] (ex_msg_srv) Command: {'cmd': ['/usr/bin/cmake', '--build', '/home/neubility/ROS/ros2_communication_ws/build/ex_msg_srv', '--', '-j16', '-l16'], 'cwd': '/home/neubility/ROS/ros2_communication_ws/build/ex_msg_srv', 'env': OrderedDict([('GJS_DEBUG_TOPICS', 'JS ERROR;JS LOG'), ('LESSOPEN', '| /usr/bin/lesspipe %s'), ('USER', 'neubility'), ('LC_TIME', 'ko_KR.UTF-8'), ('TEXTDOMAIN', 'im-config'), ('XDG_SEAT', 'seat0'), ('SSH_AGENT_PID', '1301'), ('XDG_SESSION_TYPE', 'x11'), ('GIT_ASKPASS', '/usr/share/code/resources/app/extensions/git/dist/askpass.sh'), ('LD_LIBRARY_PATH', '/home/neubility/Qt5.14.2/Tools/QtCreator/lib:/usr/local/cuda-11.4/lib64:/usr/lib/x86_64-linux-gnu/gazebo-9/plugins:/opt/ros/eloquent/opt/yaml_cpp_vendor/lib:/opt/ros/eloquent/opt/rviz_ogre_vendor/lib:/opt/ros/eloquent/lib/x86_64-linux-gnu:/opt/ros/eloquent/lib'), ('SHLVL', '2'), ('CHROME_DESKTOP', 'code-url-handler.desktop'), ('QT4_IM_MODULE', 'xim'), ('HOME', '/home/neubility'), ('DESKTOP_SESSION', 'ubuntu'), ('TERM_PROGRAM_VERSION', '1.63.0'), ('GIO_LAUNCHED_DESKTOP_FILE', '/usr/share/applications/code.desktop'), ('GNOME_SHELL_SESSION_MODE', 'ubuntu'), ('GTK_MODULES', 'gail:atk-bridge'), ('VSCODE_GIT_ASKPASS_MAIN', '/usr/share/code/resources/app/extensions/git/dist/askpass-main.js'), ('ROS_PYTHON_VERSION', '3'), ('LC_MONETARY', 'ko_KR.UTF-8'), ('VSCODE_GIT_ASKPASS_NODE', '/usr/share/code/code'), ('DBUS_SESSION_BUS_ADDRESS', 'unix:path=/run/user/1000/bus'), ('COLORTERM', 'truecolor'), ('GIO_LAUNCHED_DESKTOP_FILE_PID', '9344'), ('IM_CONFIG_PHASE', '2'), ('ROS_DISTRO', 'eloquent'), ('LOGNAME', 'neubility'), ('GTK_IM_MODULE', 'ibus'), ('_', '/usr/bin/colcon'), ('ROS_VERSION', '2'), ('USERNAME', 'neubility'), ('XDG_SESSION_ID', '1'), ('TERM', 'xterm-256color'), ('ROS_LOCALHOST_ONLY', '0'), ('GNOME_DESKTOP_SESSION_ID', 'this-is-deprecated'), ('WINDOWPATH', '1'), ('PATH', '/home/neubility/Qt5.14.2/Tools/QtCreator/bin:/usr/local/cuda-11.4/bin:/opt/ros/eloquent/bin:/usr/local/sbin:/usr/local/bin:/usr/sbin:/usr/bin:/sbin:/bin:/usr/games:/usr/local/games:/snap/bin'), ('SESSION_MANAGER', 'local/neubility:@/tmp/.ICE-unix/1223,unix/neubility:/tmp/.ICE-unix/1223'), ('XDG_MENU_PREFIX', 'gnome-'), ('LC_ADDRESS', 'ko_KR.UTF-8'), ('GDK_BACKEND', 'x11'), ('XDG_RUNTIME_DIR', '/run/user/1000'), ('DISPLAY', ':0'), ('LANG', 'en_US.UTF-8'), ('XDG_CURRENT_DESKTOP', 'Unity'), ('LC_TELEPHONE', 'ko_KR.UTF-8'), ('RMW_IMPLEMENTATION', 'rmw_cyclonedds_cpp'), ('TERM_PROGRAM', 'vscode'), ('XDG_SESSION_DESKTOP', 'ubuntu'), ('XMODIFIERS', '@im=ibus'), ('VSCODE_GIT_IPC_HANDLE', '/run/user/1000/vscode-git-60516ff566.sock'), ('XAUTHORITY', '/run/user/1000/gdm/Xauthority'), ('AMENT_PREFIX_PATH', '/opt/ros/eloquent'), ('ORIGINAL_XDG_CURRENT_DESKTOP', 'ubuntu:GNOME'), ('SSH_AUTH_SOCK', '/run/user/1000/keyring/ssh'), ('ROS_DOMAIN_ID', '212'), ('LC_NAME', 'ko_KR.UTF-8'), ('SHELL', '/bin/bash'), ('QT_ACCESSIBILITY', '1'), ('GDMSESSION', 'ubuntu'), ('LESSCLOSE', '/usr/bin/lesspipe %s %s'), ('LC_MEASUREMENT', 'ko_KR.UTF-8'), ('TEXTDOMAINDIR', '/usr/share/locale/'), ('GJS_DEBUG_OUTPUT', 'stderr'), ('GPG_AGENT_INFO', '/run/user/1000/gnupg/S.gpg-agent:0:1'), ('LC_IDENTIFICATION', 'ko_KR.UTF-8'), ('VSCODE_GIT_ASKPASS_EXTRA_ARGS', '--ms-enable-electron-run-as-node'), ('XDG_VTNR', '1'), ('QT_IM_MODULE', 'ibus'), ('LC_ALL', 'en_US.UTF-8'), ('PWD', '/home/neubility/ROS/ros2_communication_ws/build/ex_msg_srv'), ('CLUTTER_IM_MODULE', 'xim'), ('XDG_DATA_DIRS', '/usr/share/ubuntu:/usr/local/share/:/usr/share/:/var/lib/snapd/desktop'), ('XDG_CONFIG_DIRS', '/etc/xdg/xdg-ubuntu:/etc/xdg'), ('LC_NUMERIC', 'ko_KR.UTF-8'), ('PYTHONPATH', '/opt/ros/eloquent/lib/python3.6/site-packages'), ('LC_PAPER', 'ko_KR.UTF-8'), ('BREAKPAD_DUMP_LOCATION', '/home/neubility/.config/Code/exthost Crash Reports'), ('COLCON', '1'), ('CMAKE_PREFIX_PATH', '/opt/ros/eloquent')]), 'shell': False}
[0.042481] (sub_ex) JobProgress: {'identifier': 'sub_ex', 'progress': 'cmake'}
[0.043662] (sub_ex) JobProgress: {'identifier': 'sub_ex', 'progress': 'build'}
[0.046259] (sub_ex) Command: {'cmd': ['/usr/bin/cmake', '--build', '/home/neubility/ROS/ros2_communication_ws/build/sub_ex', '--', '-j16', '-l16'], 'cwd': '/home/neubility/ROS/ros2_communication_ws/build/sub_ex', 'env': OrderedDict([('GJS_DEBUG_TOPICS', 'JS ERROR;JS LOG'), ('LESSOPEN', '| /usr/bin/lesspipe %s'), ('USER', 'neubility'), ('LC_TIME', 'ko_KR.UTF-8'), ('TEXTDOMAIN', 'im-config'), ('XDG_SEAT', 'seat0'), ('SSH_AGENT_PID', '1301'), ('XDG_SESSION_TYPE', 'x11'), ('GIT_ASKPASS', '/usr/share/code/resources/app/extensions/git/dist/askpass.sh'), ('LD_LIBRARY_PATH', '/home/neubility/Qt5.14.2/Tools/QtCreator/lib:/usr/local/cuda-11.4/lib64:/usr/lib/x86_64-linux-gnu/gazebo-9/plugins:/opt/ros/eloquent/opt/yaml_cpp_vendor/lib:/opt/ros/eloquent/opt/rviz_ogre_vendor/lib:/opt/ros/eloquent/lib/x86_64-linux-gnu:/opt/ros/eloquent/lib'), ('SHLVL', '2'), ('CHROME_DESKTOP', 'code-url-handler.desktop'), ('QT4_IM_MODULE', 'xim'), ('HOME', '/home/neubility'), ('DESKTOP_SESSION', 'ubuntu'), ('TERM_PROGRAM_VERSION', '1.63.0'), ('GIO_LAUNCHED_DESKTOP_FILE', '/usr/share/applications/code.desktop'), ('GNOME_SHELL_SESSION_MODE', 'ubuntu'), ('GTK_MODULES', 'gail:atk-bridge'), ('VSCODE_GIT_ASKPASS_MAIN', '/usr/share/code/resources/app/extensions/git/dist/askpass-main.js'), ('ROS_PYTHON_VERSION', '3'), ('LC_MONETARY', 'ko_KR.UTF-8'), ('VSCODE_GIT_ASKPASS_NODE', '/usr/share/code/code'), ('DBUS_SESSION_BUS_ADDRESS', 'unix:path=/run/user/1000/bus'), ('COLORTERM', 'truecolor'), ('GIO_LAUNCHED_DESKTOP_FILE_PID', '9344'), ('IM_CONFIG_PHASE', '2'), ('ROS_DISTRO', 'eloquent'), ('LOGNAME', 'neubility'), ('GTK_IM_MODULE', 'ibus'), ('_', '/usr/bin/colcon'), ('ROS_VERSION', '2'), ('USERNAME', 'neubility'), ('XDG_SESSION_ID', '1'), ('TERM', 'xterm-256color'), ('ROS_LOCALHOST_ONLY', '0'), ('GNOME_DESKTOP_SESSION_ID', 'this-is-deprecated'), ('WINDOWPATH', '1'), ('PATH', '/home/neubility/Qt5.14.2/Tools/QtCreator/bin:/usr/local/cuda-11.4/bin:/opt/ros/eloquent/bin:/usr/local/sbin:/usr/local/bin:/usr/sbin:/usr/bin:/sbin:/bin:/usr/games:/usr/local/games:/snap/bin'), ('SESSION_MANAGER', 'local/neubility:@/tmp/.ICE-unix/1223,unix/neubility:/tmp/.ICE-unix/1223'), ('XDG_MENU_PREFIX', 'gnome-'), ('LC_ADDRESS', 'ko_KR.UTF-8'), ('GDK_BACKEND', 'x11'), ('XDG_RUNTIME_DIR', '/run/user/1000'), ('DISPLAY', ':0'), ('LANG', 'en_US.UTF-8'), ('XDG_CURRENT_DESKTOP', 'Unity'), ('LC_TELEPHONE', 'ko_KR.UTF-8'), ('RMW_IMPLEMENTATION', 'rmw_cyclonedds_cpp'), ('TERM_PROGRAM', 'vscode'), ('XDG_SESSION_DESKTOP', 'ubuntu'), ('XMODIFIERS', '@im=ibus'), ('VSCODE_GIT_IPC_HANDLE', '/run/user/1000/vscode-git-60516ff566.sock'), ('XAUTHORITY', '/run/user/1000/gdm/Xauthority'), ('AMENT_PREFIX_PATH', '/opt/ros/eloquent'), ('ORIGINAL_XDG_CURRENT_DESKTOP', 'ubuntu:GNOME'), ('SSH_AUTH_SOCK', '/run/user/1000/keyring/ssh'), ('ROS_DOMAIN_ID', '212'), ('LC_NAME', 'ko_KR.UTF-8'), ('SHELL', '/bin/bash'), ('QT_ACCESSIBILITY', '1'), ('GDMSESSION', 'ubuntu'), ('LESSCLOSE', '/usr/bin/lesspipe %s %s'), ('LC_MEASUREMENT', 'ko_KR.UTF-8'), ('TEXTDOMAINDIR', '/usr/share/locale/'), ('GJS_DEBUG_OUTPUT', 'stderr'), ('GPG_AGENT_INFO', '/run/user/1000/gnupg/S.gpg-agent:0:1'), ('LC_IDENTIFICATION', 'ko_KR.UTF-8'), ('VSCODE_GIT_ASKPASS_EXTRA_ARGS', '--ms-enable-electron-run-as-node'), ('XDG_VTNR', '1'), ('QT_IM_MODULE', 'ibus'), ('LC_ALL', 'en_US.UTF-8'), ('PWD', '/home/neubility/ROS/ros2_communication_ws/build/sub_ex'), ('CLUTTER_IM_MODULE', 'xim'), ('XDG_DATA_DIRS', '/usr/share/ubuntu:/usr/local/share/:/usr/share/:/var/lib/snapd/desktop'), ('XDG_CONFIG_DIRS', '/etc/xdg/xdg-ubuntu:/etc/xdg'), ('LC_NUMERIC', 'ko_KR.UTF-8'), ('PYTHONPATH', '/opt/ros/eloquent/lib/python3.6/site-packages'), ('LC_PAPER', 'ko_KR.UTF-8'), ('BREAKPAD_DUMP_LOCATION', '/home/neubility/.config/Code/exthost Crash Reports'), ('COLCON', '1'), ('CMAKE_PREFIX_PATH', '/opt/ros/eloquent')]), 'shell': False}
[0.097919] (-) TimerEvent: {}
[0.113987] (ex_msg_srv) StdoutLine: {'line': b'[  2%] Built target ex_msg_srv__cpp\n'}
[0.115982] (ex_msg_srv) StdoutLine: {'line': b'[ 12%] Built target ex_msg_srv__rosidl_generator_c\n'}
[0.132102] (sub_ex) StdoutLine: {'line': b'[100%] Built target sub_ex\n'}
[0.151985] (ex_msg_srv) StdoutLine: {'line': b'[ 23%] Built target ex_msg_srv__rosidl_typesupport_cpp\n'}
[0.153873] (sub_ex) CommandEnded: {'returncode': 0}
[0.157303] (ex_msg_srv) StdoutLine: {'line': b'[ 43%] Built target ex_msg_srv__rosidl_typesupport_introspection_c\n'}
[0.157781] (ex_msg_srv) StdoutLine: {'line': b'[ 43%] Built target ex_msg_srv__rosidl_typesupport_introspection_cpp\n'}
[0.159065] (ex_msg_srv) StdoutLine: {'line': b'[ 53%] Built target ex_msg_srv__rosidl_typesupport_c\n'}
[0.165085] (ex_msg_srv) StdoutLine: {'line': b'[ 64%] Built target ex_msg_srv__rosidl_typesupport_fastrtps_cpp\n'}
[0.194485] (sub_ex) JobProgress: {'identifier': 'sub_ex', 'progress': 'install'}
[0.198162] (-) TimerEvent: {}
[0.207613] (ex_msg_srv) StdoutLine: {'line': b'[ 74%] Built target ex_msg_srv__rosidl_typesupport_fastrtps_c\n'}
[0.212489] (sub_ex) Command: {'cmd': ['/usr/bin/cmake', '--build', '/home/neubility/ROS/ros2_communication_ws/build/sub_ex', '--target', 'install', '--', '-j16', '-l16'], 'cwd': '/home/neubility/ROS/ros2_communication_ws/build/sub_ex', 'env': OrderedDict([('GJS_DEBUG_TOPICS', 'JS ERROR;JS LOG'), ('LESSOPEN', '| /usr/bin/lesspipe %s'), ('USER', 'neubility'), ('LC_TIME', 'ko_KR.UTF-8'), ('TEXTDOMAIN', 'im-config'), ('XDG_SEAT', 'seat0'), ('SSH_AGENT_PID', '1301'), ('XDG_SESSION_TYPE', 'x11'), ('GIT_ASKPASS', '/usr/share/code/resources/app/extensions/git/dist/askpass.sh'), ('LD_LIBRARY_PATH', '/home/neubility/Qt5.14.2/Tools/QtCreator/lib:/usr/local/cuda-11.4/lib64:/usr/lib/x86_64-linux-gnu/gazebo-9/plugins:/opt/ros/eloquent/opt/yaml_cpp_vendor/lib:/opt/ros/eloquent/opt/rviz_ogre_vendor/lib:/opt/ros/eloquent/lib/x86_64-linux-gnu:/opt/ros/eloquent/lib'), ('SHLVL', '2'), ('CHROME_DESKTOP', 'code-url-handler.desktop'), ('QT4_IM_MODULE', 'xim'), ('HOME', '/home/neubility'), ('DESKTOP_SESSION', 'ubuntu'), ('TERM_PROGRAM_VERSION', '1.63.0'), ('GIO_LAUNCHED_DESKTOP_FILE', '/usr/share/applications/code.desktop'), ('GNOME_SHELL_SESSION_MODE', 'ubuntu'), ('GTK_MODULES', 'gail:atk-bridge'), ('VSCODE_GIT_ASKPASS_MAIN', '/usr/share/code/resources/app/extensions/git/dist/askpass-main.js'), ('ROS_PYTHON_VERSION', '3'), ('LC_MONETARY', 'ko_KR.UTF-8'), ('VSCODE_GIT_ASKPASS_NODE', '/usr/share/code/code'), ('DBUS_SESSION_BUS_ADDRESS', 'unix:path=/run/user/1000/bus'), ('COLORTERM', 'truecolor'), ('GIO_LAUNCHED_DESKTOP_FILE_PID', '9344'), ('IM_CONFIG_PHASE', '2'), ('ROS_DISTRO', 'eloquent'), ('LOGNAME', 'neubility'), ('GTK_IM_MODULE', 'ibus'), ('_', '/usr/bin/colcon'), ('ROS_VERSION', '2'), ('USERNAME', 'neubility'), ('XDG_SESSION_ID', '1'), ('TERM', 'xterm-256color'), ('ROS_LOCALHOST_ONLY', '0'), ('GNOME_DESKTOP_SESSION_ID', 'this-is-deprecated'), ('WINDOWPATH', '1'), ('PATH', '/home/neubility/Qt5.14.2/Tools/QtCreator/bin:/usr/local/cuda-11.4/bin:/opt/ros/eloquent/bin:/usr/local/sbin:/usr/local/bin:/usr/sbin:/usr/bin:/sbin:/bin:/usr/games:/usr/local/games:/snap/bin'), ('SESSION_MANAGER', 'local/neubility:@/tmp/.ICE-unix/1223,unix/neubility:/tmp/.ICE-unix/1223'), ('XDG_MENU_PREFIX', 'gnome-'), ('LC_ADDRESS', 'ko_KR.UTF-8'), ('GDK_BACKEND', 'x11'), ('XDG_RUNTIME_DIR', '/run/user/1000'), ('DISPLAY', ':0'), ('LANG', 'en_US.UTF-8'), ('XDG_CURRENT_DESKTOP', 'Unity'), ('LC_TELEPHONE', 'ko_KR.UTF-8'), ('RMW_IMPLEMENTATION', 'rmw_cyclonedds_cpp'), ('TERM_PROGRAM', 'vscode'), ('XDG_SESSION_DESKTOP', 'ubuntu'), ('XMODIFIERS', '@im=ibus'), ('VSCODE_GIT_IPC_HANDLE', '/run/user/1000/vscode-git-60516ff566.sock'), ('XAUTHORITY', '/run/user/1000/gdm/Xauthority'), ('AMENT_PREFIX_PATH', '/opt/ros/eloquent'), ('ORIGINAL_XDG_CURRENT_DESKTOP', 'ubuntu:GNOME'), ('SSH_AUTH_SOCK', '/run/user/1000/keyring/ssh'), ('ROS_DOMAIN_ID', '212'), ('LC_NAME', 'ko_KR.UTF-8'), ('SHELL', '/bin/bash'), ('QT_ACCESSIBILITY', '1'), ('GDMSESSION', 'ubuntu'), ('LESSCLOSE', '/usr/bin/lesspipe %s %s'), ('LC_MEASUREMENT', 'ko_KR.UTF-8'), ('TEXTDOMAINDIR', '/usr/share/locale/'), ('GJS_DEBUG_OUTPUT', 'stderr'), ('GPG_AGENT_INFO', '/run/user/1000/gnupg/S.gpg-agent:0:1'), ('LC_IDENTIFICATION', 'ko_KR.UTF-8'), ('VSCODE_GIT_ASKPASS_EXTRA_ARGS', '--ms-enable-electron-run-as-node'), ('XDG_VTNR', '1'), ('QT_IM_MODULE', 'ibus'), ('LC_ALL', 'en_US.UTF-8'), ('PWD', '/home/neubility/ROS/ros2_communication_ws/build/sub_ex'), ('CLUTTER_IM_MODULE', 'xim'), ('XDG_DATA_DIRS', '/usr/share/ubuntu:/usr/local/share/:/usr/share/:/var/lib/snapd/desktop'), ('XDG_CONFIG_DIRS', '/etc/xdg/xdg-ubuntu:/etc/xdg'), ('LC_NUMERIC', 'ko_KR.UTF-8'), ('PYTHONPATH', '/opt/ros/eloquent/lib/python3.6/site-packages'), ('LC_PAPER', 'ko_KR.UTF-8'), ('BREAKPAD_DUMP_LOCATION', '/home/neubility/.config/Code/exthost Crash Reports'), ('COLCON', '1'), ('CMAKE_PREFIX_PATH', '/opt/ros/eloquent')]), 'shell': False}
[0.242551] (ex_msg_srv) StdoutLine: {'line': b'[ 74%] Built target ex_msg_srv\n'}
[0.281157] (ex_msg_srv) StdoutLine: {'line': b'[ 76%] Built target ex_msg_srv__py\n'}
[0.298349] (-) TimerEvent: {}
[0.305719] (sub_ex) StdoutLine: {'line': b'[100%] Built target sub_ex\n'}
[0.319585] (ex_msg_srv) StdoutLine: {'line': b'[ 84%] Built target ex_msg_srv__python\n'}
[0.335813] (sub_ex) StdoutLine: {'line': b'\x1b[36mInstall the project...\x1b[0m\n'}
[0.350826] (sub_ex) StdoutLine: {'line': b'-- Install configuration: "Debug"\n'}
[0.351853] (sub_ex) StdoutLine: {'line': b'-- Up-to-date: /home/neubility/ROS/ros2_communication_ws/install/sub_ex/lib/sub_ex/sub_ex\n'}
[0.352811] (sub_ex) StdoutLine: {'line': b'-- Up-to-date: /home/neubility/ROS/ros2_communication_ws/install/sub_ex/share/ament_index/resource_index/package_run_dependencies/sub_ex\n'}
[0.353228] (sub_ex) StdoutLine: {'line': b'-- Up-to-date: /home/neubility/ROS/ros2_communication_ws/install/sub_ex/share/ament_index/resource_index/parent_prefix_path/sub_ex\n'}
[0.353430] (sub_ex) StdoutLine: {'line': b'-- Up-to-date: /home/neubility/ROS/ros2_communication_ws/install/sub_ex/share/sub_ex/environment/ament_prefix_path.sh\n'}
[0.353687] (sub_ex) StdoutLine: {'line': b'-- Up-to-date: /home/neubility/ROS/ros2_communication_ws/install/sub_ex/share/sub_ex/environment/ament_prefix_path.dsv\n'}
[0.353799] (sub_ex) StdoutLine: {'line': b'-- Up-to-date: /home/neubility/ROS/ros2_communication_ws/install/sub_ex/share/sub_ex/environment/path.sh\n'}
[0.353903] (sub_ex) StdoutLine: {'line': b'-- Up-to-date: /home/neubility/ROS/ros2_communication_ws/install/sub_ex/share/sub_ex/environment/path.dsv\n'}
[0.354009] (sub_ex) StdoutLine: {'line': b'-- Up-to-date: /home/neubility/ROS/ros2_communication_ws/install/sub_ex/share/sub_ex/local_setup.bash\n'}
[0.354120] (sub_ex) StdoutLine: {'line': b'-- Up-to-date: /home/neubility/ROS/ros2_communication_ws/install/sub_ex/share/sub_ex/local_setup.sh\n'}
[0.354210] (sub_ex) StdoutLine: {'line': b'-- Up-to-date: /home/neubility/ROS/ros2_communication_ws/install/sub_ex/share/sub_ex/local_setup.zsh\n'}
[0.354295] (sub_ex) StdoutLine: {'line': b'-- Up-to-date: /home/neubility/ROS/ros2_communication_ws/install/sub_ex/share/sub_ex/local_setup.dsv\n'}
[0.354379] (sub_ex) StdoutLine: {'line': b'-- Installing: /home/neubility/ROS/ros2_communication_ws/install/sub_ex/share/sub_ex/package.dsv\n'}
[0.354462] (sub_ex) StdoutLine: {'line': b'-- Up-to-date: /home/neubility/ROS/ros2_communication_ws/install/sub_ex/share/ament_index/resource_index/packages/sub_ex\n'}
[0.354553] (sub_ex) StdoutLine: {'line': b'-- Up-to-date: /home/neubility/ROS/ros2_communication_ws/install/sub_ex/share/sub_ex/cmake/sub_exConfig.cmake\n'}
[0.354641] (sub_ex) StdoutLine: {'line': b'-- Up-to-date: /home/neubility/ROS/ros2_communication_ws/install/sub_ex/share/sub_ex/cmake/sub_exConfig-version.cmake\n'}
[0.355122] (sub_ex) StdoutLine: {'line': b'-- Up-to-date: /home/neubility/ROS/ros2_communication_ws/install/sub_ex/share/sub_ex/package.xml\n'}
[0.356895] (ex_msg_srv) StdoutLine: {'line': b'[ 94%] Built target ex_msg_srv__rosidl_typesupport_c__pyext\n'}
[0.357313] (ex_msg_srv) StdoutLine: {'line': b'[ 94%] Built target ex_msg_srv__rosidl_typesupport_introspection_c__pyext\n'}
[0.359299] (sub_ex) CommandEnded: {'returncode': 0}
[0.362269] (ex_msg_srv) StdoutLine: {'line': b'[100%] Built target ex_msg_srv__rosidl_typesupport_fastrtps_c__pyext\n'}
[0.399132] (-) TimerEvent: {}
[0.406237] (ex_msg_srv) CommandEnded: {'returncode': 0}
[0.466999] (sub_ex) JobEnded: {'identifier': 'sub_ex', 'rc': 0}
[0.499311] (-) TimerEvent: {}
[0.524618] (ex_msg_srv) JobProgress: {'identifier': 'ex_msg_srv', 'progress': 'install'}
[0.527686] (ex_msg_srv) Command: {'cmd': ['/usr/bin/cmake', '--build', '/home/neubility/ROS/ros2_communication_ws/build/ex_msg_srv', '--target', 'install', '--', '-j16', '-l16'], 'cwd': '/home/neubility/ROS/ros2_communication_ws/build/ex_msg_srv', 'env': OrderedDict([('GJS_DEBUG_TOPICS', 'JS ERROR;JS LOG'), ('LESSOPEN', '| /usr/bin/lesspipe %s'), ('USER', 'neubility'), ('LC_TIME', 'ko_KR.UTF-8'), ('TEXTDOMAIN', 'im-config'), ('XDG_SEAT', 'seat0'), ('SSH_AGENT_PID', '1301'), ('XDG_SESSION_TYPE', 'x11'), ('GIT_ASKPASS', '/usr/share/code/resources/app/extensions/git/dist/askpass.sh'), ('LD_LIBRARY_PATH', '/home/neubility/Qt5.14.2/Tools/QtCreator/lib:/usr/local/cuda-11.4/lib64:/usr/lib/x86_64-linux-gnu/gazebo-9/plugins:/opt/ros/eloquent/opt/yaml_cpp_vendor/lib:/opt/ros/eloquent/opt/rviz_ogre_vendor/lib:/opt/ros/eloquent/lib/x86_64-linux-gnu:/opt/ros/eloquent/lib'), ('SHLVL', '2'), ('CHROME_DESKTOP', 'code-url-handler.desktop'), ('QT4_IM_MODULE', 'xim'), ('HOME', '/home/neubility'), ('DESKTOP_SESSION', 'ubuntu'), ('TERM_PROGRAM_VERSION', '1.63.0'), ('GIO_LAUNCHED_DESKTOP_FILE', '/usr/share/applications/code.desktop'), ('GNOME_SHELL_SESSION_MODE', 'ubuntu'), ('GTK_MODULES', 'gail:atk-bridge'), ('VSCODE_GIT_ASKPASS_MAIN', '/usr/share/code/resources/app/extensions/git/dist/askpass-main.js'), ('ROS_PYTHON_VERSION', '3'), ('LC_MONETARY', 'ko_KR.UTF-8'), ('VSCODE_GIT_ASKPASS_NODE', '/usr/share/code/code'), ('DBUS_SESSION_BUS_ADDRESS', 'unix:path=/run/user/1000/bus'), ('COLORTERM', 'truecolor'), ('GIO_LAUNCHED_DESKTOP_FILE_PID', '9344'), ('IM_CONFIG_PHASE', '2'), ('ROS_DISTRO', 'eloquent'), ('LOGNAME', 'neubility'), ('GTK_IM_MODULE', 'ibus'), ('_', '/usr/bin/colcon'), ('ROS_VERSION', '2'), ('USERNAME', 'neubility'), ('XDG_SESSION_ID', '1'), ('TERM', 'xterm-256color'), ('ROS_LOCALHOST_ONLY', '0'), ('GNOME_DESKTOP_SESSION_ID', 'this-is-deprecated'), ('WINDOWPATH', '1'), ('PATH', '/home/neubility/Qt5.14.2/Tools/QtCreator/bin:/usr/local/cuda-11.4/bin:/opt/ros/eloquent/bin:/usr/local/sbin:/usr/local/bin:/usr/sbin:/usr/bin:/sbin:/bin:/usr/games:/usr/local/games:/snap/bin'), ('SESSION_MANAGER', 'local/neubility:@/tmp/.ICE-unix/1223,unix/neubility:/tmp/.ICE-unix/1223'), ('XDG_MENU_PREFIX', 'gnome-'), ('LC_ADDRESS', 'ko_KR.UTF-8'), ('GDK_BACKEND', 'x11'), ('XDG_RUNTIME_DIR', '/run/user/1000'), ('DISPLAY', ':0'), ('LANG', 'en_US.UTF-8'), ('XDG_CURRENT_DESKTOP', 'Unity'), ('LC_TELEPHONE', 'ko_KR.UTF-8'), ('RMW_IMPLEMENTATION', 'rmw_cyclonedds_cpp'), ('TERM_PROGRAM', 'vscode'), ('XDG_SESSION_DESKTOP', 'ubuntu'), ('XMODIFIERS', '@im=ibus'), ('VSCODE_GIT_IPC_HANDLE', '/run/user/1000/vscode-git-60516ff566.sock'), ('XAUTHORITY', '/run/user/1000/gdm/Xauthority'), ('AMENT_PREFIX_PATH', '/opt/ros/eloquent'), ('ORIGINAL_XDG_CURRENT_DESKTOP', 'ubuntu:GNOME'), ('SSH_AUTH_SOCK', '/run/user/1000/keyring/ssh'), ('ROS_DOMAIN_ID', '212'), ('LC_NAME', 'ko_KR.UTF-8'), ('SHELL', '/bin/bash'), ('QT_ACCESSIBILITY', '1'), ('GDMSESSION', 'ubuntu'), ('LESSCLOSE', '/usr/bin/lesspipe %s %s'), ('LC_MEASUREMENT', 'ko_KR.UTF-8'), ('TEXTDOMAINDIR', '/usr/share/locale/'), ('GJS_DEBUG_OUTPUT', 'stderr'), ('GPG_AGENT_INFO', '/run/user/1000/gnupg/S.gpg-agent:0:1'), ('LC_IDENTIFICATION', 'ko_KR.UTF-8'), ('VSCODE_GIT_ASKPASS_EXTRA_ARGS', '--ms-enable-electron-run-as-node'), ('XDG_VTNR', '1'), ('QT_IM_MODULE', 'ibus'), ('LC_ALL', 'en_US.UTF-8'), ('PWD', '/home/neubility/ROS/ros2_communication_ws/build/ex_msg_srv'), ('CLUTTER_IM_MODULE', 'xim'), ('XDG_DATA_DIRS', '/usr/share/ubuntu:/usr/local/share/:/usr/share/:/var/lib/snapd/desktop'), ('XDG_CONFIG_DIRS', '/etc/xdg/xdg-ubuntu:/etc/xdg'), ('LC_NUMERIC', 'ko_KR.UTF-8'), ('PYTHONPATH', '/opt/ros/eloquent/lib/python3.6/site-packages'), ('LC_PAPER', 'ko_KR.UTF-8'), ('BREAKPAD_DUMP_LOCATION', '/home/neubility/.config/Code/exthost Crash Reports'), ('COLCON', '1'), ('CMAKE_PREFIX_PATH', '/opt/ros/eloquent')]), 'shell': False}
[0.599548] (-) TimerEvent: {}
[0.607070] (ex_msg_srv) StdoutLine: {'line': b'[  7%] Built target ex_msg_srv__cpp\n'}
[0.607785] (ex_msg_srv) StdoutLine: {'line': b'[ 12%] Built target ex_msg_srv__rosidl_generator_c\n'}
[0.641965] (ex_msg_srv) StdoutLine: {'line': b'[ 33%] Built target ex_msg_srv__rosidl_typesupport_c\n'}
[0.642291] (ex_msg_srv) StdoutLine: {'line': b'[ 33%] Built target ex_msg_srv__rosidl_typesupport_cpp\n'}
[0.645587] (ex_msg_srv) StdoutLine: {'line': b'[ 53%] Built target ex_msg_srv__rosidl_typesupport_introspection_cpp\n'}
[0.645903] (ex_msg_srv) StdoutLine: {'line': b'[ 53%] Built target ex_msg_srv__rosidl_typesupport_introspection_c\n'}
[0.646032] (ex_msg_srv) StdoutLine: {'line': b'[ 64%] Built target ex_msg_srv__rosidl_typesupport_fastrtps_cpp\n'}
[0.684885] (ex_msg_srv) StdoutLine: {'line': b'[ 74%] Built target ex_msg_srv__rosidl_typesupport_fastrtps_c\n'}
[0.699760] (-) TimerEvent: {}
[0.722580] (ex_msg_srv) StdoutLine: {'line': b'[ 74%] Built target ex_msg_srv\n'}
[0.768830] (ex_msg_srv) StdoutLine: {'line': b'[ 76%] Built target ex_msg_srv__py\n'}
[0.799911] (-) TimerEvent: {}
[0.815790] (ex_msg_srv) StdoutLine: {'line': b'[ 84%] Built target ex_msg_srv__python\n'}
[0.849624] (ex_msg_srv) StdoutLine: {'line': b'[100%] Built target ex_msg_srv__rosidl_typesupport_c__pyext\n'}
[0.850030] (ex_msg_srv) StdoutLine: {'line': b'[100%] Built target ex_msg_srv__rosidl_typesupport_introspection_c__pyext\n'}
[0.850144] (ex_msg_srv) StdoutLine: {'line': b'[100%] Built target ex_msg_srv__rosidl_typesupport_fastrtps_c__pyext\n'}
[0.875238] (ex_msg_srv) StdoutLine: {'line': b'\x1b[36mInstall the project...\x1b[0m\n'}
[0.890970] (ex_msg_srv) StdoutLine: {'line': b'-- Install configuration: "Debug"\n'}
[0.891648] (ex_msg_srv) StdoutLine: {'line': b'-- Up-to-date: /home/neubility/ROS/ros2_communication_ws/install/ex_msg_srv/share/ament_index/resource_index/rosidl_interfaces/ex_msg_srv\n'}
[0.892401] (ex_msg_srv) StdoutLine: {'line': b'-- Up-to-date: /home/neubility/ROS/ros2_communication_ws/install/ex_msg_srv/lib/libex_msg_srv__rosidl_typesupport_c.so\n'}
[0.892946] (ex_msg_srv) StdoutLine: {'line': b'-- Up-to-date: /home/neubility/ROS/ros2_communication_ws/install/ex_msg_srv/share/ex_msg_srv/environment/library_path.sh\n'}
[0.893605] (ex_msg_srv) StdoutLine: {'line': b'-- Up-to-date: /home/neubility/ROS/ros2_communication_ws/install/ex_msg_srv/share/ex_msg_srv/environment/library_path.dsv\n'}
[0.894443] (ex_msg_srv) StdoutLine: {'line': b'-- Up-to-date: /home/neubility/ROS/ros2_communication_ws/install/ex_msg_srv/lib/libex_msg_srv__rosidl_typesupport_cpp.so\n'}
[0.894732] (ex_msg_srv) StdoutLine: {'line': b'-- Up-to-date: /home/neubility/ROS/ros2_communication_ws/install/ex_msg_srv/include/ex_msg_srv\n'}
[0.895472] (ex_msg_srv) StdoutLine: {'line': b'-- Up-to-date: /home/neubility/ROS/ros2_communication_ws/install/ex_msg_srv/include/ex_msg_srv/srv\n'}
[0.896237] (ex_msg_srv) StdoutLine: {'line': b'-- Up-to-date: /home/neubility/ROS/ros2_communication_ws/install/ex_msg_srv/include/ex_msg_srv/srv/add_three_ints__rosidl_typesupport_fastrtps_c.h\n'}
[0.896993] (ex_msg_srv) StdoutLine: {'line': b'-- Up-to-date: /home/neubility/ROS/ros2_communication_ws/install/ex_msg_srv/include/ex_msg_srv/msg\n'}
[0.897469] (ex_msg_srv) StdoutLine: {'line': b'-- Up-to-date: /home/neubility/ROS/ros2_communication_ws/install/ex_msg_srv/include/ex_msg_srv/msg/num__rosidl_typesupport_fastrtps_c.h\n'}
[0.898141] (ex_msg_srv) StdoutLine: {'line': b'-- Up-to-date: /home/neubility/ROS/ros2_communication_ws/install/ex_msg_srv/include/ex_msg_srv/msg/rosidl_typesupport_fastrtps_c__visibility_control.h\n'}
[0.898532] (ex_msg_srv) StdoutLine: {'line': b'-- Up-to-date: /home/neubility/ROS/ros2_communication_ws/install/ex_msg_srv/lib/libex_msg_srv__rosidl_typesupport_fastrtps_c.so\n'}
[0.898855] (ex_msg_srv) StdoutLine: {'line': b'-- Up-to-date: /home/neubility/ROS/ros2_communication_ws/install/ex_msg_srv/include/ex_msg_srv\n'}
[0.899564] (ex_msg_srv) StdoutLine: {'line': b'-- Up-to-date: /home/neubility/ROS/ros2_communication_ws/install/ex_msg_srv/include/ex_msg_srv/srv\n'}
[0.899913] (ex_msg_srv) StdoutLine: {'line': b'-- Up-to-date: /home/neubility/ROS/ros2_communication_ws/install/ex_msg_srv/include/ex_msg_srv/srv/add_three_ints.h\n'}
[0.900233] (-) TimerEvent: {}
[0.900396] (ex_msg_srv) StdoutLine: {'line': b'-- Up-to-date: /home/neubility/ROS/ros2_communication_ws/install/ex_msg_srv/include/ex_msg_srv/srv/add_three_ints__struct.h\n'}
[0.900489] (ex_msg_srv) StdoutLine: {'line': b'-- Up-to-date: /home/neubility/ROS/ros2_communication_ws/install/ex_msg_srv/include/ex_msg_srv/srv/add_three_ints__functions.c\n'}
[0.900551] (ex_msg_srv) StdoutLine: {'line': b'-- Up-to-date: /home/neubility/ROS/ros2_communication_ws/install/ex_msg_srv/include/ex_msg_srv/srv/add_three_ints__type_support.h\n'}
[0.900689] (ex_msg_srv) StdoutLine: {'line': b'-- Up-to-date: /home/neubility/ROS/ros2_communication_ws/install/ex_msg_srv/include/ex_msg_srv/srv/add_three_ints__functions.h\n'}
[0.900942] (ex_msg_srv) StdoutLine: {'line': b'-- Up-to-date: /home/neubility/ROS/ros2_communication_ws/install/ex_msg_srv/include/ex_msg_srv/msg\n'}
[0.901008] (ex_msg_srv) StdoutLine: {'line': b'-- Up-to-date: /home/neubility/ROS/ros2_communication_ws/install/ex_msg_srv/include/ex_msg_srv/msg/num__type_support.h\n'}
[0.901084] (ex_msg_srv) StdoutLine: {'line': b'-- Up-to-date: /home/neubility/ROS/ros2_communication_ws/install/ex_msg_srv/include/ex_msg_srv/msg/num__functions.h\n'}
[0.901142] (ex_msg_srv) StdoutLine: {'line': b'-- Up-to-date: /home/neubility/ROS/ros2_communication_ws/install/ex_msg_srv/include/ex_msg_srv/msg/num__functions.c\n'}
[0.901198] (ex_msg_srv) StdoutLine: {'line': b'-- Up-to-date: /home/neubility/ROS/ros2_communication_ws/install/ex_msg_srv/include/ex_msg_srv/msg/rosidl_generator_c__visibility_control.h\n'}
[0.901374] (ex_msg_srv) StdoutLine: {'line': b'-- Up-to-date: /home/neubility/ROS/ros2_communication_ws/install/ex_msg_srv/include/ex_msg_srv/msg/num.h\n'}
[0.901444] (ex_msg_srv) StdoutLine: {'line': b'-- Up-to-date: /home/neubility/ROS/ros2_communication_ws/install/ex_msg_srv/include/ex_msg_srv/msg/num__struct.h\n'}
[0.901500] (ex_msg_srv) StdoutLine: {'line': b'-- Up-to-date: /home/neubility/ROS/ros2_communication_ws/install/ex_msg_srv/lib/libex_msg_srv__rosidl_generator_c.so\n'}
[0.901557] (ex_msg_srv) StdoutLine: {'line': b'-- Up-to-date: /home/neubility/ROS/ros2_communication_ws/install/ex_msg_srv/include/ex_msg_srv\n'}
[0.901614] (ex_msg_srv) StdoutLine: {'line': b'-- Up-to-date: /home/neubility/ROS/ros2_communication_ws/install/ex_msg_srv/include/ex_msg_srv/srv\n'}
[0.901682] (ex_msg_srv) StdoutLine: {'line': b'-- Up-to-date: /home/neubility/ROS/ros2_communication_ws/install/ex_msg_srv/include/ex_msg_srv/srv/dds_fastrtps\n'}
[0.901738] (ex_msg_srv) StdoutLine: {'line': b'-- Up-to-date: /home/neubility/ROS/ros2_communication_ws/install/ex_msg_srv/include/ex_msg_srv/srv/add_three_ints__rosidl_typesupport_fastrtps_cpp.hpp\n'}
[0.901793] (ex_msg_srv) StdoutLine: {'line': b'-- Up-to-date: /home/neubility/ROS/ros2_communication_ws/install/ex_msg_srv/include/ex_msg_srv/msg\n'}
[0.901849] (ex_msg_srv) StdoutLine: {'line': b'-- Up-to-date: /home/neubility/ROS/ros2_communication_ws/install/ex_msg_srv/include/ex_msg_srv/msg/dds_fastrtps\n'}
[0.901905] (ex_msg_srv) StdoutLine: {'line': b'-- Up-to-date: /home/neubility/ROS/ros2_communication_ws/install/ex_msg_srv/include/ex_msg_srv/msg/rosidl_typesupport_fastrtps_cpp__visibility_control.h\n'}
[0.901961] (ex_msg_srv) StdoutLine: {'line': b'-- Up-to-date: /home/neubility/ROS/ros2_communication_ws/install/ex_msg_srv/include/ex_msg_srv/msg/num__rosidl_typesupport_fastrtps_cpp.hpp\n'}
[0.902028] (ex_msg_srv) StdoutLine: {'line': b'-- Up-to-date: /home/neubility/ROS/ros2_communication_ws/install/ex_msg_srv/lib/libex_msg_srv__rosidl_typesupport_fastrtps_cpp.so\n'}
[0.902084] (ex_msg_srv) StdoutLine: {'line': b'-- Up-to-date: /home/neubility/ROS/ros2_communication_ws/install/ex_msg_srv/include/ex_msg_srv\n'}
[0.902148] (ex_msg_srv) StdoutLine: {'line': b'-- Up-to-date: /home/neubility/ROS/ros2_communication_ws/install/ex_msg_srv/include/ex_msg_srv/srv\n'}
[0.902202] (ex_msg_srv) StdoutLine: {'line': b'-- Up-to-date: /home/neubility/ROS/ros2_communication_ws/install/ex_msg_srv/include/ex_msg_srv/srv/add_three_ints__traits.hpp\n'}
[0.902257] (ex_msg_srv) StdoutLine: {'line': b'-- Up-to-date: /home/neubility/ROS/ros2_communication_ws/install/ex_msg_srv/include/ex_msg_srv/srv/add_three_ints.hpp\n'}
[0.902310] (ex_msg_srv) StdoutLine: {'line': b'-- Up-to-date: /home/neubility/ROS/ros2_communication_ws/install/ex_msg_srv/include/ex_msg_srv/srv/add_three_ints__struct.hpp\n'}
[0.902363] (ex_msg_srv) StdoutLine: {'line': b'-- Up-to-date: /home/neubility/ROS/ros2_communication_ws/install/ex_msg_srv/include/ex_msg_srv/msg\n'}
[0.902415] (ex_msg_srv) StdoutLine: {'line': b'-- Up-to-date: /home/neubility/ROS/ros2_communication_ws/install/ex_msg_srv/include/ex_msg_srv/msg/num__traits.hpp\n'}
[0.902469] (ex_msg_srv) StdoutLine: {'line': b'-- Up-to-date: /home/neubility/ROS/ros2_communication_ws/install/ex_msg_srv/include/ex_msg_srv/msg/num__struct.hpp\n'}
[0.902522] (ex_msg_srv) StdoutLine: {'line': b'-- Up-to-date: /home/neubility/ROS/ros2_communication_ws/install/ex_msg_srv/include/ex_msg_srv/msg/num.hpp\n'}
[0.902578] (ex_msg_srv) StdoutLine: {'line': b'-- Up-to-date: /home/neubility/ROS/ros2_communication_ws/install/ex_msg_srv/include/ex_msg_srv\n'}
[0.902631] (ex_msg_srv) StdoutLine: {'line': b'-- Up-to-date: /home/neubility/ROS/ros2_communication_ws/install/ex_msg_srv/include/ex_msg_srv/srv\n'}
[0.903024] (ex_msg_srv) StdoutLine: {'line': b'-- Up-to-date: /home/neubility/ROS/ros2_communication_ws/install/ex_msg_srv/include/ex_msg_srv/srv/add_three_ints__type_support.c\n'}
[0.903126] (ex_msg_srv) StdoutLine: {'line': b'-- Up-to-date: /home/neubility/ROS/ros2_communication_ws/install/ex_msg_srv/include/ex_msg_srv/srv/add_three_ints__rosidl_typesupport_introspection_c.h\n'}
[0.903202] (ex_msg_srv) StdoutLine: {'line': b'-- Up-to-date: /home/neubility/ROS/ros2_communication_ws/install/ex_msg_srv/include/ex_msg_srv/msg\n'}
[0.903313] (ex_msg_srv) StdoutLine: {'line': b'-- Up-to-date: /home/neubility/ROS/ros2_communication_ws/install/ex_msg_srv/include/ex_msg_srv/msg/rosidl_typesupport_introspection_c__visibility_control.h\n'}
[0.903372] (ex_msg_srv) StdoutLine: {'line': b'-- Up-to-date: /home/neubility/ROS/ros2_communication_ws/install/ex_msg_srv/include/ex_msg_srv/msg/num__type_support.c\n'}
[0.903427] (ex_msg_srv) StdoutLine: {'line': b'-- Up-to-date: /home/neubility/ROS/ros2_communication_ws/install/ex_msg_srv/include/ex_msg_srv/msg/num__rosidl_typesupport_introspection_c.h\n'}
[0.903482] (ex_msg_srv) StdoutLine: {'line': b'-- Up-to-date: /home/neubility/ROS/ros2_communication_ws/install/ex_msg_srv/lib/libex_msg_srv__rosidl_typesupport_introspection_c.so\n'}
[0.903536] (ex_msg_srv) StdoutLine: {'line': b'-- Up-to-date: /home/neubility/ROS/ros2_communication_ws/install/ex_msg_srv/include/ex_msg_srv\n'}
[0.903589] (ex_msg_srv) StdoutLine: {'line': b'-- Up-to-date: /home/neubility/ROS/ros2_communication_ws/install/ex_msg_srv/include/ex_msg_srv/srv\n'}
[0.903658] (ex_msg_srv) StdoutLine: {'line': b'-- Up-to-date: /home/neubility/ROS/ros2_communication_ws/install/ex_msg_srv/include/ex_msg_srv/srv/add_three_ints__rosidl_typesupport_introspection_cpp.hpp\n'}
[0.903712] (ex_msg_srv) StdoutLine: {'line': b'-- Up-to-date: /home/neubility/ROS/ros2_communication_ws/install/ex_msg_srv/include/ex_msg_srv/srv/add_three_ints__type_support.cpp\n'}
[0.903764] (ex_msg_srv) StdoutLine: {'line': b'-- Up-to-date: /home/neubility/ROS/ros2_communication_ws/install/ex_msg_srv/include/ex_msg_srv/msg\n'}
[0.903819] (ex_msg_srv) StdoutLine: {'line': b'-- Up-to-date: /home/neubility/ROS/ros2_communication_ws/install/ex_msg_srv/include/ex_msg_srv/msg/num__rosidl_typesupport_introspection_cpp.hpp\n'}
[0.903872] (ex_msg_srv) StdoutLine: {'line': b'-- Up-to-date: /home/neubility/ROS/ros2_communication_ws/install/ex_msg_srv/include/ex_msg_srv/msg/num__type_support.cpp\n'}
[0.903925] (ex_msg_srv) StdoutLine: {'line': b'-- Up-to-date: /home/neubility/ROS/ros2_communication_ws/install/ex_msg_srv/lib/libex_msg_srv__rosidl_typesupport_introspection_cpp.so\n'}
[0.903977] (ex_msg_srv) StdoutLine: {'line': b'-- Up-to-date: /home/neubility/ROS/ros2_communication_ws/install/ex_msg_srv/share/ex_msg_srv/environment/pythonpath.sh\n'}
[0.904028] (ex_msg_srv) StdoutLine: {'line': b'-- Up-to-date: /home/neubility/ROS/ros2_communication_ws/install/ex_msg_srv/share/ex_msg_srv/environment/pythonpath.dsv\n'}
[0.904081] (ex_msg_srv) StdoutLine: {'line': b'-- Up-to-date: /home/neubility/ROS/ros2_communication_ws/install/ex_msg_srv/lib/python3.6/site-packages/ex_msg_srv/__init__.py\n'}
[0.939231] (ex_msg_srv) StdoutLine: {'line': b'-- Up-to-date: /home/neubility/ROS/ros2_communication_ws/install/ex_msg_srv/lib/python3.6/site-packages/ex_msg_srv/msg\n'}
[0.940019] (ex_msg_srv) StdoutLine: {'line': b'-- Up-to-date: /home/neubility/ROS/ros2_communication_ws/install/ex_msg_srv/lib/python3.6/site-packages/ex_msg_srv/msg/_num_s.c\n'}
[0.940669] (ex_msg_srv) StdoutLine: {'line': b'-- Up-to-date: /home/neubility/ROS/ros2_communication_ws/install/ex_msg_srv/lib/python3.6/site-packages/ex_msg_srv/msg/_num.py\n'}
[0.941131] (ex_msg_srv) StdoutLine: {'line': b'-- Up-to-date: /home/neubility/ROS/ros2_communication_ws/install/ex_msg_srv/lib/python3.6/site-packages/ex_msg_srv/msg/__init__.py\n'}
[0.941735] (ex_msg_srv) StdoutLine: {'line': b'-- Up-to-date: /home/neubility/ROS/ros2_communication_ws/install/ex_msg_srv/lib/python3.6/site-packages/ex_msg_srv/srv\n'}
[0.942181] (ex_msg_srv) StdoutLine: {'line': b'-- Up-to-date: /home/neubility/ROS/ros2_communication_ws/install/ex_msg_srv/lib/python3.6/site-packages/ex_msg_srv/srv/_add_three_ints_s.c\n'}
[0.942562] (ex_msg_srv) StdoutLine: {'line': b'-- Up-to-date: /home/neubility/ROS/ros2_communication_ws/install/ex_msg_srv/lib/python3.6/site-packages/ex_msg_srv/srv/__init__.py\n'}
[0.943328] (ex_msg_srv) StdoutLine: {'line': b'-- Up-to-date: /home/neubility/ROS/ros2_communication_ws/install/ex_msg_srv/lib/python3.6/site-packages/ex_msg_srv/srv/_add_three_ints.py\n'}
[0.944377] (ex_msg_srv) StdoutLine: {'line': b'-- Up-to-date: /home/neubility/ROS/ros2_communication_ws/install/ex_msg_srv/lib/python3.6/site-packages/ex_msg_srv/ex_msg_srv_s__rosidl_typesupport_c.cpython-36m-x86_64-linux-gnu.so\n'}
[0.944788] (ex_msg_srv) StdoutLine: {'line': b'-- Up-to-date: /home/neubility/ROS/ros2_communication_ws/install/ex_msg_srv/lib/python3.6/site-packages/ex_msg_srv/ex_msg_srv_s__rosidl_typesupport_introspection_c.cpython-36m-x86_64-linux-gnu.so\n'}
[0.945708] (ex_msg_srv) StdoutLine: {'line': b'-- Up-to-date: /home/neubility/ROS/ros2_communication_ws/install/ex_msg_srv/lib/python3.6/site-packages/ex_msg_srv/ex_msg_srv_s__rosidl_typesupport_fastrtps_c.cpython-36m-x86_64-linux-gnu.so\n'}
[0.947060] (ex_msg_srv) StdoutLine: {'line': b'-- Up-to-date: /home/neubility/ROS/ros2_communication_ws/install/ex_msg_srv/lib/libex_msg_srv__python.so\n'}
[0.947896] (ex_msg_srv) StdoutLine: {'line': b'-- Up-to-date: /home/neubility/ROS/ros2_communication_ws/install/ex_msg_srv/share/ex_msg_srv/msg/Num.idl\n'}
[0.949191] (ex_msg_srv) StdoutLine: {'line': b'-- Up-to-date: /home/neubility/ROS/ros2_communication_ws/install/ex_msg_srv/share/ex_msg_srv/srv/AddThreeInts.idl\n'}
[0.949874] (ex_msg_srv) StdoutLine: {'line': b'-- Up-to-date: /home/neubility/ROS/ros2_communication_ws/install/ex_msg_srv/share/ex_msg_srv/msg/Num.msg\n'}
[0.950394] (ex_msg_srv) StdoutLine: {'line': b'-- Up-to-date: /home/neubility/ROS/ros2_communication_ws/install/ex_msg_srv/share/ex_msg_srv/srv/AddThreeInts.srv\n'}
[0.950540] (ex_msg_srv) StdoutLine: {'line': b'-- Up-to-date: /home/neubility/ROS/ros2_communication_ws/install/ex_msg_srv/share/ex_msg_srv/srv/AddThreeInts_Request.msg\n'}
[0.950677] (ex_msg_srv) StdoutLine: {'line': b'-- Up-to-date: /home/neubility/ROS/ros2_communication_ws/install/ex_msg_srv/share/ex_msg_srv/srv/AddThreeInts_Response.msg\n'}
[0.950964] (ex_msg_srv) StdoutLine: {'line': b'-- Up-to-date: /home/neubility/ROS/ros2_communication_ws/install/ex_msg_srv/share/ament_index/resource_index/package_run_dependencies/ex_msg_srv\n'}
[0.951057] (ex_msg_srv) StdoutLine: {'line': b'-- Up-to-date: /home/neubility/ROS/ros2_communication_ws/install/ex_msg_srv/share/ament_index/resource_index/parent_prefix_path/ex_msg_srv\n'}
[0.951134] (ex_msg_srv) StdoutLine: {'line': b'-- Up-to-date: /home/neubility/ROS/ros2_communication_ws/install/ex_msg_srv/share/ex_msg_srv/environment/ament_prefix_path.sh\n'}
[0.951215] (ex_msg_srv) StdoutLine: {'line': b'-- Up-to-date: /home/neubility/ROS/ros2_communication_ws/install/ex_msg_srv/share/ex_msg_srv/environment/ament_prefix_path.dsv\n'}
[0.951303] (ex_msg_srv) StdoutLine: {'line': b'-- Up-to-date: /home/neubility/ROS/ros2_communication_ws/install/ex_msg_srv/share/ex_msg_srv/environment/path.sh\n'}
[0.951381] (ex_msg_srv) StdoutLine: {'line': b'-- Up-to-date: /home/neubility/ROS/ros2_communication_ws/install/ex_msg_srv/share/ex_msg_srv/environment/path.dsv\n'}
[0.951456] (ex_msg_srv) StdoutLine: {'line': b'-- Up-to-date: /home/neubility/ROS/ros2_communication_ws/install/ex_msg_srv/share/ex_msg_srv/local_setup.bash\n'}
[0.951532] (ex_msg_srv) StdoutLine: {'line': b'-- Up-to-date: /home/neubility/ROS/ros2_communication_ws/install/ex_msg_srv/share/ex_msg_srv/local_setup.sh\n'}
[0.951607] (ex_msg_srv) StdoutLine: {'line': b'-- Up-to-date: /home/neubility/ROS/ros2_communication_ws/install/ex_msg_srv/share/ex_msg_srv/local_setup.zsh\n'}
[0.951682] (ex_msg_srv) StdoutLine: {'line': b'-- Up-to-date: /home/neubility/ROS/ros2_communication_ws/install/ex_msg_srv/share/ex_msg_srv/local_setup.dsv\n'}
[0.951755] (ex_msg_srv) StdoutLine: {'line': b'-- Installing: /home/neubility/ROS/ros2_communication_ws/install/ex_msg_srv/share/ex_msg_srv/package.dsv\n'}
[0.951825] (ex_msg_srv) StdoutLine: {'line': b'-- Up-to-date: /home/neubility/ROS/ros2_communication_ws/install/ex_msg_srv/share/ament_index/resource_index/packages/ex_msg_srv\n'}
[0.951897] (ex_msg_srv) StdoutLine: {'line': b'-- Up-to-date: /home/neubility/ROS/ros2_communication_ws/install/ex_msg_srv/share/ex_msg_srv/cmake/rosidl_cmake-extras.cmake\n'}
[0.951967] (ex_msg_srv) StdoutLine: {'line': b'-- Up-to-date: /home/neubility/ROS/ros2_communication_ws/install/ex_msg_srv/share/ex_msg_srv/cmake/ament_cmake_export_libraries-extras.cmake\n'}
[0.952037] (ex_msg_srv) StdoutLine: {'line': b'-- Up-to-date: /home/neubility/ROS/ros2_communication_ws/install/ex_msg_srv/share/ex_msg_srv/cmake/ament_cmake_export_include_directories-extras.cmake\n'}
[0.952110] (ex_msg_srv) StdoutLine: {'line': b'-- Up-to-date: /home/neubility/ROS/ros2_communication_ws/install/ex_msg_srv/share/ex_msg_srv/cmake/ex_msg_srvConfig.cmake\n'}
[0.952182] (ex_msg_srv) StdoutLine: {'line': b'-- Up-to-date: /home/neubility/ROS/ros2_communication_ws/install/ex_msg_srv/share/ex_msg_srv/cmake/ex_msg_srvConfig-version.cmake\n'}
[0.952256] (ex_msg_srv) StdoutLine: {'line': b'-- Up-to-date: /home/neubility/ROS/ros2_communication_ws/install/ex_msg_srv/share/ex_msg_srv/package.xml\n'}
[0.956565] (ex_msg_srv) CommandEnded: {'returncode': 0}
[1.000451] (-) TimerEvent: {}
[1.101268] (-) TimerEvent: {}
[1.131541] (ex_msg_srv) JobEnded: {'identifier': 'ex_msg_srv', 'rc': 0}
[1.136836] (pub_ex) JobStarted: {'identifier': 'pub_ex'}
[1.149183] (pub_ex) JobProgress: {'identifier': 'pub_ex', 'progress': 'cmake'}
[1.152537] (pub_ex) JobProgress: {'identifier': 'pub_ex', 'progress': 'build'}
[1.153290] (pub_ex) Command: {'cmd': ['/usr/bin/cmake', '--build', '/home/neubility/ROS/ros2_communication_ws/build/pub_ex', '--', '-j16', '-l16'], 'cwd': '/home/neubility/ROS/ros2_communication_ws/build/pub_ex', 'env': OrderedDict([('GJS_DEBUG_TOPICS', 'JS ERROR;JS LOG'), ('LESSOPEN', '| /usr/bin/lesspipe %s'), ('USER', 'neubility'), ('LC_TIME', 'ko_KR.UTF-8'), ('TEXTDOMAIN', 'im-config'), ('XDG_SEAT', 'seat0'), ('SSH_AGENT_PID', '1301'), ('XDG_SESSION_TYPE', 'x11'), ('GIT_ASKPASS', '/usr/share/code/resources/app/extensions/git/dist/askpass.sh'), ('LD_LIBRARY_PATH', '/home/neubility/ROS/ros2_communication_ws/install/ex_msg_srv/lib:/home/neubility/Qt5.14.2/Tools/QtCreator/lib:/usr/local/cuda-11.4/lib64:/usr/lib/x86_64-linux-gnu/gazebo-9/plugins:/opt/ros/eloquent/opt/yaml_cpp_vendor/lib:/opt/ros/eloquent/opt/rviz_ogre_vendor/lib:/opt/ros/eloquent/lib/x86_64-linux-gnu:/opt/ros/eloquent/lib'), ('SHLVL', '2'), ('CHROME_DESKTOP', 'code-url-handler.desktop'), ('QT4_IM_MODULE', 'xim'), ('HOME', '/home/neubility'), ('DESKTOP_SESSION', 'ubuntu'), ('TERM_PROGRAM_VERSION', '1.63.0'), ('GIO_LAUNCHED_DESKTOP_FILE', '/usr/share/applications/code.desktop'), ('GNOME_SHELL_SESSION_MODE', 'ubuntu'), ('GTK_MODULES', 'gail:atk-bridge'), ('VSCODE_GIT_ASKPASS_MAIN', '/usr/share/code/resources/app/extensions/git/dist/askpass-main.js'), ('ROS_PYTHON_VERSION', '3'), ('LC_MONETARY', 'ko_KR.UTF-8'), ('VSCODE_GIT_ASKPASS_NODE', '/usr/share/code/code'), ('DBUS_SESSION_BUS_ADDRESS', 'unix:path=/run/user/1000/bus'), ('COLORTERM', 'truecolor'), ('GIO_LAUNCHED_DESKTOP_FILE_PID', '9344'), ('IM_CONFIG_PHASE', '2'), ('ROS_DISTRO', 'eloquent'), ('LOGNAME', 'neubility'), ('GTK_IM_MODULE', 'ibus'), ('_', '/usr/bin/colcon'), ('ROS_VERSION', '2'), ('USERNAME', 'neubility'), ('XDG_SESSION_ID', '1'), ('TERM', 'xterm-256color'), ('ROS_LOCALHOST_ONLY', '0'), ('GNOME_DESKTOP_SESSION_ID', 'this-is-deprecated'), ('WINDOWPATH', '1'), ('PATH', '/home/neubility/Qt5.14.2/Tools/QtCreator/bin:/usr/local/cuda-11.4/bin:/opt/ros/eloquent/bin:/usr/local/sbin:/usr/local/bin:/usr/sbin:/usr/bin:/sbin:/bin:/usr/games:/usr/local/games:/snap/bin'), ('SESSION_MANAGER', 'local/neubility:@/tmp/.ICE-unix/1223,unix/neubility:/tmp/.ICE-unix/1223'), ('XDG_MENU_PREFIX', 'gnome-'), ('LC_ADDRESS', 'ko_KR.UTF-8'), ('GDK_BACKEND', 'x11'), ('XDG_RUNTIME_DIR', '/run/user/1000'), ('DISPLAY', ':0'), ('LANG', 'en_US.UTF-8'), ('XDG_CURRENT_DESKTOP', 'Unity'), ('LC_TELEPHONE', 'ko_KR.UTF-8'), ('RMW_IMPLEMENTATION', 'rmw_cyclonedds_cpp'), ('TERM_PROGRAM', 'vscode'), ('XDG_SESSION_DESKTOP', 'ubuntu'), ('XMODIFIERS', '@im=ibus'), ('VSCODE_GIT_IPC_HANDLE', '/run/user/1000/vscode-git-60516ff566.sock'), ('XAUTHORITY', '/run/user/1000/gdm/Xauthority'), ('AMENT_PREFIX_PATH', '/home/neubility/ROS/ros2_communication_ws/install/ex_msg_srv:/opt/ros/eloquent'), ('ORIGINAL_XDG_CURRENT_DESKTOP', 'ubuntu:GNOME'), ('SSH_AUTH_SOCK', '/run/user/1000/keyring/ssh'), ('ROS_DOMAIN_ID', '212'), ('LC_NAME', 'ko_KR.UTF-8'), ('SHELL', '/bin/bash'), ('QT_ACCESSIBILITY', '1'), ('GDMSESSION', 'ubuntu'), ('LESSCLOSE', '/usr/bin/lesspipe %s %s'), ('LC_MEASUREMENT', 'ko_KR.UTF-8'), ('TEXTDOMAINDIR', '/usr/share/locale/'), ('GJS_DEBUG_OUTPUT', 'stderr'), ('GPG_AGENT_INFO', '/run/user/1000/gnupg/S.gpg-agent:0:1'), ('LC_IDENTIFICATION', 'ko_KR.UTF-8'), ('VSCODE_GIT_ASKPASS_EXTRA_ARGS', '--ms-enable-electron-run-as-node'), ('XDG_VTNR', '1'), ('QT_IM_MODULE', 'ibus'), ('LC_ALL', 'en_US.UTF-8'), ('PWD', '/home/neubility/ROS/ros2_communication_ws/build/pub_ex'), ('CLUTTER_IM_MODULE', 'xim'), ('XDG_DATA_DIRS', '/usr/share/ubuntu:/usr/local/share/:/usr/share/:/var/lib/snapd/desktop'), ('XDG_CONFIG_DIRS', '/etc/xdg/xdg-ubuntu:/etc/xdg'), ('LC_NUMERIC', 'ko_KR.UTF-8'), ('PYTHONPATH', '/home/neubility/ROS/ros2_communication_ws/install/ex_msg_srv/lib/python3.6/site-packages:/opt/ros/eloquent/lib/python3.6/site-packages'), ('LC_PAPER', 'ko_KR.UTF-8'), ('BREAKPAD_DUMP_LOCATION', '/home/neubility/.config/Code/exthost Crash Reports'), ('COLCON', '1'), ('CMAKE_PREFIX_PATH', '/home/neubility/ROS/ros2_communication_ws/install/ex_msg_srv:/opt/ros/eloquent')]), 'shell': False}
[1.201678] (-) TimerEvent: {}
[1.232699] (pub_ex) StdoutLine: {'line': b'\x1b[35m\x1b[1mScanning dependencies of target pub_ex\x1b[0m\n'}
[1.263130] (pub_ex) StdoutLine: {'line': b'[ 50%] \x1b[32mBuilding CXX object CMakeFiles/pub_ex.dir/src/main.cpp.o\x1b[0m\n'}
[1.301790] (-) TimerEvent: {}
[1.402326] (-) TimerEvent: {}
[1.503098] (-) TimerEvent: {}
[1.603636] (-) TimerEvent: {}
[1.704083] (-) TimerEvent: {}
[1.804384] (-) TimerEvent: {}
[1.905007] (-) TimerEvent: {}
[2.005455] (-) TimerEvent: {}
[2.105850] (-) TimerEvent: {}
[2.206192] (-) TimerEvent: {}
[2.306517] (-) TimerEvent: {}
[2.406983] (-) TimerEvent: {}
[2.507336] (-) TimerEvent: {}
[2.607670] (-) TimerEvent: {}
[2.707972] (-) TimerEvent: {}
[2.808640] (-) TimerEvent: {}
[2.909139] (-) TimerEvent: {}
[3.009461] (-) TimerEvent: {}
[3.109809] (-) TimerEvent: {}
[3.210130] (-) TimerEvent: {}
[3.310448] (-) TimerEvent: {}
[3.410755] (-) TimerEvent: {}
[3.511081] (-) TimerEvent: {}
[3.576831] (pub_ex) StdoutLine: {'line': b'[100%] \x1b[32m\x1b[1mLinking CXX executable pub_ex\x1b[0m\n'}
[3.611202] (-) TimerEvent: {}
[3.711588] (-) TimerEvent: {}
[3.739169] (pub_ex) StdoutLine: {'line': b'[100%] Built target pub_ex\n'}
[3.758101] (pub_ex) CommandEnded: {'returncode': 0}
[3.810234] (pub_ex) JobProgress: {'identifier': 'pub_ex', 'progress': 'install'}
[3.813729] (pub_ex) Command: {'cmd': ['/usr/bin/cmake', '--build', '/home/neubility/ROS/ros2_communication_ws/build/pub_ex', '--target', 'install', '--', '-j16', '-l16'], 'cwd': '/home/neubility/ROS/ros2_communication_ws/build/pub_ex', 'env': OrderedDict([('GJS_DEBUG_TOPICS', 'JS ERROR;JS LOG'), ('LESSOPEN', '| /usr/bin/lesspipe %s'), ('USER', 'neubility'), ('LC_TIME', 'ko_KR.UTF-8'), ('TEXTDOMAIN', 'im-config'), ('XDG_SEAT', 'seat0'), ('SSH_AGENT_PID', '1301'), ('XDG_SESSION_TYPE', 'x11'), ('GIT_ASKPASS', '/usr/share/code/resources/app/extensions/git/dist/askpass.sh'), ('LD_LIBRARY_PATH', '/home/neubility/ROS/ros2_communication_ws/install/ex_msg_srv/lib:/home/neubility/Qt5.14.2/Tools/QtCreator/lib:/usr/local/cuda-11.4/lib64:/usr/lib/x86_64-linux-gnu/gazebo-9/plugins:/opt/ros/eloquent/opt/yaml_cpp_vendor/lib:/opt/ros/eloquent/opt/rviz_ogre_vendor/lib:/opt/ros/eloquent/lib/x86_64-linux-gnu:/opt/ros/eloquent/lib'), ('SHLVL', '2'), ('CHROME_DESKTOP', 'code-url-handler.desktop'), ('QT4_IM_MODULE', 'xim'), ('HOME', '/home/neubility'), ('DESKTOP_SESSION', 'ubuntu'), ('TERM_PROGRAM_VERSION', '1.63.0'), ('GIO_LAUNCHED_DESKTOP_FILE', '/usr/share/applications/code.desktop'), ('GNOME_SHELL_SESSION_MODE', 'ubuntu'), ('GTK_MODULES', 'gail:atk-bridge'), ('VSCODE_GIT_ASKPASS_MAIN', '/usr/share/code/resources/app/extensions/git/dist/askpass-main.js'), ('ROS_PYTHON_VERSION', '3'), ('LC_MONETARY', 'ko_KR.UTF-8'), ('VSCODE_GIT_ASKPASS_NODE', '/usr/share/code/code'), ('DBUS_SESSION_BUS_ADDRESS', 'unix:path=/run/user/1000/bus'), ('COLORTERM', 'truecolor'), ('GIO_LAUNCHED_DESKTOP_FILE_PID', '9344'), ('IM_CONFIG_PHASE', '2'), ('ROS_DISTRO', 'eloquent'), ('LOGNAME', 'neubility'), ('GTK_IM_MODULE', 'ibus'), ('_', '/usr/bin/colcon'), ('ROS_VERSION', '2'), ('USERNAME', 'neubility'), ('XDG_SESSION_ID', '1'), ('TERM', 'xterm-256color'), ('ROS_LOCALHOST_ONLY', '0'), ('GNOME_DESKTOP_SESSION_ID', 'this-is-deprecated'), ('WINDOWPATH', '1'), ('PATH', '/home/neubility/Qt5.14.2/Tools/QtCreator/bin:/usr/local/cuda-11.4/bin:/opt/ros/eloquent/bin:/usr/local/sbin:/usr/local/bin:/usr/sbin:/usr/bin:/sbin:/bin:/usr/games:/usr/local/games:/snap/bin'), ('SESSION_MANAGER', 'local/neubility:@/tmp/.ICE-unix/1223,unix/neubility:/tmp/.ICE-unix/1223'), ('XDG_MENU_PREFIX', 'gnome-'), ('LC_ADDRESS', 'ko_KR.UTF-8'), ('GDK_BACKEND', 'x11'), ('XDG_RUNTIME_DIR', '/run/user/1000'), ('DISPLAY', ':0'), ('LANG', 'en_US.UTF-8'), ('XDG_CURRENT_DESKTOP', 'Unity'), ('LC_TELEPHONE', 'ko_KR.UTF-8'), ('RMW_IMPLEMENTATION', 'rmw_cyclonedds_cpp'), ('TERM_PROGRAM', 'vscode'), ('XDG_SESSION_DESKTOP', 'ubuntu'), ('XMODIFIERS', '@im=ibus'), ('VSCODE_GIT_IPC_HANDLE', '/run/user/1000/vscode-git-60516ff566.sock'), ('XAUTHORITY', '/run/user/1000/gdm/Xauthority'), ('AMENT_PREFIX_PATH', '/home/neubility/ROS/ros2_communication_ws/install/ex_msg_srv:/opt/ros/eloquent'), ('ORIGINAL_XDG_CURRENT_DESKTOP', 'ubuntu:GNOME'), ('SSH_AUTH_SOCK', '/run/user/1000/keyring/ssh'), ('ROS_DOMAIN_ID', '212'), ('LC_NAME', 'ko_KR.UTF-8'), ('SHELL', '/bin/bash'), ('QT_ACCESSIBILITY', '1'), ('GDMSESSION', 'ubuntu'), ('LESSCLOSE', '/usr/bin/lesspipe %s %s'), ('LC_MEASUREMENT', 'ko_KR.UTF-8'), ('TEXTDOMAINDIR', '/usr/share/locale/'), ('GJS_DEBUG_OUTPUT', 'stderr'), ('GPG_AGENT_INFO', '/run/user/1000/gnupg/S.gpg-agent:0:1'), ('LC_IDENTIFICATION', 'ko_KR.UTF-8'), ('VSCODE_GIT_ASKPASS_EXTRA_ARGS', '--ms-enable-electron-run-as-node'), ('XDG_VTNR', '1'), ('QT_IM_MODULE', 'ibus'), ('LC_ALL', 'en_US.UTF-8'), ('PWD', '/home/neubility/ROS/ros2_communication_ws/build/pub_ex'), ('CLUTTER_IM_MODULE', 'xim'), ('XDG_DATA_DIRS', '/usr/share/ubuntu:/usr/local/share/:/usr/share/:/var/lib/snapd/desktop'), ('XDG_CONFIG_DIRS', '/etc/xdg/xdg-ubuntu:/etc/xdg'), ('LC_NUMERIC', 'ko_KR.UTF-8'), ('PYTHONPATH', '/home/neubility/ROS/ros2_communication_ws/install/ex_msg_srv/lib/python3.6/site-packages:/opt/ros/eloquent/lib/python3.6/site-packages'), ('LC_PAPER', 'ko_KR.UTF-8'), ('BREAKPAD_DUMP_LOCATION', '/home/neubility/.config/Code/exthost Crash Reports'), ('COLCON', '1'), ('CMAKE_PREFIX_PATH', '/home/neubility/ROS/ros2_communication_ws/install/ex_msg_srv:/opt/ros/eloquent')]), 'shell': False}
[3.816458] (-) TimerEvent: {}
[3.912409] (pub_ex) StdoutLine: {'line': b'[100%] Built target pub_ex\n'}
[3.916640] (-) TimerEvent: {}
[3.946994] (pub_ex) StdoutLine: {'line': b'\x1b[36mInstall the project...\x1b[0m\n'}
[3.964376] (pub_ex) StdoutLine: {'line': b'-- Install configuration: "Debug"\n'}
[3.964743] (pub_ex) StdoutLine: {'line': b'-- Installing: /home/neubility/ROS/ros2_communication_ws/install/pub_ex/lib/pub_ex/pub_ex\n'}
[3.966293] (pub_ex) StdoutLine: {'line': b'-- Set runtime path of "/home/neubility/ROS/ros2_communication_ws/install/pub_ex/lib/pub_ex/pub_ex" to ""\n'}
[3.966649] (pub_ex) StdoutLine: {'line': b'-- Up-to-date: /home/neubility/ROS/ros2_communication_ws/install/pub_ex/share/pub_ex/launch\n'}
[3.967047] (pub_ex) StdoutLine: {'line': b'-- Up-to-date: /home/neubility/ROS/ros2_communication_ws/install/pub_ex/share/pub_ex/launch/launch_tutorial.py\n'}
[3.967199] (pub_ex) StdoutLine: {'line': b'-- Up-to-date: /home/neubility/ROS/ros2_communication_ws/install/pub_ex/share/pub_ex/launch/launch_executeprocess_ex.launch.py\n'}
[3.967315] (pub_ex) StdoutLine: {'line': b'-- Up-to-date: /home/neubility/ROS/ros2_communication_ws/install/pub_ex/share/pub_ex/launch/launch_tutorial (copy).py\n'}
[3.967416] (pub_ex) StdoutLine: {'line': b'-- Up-to-date: /home/neubility/ROS/ros2_communication_ws/install/pub_ex/share/pub_ex/launch/launch_node_ex_method_2.launch.py\n'}
[3.967516] (pub_ex) StdoutLine: {'line': b'-- Up-to-date: /home/neubility/ROS/ros2_communication_ws/install/pub_ex/share/pub_ex/launch/launch_node_ex_method_1.launch.py\n'}
[3.967644] (pub_ex) StdoutLine: {'line': b'-- Up-to-date: /home/neubility/ROS/ros2_communication_ws/install/pub_ex/share/ament_index/resource_index/package_run_dependencies/pub_ex\n'}
[3.967747] (pub_ex) StdoutLine: {'line': b'-- Up-to-date: /home/neubility/ROS/ros2_communication_ws/install/pub_ex/share/ament_index/resource_index/parent_prefix_path/pub_ex\n'}
[3.967897] (pub_ex) StdoutLine: {'line': b'-- Up-to-date: /home/neubility/ROS/ros2_communication_ws/install/pub_ex/share/pub_ex/environment/ament_prefix_path.sh\n'}
[3.968063] (pub_ex) StdoutLine: {'line': b'-- Up-to-date: /home/neubility/ROS/ros2_communication_ws/install/pub_ex/share/pub_ex/environment/ament_prefix_path.dsv\n'}
[3.968250] (pub_ex) StdoutLine: {'line': b'-- Up-to-date: /home/neubility/ROS/ros2_communication_ws/install/pub_ex/share/pub_ex/environment/path.sh\n'}
[3.968323] (pub_ex) StdoutLine: {'line': b'-- Up-to-date: /home/neubility/ROS/ros2_communication_ws/install/pub_ex/share/pub_ex/environment/path.dsv\n'}
[3.968379] (pub_ex) StdoutLine: {'line': b'-- Up-to-date: /home/neubility/ROS/ros2_communication_ws/install/pub_ex/share/pub_ex/local_setup.bash\n'}
[3.968440] (pub_ex) StdoutLine: {'line': b'-- Up-to-date: /home/neubility/ROS/ros2_communication_ws/install/pub_ex/share/pub_ex/local_setup.sh\n'}
[3.968548] (pub_ex) StdoutLine: {'line': b'-- Up-to-date: /home/neubility/ROS/ros2_communication_ws/install/pub_ex/share/pub_ex/local_setup.zsh\n'}
[3.968611] (pub_ex) StdoutLine: {'line': b'-- Up-to-date: /home/neubility/ROS/ros2_communication_ws/install/pub_ex/share/pub_ex/local_setup.dsv\n'}
[3.968666] (pub_ex) StdoutLine: {'line': b'-- Installing: /home/neubility/ROS/ros2_communication_ws/install/pub_ex/share/pub_ex/package.dsv\n'}
[3.968722] (pub_ex) StdoutLine: {'line': b'-- Up-to-date: /home/neubility/ROS/ros2_communication_ws/install/pub_ex/share/ament_index/resource_index/packages/pub_ex\n'}
[3.968779] (pub_ex) StdoutLine: {'line': b'-- Up-to-date: /home/neubility/ROS/ros2_communication_ws/install/pub_ex/share/pub_ex/cmake/pub_exConfig.cmake\n'}
[3.968835] (pub_ex) StdoutLine: {'line': b'-- Up-to-date: /home/neubility/ROS/ros2_communication_ws/install/pub_ex/share/pub_ex/cmake/pub_exConfig-version.cmake\n'}
[3.968891] (pub_ex) StdoutLine: {'line': b'-- Up-to-date: /home/neubility/ROS/ros2_communication_ws/install/pub_ex/share/pub_ex/package.xml\n'}
[3.972961] (pub_ex) CommandEnded: {'returncode': 0}
[4.020818] (-) TimerEvent: {}
[4.033306] (pub_ex) JobEnded: {'identifier': 'pub_ex', 'rc': 0}
[4.035523] (-) EventReactorShutdown: {}
