[0.020s] Invoking command in '/home/neubility/ROS/ros2_communication_ws/build/ex_msg_srv': CMAKE_PREFIX_PATH=/opt/ros/eloquent /usr/bin/cmake --build /home/neubility/ROS/ros2_communication_ws/build/ex_msg_srv -- -j16 -l16
[0.075s] [  2%] Built target ex_msg_srv__cpp
[0.078s] [ 12%] Built target ex_msg_srv__rosidl_generator_c
[0.102s] [ 23%] Built target ex_msg_srv__rosidl_typesupport_introspection_cpp
[0.103s] [ 33%] Built target ex_msg_srv__rosidl_typesupport_fastrtps_cpp
[0.103s] [ 43%] Built target ex_msg_srv__rosidl_typesupport_cpp
[0.103s] [ 53%] Built target ex_msg_srv__rosidl_typesupport_c
[0.105s] [ 64%] Built target ex_msg_srv__rosidl_typesupport_introspection_c
[0.130s] [ 74%] Built target ex_msg_srv__rosidl_typesupport_fastrtps_c
[0.149s] [ 74%] Built target ex_msg_srv
[0.168s] [ 76%] Built target ex_msg_srv__py
[0.190s] [ 84%] Built target ex_msg_srv__python
[0.213s] [ 94%] Built target ex_msg_srv__rosidl_typesupport_fastrtps_c__pyext
[0.214s] [ 94%] Built target ex_msg_srv__rosidl_typesupport_introspection_c__pyext
[0.214s] [100%] Built target ex_msg_srv__rosidl_typesupport_c__pyext
[0.240s] Invoked command in '/home/neubility/ROS/ros2_communication_ws/build/ex_msg_srv' returned '0': CMAKE_PREFIX_PATH=/opt/ros/eloquent /usr/bin/cmake --build /home/neubility/ROS/ros2_communication_ws/build/ex_msg_srv -- -j16 -l16
[0.294s] Invoking command in '/home/neubility/ROS/ros2_communication_ws/build/ex_msg_srv': CMAKE_PREFIX_PATH=/opt/ros/eloquent /usr/bin/cmake --build /home/neubility/ROS/ros2_communication_ws/build/ex_msg_srv --target install -- -j16 -l16
[0.346s] [  7%] Built target ex_msg_srv__cpp
[0.346s] [ 12%] Built target ex_msg_srv__rosidl_generator_c
[0.368s] [ 33%] Built target ex_msg_srv__rosidl_typesupport_cpp
[0.368s] [ 33%] Built target ex_msg_srv__rosidl_typesupport_c
[0.368s] [ 43%] Built target ex_msg_srv__rosidl_typesupport_introspection_c
[0.373s] [ 53%] Built target ex_msg_srv__rosidl_typesupport_fastrtps_cpp
[0.373s] [ 64%] Built target ex_msg_srv__rosidl_typesupport_introspection_cpp
[0.397s] [ 74%] Built target ex_msg_srv__rosidl_typesupport_fastrtps_c
[0.420s] [ 74%] Built target ex_msg_srv
[0.440s] [ 76%] Built target ex_msg_srv__py
[0.464s] [ 84%] Built target ex_msg_srv__python
[0.489s] [ 94%] Built target ex_msg_srv__rosidl_typesupport_introspection_c__pyext
[0.489s] [ 94%] Built target ex_msg_srv__rosidl_typesupport_fastrtps_c__pyext
[0.489s] [100%] Built target ex_msg_srv__rosidl_typesupport_c__pyext
[0.508s] [36mInstall the project...[0m
[0.517s] -- Install configuration: "Debug"
[0.518s] -- Up-to-date: /home/neubility/ROS/ros2_communication_ws/install/ex_msg_srv/share/ament_index/resource_index/rosidl_interfaces/ex_msg_srv
[0.518s] -- Up-to-date: /home/neubility/ROS/ros2_communication_ws/install/ex_msg_srv/lib/libex_msg_srv__rosidl_typesupport_c.so
[0.518s] -- Up-to-date: /home/neubility/ROS/ros2_communication_ws/install/ex_msg_srv/share/ex_msg_srv/environment/library_path.sh
[0.518s] -- Up-to-date: /home/neubility/ROS/ros2_communication_ws/install/ex_msg_srv/share/ex_msg_srv/environment/library_path.dsv
[0.518s] -- Up-to-date: /home/neubility/ROS/ros2_communication_ws/install/ex_msg_srv/lib/libex_msg_srv__rosidl_typesupport_cpp.so
[0.518s] -- Up-to-date: /home/neubility/ROS/ros2_communication_ws/install/ex_msg_srv/include/ex_msg_srv
[0.518s] -- Up-to-date: /home/neubility/ROS/ros2_communication_ws/install/ex_msg_srv/include/ex_msg_srv/srv
[0.519s] -- Up-to-date: /home/neubility/ROS/ros2_communication_ws/install/ex_msg_srv/include/ex_msg_srv/srv/add_three_ints__rosidl_typesupport_fastrtps_c.h
[0.519s] -- Up-to-date: /home/neubility/ROS/ros2_communication_ws/install/ex_msg_srv/include/ex_msg_srv/msg
[0.519s] -- Up-to-date: /home/neubility/ROS/ros2_communication_ws/install/ex_msg_srv/include/ex_msg_srv/msg/num__rosidl_typesupport_fastrtps_c.h
[0.519s] -- Up-to-date: /home/neubility/ROS/ros2_communication_ws/install/ex_msg_srv/include/ex_msg_srv/msg/rosidl_typesupport_fastrtps_c__visibility_control.h
[0.519s] -- Up-to-date: /home/neubility/ROS/ros2_communication_ws/install/ex_msg_srv/lib/libex_msg_srv__rosidl_typesupport_fastrtps_c.so
[0.519s] -- Up-to-date: /home/neubility/ROS/ros2_communication_ws/install/ex_msg_srv/include/ex_msg_srv
[0.519s] -- Up-to-date: /home/neubility/ROS/ros2_communication_ws/install/ex_msg_srv/include/ex_msg_srv/srv
[0.519s] -- Up-to-date: /home/neubility/ROS/ros2_communication_ws/install/ex_msg_srv/include/ex_msg_srv/srv/add_three_ints.h
[0.519s] -- Up-to-date: /home/neubility/ROS/ros2_communication_ws/install/ex_msg_srv/include/ex_msg_srv/srv/add_three_ints__struct.h
[0.520s] -- Up-to-date: /home/neubility/ROS/ros2_communication_ws/install/ex_msg_srv/include/ex_msg_srv/srv/add_three_ints__functions.c
[0.520s] -- Up-to-date: /home/neubility/ROS/ros2_communication_ws/install/ex_msg_srv/include/ex_msg_srv/srv/add_three_ints__type_support.h
[0.520s] -- Up-to-date: /home/neubility/ROS/ros2_communication_ws/install/ex_msg_srv/include/ex_msg_srv/srv/add_three_ints__functions.h
[0.520s] -- Up-to-date: /home/neubility/ROS/ros2_communication_ws/install/ex_msg_srv/include/ex_msg_srv/msg
[0.520s] -- Up-to-date: /home/neubility/ROS/ros2_communication_ws/install/ex_msg_srv/include/ex_msg_srv/msg/num__type_support.h
[0.520s] -- Up-to-date: /home/neubility/ROS/ros2_communication_ws/install/ex_msg_srv/include/ex_msg_srv/msg/num__functions.h
[0.520s] -- Up-to-date: /home/neubility/ROS/ros2_communication_ws/install/ex_msg_srv/include/ex_msg_srv/msg/num__functions.c
[0.520s] -- Up-to-date: /home/neubility/ROS/ros2_communication_ws/install/ex_msg_srv/include/ex_msg_srv/msg/rosidl_generator_c__visibility_control.h
[0.520s] -- Up-to-date: /home/neubility/ROS/ros2_communication_ws/install/ex_msg_srv/include/ex_msg_srv/msg/num.h
[0.520s] -- Up-to-date: /home/neubility/ROS/ros2_communication_ws/install/ex_msg_srv/include/ex_msg_srv/msg/num__struct.h
[0.520s] -- Up-to-date: /home/neubility/ROS/ros2_communication_ws/install/ex_msg_srv/lib/libex_msg_srv__rosidl_generator_c.so
[0.520s] -- Up-to-date: /home/neubility/ROS/ros2_communication_ws/install/ex_msg_srv/include/ex_msg_srv
[0.521s] -- Up-to-date: /home/neubility/ROS/ros2_communication_ws/install/ex_msg_srv/include/ex_msg_srv/srv
[0.521s] -- Up-to-date: /home/neubility/ROS/ros2_communication_ws/install/ex_msg_srv/include/ex_msg_srv/srv/dds_fastrtps
[0.521s] -- Up-to-date: /home/neubility/ROS/ros2_communication_ws/install/ex_msg_srv/include/ex_msg_srv/srv/add_three_ints__rosidl_typesupport_fastrtps_cpp.hpp
[0.521s] -- Up-to-date: /home/neubility/ROS/ros2_communication_ws/install/ex_msg_srv/include/ex_msg_srv/msg
[0.521s] -- Up-to-date: /home/neubility/ROS/ros2_communication_ws/install/ex_msg_srv/include/ex_msg_srv/msg/dds_fastrtps
[0.521s] -- Up-to-date: /home/neubility/ROS/ros2_communication_ws/install/ex_msg_srv/include/ex_msg_srv/msg/rosidl_typesupport_fastrtps_cpp__visibility_control.h
[0.521s] -- Up-to-date: /home/neubility/ROS/ros2_communication_ws/install/ex_msg_srv/include/ex_msg_srv/msg/num__rosidl_typesupport_fastrtps_cpp.hpp
[0.521s] -- Up-to-date: /home/neubility/ROS/ros2_communication_ws/install/ex_msg_srv/lib/libex_msg_srv__rosidl_typesupport_fastrtps_cpp.so
[0.521s] -- Up-to-date: /home/neubility/ROS/ros2_communication_ws/install/ex_msg_srv/include/ex_msg_srv
[0.521s] -- Up-to-date: /home/neubility/ROS/ros2_communication_ws/install/ex_msg_srv/include/ex_msg_srv/srv
[0.521s] -- Up-to-date: /home/neubility/ROS/ros2_communication_ws/install/ex_msg_srv/include/ex_msg_srv/srv/add_three_ints__traits.hpp
[0.522s] -- Up-to-date: /home/neubility/ROS/ros2_communication_ws/install/ex_msg_srv/include/ex_msg_srv/srv/add_three_ints.hpp
[0.522s] -- Up-to-date: /home/neubility/ROS/ros2_communication_ws/install/ex_msg_srv/include/ex_msg_srv/srv/add_three_ints__struct.hpp
[0.522s] -- Up-to-date: /home/neubility/ROS/ros2_communication_ws/install/ex_msg_srv/include/ex_msg_srv/msg
[0.522s] -- Up-to-date: /home/neubility/ROS/ros2_communication_ws/install/ex_msg_srv/include/ex_msg_srv/msg/num__traits.hpp
[0.522s] -- Up-to-date: /home/neubility/ROS/ros2_communication_ws/install/ex_msg_srv/include/ex_msg_srv/msg/num__struct.hpp
[0.522s] -- Up-to-date: /home/neubility/ROS/ros2_communication_ws/install/ex_msg_srv/include/ex_msg_srv/msg/num.hpp
[0.522s] -- Up-to-date: /home/neubility/ROS/ros2_communication_ws/install/ex_msg_srv/include/ex_msg_srv
[0.522s] -- Up-to-date: /home/neubility/ROS/ros2_communication_ws/install/ex_msg_srv/include/ex_msg_srv/srv
[0.522s] -- Up-to-date: /home/neubility/ROS/ros2_communication_ws/install/ex_msg_srv/include/ex_msg_srv/srv/add_three_ints__type_support.c
[0.523s] -- Up-to-date: /home/neubility/ROS/ros2_communication_ws/install/ex_msg_srv/include/ex_msg_srv/srv/add_three_ints__rosidl_typesupport_introspection_c.h
[0.523s] -- Up-to-date: /home/neubility/ROS/ros2_communication_ws/install/ex_msg_srv/include/ex_msg_srv/msg
[0.523s] -- Up-to-date: /home/neubility/ROS/ros2_communication_ws/install/ex_msg_srv/include/ex_msg_srv/msg/rosidl_typesupport_introspection_c__visibility_control.h
[0.523s] -- Up-to-date: /home/neubility/ROS/ros2_communication_ws/install/ex_msg_srv/include/ex_msg_srv/msg/num__type_support.c
[0.523s] -- Up-to-date: /home/neubility/ROS/ros2_communication_ws/install/ex_msg_srv/include/ex_msg_srv/msg/num__rosidl_typesupport_introspection_c.h
[0.523s] -- Up-to-date: /home/neubility/ROS/ros2_communication_ws/install/ex_msg_srv/lib/libex_msg_srv__rosidl_typesupport_introspection_c.so
[0.523s] -- Up-to-date: /home/neubility/ROS/ros2_communication_ws/install/ex_msg_srv/include/ex_msg_srv
[0.523s] -- Up-to-date: /home/neubility/ROS/ros2_communication_ws/install/ex_msg_srv/include/ex_msg_srv/srv
[0.523s] -- Up-to-date: /home/neubility/ROS/ros2_communication_ws/install/ex_msg_srv/include/ex_msg_srv/srv/add_three_ints__rosidl_typesupport_introspection_cpp.hpp
[0.523s] -- Up-to-date: /home/neubility/ROS/ros2_communication_ws/install/ex_msg_srv/include/ex_msg_srv/srv/add_three_ints__type_support.cpp
[0.523s] -- Up-to-date: /home/neubility/ROS/ros2_communication_ws/install/ex_msg_srv/include/ex_msg_srv/msg
[0.523s] -- Up-to-date: /home/neubility/ROS/ros2_communication_ws/install/ex_msg_srv/include/ex_msg_srv/msg/num__rosidl_typesupport_introspection_cpp.hpp
[0.523s] -- Up-to-date: /home/neubility/ROS/ros2_communication_ws/install/ex_msg_srv/include/ex_msg_srv/msg/num__type_support.cpp
[0.523s] -- Up-to-date: /home/neubility/ROS/ros2_communication_ws/install/ex_msg_srv/lib/libex_msg_srv__rosidl_typesupport_introspection_cpp.so
[0.524s] -- Up-to-date: /home/neubility/ROS/ros2_communication_ws/install/ex_msg_srv/share/ex_msg_srv/environment/pythonpath.sh
[0.524s] -- Up-to-date: /home/neubility/ROS/ros2_communication_ws/install/ex_msg_srv/share/ex_msg_srv/environment/pythonpath.dsv
[0.524s] -- Up-to-date: /home/neubility/ROS/ros2_communication_ws/install/ex_msg_srv/lib/python3.6/site-packages/ex_msg_srv/__init__.py
[0.553s] -- Up-to-date: /home/neubility/ROS/ros2_communication_ws/install/ex_msg_srv/lib/python3.6/site-packages/ex_msg_srv/msg
[0.553s] -- Up-to-date: /home/neubility/ROS/ros2_communication_ws/install/ex_msg_srv/lib/python3.6/site-packages/ex_msg_srv/msg/_num_s.c
[0.553s] -- Up-to-date: /home/neubility/ROS/ros2_communication_ws/install/ex_msg_srv/lib/python3.6/site-packages/ex_msg_srv/msg/_num.py
[0.553s] -- Up-to-date: /home/neubility/ROS/ros2_communication_ws/install/ex_msg_srv/lib/python3.6/site-packages/ex_msg_srv/msg/__init__.py
[0.553s] -- Up-to-date: /home/neubility/ROS/ros2_communication_ws/install/ex_msg_srv/lib/python3.6/site-packages/ex_msg_srv/srv
[0.553s] -- Up-to-date: /home/neubility/ROS/ros2_communication_ws/install/ex_msg_srv/lib/python3.6/site-packages/ex_msg_srv/srv/_add_three_ints_s.c
[0.553s] -- Up-to-date: /home/neubility/ROS/ros2_communication_ws/install/ex_msg_srv/lib/python3.6/site-packages/ex_msg_srv/srv/__init__.py
[0.553s] -- Up-to-date: /home/neubility/ROS/ros2_communication_ws/install/ex_msg_srv/lib/python3.6/site-packages/ex_msg_srv/srv/_add_three_ints.py
[0.553s] -- Up-to-date: /home/neubility/ROS/ros2_communication_ws/install/ex_msg_srv/lib/python3.6/site-packages/ex_msg_srv/ex_msg_srv_s__rosidl_typesupport_c.cpython-36m-x86_64-linux-gnu.so
[0.553s] -- Up-to-date: /home/neubility/ROS/ros2_communication_ws/install/ex_msg_srv/lib/python3.6/site-packages/ex_msg_srv/ex_msg_srv_s__rosidl_typesupport_introspection_c.cpython-36m-x86_64-linux-gnu.so
[0.554s] -- Up-to-date: /home/neubility/ROS/ros2_communication_ws/install/ex_msg_srv/lib/python3.6/site-packages/ex_msg_srv/ex_msg_srv_s__rosidl_typesupport_fastrtps_c.cpython-36m-x86_64-linux-gnu.so
[0.555s] -- Up-to-date: /home/neubility/ROS/ros2_communication_ws/install/ex_msg_srv/lib/libex_msg_srv__python.so
[0.555s] -- Up-to-date: /home/neubility/ROS/ros2_communication_ws/install/ex_msg_srv/share/ex_msg_srv/msg/Num.idl
[0.555s] -- Up-to-date: /home/neubility/ROS/ros2_communication_ws/install/ex_msg_srv/share/ex_msg_srv/srv/AddThreeInts.idl
[0.555s] -- Up-to-date: /home/neubility/ROS/ros2_communication_ws/install/ex_msg_srv/share/ex_msg_srv/msg/Num.msg
[0.555s] -- Up-to-date: /home/neubility/ROS/ros2_communication_ws/install/ex_msg_srv/share/ex_msg_srv/srv/AddThreeInts.srv
[0.555s] -- Up-to-date: /home/neubility/ROS/ros2_communication_ws/install/ex_msg_srv/share/ex_msg_srv/srv/AddThreeInts_Request.msg
[0.555s] -- Up-to-date: /home/neubility/ROS/ros2_communication_ws/install/ex_msg_srv/share/ex_msg_srv/srv/AddThreeInts_Response.msg
[0.555s] -- Up-to-date: /home/neubility/ROS/ros2_communication_ws/install/ex_msg_srv/share/ament_index/resource_index/package_run_dependencies/ex_msg_srv
[0.555s] -- Up-to-date: /home/neubility/ROS/ros2_communication_ws/install/ex_msg_srv/share/ament_index/resource_index/parent_prefix_path/ex_msg_srv
[0.556s] -- Up-to-date: /home/neubility/ROS/ros2_communication_ws/install/ex_msg_srv/share/ex_msg_srv/environment/ament_prefix_path.sh
[0.556s] -- Up-to-date: /home/neubility/ROS/ros2_communication_ws/install/ex_msg_srv/share/ex_msg_srv/environment/ament_prefix_path.dsv
[0.556s] -- Up-to-date: /home/neubility/ROS/ros2_communication_ws/install/ex_msg_srv/share/ex_msg_srv/environment/path.sh
[0.556s] -- Up-to-date: /home/neubility/ROS/ros2_communication_ws/install/ex_msg_srv/share/ex_msg_srv/environment/path.dsv
[0.556s] -- Up-to-date: /home/neubility/ROS/ros2_communication_ws/install/ex_msg_srv/share/ex_msg_srv/local_setup.bash
[0.556s] -- Up-to-date: /home/neubility/ROS/ros2_communication_ws/install/ex_msg_srv/share/ex_msg_srv/local_setup.sh
[0.556s] -- Up-to-date: /home/neubility/ROS/ros2_communication_ws/install/ex_msg_srv/share/ex_msg_srv/local_setup.zsh
[0.556s] -- Up-to-date: /home/neubility/ROS/ros2_communication_ws/install/ex_msg_srv/share/ex_msg_srv/local_setup.dsv
[0.556s] -- Installing: /home/neubility/ROS/ros2_communication_ws/install/ex_msg_srv/share/ex_msg_srv/package.dsv
[0.556s] -- Up-to-date: /home/neubility/ROS/ros2_communication_ws/install/ex_msg_srv/share/ament_index/resource_index/packages/ex_msg_srv
[0.556s] -- Up-to-date: /home/neubility/ROS/ros2_communication_ws/install/ex_msg_srv/share/ex_msg_srv/cmake/rosidl_cmake-extras.cmake
[0.556s] -- Up-to-date: /home/neubility/ROS/ros2_communication_ws/install/ex_msg_srv/share/ex_msg_srv/cmake/ament_cmake_export_libraries-extras.cmake
[0.556s] -- Up-to-date: /home/neubility/ROS/ros2_communication_ws/install/ex_msg_srv/share/ex_msg_srv/cmake/ament_cmake_export_include_directories-extras.cmake
[0.557s] -- Up-to-date: /home/neubility/ROS/ros2_communication_ws/install/ex_msg_srv/share/ex_msg_srv/cmake/ex_msg_srvConfig.cmake
[0.557s] -- Up-to-date: /home/neubility/ROS/ros2_communication_ws/install/ex_msg_srv/share/ex_msg_srv/cmake/ex_msg_srvConfig-version.cmake
[0.557s] -- Up-to-date: /home/neubility/ROS/ros2_communication_ws/install/ex_msg_srv/share/ex_msg_srv/package.xml
[0.561s] Invoked command in '/home/neubility/ROS/ros2_communication_ws/build/ex_msg_srv' returned '0': CMAKE_PREFIX_PATH=/opt/ros/eloquent /usr/bin/cmake --build /home/neubility/ROS/ros2_communication_ws/build/ex_msg_srv --target install -- -j16 -l16
