[0.016s] Invoking command in '/home/neubility/ROS/ros2_communication_ws/build/ex_msg_srv': CMAKE_PREFIX_PATH=${CMAKE_PREFIX_PATH}:/opt/ros/eloquent /usr/bin/cmake /home/neubility/ROS/ros2_communication_ws/src/ex_msg_srv_pkg -DCMAKE_INSTALL_PREFIX=/home/neubility/ROS/ros2_communication_ws/install/ex_msg_srv
[0.074s] -- The C compiler identification is GNU 7.5.0
[0.131s] -- The CXX compiler identification is GNU 7.5.0
[0.133s] -- Check for working C compiler: /usr/bin/cc
[0.212s] -- Check for working C compiler: /usr/bin/cc -- works
[0.212s] -- Detecting C compiler ABI info
[0.290s] -- Detecting C compiler ABI info - done
[0.295s] -- Detecting C compile features
[0.548s] -- Detecting C compile features - done
[0.553s] -- Check for working CXX compiler: /usr/bin/c++
[0.626s] -- Check for working CXX compiler: /usr/bin/c++ -- works
[0.626s] -- Detecting CXX compiler ABI info
[0.711s] -- Detecting CXX compiler ABI info - done
[0.718s] -- Detecting CXX compile features
[1.065s] -- Detecting CXX compile features - done
[1.067s] -- Found ament_cmake: 0.8.3 (/opt/ros/eloquent/share/ament_cmake/cmake)
[1.092s] -- Found PythonInterp: /usr/bin/python3 (found suitable version "3.6.9", minimum required is "3") 
[1.092s] -- Using PYTHON_EXECUTABLE: /usr/bin/python3
[1.240s] -- Found rosidl_default_generators: 0.8.0 (/opt/ros/eloquent/share/rosidl_default_generators/cmake)
[1.315s] -- Found OpenSSL: /usr/lib/x86_64-linux-gnu/libcrypto.so (found version "1.1.1") 
[1.332s] -- Found FastRTPS: /opt/ros/eloquent/include  
[1.343s] -- Found rosidl_adapter: 0.8.3 (/opt/ros/eloquent/share/rosidl_adapter/cmake)
[1.417s] -- Found PythonInterp: /usr/bin/python3 (found version "3.6.9") 
[1.550s] -- Using all available rosidl_typesupport_c: rosidl_typesupport_fastrtps_c;rosidl_typesupport_introspection_c
[1.555s] -- Using all available rosidl_typesupport_cpp: rosidl_typesupport_fastrtps_cpp;rosidl_typesupport_introspection_cpp
[1.616s] -- Found rmw_implementation_cmake: 0.8.1 (/opt/ros/eloquent/share/rmw_implementation_cmake/cmake)
[1.640s] -- Found PythonInterp: /usr/bin/python3 (found suitable version "3.6.9", minimum required is "3.5") 
[1.641s] -- Found python_cmake_module: 0.8.0 (/opt/ros/eloquent/share/python_cmake_module/cmake)
[1.668s] -- Found PythonLibs: /usr/lib/x86_64-linux-gnu/libpython3.6m.so (found suitable version "3.6.9", minimum required is "3.5") 
[1.668s] -- Using PYTHON_EXECUTABLE: /usr/bin/python3
[1.668s] -- Using PYTHON_INCLUDE_DIRS: /usr/include/python3.6m
[1.668s] -- Using PYTHON_LIBRARIES: /usr/lib/x86_64-linux-gnu/libpython3.6m.so
[1.692s] -- Found PythonExtra: .so  
[1.794s] -- Found ament_lint_auto: 0.8.2 (/opt/ros/eloquent/share/ament_lint_auto/cmake)
[1.807s] -- Added test 'lint_cmake' to check CMake code style
[1.807s] -- Added test 'xmllint' to check XML markup files
[1.810s] -- Configuring done
[1.832s] -- Generating done
[1.835s] -- Build files have been written to: /home/neubility/ROS/ros2_communication_ws/build/ex_msg_srv
[1.839s] Invoked command in '/home/neubility/ROS/ros2_communication_ws/build/ex_msg_srv' returned '0': CMAKE_PREFIX_PATH=${CMAKE_PREFIX_PATH}:/opt/ros/eloquent /usr/bin/cmake /home/neubility/ROS/ros2_communication_ws/src/ex_msg_srv_pkg -DCMAKE_INSTALL_PREFIX=/home/neubility/ROS/ros2_communication_ws/install/ex_msg_srv
[1.842s] Invoking command in '/home/neubility/ROS/ros2_communication_ws/build/ex_msg_srv': CMAKE_PREFIX_PATH=${CMAKE_PREFIX_PATH}:/opt/ros/eloquent /usr/bin/cmake --build /home/neubility/ROS/ros2_communication_ws/build/ex_msg_srv -- -j16 -l16
[1.880s] [  2%] [34m[1mGenerating C code for ROS interfaces[0m
[1.880s] [35m[1mScanning dependencies of target ex_msg_srv__cpp[0m
[1.889s] [  5%] [34m[1mGenerating C++ code for ROS interfaces[0m
[2.113s] [  5%] Built target ex_msg_srv__cpp
[2.125s] [ 10%] [34m[1mGenerating C++ type support dispatch for ROS interfaces[0m
[2.125s] [ 10%] [34m[1mGenerating C++ introspection for ROS interfaces[0m
[2.126s] [ 12%] [34m[1mGenerating C++ type support for eProsima Fast-RTPS[0m
[2.143s] [35m[1mScanning dependencies of target ex_msg_srv__rosidl_generator_c[0m
[2.155s] [ 17%] [32mBuilding C object CMakeFiles/ex_msg_srv__rosidl_generator_c.dir/rosidl_generator_c/ex_msg_srv/srv/add_three_ints__functions.c.o[0m
[2.156s] [ 17%] [32mBuilding C object CMakeFiles/ex_msg_srv__rosidl_generator_c.dir/rosidl_generator_c/ex_msg_srv/msg/num__functions.c.o[0m
[2.193s] [ 20%] [32m[1mLinking C shared library libex_msg_srv__rosidl_generator_c.so[0m
[2.225s] [ 20%] Built target ex_msg_srv__rosidl_generator_c
[2.236s] [ 25%] [34m[1mGenerating C introspection for ROS interfaces[0m
[2.236s] [ 25%] [34m[1mGenerating C type support dispatch for ROS interfaces[0m
[2.365s] [35m[1mScanning dependencies of target ex_msg_srv__rosidl_typesupport_cpp[0m
[2.371s] [35m[1mScanning dependencies of target ex_msg_srv__rosidl_typesupport_introspection_cpp[0m
[2.376s] [ 30%] [32mBuilding CXX object CMakeFiles/ex_msg_srv__rosidl_typesupport_cpp.dir/rosidl_typesupport_cpp/ex_msg_srv/srv/add_three_ints__type_support.cpp.o[0m
[2.376s] [ 30%] [32mBuilding CXX object CMakeFiles/ex_msg_srv__rosidl_typesupport_cpp.dir/rosidl_typesupport_cpp/ex_msg_srv/msg/num__type_support.cpp.o[0m
[2.388s] [ 35%] [32mBuilding CXX object CMakeFiles/ex_msg_srv__rosidl_typesupport_introspection_cpp.dir/rosidl_typesupport_introspection_cpp/ex_msg_srv/srv/add_three_ints__type_support.cpp.o[0m
[2.388s] [ 35%] [32mBuilding CXX object CMakeFiles/ex_msg_srv__rosidl_typesupport_introspection_cpp.dir/rosidl_typesupport_introspection_cpp/ex_msg_srv/msg/num__type_support.cpp.o[0m
[2.414s] [35m[1mScanning dependencies of target ex_msg_srv__rosidl_typesupport_fastrtps_cpp[0m
[2.434s] [ 41%] [32mBuilding CXX object CMakeFiles/ex_msg_srv__rosidl_typesupport_fastrtps_cpp.dir/rosidl_typesupport_fastrtps_cpp/ex_msg_srv/msg/dds_fastrtps/num__type_support.cpp.o[0m
[2.434s] [ 41%] [32mBuilding CXX object CMakeFiles/ex_msg_srv__rosidl_typesupport_fastrtps_cpp.dir/rosidl_typesupport_fastrtps_cpp/ex_msg_srv/srv/dds_fastrtps/add_three_ints__type_support.cpp.o[0m
[2.468s] [35m[1mScanning dependencies of target ex_msg_srv__rosidl_typesupport_c[0m
[2.483s] [ 43%] [32mBuilding CXX object CMakeFiles/ex_msg_srv__rosidl_typesupport_c.dir/rosidl_typesupport_c/ex_msg_srv/srv/add_three_ints__type_support.cpp.o[0m
[2.484s] [ 46%] [32mBuilding CXX object CMakeFiles/ex_msg_srv__rosidl_typesupport_c.dir/rosidl_typesupport_c/ex_msg_srv/msg/num__type_support.cpp.o[0m
[2.522s] [ 48%] [32m[1mLinking CXX shared library libex_msg_srv__rosidl_typesupport_c.so[0m
[2.548s] [35m[1mScanning dependencies of target ex_msg_srv__rosidl_typesupport_introspection_c[0m
[2.566s] [ 51%] [32mBuilding C object CMakeFiles/ex_msg_srv__rosidl_typesupport_introspection_c.dir/rosidl_typesupport_introspection_c/ex_msg_srv/srv/add_three_ints__type_support.c.o[0m
[2.566s] [ 53%] [32mBuilding C object CMakeFiles/ex_msg_srv__rosidl_typesupport_introspection_c.dir/rosidl_typesupport_introspection_c/ex_msg_srv/msg/num__type_support.c.o[0m
[2.575s] [ 53%] Built target ex_msg_srv__rosidl_typesupport_c
[2.605s] [ 56%] [32m[1mLinking C shared library libex_msg_srv__rosidl_typesupport_introspection_c.so[0m
[2.607s] [ 58%] [32m[1mLinking CXX shared library libex_msg_srv__rosidl_typesupport_cpp.so[0m
[2.636s] [ 58%] Built target ex_msg_srv__rosidl_typesupport_introspection_c
[2.638s] [ 61%] [32m[1mLinking CXX shared library libex_msg_srv__rosidl_typesupport_introspection_cpp.so[0m
[2.644s] [ 61%] Built target ex_msg_srv__rosidl_typesupport_cpp
[2.676s] [ 61%] Built target ex_msg_srv__rosidl_typesupport_introspection_cpp
[2.762s] [ 64%] [32m[1mLinking CXX shared library libex_msg_srv__rosidl_typesupport_fastrtps_cpp.so[0m
[2.830s] [ 64%] Built target ex_msg_srv__rosidl_typesupport_fastrtps_cpp
[2.840s] [ 66%] [34m[1mGenerating C type support for eProsima Fast-RTPS[0m
[3.073s] [35m[1mScanning dependencies of target ex_msg_srv__rosidl_typesupport_fastrtps_c[0m
[3.087s] [ 71%] [32mBuilding CXX object CMakeFiles/ex_msg_srv__rosidl_typesupport_fastrtps_c.dir/rosidl_typesupport_fastrtps_c/ex_msg_srv/msg/num__type_support_c.cpp.o[0m
[3.088s] [ 71%] [32mBuilding CXX object CMakeFiles/ex_msg_srv__rosidl_typesupport_fastrtps_c.dir/rosidl_typesupport_fastrtps_c/ex_msg_srv/srv/add_three_ints__type_support_c.cpp.o[0m
[3.309s] [ 74%] [32m[1mLinking CXX shared library libex_msg_srv__rosidl_typesupport_fastrtps_c.so[0m
[3.375s] [ 74%] Built target ex_msg_srv__rosidl_typesupport_fastrtps_c
[3.385s] [35m[1mScanning dependencies of target ex_msg_srv[0m
[3.395s] [ 74%] Built target ex_msg_srv
[3.403s] [35m[1mScanning dependencies of target ex_msg_srv__py[0m
[3.413s] [ 76%] [34m[1mGenerating Python code for ROS interfaces[0m
[3.795s] [ 76%] Built target ex_msg_srv__py
[3.804s] [35m[1mScanning dependencies of target ex_msg_srv__python[0m
[3.822s] [ 82%] [32mBuilding C object CMakeFiles/ex_msg_srv__python.dir/rosidl_generator_py/ex_msg_srv/srv/_add_three_ints_s.c.o[0m
[3.822s] [ 82%] [32mBuilding C object CMakeFiles/ex_msg_srv__python.dir/rosidl_generator_py/ex_msg_srv/msg/_num_s.c.o[0m
[3.883s] [ 84%] [32m[1mLinking C shared library rosidl_generator_py/ex_msg_srv/libex_msg_srv__python.so[0m
[3.917s] [ 84%] Built target ex_msg_srv__python
[3.929s] [35m[1mScanning dependencies of target ex_msg_srv__rosidl_typesupport_introspection_c__pyext[0m
[3.930s] [35m[1mScanning dependencies of target ex_msg_srv__rosidl_typesupport_c__pyext[0m
[3.930s] [35m[1mScanning dependencies of target ex_msg_srv__rosidl_typesupport_fastrtps_c__pyext[0m
[3.944s] [ 89%] [32mBuilding C object CMakeFiles/ex_msg_srv__rosidl_typesupport_introspection_c__pyext.dir/rosidl_generator_py/ex_msg_srv/_ex_msg_srv_s.ep.rosidl_typesupport_introspection_c.c.o[0m
[3.945s] [ 89%] [32mBuilding C object CMakeFiles/ex_msg_srv__rosidl_typesupport_c__pyext.dir/rosidl_generator_py/ex_msg_srv/_ex_msg_srv_s.ep.rosidl_typesupport_c.c.o[0m
[3.947s] [ 92%] [32mBuilding C object CMakeFiles/ex_msg_srv__rosidl_typesupport_fastrtps_c__pyext.dir/rosidl_generator_py/ex_msg_srv/_ex_msg_srv_s.ep.rosidl_typesupport_fastrtps_c.c.o[0m
[4.008s] [ 97%] [32m[1mLinking C shared library rosidl_generator_py/ex_msg_srv/ex_msg_srv_s__rosidl_typesupport_c.cpython-36m-x86_64-linux-gnu.so[0m
[4.008s] [ 97%] [32m[1mLinking C shared library rosidl_generator_py/ex_msg_srv/ex_msg_srv_s__rosidl_typesupport_introspection_c.cpython-36m-x86_64-linux-gnu.so[0m
[4.014s] [100%] [32m[1mLinking CXX shared library rosidl_generator_py/ex_msg_srv/ex_msg_srv_s__rosidl_typesupport_fastrtps_c.cpython-36m-x86_64-linux-gnu.so[0m
[4.041s] [100%] Built target ex_msg_srv__rosidl_typesupport_c__pyext
[4.041s] [100%] Built target ex_msg_srv__rosidl_typesupport_introspection_c__pyext
[4.065s] [100%] Built target ex_msg_srv__rosidl_typesupport_fastrtps_c__pyext
[4.076s] Invoked command in '/home/neubility/ROS/ros2_communication_ws/build/ex_msg_srv' returned '0': CMAKE_PREFIX_PATH=${CMAKE_PREFIX_PATH}:/opt/ros/eloquent /usr/bin/cmake --build /home/neubility/ROS/ros2_communication_ws/build/ex_msg_srv -- -j16 -l16
[4.143s] Invoking command in '/home/neubility/ROS/ros2_communication_ws/build/ex_msg_srv': CMAKE_PREFIX_PATH=${CMAKE_PREFIX_PATH}:/opt/ros/eloquent /usr/bin/cmake --build /home/neubility/ROS/ros2_communication_ws/build/ex_msg_srv --target install -- -j16 -l16
[4.189s] [  2%] Built target ex_msg_srv__cpp
[4.193s] [ 12%] Built target ex_msg_srv__rosidl_generator_c
[4.212s] [ 23%] Built target ex_msg_srv__rosidl_typesupport_introspection_cpp
[4.214s] [ 33%] Built target ex_msg_srv__rosidl_typesupport_cpp
[4.216s] [ 53%] Built target ex_msg_srv__rosidl_typesupport_c
[4.216s] [ 53%] Built target ex_msg_srv__rosidl_typesupport_fastrtps_cpp
[4.216s] [ 64%] Built target ex_msg_srv__rosidl_typesupport_introspection_c
[4.242s] [ 74%] Built target ex_msg_srv__rosidl_typesupport_fastrtps_c
[4.263s] [ 74%] Built target ex_msg_srv
[4.289s] [ 76%] Built target ex_msg_srv__py
[4.329s] [ 84%] Built target ex_msg_srv__python
[4.355s] [100%] Built target ex_msg_srv__rosidl_typesupport_fastrtps_c__pyext
[4.355s] [100%] Built target ex_msg_srv__rosidl_typesupport_introspection_c__pyext
[4.355s] [100%] Built target ex_msg_srv__rosidl_typesupport_c__pyext
[4.375s] [36mInstall the project...[0m
[4.389s] -- Install configuration: ""
[4.389s] -- Installing: /home/neubility/ROS/ros2_communication_ws/install/ex_msg_srv/share/ament_index/resource_index/rosidl_interfaces/ex_msg_srv
[4.389s] -- Installing: /home/neubility/ROS/ros2_communication_ws/install/ex_msg_srv/lib/libex_msg_srv__rosidl_typesupport_c.so
[4.389s] -- Set runtime path of "/home/neubility/ROS/ros2_communication_ws/install/ex_msg_srv/lib/libex_msg_srv__rosidl_typesupport_c.so" to ""
[4.390s] -- Installing: /home/neubility/ROS/ros2_communication_ws/install/ex_msg_srv/share/ex_msg_srv/environment/library_path.sh
[4.390s] -- Installing: /home/neubility/ROS/ros2_communication_ws/install/ex_msg_srv/share/ex_msg_srv/environment/library_path.dsv
[4.390s] -- Installing: /home/neubility/ROS/ros2_communication_ws/install/ex_msg_srv/lib/libex_msg_srv__rosidl_typesupport_cpp.so
[4.390s] -- Set runtime path of "/home/neubility/ROS/ros2_communication_ws/install/ex_msg_srv/lib/libex_msg_srv__rosidl_typesupport_cpp.so" to ""
[4.390s] -- Installing: /home/neubility/ROS/ros2_communication_ws/install/ex_msg_srv/include/ex_msg_srv
[4.390s] -- Installing: /home/neubility/ROS/ros2_communication_ws/install/ex_msg_srv/include/ex_msg_srv/srv
[4.390s] -- Installing: /home/neubility/ROS/ros2_communication_ws/install/ex_msg_srv/include/ex_msg_srv/srv/add_three_ints__rosidl_typesupport_fastrtps_c.h
[4.391s] -- Installing: /home/neubility/ROS/ros2_communication_ws/install/ex_msg_srv/include/ex_msg_srv/msg
[4.391s] -- Installing: /home/neubility/ROS/ros2_communication_ws/install/ex_msg_srv/include/ex_msg_srv/msg/num__rosidl_typesupport_fastrtps_c.h
[4.391s] -- Installing: /home/neubility/ROS/ros2_communication_ws/install/ex_msg_srv/include/ex_msg_srv/msg/rosidl_typesupport_fastrtps_c__visibility_control.h
[4.392s] -- Installing: /home/neubility/ROS/ros2_communication_ws/install/ex_msg_srv/lib/libex_msg_srv__rosidl_typesupport_fastrtps_c.so
[4.392s] -- Set runtime path of "/home/neubility/ROS/ros2_communication_ws/install/ex_msg_srv/lib/libex_msg_srv__rosidl_typesupport_fastrtps_c.so" to ""
[4.393s] -- Up-to-date: /home/neubility/ROS/ros2_communication_ws/install/ex_msg_srv/include/ex_msg_srv
[4.394s] -- Up-to-date: /home/neubility/ROS/ros2_communication_ws/install/ex_msg_srv/include/ex_msg_srv/srv
[4.394s] -- Installing: /home/neubility/ROS/ros2_communication_ws/install/ex_msg_srv/include/ex_msg_srv/srv/add_three_ints.h
[4.394s] -- Installing: /home/neubility/ROS/ros2_communication_ws/install/ex_msg_srv/include/ex_msg_srv/srv/add_three_ints__struct.h
[4.394s] -- Installing: /home/neubility/ROS/ros2_communication_ws/install/ex_msg_srv/include/ex_msg_srv/srv/add_three_ints__functions.c
[4.394s] -- Installing: /home/neubility/ROS/ros2_communication_ws/install/ex_msg_srv/include/ex_msg_srv/srv/add_three_ints__type_support.h
[4.394s] -- Installing: /home/neubility/ROS/ros2_communication_ws/install/ex_msg_srv/include/ex_msg_srv/srv/add_three_ints__functions.h
[4.394s] -- Up-to-date: /home/neubility/ROS/ros2_communication_ws/install/ex_msg_srv/include/ex_msg_srv/msg
[4.395s] -- Installing: /home/neubility/ROS/ros2_communication_ws/install/ex_msg_srv/include/ex_msg_srv/msg/num__type_support.h
[4.395s] -- Installing: /home/neubility/ROS/ros2_communication_ws/install/ex_msg_srv/include/ex_msg_srv/msg/num__functions.h
[4.395s] -- Installing: /home/neubility/ROS/ros2_communication_ws/install/ex_msg_srv/include/ex_msg_srv/msg/num__functions.c
[4.395s] -- Installing: /home/neubility/ROS/ros2_communication_ws/install/ex_msg_srv/include/ex_msg_srv/msg/rosidl_generator_c__visibility_control.h
[4.395s] -- Installing: /home/neubility/ROS/ros2_communication_ws/install/ex_msg_srv/include/ex_msg_srv/msg/num.h
[4.395s] -- Installing: /home/neubility/ROS/ros2_communication_ws/install/ex_msg_srv/include/ex_msg_srv/msg/num__struct.h
[4.395s] -- Installing: /home/neubility/ROS/ros2_communication_ws/install/ex_msg_srv/lib/libex_msg_srv__rosidl_generator_c.so
[4.395s] -- Set runtime path of "/home/neubility/ROS/ros2_communication_ws/install/ex_msg_srv/lib/libex_msg_srv__rosidl_generator_c.so" to ""
[4.395s] -- Up-to-date: /home/neubility/ROS/ros2_communication_ws/install/ex_msg_srv/include/ex_msg_srv
[4.395s] -- Up-to-date: /home/neubility/ROS/ros2_communication_ws/install/ex_msg_srv/include/ex_msg_srv/srv
[4.395s] -- Installing: /home/neubility/ROS/ros2_communication_ws/install/ex_msg_srv/include/ex_msg_srv/srv/dds_fastrtps
[4.395s] -- Installing: /home/neubility/ROS/ros2_communication_ws/install/ex_msg_srv/include/ex_msg_srv/srv/add_three_ints__rosidl_typesupport_fastrtps_cpp.hpp
[4.395s] -- Up-to-date: /home/neubility/ROS/ros2_communication_ws/install/ex_msg_srv/include/ex_msg_srv/msg
[4.396s] -- Installing: /home/neubility/ROS/ros2_communication_ws/install/ex_msg_srv/include/ex_msg_srv/msg/dds_fastrtps
[4.396s] -- Installing: /home/neubility/ROS/ros2_communication_ws/install/ex_msg_srv/include/ex_msg_srv/msg/rosidl_typesupport_fastrtps_cpp__visibility_control.h
[4.396s] -- Installing: /home/neubility/ROS/ros2_communication_ws/install/ex_msg_srv/include/ex_msg_srv/msg/num__rosidl_typesupport_fastrtps_cpp.hpp
[4.396s] -- Installing: /home/neubility/ROS/ros2_communication_ws/install/ex_msg_srv/lib/libex_msg_srv__rosidl_typesupport_fastrtps_cpp.so
[4.396s] -- Set runtime path of "/home/neubility/ROS/ros2_communication_ws/install/ex_msg_srv/lib/libex_msg_srv__rosidl_typesupport_fastrtps_cpp.so" to ""
[4.396s] -- Up-to-date: /home/neubility/ROS/ros2_communication_ws/install/ex_msg_srv/include/ex_msg_srv
[4.396s] -- Up-to-date: /home/neubility/ROS/ros2_communication_ws/install/ex_msg_srv/include/ex_msg_srv/srv
[4.396s] -- Installing: /home/neubility/ROS/ros2_communication_ws/install/ex_msg_srv/include/ex_msg_srv/srv/add_three_ints__traits.hpp
[4.396s] -- Installing: /home/neubility/ROS/ros2_communication_ws/install/ex_msg_srv/include/ex_msg_srv/srv/add_three_ints.hpp
[4.396s] -- Installing: /home/neubility/ROS/ros2_communication_ws/install/ex_msg_srv/include/ex_msg_srv/srv/add_three_ints__struct.hpp
[4.396s] -- Up-to-date: /home/neubility/ROS/ros2_communication_ws/install/ex_msg_srv/include/ex_msg_srv/msg
[4.396s] -- Installing: /home/neubility/ROS/ros2_communication_ws/install/ex_msg_srv/include/ex_msg_srv/msg/num__traits.hpp
[4.396s] -- Installing: /home/neubility/ROS/ros2_communication_ws/install/ex_msg_srv/include/ex_msg_srv/msg/num__struct.hpp
[4.396s] -- Installing: /home/neubility/ROS/ros2_communication_ws/install/ex_msg_srv/include/ex_msg_srv/msg/num.hpp
[4.397s] -- Up-to-date: /home/neubility/ROS/ros2_communication_ws/install/ex_msg_srv/include/ex_msg_srv
[4.397s] -- Up-to-date: /home/neubility/ROS/ros2_communication_ws/install/ex_msg_srv/include/ex_msg_srv/srv
[4.397s] -- Installing: /home/neubility/ROS/ros2_communication_ws/install/ex_msg_srv/include/ex_msg_srv/srv/add_three_ints__type_support.c
[4.397s] -- Installing: /home/neubility/ROS/ros2_communication_ws/install/ex_msg_srv/include/ex_msg_srv/srv/add_three_ints__rosidl_typesupport_introspection_c.h
[4.397s] -- Up-to-date: /home/neubility/ROS/ros2_communication_ws/install/ex_msg_srv/include/ex_msg_srv/msg
[4.397s] -- Installing: /home/neubility/ROS/ros2_communication_ws/install/ex_msg_srv/include/ex_msg_srv/msg/rosidl_typesupport_introspection_c__visibility_control.h
[4.397s] -- Installing: /home/neubility/ROS/ros2_communication_ws/install/ex_msg_srv/include/ex_msg_srv/msg/num__type_support.c
[4.397s] -- Installing: /home/neubility/ROS/ros2_communication_ws/install/ex_msg_srv/include/ex_msg_srv/msg/num__rosidl_typesupport_introspection_c.h
[4.397s] -- Installing: /home/neubility/ROS/ros2_communication_ws/install/ex_msg_srv/lib/libex_msg_srv__rosidl_typesupport_introspection_c.so
[4.397s] -- Set runtime path of "/home/neubility/ROS/ros2_communication_ws/install/ex_msg_srv/lib/libex_msg_srv__rosidl_typesupport_introspection_c.so" to ""
[4.397s] -- Up-to-date: /home/neubility/ROS/ros2_communication_ws/install/ex_msg_srv/include/ex_msg_srv
[4.397s] -- Up-to-date: /home/neubility/ROS/ros2_communication_ws/install/ex_msg_srv/include/ex_msg_srv/srv
[4.397s] -- Installing: /home/neubility/ROS/ros2_communication_ws/install/ex_msg_srv/include/ex_msg_srv/srv/add_three_ints__rosidl_typesupport_introspection_cpp.hpp
[4.397s] -- Installing: /home/neubility/ROS/ros2_communication_ws/install/ex_msg_srv/include/ex_msg_srv/srv/add_three_ints__type_support.cpp
[4.397s] -- Up-to-date: /home/neubility/ROS/ros2_communication_ws/install/ex_msg_srv/include/ex_msg_srv/msg
[4.397s] -- Installing: /home/neubility/ROS/ros2_communication_ws/install/ex_msg_srv/include/ex_msg_srv/msg/num__rosidl_typesupport_introspection_cpp.hpp
[4.398s] -- Installing: /home/neubility/ROS/ros2_communication_ws/install/ex_msg_srv/include/ex_msg_srv/msg/num__type_support.cpp
[4.398s] -- Installing: /home/neubility/ROS/ros2_communication_ws/install/ex_msg_srv/lib/libex_msg_srv__rosidl_typesupport_introspection_cpp.so
[4.398s] -- Set runtime path of "/home/neubility/ROS/ros2_communication_ws/install/ex_msg_srv/lib/libex_msg_srv__rosidl_typesupport_introspection_cpp.so" to ""
[4.398s] -- Installing: /home/neubility/ROS/ros2_communication_ws/install/ex_msg_srv/share/ex_msg_srv/environment/pythonpath.sh
[4.398s] -- Installing: /home/neubility/ROS/ros2_communication_ws/install/ex_msg_srv/share/ex_msg_srv/environment/pythonpath.dsv
[4.398s] -- Installing: /home/neubility/ROS/ros2_communication_ws/install/ex_msg_srv/lib/python3.6/site-packages/ex_msg_srv/__init__.py
[4.428s] Compiling '/home/neubility/ROS/ros2_communication_ws/install/ex_msg_srv/lib/python3.6/site-packages/ex_msg_srv/__init__.py'...
[4.433s] -- Installing: /home/neubility/ROS/ros2_communication_ws/install/ex_msg_srv/lib/python3.6/site-packages/ex_msg_srv/msg
[4.433s] -- Installing: /home/neubility/ROS/ros2_communication_ws/install/ex_msg_srv/lib/python3.6/site-packages/ex_msg_srv/msg/_num_s.c
[4.433s] -- Installing: /home/neubility/ROS/ros2_communication_ws/install/ex_msg_srv/lib/python3.6/site-packages/ex_msg_srv/msg/_num.py
[4.434s] -- Installing: /home/neubility/ROS/ros2_communication_ws/install/ex_msg_srv/lib/python3.6/site-packages/ex_msg_srv/msg/__init__.py
[4.434s] -- Installing: /home/neubility/ROS/ros2_communication_ws/install/ex_msg_srv/lib/python3.6/site-packages/ex_msg_srv/srv
[4.434s] -- Installing: /home/neubility/ROS/ros2_communication_ws/install/ex_msg_srv/lib/python3.6/site-packages/ex_msg_srv/srv/_add_three_ints_s.c
[4.434s] -- Installing: /home/neubility/ROS/ros2_communication_ws/install/ex_msg_srv/lib/python3.6/site-packages/ex_msg_srv/srv/__init__.py
[4.434s] -- Installing: /home/neubility/ROS/ros2_communication_ws/install/ex_msg_srv/lib/python3.6/site-packages/ex_msg_srv/srv/_add_three_ints.py
[4.434s] -- Installing: /home/neubility/ROS/ros2_communication_ws/install/ex_msg_srv/lib/python3.6/site-packages/ex_msg_srv/ex_msg_srv_s__rosidl_typesupport_c.cpython-36m-x86_64-linux-gnu.so
[4.434s] -- Set runtime path of "/home/neubility/ROS/ros2_communication_ws/install/ex_msg_srv/lib/python3.6/site-packages/ex_msg_srv/ex_msg_srv_s__rosidl_typesupport_c.cpython-36m-x86_64-linux-gnu.so" to ""
[4.434s] -- Installing: /home/neubility/ROS/ros2_communication_ws/install/ex_msg_srv/lib/python3.6/site-packages/ex_msg_srv/ex_msg_srv_s__rosidl_typesupport_introspection_c.cpython-36m-x86_64-linux-gnu.so
[4.435s] -- Set runtime path of "/home/neubility/ROS/ros2_communication_ws/install/ex_msg_srv/lib/python3.6/site-packages/ex_msg_srv/ex_msg_srv_s__rosidl_typesupport_introspection_c.cpython-36m-x86_64-linux-gnu.so" to ""
[4.435s] -- Installing: /home/neubility/ROS/ros2_communication_ws/install/ex_msg_srv/lib/python3.6/site-packages/ex_msg_srv/ex_msg_srv_s__rosidl_typesupport_fastrtps_c.cpython-36m-x86_64-linux-gnu.so
[4.436s] -- Set runtime path of "/home/neubility/ROS/ros2_communication_ws/install/ex_msg_srv/lib/python3.6/site-packages/ex_msg_srv/ex_msg_srv_s__rosidl_typesupport_fastrtps_c.cpython-36m-x86_64-linux-gnu.so" to ""
[4.436s] -- Installing: /home/neubility/ROS/ros2_communication_ws/install/ex_msg_srv/lib/libex_msg_srv__python.so
[4.436s] -- Set runtime path of "/home/neubility/ROS/ros2_communication_ws/install/ex_msg_srv/lib/libex_msg_srv__python.so" to ""
[4.436s] -- Installing: /home/neubility/ROS/ros2_communication_ws/install/ex_msg_srv/share/ex_msg_srv/msg/Num.idl
[4.436s] -- Installing: /home/neubility/ROS/ros2_communication_ws/install/ex_msg_srv/share/ex_msg_srv/srv/AddThreeInts.idl
[4.436s] -- Installing: /home/neubility/ROS/ros2_communication_ws/install/ex_msg_srv/share/ex_msg_srv/msg/Num.msg
[4.437s] -- Installing: /home/neubility/ROS/ros2_communication_ws/install/ex_msg_srv/share/ex_msg_srv/srv/AddThreeInts.srv
[4.437s] -- Installing: /home/neubility/ROS/ros2_communication_ws/install/ex_msg_srv/share/ex_msg_srv/srv/AddThreeInts_Request.msg
[4.437s] -- Installing: /home/neubility/ROS/ros2_communication_ws/install/ex_msg_srv/share/ex_msg_srv/srv/AddThreeInts_Response.msg
[4.437s] -- Installing: /home/neubility/ROS/ros2_communication_ws/install/ex_msg_srv/share/ament_index/resource_index/package_run_dependencies/ex_msg_srv
[4.437s] -- Installing: /home/neubility/ROS/ros2_communication_ws/install/ex_msg_srv/share/ament_index/resource_index/parent_prefix_path/ex_msg_srv
[4.437s] -- Installing: /home/neubility/ROS/ros2_communication_ws/install/ex_msg_srv/share/ex_msg_srv/environment/ament_prefix_path.sh
[4.437s] -- Installing: /home/neubility/ROS/ros2_communication_ws/install/ex_msg_srv/share/ex_msg_srv/environment/ament_prefix_path.dsv
[4.438s] -- Installing: /home/neubility/ROS/ros2_communication_ws/install/ex_msg_srv/share/ex_msg_srv/environment/path.sh
[4.438s] -- Installing: /home/neubility/ROS/ros2_communication_ws/install/ex_msg_srv/share/ex_msg_srv/environment/path.dsv
[4.439s] -- Installing: /home/neubility/ROS/ros2_communication_ws/install/ex_msg_srv/share/ex_msg_srv/local_setup.bash
[4.439s] -- Installing: /home/neubility/ROS/ros2_communication_ws/install/ex_msg_srv/share/ex_msg_srv/local_setup.sh
[4.439s] -- Installing: /home/neubility/ROS/ros2_communication_ws/install/ex_msg_srv/share/ex_msg_srv/local_setup.zsh
[4.440s] -- Installing: /home/neubility/ROS/ros2_communication_ws/install/ex_msg_srv/share/ex_msg_srv/local_setup.dsv
[4.440s] -- Installing: /home/neubility/ROS/ros2_communication_ws/install/ex_msg_srv/share/ex_msg_srv/package.dsv
[4.440s] -- Installing: /home/neubility/ROS/ros2_communication_ws/install/ex_msg_srv/share/ament_index/resource_index/packages/ex_msg_srv
[4.441s] -- Installing: /home/neubility/ROS/ros2_communication_ws/install/ex_msg_srv/share/ex_msg_srv/cmake/rosidl_cmake-extras.cmake
[4.441s] -- Installing: /home/neubility/ROS/ros2_communication_ws/install/ex_msg_srv/share/ex_msg_srv/cmake/ament_cmake_export_libraries-extras.cmake
[4.441s] -- Installing: /home/neubility/ROS/ros2_communication_ws/install/ex_msg_srv/share/ex_msg_srv/cmake/ament_cmake_export_include_directories-extras.cmake
[4.441s] -- Installing: /home/neubility/ROS/ros2_communication_ws/install/ex_msg_srv/share/ex_msg_srv/cmake/ex_msg_srvConfig.cmake
[4.441s] -- Installing: /home/neubility/ROS/ros2_communication_ws/install/ex_msg_srv/share/ex_msg_srv/cmake/ex_msg_srvConfig-version.cmake
[4.441s] -- Installing: /home/neubility/ROS/ros2_communication_ws/install/ex_msg_srv/share/ex_msg_srv/package.xml
[4.446s] Invoked command in '/home/neubility/ROS/ros2_communication_ws/build/ex_msg_srv' returned '0': CMAKE_PREFIX_PATH=${CMAKE_PREFIX_PATH}:/opt/ros/eloquent /usr/bin/cmake --build /home/neubility/ROS/ros2_communication_ws/build/ex_msg_srv --target install -- -j16 -l16
