-- The C compiler identification is GNU 7.5.0
-- The CXX compiler identification is GNU 7.5.0
-- Check for working C compiler: /usr/bin/cc
-- Check for working C compiler: /usr/bin/cc -- works
-- Detecting C compiler ABI info
-- Detecting C compiler ABI info - done
-- Detecting C compile features
-- Detecting C compile features - done
-- Check for working CXX compiler: /usr/bin/c++
-- Check for working CXX compiler: /usr/bin/c++ -- works
-- Detecting CXX compiler ABI info
-- Detecting CXX compiler ABI info - done
-- Detecting CXX compile features
-- Detecting CXX compile features - done
-- Found ament_cmake: 0.8.3 (/opt/ros/eloquent/share/ament_cmake/cmake)
-- Found PythonInterp: /usr/bin/python3 (found suitable version "3.6.9", minimum required is "3") 
-- Using PYTHON_EXECUTABLE: /usr/bin/python3
-- Found rclcpp: 0.8.5 (/opt/ros/eloquent/share/rclcpp/cmake)
-- Found rosidl_adapter: 0.8.3 (/opt/ros/eloquent/share/rosidl_adapter/cmake)
-- Found rmw_implementation_cmake: 0.8.1 (/opt/ros/eloquent/share/rmw_implementation_cmake/cmake)
-- Using RMW implementation 'rmw_cyclonedds_cpp' as default
-- Looking for pthread.h
-- Looking for pthread.h - found
-- Looking for pthread_create
-- Looking for pthread_create - not found
-- Looking for pthread_create in pthreads
-- Looking for pthread_create in pthreads - not found
-- Looking for pthread_create in pthread
-- Looking for pthread_create in pthread - found
-- Found Threads: TRUE  
-- Found std_msgs: 0.8.1 (/opt/ros/eloquent/share/std_msgs/cmake)
-- Found ex_msg_srv: 0.0.0 (/home/neubility/ROS/ros2_communication_ws/install/ex_msg_srv/share/ex_msg_srv/cmake)
-- Configuring done
-- Generating done
-- Build files have been written to: /home/neubility/ROS/ros2_communication_ws/build/pub_ex
[35m[1mScanning dependencies of target pub_ex[0m
[ 50%] [32mBuilding CXX object CMakeFiles/pub_ex.dir/src/main.cpp.o[0m
[100%] [32m[1mLinking CXX executable pub_ex[0m
[100%] Built target pub_ex
[100%] Built target pub_ex
[36mInstall the project...[0m
-- Install configuration: ""
-- Installing: /home/neubility/ROS/ros2_communication_ws/install/pub_ex/lib/pub_ex/pub_ex
-- Set runtime path of "/home/neubility/ROS/ros2_communication_ws/install/pub_ex/lib/pub_ex/pub_ex" to ""
-- Installing: /home/neubility/ROS/ros2_communication_ws/install/pub_ex/share/pub_ex/launch
-- Installing: /home/neubility/ROS/ros2_communication_ws/install/pub_ex/share/pub_ex/launch/launch_executeprocess_ex.launch.py
-- Installing: /home/neubility/ROS/ros2_communication_ws/install/pub_ex/share/pub_ex/launch/launch_node_ex_method_2.launch.py
-- Installing: /home/neubility/ROS/ros2_communication_ws/install/pub_ex/share/pub_ex/launch/launch_node_ex_method_1.launch.py
-- Installing: /home/neubility/ROS/ros2_communication_ws/install/pub_ex/share/ament_index/resource_index/package_run_dependencies/pub_ex
-- Installing: /home/neubility/ROS/ros2_communication_ws/install/pub_ex/share/ament_index/resource_index/parent_prefix_path/pub_ex
-- Installing: /home/neubility/ROS/ros2_communication_ws/install/pub_ex/share/pub_ex/environment/ament_prefix_path.sh
-- Installing: /home/neubility/ROS/ros2_communication_ws/install/pub_ex/share/pub_ex/environment/ament_prefix_path.dsv
-- Installing: /home/neubility/ROS/ros2_communication_ws/install/pub_ex/share/pub_ex/environment/path.sh
-- Installing: /home/neubility/ROS/ros2_communication_ws/install/pub_ex/share/pub_ex/environment/path.dsv
-- Installing: /home/neubility/ROS/ros2_communication_ws/install/pub_ex/share/pub_ex/local_setup.bash
-- Installing: /home/neubility/ROS/ros2_communication_ws/install/pub_ex/share/pub_ex/local_setup.sh
-- Installing: /home/neubility/ROS/ros2_communication_ws/install/pub_ex/share/pub_ex/local_setup.zsh
-- Installing: /home/neubility/ROS/ros2_communication_ws/install/pub_ex/share/pub_ex/local_setup.dsv
-- Installing: /home/neubility/ROS/ros2_communication_ws/install/pub_ex/share/pub_ex/package.dsv
-- Installing: /home/neubility/ROS/ros2_communication_ws/install/pub_ex/share/ament_index/resource_index/packages/pub_ex
-- Installing: /home/neubility/ROS/ros2_communication_ws/install/pub_ex/share/pub_ex/cmake/pub_exConfig.cmake
-- Installing: /home/neubility/ROS/ros2_communication_ws/install/pub_ex/share/pub_ex/cmake/pub_exConfig-version.cmake
-- Installing: /home/neubility/ROS/ros2_communication_ws/install/pub_ex/share/pub_ex/package.xml
