[0.014s] Invoking command in '/home/neubility/ROS/ros2_communication_ws/build/pub_ex': CMAKE_PREFIX_PATH=/home/neubility/ROS/ros2_communication_ws/install/ex_msg_srv:/home/neubility/ROS/ros2_communication_ws/install/sub_ex:/home/neubility/ROS/ros2_communication_ws/install/pub_ex:/home/neubility/ROS/ros2_communication_ws/install/practice_code_pkg:/opt/ros/eloquent /usr/bin/cmake /home/neubility/ROS/ros2_communication_ws/src/pub_ex_pkg -DCMAKE_INSTALL_PREFIX=/home/neubility/ROS/ros2_communication_ws/install/pub_ex
[0.071s] -- The C compiler identification is GNU 7.5.0
[0.122s] -- The CXX compiler identification is GNU 7.5.0
[0.126s] -- Check for working C compiler: /usr/bin/cc
[0.193s] -- Check for working C compiler: /usr/bin/cc -- works
[0.193s] -- Detecting C compiler ABI info
[0.267s] -- Detecting C compiler ABI info - done
[0.275s] -- Detecting C compile features
[0.510s] -- Detecting C compile features - done
[0.513s] -- Check for working CXX compiler: /usr/bin/c++
[0.592s] -- Check for working CXX compiler: /usr/bin/c++ -- works
[0.593s] -- Detecting CXX compiler ABI info
[0.685s] -- Detecting CXX compiler ABI info - done
[0.691s] -- Detecting CXX compile features
[1.017s] -- Detecting CXX compile features - done
[1.020s] -- Found ament_cmake: 0.8.3 (/opt/ros/eloquent/share/ament_cmake/cmake)
[1.050s] -- Found PythonInterp: /usr/bin/python3 (found suitable version "3.6.9", minimum required is "3") 
[1.050s] -- Using PYTHON_EXECUTABLE: /usr/bin/python3
[1.202s] -- Found rclcpp: 0.8.5 (/opt/ros/eloquent/share/rclcpp/cmake)
[1.215s] -- Found rosidl_adapter: 0.8.3 (/opt/ros/eloquent/share/rosidl_adapter/cmake)
[1.243s] -- Found rmw_implementation_cmake: 0.8.1 (/opt/ros/eloquent/share/rmw_implementation_cmake/cmake)
[1.244s] -- Using RMW implementation 'rmw_cyclonedds_cpp' as default
[1.244s] -- Looking for pthread.h
[1.319s] -- Looking for pthread.h - found
[1.319s] -- Looking for pthread_create
[1.407s] -- Looking for pthread_create - not found
[1.407s] -- Looking for pthread_create in pthreads
[1.467s] -- Looking for pthread_create in pthreads - not found
[1.468s] -- Looking for pthread_create in pthread
[1.535s] -- Looking for pthread_create in pthread - found
[1.536s] -- Found Threads: TRUE  
[1.563s] -- Found std_msgs: 0.8.1 (/opt/ros/eloquent/share/std_msgs/cmake)
[1.567s] -- Found ex_msg_srv: 0.0.0 (/home/neubility/ROS/ros2_communication_ws/install/ex_msg_srv/share/ex_msg_srv/cmake)
[1.636s] -- Configuring done
[1.646s] -- Generating done
[1.647s] -- Build files have been written to: /home/neubility/ROS/ros2_communication_ws/build/pub_ex
[1.659s] Invoked command in '/home/neubility/ROS/ros2_communication_ws/build/pub_ex' returned '0': CMAKE_PREFIX_PATH=/home/neubility/ROS/ros2_communication_ws/install/ex_msg_srv:/home/neubility/ROS/ros2_communication_ws/install/sub_ex:/home/neubility/ROS/ros2_communication_ws/install/pub_ex:/home/neubility/ROS/ros2_communication_ws/install/practice_code_pkg:/opt/ros/eloquent /usr/bin/cmake /home/neubility/ROS/ros2_communication_ws/src/pub_ex_pkg -DCMAKE_INSTALL_PREFIX=/home/neubility/ROS/ros2_communication_ws/install/pub_ex
[1.664s] Invoking command in '/home/neubility/ROS/ros2_communication_ws/build/pub_ex': CMAKE_PREFIX_PATH=/home/neubility/ROS/ros2_communication_ws/install/ex_msg_srv:/home/neubility/ROS/ros2_communication_ws/install/sub_ex:/home/neubility/ROS/ros2_communication_ws/install/pub_ex:/home/neubility/ROS/ros2_communication_ws/install/practice_code_pkg:/opt/ros/eloquent /usr/bin/cmake --build /home/neubility/ROS/ros2_communication_ws/build/pub_ex -- -j16 -l16
[1.709s] [35m[1mScanning dependencies of target pub_ex[0m
[1.732s] [ 50%] [32mBuilding CXX object CMakeFiles/pub_ex.dir/src/main.cpp.o[0m
[3.543s] [100%] [32m[1mLinking CXX executable pub_ex[0m
[3.693s] [100%] Built target pub_ex
[3.708s] Invoked command in '/home/neubility/ROS/ros2_communication_ws/build/pub_ex' returned '0': CMAKE_PREFIX_PATH=/home/neubility/ROS/ros2_communication_ws/install/ex_msg_srv:/home/neubility/ROS/ros2_communication_ws/install/sub_ex:/home/neubility/ROS/ros2_communication_ws/install/pub_ex:/home/neubility/ROS/ros2_communication_ws/install/practice_code_pkg:/opt/ros/eloquent /usr/bin/cmake --build /home/neubility/ROS/ros2_communication_ws/build/pub_ex -- -j16 -l16
[3.741s] Invoking command in '/home/neubility/ROS/ros2_communication_ws/build/pub_ex': CMAKE_PREFIX_PATH=/home/neubility/ROS/ros2_communication_ws/install/ex_msg_srv:/home/neubility/ROS/ros2_communication_ws/install/sub_ex:/home/neubility/ROS/ros2_communication_ws/install/pub_ex:/home/neubility/ROS/ros2_communication_ws/install/practice_code_pkg:/opt/ros/eloquent /usr/bin/cmake --build /home/neubility/ROS/ros2_communication_ws/build/pub_ex --target install -- -j16 -l16
[3.798s] [100%] Built target pub_ex
[3.819s] [36mInstall the project...[0m
[3.828s] -- Install configuration: ""
[3.828s] -- Installing: /home/neubility/ROS/ros2_communication_ws/install/pub_ex/lib/pub_ex/pub_ex
[3.828s] -- Set runtime path of "/home/neubility/ROS/ros2_communication_ws/install/pub_ex/lib/pub_ex/pub_ex" to ""
[3.828s] -- Installing: /home/neubility/ROS/ros2_communication_ws/install/pub_ex/share/pub_ex/launch
[3.829s] -- Installing: /home/neubility/ROS/ros2_communication_ws/install/pub_ex/share/pub_ex/launch/launch_executeprocess_ex.launch.py
[3.829s] -- Installing: /home/neubility/ROS/ros2_communication_ws/install/pub_ex/share/pub_ex/launch/launch_node_ex_method_2.launch.py
[3.829s] -- Installing: /home/neubility/ROS/ros2_communication_ws/install/pub_ex/share/pub_ex/launch/launch_node_ex_method_1.launch.py
[3.829s] -- Installing: /home/neubility/ROS/ros2_communication_ws/install/pub_ex/share/ament_index/resource_index/package_run_dependencies/pub_ex
[3.829s] -- Installing: /home/neubility/ROS/ros2_communication_ws/install/pub_ex/share/ament_index/resource_index/parent_prefix_path/pub_ex
[3.829s] -- Installing: /home/neubility/ROS/ros2_communication_ws/install/pub_ex/share/pub_ex/environment/ament_prefix_path.sh
[3.829s] -- Installing: /home/neubility/ROS/ros2_communication_ws/install/pub_ex/share/pub_ex/environment/ament_prefix_path.dsv
[3.829s] -- Installing: /home/neubility/ROS/ros2_communication_ws/install/pub_ex/share/pub_ex/environment/path.sh
[3.829s] -- Installing: /home/neubility/ROS/ros2_communication_ws/install/pub_ex/share/pub_ex/environment/path.dsv
[3.829s] -- Installing: /home/neubility/ROS/ros2_communication_ws/install/pub_ex/share/pub_ex/local_setup.bash
[3.830s] -- Installing: /home/neubility/ROS/ros2_communication_ws/install/pub_ex/share/pub_ex/local_setup.sh
[3.830s] -- Installing: /home/neubility/ROS/ros2_communication_ws/install/pub_ex/share/pub_ex/local_setup.zsh
[3.830s] -- Installing: /home/neubility/ROS/ros2_communication_ws/install/pub_ex/share/pub_ex/local_setup.dsv
[3.830s] -- Installing: /home/neubility/ROS/ros2_communication_ws/install/pub_ex/share/pub_ex/package.dsv
[3.830s] -- Installing: /home/neubility/ROS/ros2_communication_ws/install/pub_ex/share/ament_index/resource_index/packages/pub_ex
[3.830s] -- Installing: /home/neubility/ROS/ros2_communication_ws/install/pub_ex/share/pub_ex/cmake/pub_exConfig.cmake
[3.830s] -- Installing: /home/neubility/ROS/ros2_communication_ws/install/pub_ex/share/pub_ex/cmake/pub_exConfig-version.cmake
[3.830s] -- Installing: /home/neubility/ROS/ros2_communication_ws/install/pub_ex/share/pub_ex/package.xml
[3.833s] Invoked command in '/home/neubility/ROS/ros2_communication_ws/build/pub_ex' returned '0': CMAKE_PREFIX_PATH=/home/neubility/ROS/ros2_communication_ws/install/ex_msg_srv:/home/neubility/ROS/ros2_communication_ws/install/sub_ex:/home/neubility/ROS/ros2_communication_ws/install/pub_ex:/home/neubility/ROS/ros2_communication_ws/install/practice_code_pkg:/opt/ros/eloquent /usr/bin/cmake --build /home/neubility/ROS/ros2_communication_ws/build/pub_ex --target install -- -j16 -l16
