[0.023s] Invoking command in '/home/neubility/ROS/ros2_communication_ws/build/srv_client_pkg': CMAKE_PREFIX_PATH=/home/neubility/ROS/ros2_communication_ws/install/ex_msg_srv:/home/neubility/ROS/ros2_communication_ws/install/srv_client_pkg:/home/neubility/ROS/ros2_communication_ws/install/sub_ex:/home/neubility/ROS/ros2_communication_ws/install/srv_server_pkg:/home/neubility/ROS/ros2_communication_ws/install/pub_ex:/home/neubility/ROS/ros2_communication_ws/install/practice_code_pkg:/opt/ros/eloquent /usr/bin/cmake --build /home/neubility/ROS/ros2_communication_ws/build/srv_client_pkg -- -j16 -l16
[0.078s] [100%] Built target srv_client_pkg
[0.090s] Invoked command in '/home/neubility/ROS/ros2_communication_ws/build/srv_client_pkg' returned '0': CMAKE_PREFIX_PATH=/home/neubility/ROS/ros2_communication_ws/install/ex_msg_srv:/home/neubility/ROS/ros2_communication_ws/install/srv_client_pkg:/home/neubility/ROS/ros2_communication_ws/install/sub_ex:/home/neubility/ROS/ros2_communication_ws/install/srv_server_pkg:/home/neubility/ROS/ros2_communication_ws/install/pub_ex:/home/neubility/ROS/ros2_communication_ws/install/practice_code_pkg:/opt/ros/eloquent /usr/bin/cmake --build /home/neubility/ROS/ros2_communication_ws/build/srv_client_pkg -- -j16 -l16
[0.114s] Invoking command in '/home/neubility/ROS/ros2_communication_ws/build/srv_client_pkg': CMAKE_PREFIX_PATH=/home/neubility/ROS/ros2_communication_ws/install/ex_msg_srv:/home/neubility/ROS/ros2_communication_ws/install/srv_client_pkg:/home/neubility/ROS/ros2_communication_ws/install/sub_ex:/home/neubility/ROS/ros2_communication_ws/install/srv_server_pkg:/home/neubility/ROS/ros2_communication_ws/install/pub_ex:/home/neubility/ROS/ros2_communication_ws/install/practice_code_pkg:/opt/ros/eloquent /usr/bin/cmake --build /home/neubility/ROS/ros2_communication_ws/build/srv_client_pkg --target install -- -j16 -l16
[0.166s] [100%] Built target srv_client_pkg
[0.183s] [36mInstall the project...[0m
[0.190s] -- Install configuration: "Debug"
[0.191s] -- Up-to-date: /home/neubility/ROS/ros2_communication_ws/install/srv_client_pkg/lib/srv_client_pkg/srv_client_pkg
[0.191s] -- Up-to-date: /home/neubility/ROS/ros2_communication_ws/install/srv_client_pkg/share/srv_client_pkg/launch
[0.192s] -- Up-to-date: /home/neubility/ROS/ros2_communication_ws/install/srv_client_pkg/share/srv_client_pkg/launch/launch_executeprocess_ex.launch.py
[0.192s] -- Up-to-date: /home/neubility/ROS/ros2_communication_ws/install/srv_client_pkg/share/srv_client_pkg/launch/launch_node_ex_method_2.launch.py
[0.193s] -- Up-to-date: /home/neubility/ROS/ros2_communication_ws/install/srv_client_pkg/share/srv_client_pkg/launch/launch_node_ex_method_1.launch.py
[0.193s] -- Up-to-date: /home/neubility/ROS/ros2_communication_ws/install/srv_client_pkg/share/ament_index/resource_index/package_run_dependencies/srv_client_pkg
[0.194s] -- Up-to-date: /home/neubility/ROS/ros2_communication_ws/install/srv_client_pkg/share/ament_index/resource_index/parent_prefix_path/srv_client_pkg
[0.194s] -- Up-to-date: /home/neubility/ROS/ros2_communication_ws/install/srv_client_pkg/share/srv_client_pkg/environment/ament_prefix_path.sh
[0.194s] -- Up-to-date: /home/neubility/ROS/ros2_communication_ws/install/srv_client_pkg/share/srv_client_pkg/environment/ament_prefix_path.dsv
[0.194s] -- Up-to-date: /home/neubility/ROS/ros2_communication_ws/install/srv_client_pkg/share/srv_client_pkg/environment/path.sh
[0.195s] -- Up-to-date: /home/neubility/ROS/ros2_communication_ws/install/srv_client_pkg/share/srv_client_pkg/environment/path.dsv
[0.195s] -- Up-to-date: /home/neubility/ROS/ros2_communication_ws/install/srv_client_pkg/share/srv_client_pkg/local_setup.bash
[0.195s] -- Up-to-date: /home/neubility/ROS/ros2_communication_ws/install/srv_client_pkg/share/srv_client_pkg/local_setup.sh
[0.195s] -- Up-to-date: /home/neubility/ROS/ros2_communication_ws/install/srv_client_pkg/share/srv_client_pkg/local_setup.zsh
[0.195s] -- Up-to-date: /home/neubility/ROS/ros2_communication_ws/install/srv_client_pkg/share/srv_client_pkg/local_setup.dsv
[0.195s] -- Installing: /home/neubility/ROS/ros2_communication_ws/install/srv_client_pkg/share/srv_client_pkg/package.dsv
[0.196s] -- Up-to-date: /home/neubility/ROS/ros2_communication_ws/install/srv_client_pkg/share/ament_index/resource_index/packages/srv_client_pkg
[0.197s] -- Up-to-date: /home/neubility/ROS/ros2_communication_ws/install/srv_client_pkg/share/srv_client_pkg/cmake/srv_client_pkgConfig.cmake
[0.197s] -- Up-to-date: /home/neubility/ROS/ros2_communication_ws/install/srv_client_pkg/share/srv_client_pkg/cmake/srv_client_pkgConfig-version.cmake
[0.198s] -- Up-to-date: /home/neubility/ROS/ros2_communication_ws/install/srv_client_pkg/share/srv_client_pkg/package.xml
[0.212s] Invoked command in '/home/neubility/ROS/ros2_communication_ws/build/srv_client_pkg' returned '0': CMAKE_PREFIX_PATH=/home/neubility/ROS/ros2_communication_ws/install/ex_msg_srv:/home/neubility/ROS/ros2_communication_ws/install/srv_client_pkg:/home/neubility/ROS/ros2_communication_ws/install/sub_ex:/home/neubility/ROS/ros2_communication_ws/install/srv_server_pkg:/home/neubility/ROS/ros2_communication_ws/install/pub_ex:/home/neubility/ROS/ros2_communication_ws/install/practice_code_pkg:/opt/ros/eloquent /usr/bin/cmake --build /home/neubility/ROS/ros2_communication_ws/build/srv_client_pkg --target install -- -j16 -l16
