[0.140s] DEBUG:colcon:Command line arguments: ['/usr/bin/colcon', 'build']
[0.141s] DEBUG:colcon:Parsed command line arguments: Namespace(ament_cmake_args=None, base_paths=['.'], build_base='build', catkin_cmake_args=None, catkin_skip_building_tests=False, cmake_args=None, cmake_clean_cache=False, cmake_clean_first=False, cmake_force_configure=False, cmake_target=None, cmake_target_skip_unavailable=False, continue_on_error=False, event_handlers=None, executor='parallel', ignore_user_meta=False, install_base='install', log_base=None, log_level=None, main=<bound method BuildVerb.main of <colcon_core.verb.build.BuildVerb object at 0x7f97c3704908>>, merge_install=False, metas=['./colcon.meta'], packages_above=None, packages_above_and_dependencies=None, packages_above_depth=None, packages_end=None, packages_ignore=None, packages_ignore_regex=None, packages_select=None, packages_select_build_failed=False, packages_select_by_dep=None, packages_select_regex=None, packages_select_test_failures=False, packages_skip=None, packages_skip_build_finished=False, packages_skip_by_dep=None, packages_skip_regex=None, packages_skip_test_passed=False, packages_skip_up_to=None, packages_start=None, packages_up_to=None, packages_up_to_regex=None, parallel_workers=16, paths=None, symlink_install=False, test_result_base=None, verb_extension=<colcon_core.verb.build.BuildVerb object at 0x7f97c3704908>, verb_name='build', verb_parser=<colcon_defaults.argument_parser.defaults.DefaultArgumentsDecorator object at 0x7f97c3704c50>)
[0.145s] Level 1:colcon.colcon_core.package_discovery:discover_packages(colcon_meta) check parameters
[0.145s] Level 1:colcon.colcon_core.package_discovery:discover_packages(recursive) check parameters
[0.145s] Level 1:colcon.colcon_core.package_discovery:discover_packages(ignore) check parameters
[0.145s] Level 1:colcon.colcon_core.package_discovery:discover_packages(path) check parameters
[0.145s] Level 1:colcon.colcon_core.package_discovery:discover_packages(colcon_meta) discover
[0.145s] Level 1:colcon.colcon_core.package_discovery:discover_packages(recursive) discover
[0.145s] INFO:colcon.colcon_core.package_discovery:Crawling recursively for packages in '/home/neubility/ROS/ros2_communication_ws'
[0.145s] Level 1:colcon.colcon_core.package_identification:_identify(.) by extensions ['ignore', 'ignore_ament_install']
[0.146s] Level 1:colcon.colcon_core.package_identification:_identify(.) by extension 'ignore'
[0.146s] Level 1:colcon.colcon_core.package_identification:_identify(.) by extension 'ignore_ament_install'
[0.146s] Level 1:colcon.colcon_core.package_identification:_identify(.) by extensions ['colcon_pkg']
[0.146s] Level 1:colcon.colcon_core.package_identification:_identify(.) by extension 'colcon_pkg'
[0.146s] Level 1:colcon.colcon_core.package_identification:_identify(.) by extensions ['colcon_meta']
[0.146s] Level 1:colcon.colcon_core.package_identification:_identify(.) by extension 'colcon_meta'
[0.146s] Level 1:colcon.colcon_core.package_identification:_identify(.) by extensions ['ros']
[0.146s] Level 1:colcon.colcon_core.package_identification:_identify(.) by extension 'ros'
[0.155s] Level 1:colcon.colcon_core.package_identification:_identify(.) by extensions ['cmake', 'python']
[0.155s] Level 1:colcon.colcon_core.package_identification:_identify(.) by extension 'cmake'
[0.155s] Level 1:colcon.colcon_core.package_identification:_identify(.) by extension 'python'
[0.156s] Level 1:colcon.colcon_core.package_identification:_identify(.) by extensions ['python_setup_py']
[0.156s] Level 1:colcon.colcon_core.package_identification:_identify(.) by extension 'python_setup_py'
[0.156s] Level 1:colcon.colcon_core.package_identification:_identify(build) by extensions ['ignore', 'ignore_ament_install']
[0.156s] Level 1:colcon.colcon_core.package_identification:_identify(build) by extension 'ignore'
[0.156s] Level 1:colcon.colcon_core.package_identification:_identify(build) ignored
[0.157s] Level 1:colcon.colcon_core.package_identification:_identify(install) by extensions ['ignore', 'ignore_ament_install']
[0.157s] Level 1:colcon.colcon_core.package_identification:_identify(install) by extension 'ignore'
[0.157s] Level 1:colcon.colcon_core.package_identification:_identify(install) ignored
[0.157s] Level 1:colcon.colcon_core.package_identification:_identify(log) by extensions ['ignore', 'ignore_ament_install']
[0.157s] Level 1:colcon.colcon_core.package_identification:_identify(log) by extension 'ignore'
[0.157s] Level 1:colcon.colcon_core.package_identification:_identify(log) ignored
[0.157s] Level 1:colcon.colcon_core.package_identification:_identify(src) by extensions ['ignore', 'ignore_ament_install']
[0.158s] Level 1:colcon.colcon_core.package_identification:_identify(src) by extension 'ignore'
[0.158s] Level 1:colcon.colcon_core.package_identification:_identify(src) by extension 'ignore_ament_install'
[0.158s] Level 1:colcon.colcon_core.package_identification:_identify(src) by extensions ['colcon_pkg']
[0.158s] Level 1:colcon.colcon_core.package_identification:_identify(src) by extension 'colcon_pkg'
[0.158s] Level 1:colcon.colcon_core.package_identification:_identify(src) by extensions ['colcon_meta']
[0.158s] Level 1:colcon.colcon_core.package_identification:_identify(src) by extension 'colcon_meta'
[0.158s] Level 1:colcon.colcon_core.package_identification:_identify(src) by extensions ['ros']
[0.158s] Level 1:colcon.colcon_core.package_identification:_identify(src) by extension 'ros'
[0.158s] Level 1:colcon.colcon_core.package_identification:_identify(src) by extensions ['cmake', 'python']
[0.158s] Level 1:colcon.colcon_core.package_identification:_identify(src) by extension 'cmake'
[0.158s] Level 1:colcon.colcon_core.package_identification:_identify(src) by extension 'python'
[0.158s] Level 1:colcon.colcon_core.package_identification:_identify(src) by extensions ['python_setup_py']
[0.158s] Level 1:colcon.colcon_core.package_identification:_identify(src) by extension 'python_setup_py'
[0.158s] Level 1:colcon.colcon_core.package_identification:_identify(src/ex_msg_srv_pkg) by extensions ['ignore', 'ignore_ament_install']
[0.158s] Level 1:colcon.colcon_core.package_identification:_identify(src/ex_msg_srv_pkg) by extension 'ignore'
[0.158s] Level 1:colcon.colcon_core.package_identification:_identify(src/ex_msg_srv_pkg) by extension 'ignore_ament_install'
[0.158s] Level 1:colcon.colcon_core.package_identification:_identify(src/ex_msg_srv_pkg) by extensions ['colcon_pkg']
[0.158s] Level 1:colcon.colcon_core.package_identification:_identify(src/ex_msg_srv_pkg) by extension 'colcon_pkg'
[0.158s] Level 1:colcon.colcon_core.package_identification:_identify(src/ex_msg_srv_pkg) by extensions ['colcon_meta']
[0.158s] Level 1:colcon.colcon_core.package_identification:_identify(src/ex_msg_srv_pkg) by extension 'colcon_meta'
[0.158s] Level 1:colcon.colcon_core.package_identification:_identify(src/ex_msg_srv_pkg) by extensions ['ros']
[0.159s] Level 1:colcon.colcon_core.package_identification:_identify(src/ex_msg_srv_pkg) by extension 'ros'
[0.161s] DEBUG:colcon.colcon_core.package_identification:Package 'src/ex_msg_srv_pkg' with type 'ros.ament_cmake' and name 'ex_msg_srv'
[0.161s] Level 1:colcon.colcon_core.package_identification:_identify(src/practice_code_pkg) by extensions ['ignore', 'ignore_ament_install']
[0.161s] Level 1:colcon.colcon_core.package_identification:_identify(src/practice_code_pkg) by extension 'ignore'
[0.161s] Level 1:colcon.colcon_core.package_identification:_identify(src/practice_code_pkg) by extension 'ignore_ament_install'
[0.161s] Level 1:colcon.colcon_core.package_identification:_identify(src/practice_code_pkg) by extensions ['colcon_pkg']
[0.161s] Level 1:colcon.colcon_core.package_identification:_identify(src/practice_code_pkg) by extension 'colcon_pkg'
[0.162s] Level 1:colcon.colcon_core.package_identification:_identify(src/practice_code_pkg) by extensions ['colcon_meta']
[0.162s] Level 1:colcon.colcon_core.package_identification:_identify(src/practice_code_pkg) by extension 'colcon_meta'
[0.162s] Level 1:colcon.colcon_core.package_identification:_identify(src/practice_code_pkg) by extensions ['ros']
[0.162s] Level 1:colcon.colcon_core.package_identification:_identify(src/practice_code_pkg) by extension 'ros'
[0.162s] DEBUG:colcon.colcon_core.package_identification:Package 'src/practice_code_pkg' with type 'ros.ament_cmake' and name 'practice_code_pkg'
[0.162s] Level 1:colcon.colcon_core.package_identification:_identify(src/pub_ex_pkg) by extensions ['ignore', 'ignore_ament_install']
[0.162s] Level 1:colcon.colcon_core.package_identification:_identify(src/pub_ex_pkg) by extension 'ignore'
[0.163s] Level 1:colcon.colcon_core.package_identification:_identify(src/pub_ex_pkg) by extension 'ignore_ament_install'
[0.163s] Level 1:colcon.colcon_core.package_identification:_identify(src/pub_ex_pkg) by extensions ['colcon_pkg']
[0.163s] Level 1:colcon.colcon_core.package_identification:_identify(src/pub_ex_pkg) by extension 'colcon_pkg'
[0.163s] Level 1:colcon.colcon_core.package_identification:_identify(src/pub_ex_pkg) by extensions ['colcon_meta']
[0.163s] Level 1:colcon.colcon_core.package_identification:_identify(src/pub_ex_pkg) by extension 'colcon_meta'
[0.163s] Level 1:colcon.colcon_core.package_identification:_identify(src/pub_ex_pkg) by extensions ['ros']
[0.163s] Level 1:colcon.colcon_core.package_identification:_identify(src/pub_ex_pkg) by extension 'ros'
[0.163s] DEBUG:colcon.colcon_core.package_identification:Package 'src/pub_ex_pkg' with type 'ros.ament_cmake' and name 'pub_ex'
[0.164s] Level 1:colcon.colcon_core.package_identification:_identify(src/srv_server_pkg) by extensions ['ignore', 'ignore_ament_install']
[0.164s] Level 1:colcon.colcon_core.package_identification:_identify(src/srv_server_pkg) by extension 'ignore'
[0.164s] Level 1:colcon.colcon_core.package_identification:_identify(src/srv_server_pkg) by extension 'ignore_ament_install'
[0.164s] Level 1:colcon.colcon_core.package_identification:_identify(src/srv_server_pkg) by extensions ['colcon_pkg']
[0.164s] Level 1:colcon.colcon_core.package_identification:_identify(src/srv_server_pkg) by extension 'colcon_pkg'
[0.164s] Level 1:colcon.colcon_core.package_identification:_identify(src/srv_server_pkg) by extensions ['colcon_meta']
[0.164s] Level 1:colcon.colcon_core.package_identification:_identify(src/srv_server_pkg) by extension 'colcon_meta'
[0.164s] Level 1:colcon.colcon_core.package_identification:_identify(src/srv_server_pkg) by extensions ['ros']
[0.164s] Level 1:colcon.colcon_core.package_identification:_identify(src/srv_server_pkg) by extension 'ros'
[0.165s] DEBUG:colcon.colcon_core.package_identification:Package 'src/srv_server_pkg' with type 'ros.ament_cmake' and name 'srv_server_pkg'
[0.165s] Level 1:colcon.colcon_core.package_identification:_identify(src/sub_ex_pkg) by extensions ['ignore', 'ignore_ament_install']
[0.165s] Level 1:colcon.colcon_core.package_identification:_identify(src/sub_ex_pkg) by extension 'ignore'
[0.165s] Level 1:colcon.colcon_core.package_identification:_identify(src/sub_ex_pkg) by extension 'ignore_ament_install'
[0.165s] Level 1:colcon.colcon_core.package_identification:_identify(src/sub_ex_pkg) by extensions ['colcon_pkg']
[0.165s] Level 1:colcon.colcon_core.package_identification:_identify(src/sub_ex_pkg) by extension 'colcon_pkg'
[0.165s] Level 1:colcon.colcon_core.package_identification:_identify(src/sub_ex_pkg) by extensions ['colcon_meta']
[0.166s] Level 1:colcon.colcon_core.package_identification:_identify(src/sub_ex_pkg) by extension 'colcon_meta'
[0.166s] Level 1:colcon.colcon_core.package_identification:_identify(src/sub_ex_pkg) by extensions ['ros']
[0.166s] Level 1:colcon.colcon_core.package_identification:_identify(src/sub_ex_pkg) by extension 'ros'
[0.166s] DEBUG:colcon.colcon_core.package_identification:Package 'src/sub_ex_pkg' with type 'ros.ament_cmake' and name 'sub_ex'
[0.166s] Level 1:colcon.colcon_core.package_discovery:discover_packages(recursive) using defaults
[0.166s] Level 1:colcon.colcon_core.package_discovery:discover_packages(ignore) discover
[0.166s] Level 1:colcon.colcon_core.package_discovery:discover_packages(ignore) using defaults
[0.166s] Level 1:colcon.colcon_core.package_discovery:discover_packages(path) discover
[0.166s] Level 1:colcon.colcon_core.package_discovery:discover_packages(path) using defaults
[0.183s] Level 5:colcon.colcon_core.verb:set package 'ex_msg_srv' build argument 'cmake_args' from command line to 'None'
[0.183s] Level 5:colcon.colcon_core.verb:set package 'ex_msg_srv' build argument 'cmake_target' from command line to 'None'
[0.183s] Level 5:colcon.colcon_core.verb:set package 'ex_msg_srv' build argument 'cmake_target_skip_unavailable' from command line to 'False'
[0.183s] Level 5:colcon.colcon_core.verb:set package 'ex_msg_srv' build argument 'cmake_clean_cache' from command line to 'False'
[0.183s] Level 5:colcon.colcon_core.verb:set package 'ex_msg_srv' build argument 'cmake_clean_first' from command line to 'False'
[0.183s] Level 5:colcon.colcon_core.verb:set package 'ex_msg_srv' build argument 'cmake_force_configure' from command line to 'False'
[0.183s] Level 5:colcon.colcon_core.verb:set package 'ex_msg_srv' build argument 'ament_cmake_args' from command line to 'None'
[0.183s] Level 5:colcon.colcon_core.verb:set package 'ex_msg_srv' build argument 'catkin_cmake_args' from command line to 'None'
[0.183s] Level 5:colcon.colcon_core.verb:set package 'ex_msg_srv' build argument 'catkin_skip_building_tests' from command line to 'False'
[0.183s] DEBUG:colcon.colcon_core.verb:Building package 'ex_msg_srv' with the following arguments: {'ament_cmake_args': None, 'build_base': '/home/neubility/ROS/ros2_communication_ws/build/ex_msg_srv', 'catkin_cmake_args': None, 'catkin_skip_building_tests': False, 'cmake_args': None, 'cmake_clean_cache': False, 'cmake_clean_first': False, 'cmake_force_configure': False, 'cmake_target': None, 'cmake_target_skip_unavailable': False, 'install_base': '/home/neubility/ROS/ros2_communication_ws/install/ex_msg_srv', 'merge_install': False, 'path': '/home/neubility/ROS/ros2_communication_ws/src/ex_msg_srv_pkg', 'symlink_install': False, 'test_result_base': None}
[0.185s] Level 5:colcon.colcon_core.verb:set package 'sub_ex' build argument 'cmake_args' from command line to 'None'
[0.185s] Level 5:colcon.colcon_core.verb:set package 'sub_ex' build argument 'cmake_target' from command line to 'None'
[0.186s] Level 5:colcon.colcon_core.verb:set package 'sub_ex' build argument 'cmake_target_skip_unavailable' from command line to 'False'
[0.186s] Level 5:colcon.colcon_core.verb:set package 'sub_ex' build argument 'cmake_clean_cache' from command line to 'False'
[0.186s] Level 5:colcon.colcon_core.verb:set package 'sub_ex' build argument 'cmake_clean_first' from command line to 'False'
[0.186s] Level 5:colcon.colcon_core.verb:set package 'sub_ex' build argument 'cmake_force_configure' from command line to 'False'
[0.186s] Level 5:colcon.colcon_core.verb:set package 'sub_ex' build argument 'ament_cmake_args' from command line to 'None'
[0.186s] Level 5:colcon.colcon_core.verb:set package 'sub_ex' build argument 'catkin_cmake_args' from command line to 'None'
[0.186s] Level 5:colcon.colcon_core.verb:set package 'sub_ex' build argument 'catkin_skip_building_tests' from command line to 'False'
[0.186s] DEBUG:colcon.colcon_core.verb:Building package 'sub_ex' with the following arguments: {'ament_cmake_args': None, 'build_base': '/home/neubility/ROS/ros2_communication_ws/build/sub_ex', 'catkin_cmake_args': None, 'catkin_skip_building_tests': False, 'cmake_args': None, 'cmake_clean_cache': False, 'cmake_clean_first': False, 'cmake_force_configure': False, 'cmake_target': None, 'cmake_target_skip_unavailable': False, 'install_base': '/home/neubility/ROS/ros2_communication_ws/install/sub_ex', 'merge_install': False, 'path': '/home/neubility/ROS/ros2_communication_ws/src/sub_ex_pkg', 'symlink_install': False, 'test_result_base': None}
[0.188s] Level 5:colcon.colcon_core.verb:set package 'practice_code_pkg' build argument 'cmake_args' from command line to 'None'
[0.188s] Level 5:colcon.colcon_core.verb:set package 'practice_code_pkg' build argument 'cmake_target' from command line to 'None'
[0.188s] Level 5:colcon.colcon_core.verb:set package 'practice_code_pkg' build argument 'cmake_target_skip_unavailable' from command line to 'False'
[0.188s] Level 5:colcon.colcon_core.verb:set package 'practice_code_pkg' build argument 'cmake_clean_cache' from command line to 'False'
[0.188s] Level 5:colcon.colcon_core.verb:set package 'practice_code_pkg' build argument 'cmake_clean_first' from command line to 'False'
[0.188s] Level 5:colcon.colcon_core.verb:set package 'practice_code_pkg' build argument 'cmake_force_configure' from command line to 'False'
[0.188s] Level 5:colcon.colcon_core.verb:set package 'practice_code_pkg' build argument 'ament_cmake_args' from command line to 'None'
[0.188s] Level 5:colcon.colcon_core.verb:set package 'practice_code_pkg' build argument 'catkin_cmake_args' from command line to 'None'
[0.188s] Level 5:colcon.colcon_core.verb:set package 'practice_code_pkg' build argument 'catkin_skip_building_tests' from command line to 'False'
[0.188s] DEBUG:colcon.colcon_core.verb:Building package 'practice_code_pkg' with the following arguments: {'ament_cmake_args': None, 'build_base': '/home/neubility/ROS/ros2_communication_ws/build/practice_code_pkg', 'catkin_cmake_args': None, 'catkin_skip_building_tests': False, 'cmake_args': None, 'cmake_clean_cache': False, 'cmake_clean_first': False, 'cmake_force_configure': False, 'cmake_target': None, 'cmake_target_skip_unavailable': False, 'install_base': '/home/neubility/ROS/ros2_communication_ws/install/practice_code_pkg', 'merge_install': False, 'path': '/home/neubility/ROS/ros2_communication_ws/src/practice_code_pkg', 'symlink_install': False, 'test_result_base': None}
[0.190s] Level 5:colcon.colcon_core.verb:set package 'pub_ex' build argument 'cmake_args' from command line to 'None'
[0.190s] Level 5:colcon.colcon_core.verb:set package 'pub_ex' build argument 'cmake_target' from command line to 'None'
[0.190s] Level 5:colcon.colcon_core.verb:set package 'pub_ex' build argument 'cmake_target_skip_unavailable' from command line to 'False'
[0.190s] Level 5:colcon.colcon_core.verb:set package 'pub_ex' build argument 'cmake_clean_cache' from command line to 'False'
[0.190s] Level 5:colcon.colcon_core.verb:set package 'pub_ex' build argument 'cmake_clean_first' from command line to 'False'
[0.190s] Level 5:colcon.colcon_core.verb:set package 'pub_ex' build argument 'cmake_force_configure' from command line to 'False'
[0.190s] Level 5:colcon.colcon_core.verb:set package 'pub_ex' build argument 'ament_cmake_args' from command line to 'None'
[0.190s] Level 5:colcon.colcon_core.verb:set package 'pub_ex' build argument 'catkin_cmake_args' from command line to 'None'
[0.191s] Level 5:colcon.colcon_core.verb:set package 'pub_ex' build argument 'catkin_skip_building_tests' from command line to 'False'
[0.191s] DEBUG:colcon.colcon_core.verb:Building package 'pub_ex' with the following arguments: {'ament_cmake_args': None, 'build_base': '/home/neubility/ROS/ros2_communication_ws/build/pub_ex', 'catkin_cmake_args': None, 'catkin_skip_building_tests': False, 'cmake_args': None, 'cmake_clean_cache': False, 'cmake_clean_first': False, 'cmake_force_configure': False, 'cmake_target': None, 'cmake_target_skip_unavailable': False, 'install_base': '/home/neubility/ROS/ros2_communication_ws/install/pub_ex', 'merge_install': False, 'path': '/home/neubility/ROS/ros2_communication_ws/src/pub_ex_pkg', 'symlink_install': False, 'test_result_base': None}
[0.192s] Level 5:colcon.colcon_core.verb:set package 'srv_server_pkg' build argument 'cmake_args' from command line to 'None'
[0.192s] Level 5:colcon.colcon_core.verb:set package 'srv_server_pkg' build argument 'cmake_target' from command line to 'None'
[0.193s] Level 5:colcon.colcon_core.verb:set package 'srv_server_pkg' build argument 'cmake_target_skip_unavailable' from command line to 'False'
[0.193s] Level 5:colcon.colcon_core.verb:set package 'srv_server_pkg' build argument 'cmake_clean_cache' from command line to 'False'
[0.193s] Level 5:colcon.colcon_core.verb:set package 'srv_server_pkg' build argument 'cmake_clean_first' from command line to 'False'
[0.193s] Level 5:colcon.colcon_core.verb:set package 'srv_server_pkg' build argument 'cmake_force_configure' from command line to 'False'
[0.193s] Level 5:colcon.colcon_core.verb:set package 'srv_server_pkg' build argument 'ament_cmake_args' from command line to 'None'
[0.193s] Level 5:colcon.colcon_core.verb:set package 'srv_server_pkg' build argument 'catkin_cmake_args' from command line to 'None'
[0.193s] Level 5:colcon.colcon_core.verb:set package 'srv_server_pkg' build argument 'catkin_skip_building_tests' from command line to 'False'
[0.193s] DEBUG:colcon.colcon_core.verb:Building package 'srv_server_pkg' with the following arguments: {'ament_cmake_args': None, 'build_base': '/home/neubility/ROS/ros2_communication_ws/build/srv_server_pkg', 'catkin_cmake_args': None, 'catkin_skip_building_tests': False, 'cmake_args': None, 'cmake_clean_cache': False, 'cmake_clean_first': False, 'cmake_force_configure': False, 'cmake_target': None, 'cmake_target_skip_unavailable': False, 'install_base': '/home/neubility/ROS/ros2_communication_ws/install/srv_server_pkg', 'merge_install': False, 'path': '/home/neubility/ROS/ros2_communication_ws/src/srv_server_pkg', 'symlink_install': False, 'test_result_base': None}
[0.193s] INFO:colcon.colcon_core.executor:Executing jobs using 'parallel' executor
[0.195s] DEBUG:colcon.colcon_parallel_executor.executor.parallel:run_until_complete
[0.195s] INFO:colcon.colcon_ros.task.ament_cmake.build:Building ROS package in '/home/neubility/ROS/ros2_communication_ws/src/ex_msg_srv_pkg' with build type 'ament_cmake'
[0.196s] INFO:colcon.colcon_cmake.task.cmake.build:Building CMake package in '/home/neubility/ROS/ros2_communication_ws/src/ex_msg_srv_pkg'
[0.199s] INFO:colcon.colcon_core.plugin_system:Skipping extension 'colcon_core.shell.bat': Not used on non-Windows systems
[0.199s] INFO:colcon.colcon_core.shell:Skip shell extension 'powershell' for command environment: Not usable outside of PowerShell
[0.199s] DEBUG:colcon.colcon_core.shell:Skip shell extension 'dsv' for command environment
[0.201s] DEBUG:colcon.colcon_core.shell:Ignoring prefix path '/opt/ros/eloquent'
[0.204s] INFO:colcon.colcon_ros.task.ament_cmake.build:Building ROS package in '/home/neubility/ROS/ros2_communication_ws/src/sub_ex_pkg' with build type 'ament_cmake'
[0.205s] INFO:colcon.colcon_cmake.task.cmake.build:Building CMake package in '/home/neubility/ROS/ros2_communication_ws/src/sub_ex_pkg'
[0.206s] INFO:colcon.colcon_core.shell:Skip shell extension 'powershell' for command environment: Not usable outside of PowerShell
[0.206s] DEBUG:colcon.colcon_core.shell:Skip shell extension 'dsv' for command environment
[0.207s] DEBUG:colcon.colcon_core.shell:Ignoring prefix path '/opt/ros/eloquent'
[0.214s] DEBUG:colcon.colcon_core.event_handler.log_command:Invoking command in '/home/neubility/ROS/ros2_communication_ws/build/ex_msg_srv': CMAKE_PREFIX_PATH=/opt/ros/eloquent /usr/bin/cmake --build /home/neubility/ROS/ros2_communication_ws/build/ex_msg_srv -- -j16 -l16
[0.221s] DEBUG:colcon.colcon_core.event_handler.log_command:Invoking command in '/home/neubility/ROS/ros2_communication_ws/build/sub_ex': CMAKE_PREFIX_PATH=/opt/ros/eloquent /usr/bin/cmake --build /home/neubility/ROS/ros2_communication_ws/build/sub_ex -- -j16 -l16
[0.286s] DEBUG:colcon.colcon_core.event_handler.log_command:Invoked command in '/home/neubility/ROS/ros2_communication_ws/build/sub_ex' returned '0': CMAKE_PREFIX_PATH=/opt/ros/eloquent /usr/bin/cmake --build /home/neubility/ROS/ros2_communication_ws/build/sub_ex -- -j16 -l16
[0.320s] DEBUG:colcon.colcon_core.event_handler.log_command:Invoking command in '/home/neubility/ROS/ros2_communication_ws/build/sub_ex': CMAKE_PREFIX_PATH=/opt/ros/eloquent /usr/bin/cmake --build /home/neubility/ROS/ros2_communication_ws/build/sub_ex --target install -- -j16 -l16
[0.407s] Level 1:colcon.colcon_core.environment:create_environment_scripts_only(sub_ex)
[0.408s] DEBUG:colcon.colcon_core.event_handler.log_command:Invoked command in '/home/neubility/ROS/ros2_communication_ws/build/sub_ex' returned '0': CMAKE_PREFIX_PATH=/opt/ros/eloquent /usr/bin/cmake --build /home/neubility/ROS/ros2_communication_ws/build/sub_ex --target install -- -j16 -l16
[0.423s] Level 1:colcon.colcon_core.environment:checking '/home/neubility/ROS/ros2_communication_ws/install/sub_ex' for CMake module files
[0.424s] Level 1:colcon.colcon_core.environment:checking '/home/neubility/ROS/ros2_communication_ws/install/sub_ex' for CMake config files
[0.424s] Level 1:colcon.colcon_core.shell:create_environment_hook('sub_ex', 'cmake_prefix_path')
[0.425s] INFO:colcon.colcon_core.shell:Creating environment hook '/home/neubility/ROS/ros2_communication_ws/install/sub_ex/share/sub_ex/hook/cmake_prefix_path.ps1'
[0.426s] INFO:colcon.colcon_core.shell:Creating environment descriptor '/home/neubility/ROS/ros2_communication_ws/install/sub_ex/share/sub_ex/hook/cmake_prefix_path.dsv'
[0.426s] INFO:colcon.colcon_core.shell:Creating environment hook '/home/neubility/ROS/ros2_communication_ws/install/sub_ex/share/sub_ex/hook/cmake_prefix_path.sh'
[0.428s] Level 1:colcon.colcon_core.environment:checking '/home/neubility/ROS/ros2_communication_ws/install/sub_ex/lib'
[0.428s] Level 1:colcon.colcon_core.environment:checking '/home/neubility/ROS/ros2_communication_ws/install/sub_ex/bin'
[0.428s] Level 1:colcon.colcon_core.environment:checking '/home/neubility/ROS/ros2_communication_ws/install/sub_ex/lib/pkgconfig/sub_ex.pc'
[0.428s] Level 1:colcon.colcon_core.environment:checking '/home/neubility/ROS/ros2_communication_ws/install/sub_ex/lib/python3.6/site-packages'
[0.429s] INFO:colcon.colcon_core.shell:Creating package script '/home/neubility/ROS/ros2_communication_ws/install/sub_ex/share/sub_ex/package.ps1'
[0.430s] INFO:colcon.colcon_core.shell:Creating package descriptor '/home/neubility/ROS/ros2_communication_ws/install/sub_ex/share/sub_ex/package.dsv'
[0.431s] INFO:colcon.colcon_core.shell:Creating package script '/home/neubility/ROS/ros2_communication_ws/install/sub_ex/share/sub_ex/package.sh'
[0.432s] INFO:colcon.colcon_core.shell:Creating package script '/home/neubility/ROS/ros2_communication_ws/install/sub_ex/share/sub_ex/package.bash'
[0.433s] INFO:colcon.colcon_core.shell:Creating package script '/home/neubility/ROS/ros2_communication_ws/install/sub_ex/share/sub_ex/package.zsh'
[0.434s] Level 1:colcon.colcon_core.environment:create_file_with_runtime_dependencies(/home/neubility/ROS/ros2_communication_ws/install/sub_ex/share/colcon-core/packages/sub_ex)
[0.437s] DEBUG:colcon.colcon_core.event_handler.log_command:Invoked command in '/home/neubility/ROS/ros2_communication_ws/build/ex_msg_srv' returned '0': CMAKE_PREFIX_PATH=/opt/ros/eloquent /usr/bin/cmake --build /home/neubility/ROS/ros2_communication_ws/build/ex_msg_srv -- -j16 -l16
[0.460s] Level 1:colcon.colcon_core.environment:create_environment_scripts_only(sub_ex)
[0.461s] Level 1:colcon.colcon_core.environment:checking '/home/neubility/ROS/ros2_communication_ws/install/sub_ex' for CMake module files
[0.461s] Level 1:colcon.colcon_core.environment:checking '/home/neubility/ROS/ros2_communication_ws/install/sub_ex' for CMake config files
[0.462s] Level 1:colcon.colcon_core.shell:create_environment_hook('sub_ex', 'cmake_prefix_path')
[0.462s] INFO:colcon.colcon_core.shell:Creating environment hook '/home/neubility/ROS/ros2_communication_ws/install/sub_ex/share/sub_ex/hook/cmake_prefix_path.ps1'
[0.463s] INFO:colcon.colcon_core.shell:Creating environment descriptor '/home/neubility/ROS/ros2_communication_ws/install/sub_ex/share/sub_ex/hook/cmake_prefix_path.dsv'
[0.464s] INFO:colcon.colcon_core.shell:Creating environment hook '/home/neubility/ROS/ros2_communication_ws/install/sub_ex/share/sub_ex/hook/cmake_prefix_path.sh'
[0.465s] Level 1:colcon.colcon_core.environment:checking '/home/neubility/ROS/ros2_communication_ws/install/sub_ex/lib'
[0.465s] Level 1:colcon.colcon_core.environment:checking '/home/neubility/ROS/ros2_communication_ws/install/sub_ex/bin'
[0.466s] Level 1:colcon.colcon_core.environment:checking '/home/neubility/ROS/ros2_communication_ws/install/sub_ex/lib/pkgconfig/sub_ex.pc'
[0.466s] Level 1:colcon.colcon_core.environment:checking '/home/neubility/ROS/ros2_communication_ws/install/sub_ex/lib/python3.6/site-packages'
[0.467s] INFO:colcon.colcon_core.shell:Creating package script '/home/neubility/ROS/ros2_communication_ws/install/sub_ex/share/sub_ex/package.ps1'
[0.468s] INFO:colcon.colcon_core.shell:Creating package descriptor '/home/neubility/ROS/ros2_communication_ws/install/sub_ex/share/sub_ex/package.dsv'
[0.469s] INFO:colcon.colcon_core.shell:Creating package script '/home/neubility/ROS/ros2_communication_ws/install/sub_ex/share/sub_ex/package.sh'
[0.470s] INFO:colcon.colcon_core.shell:Creating package script '/home/neubility/ROS/ros2_communication_ws/install/sub_ex/share/sub_ex/package.bash'
[0.471s] INFO:colcon.colcon_core.shell:Creating package script '/home/neubility/ROS/ros2_communication_ws/install/sub_ex/share/sub_ex/package.zsh'
[0.472s] Level 1:colcon.colcon_core.environment:create_file_with_runtime_dependencies(/home/neubility/ROS/ros2_communication_ws/install/sub_ex/share/colcon-core/packages/sub_ex)
[0.503s] DEBUG:colcon.colcon_core.event_handler.log_command:Invoking command in '/home/neubility/ROS/ros2_communication_ws/build/ex_msg_srv': CMAKE_PREFIX_PATH=/opt/ros/eloquent /usr/bin/cmake --build /home/neubility/ROS/ros2_communication_ws/build/ex_msg_srv --target install -- -j16 -l16
[0.815s] Level 1:colcon.colcon_core.environment:create_environment_scripts_only(ex_msg_srv)
[0.817s] Level 1:colcon.colcon_core.environment:checking '/home/neubility/ROS/ros2_communication_ws/install/ex_msg_srv' for CMake module files
[0.818s] DEBUG:colcon.colcon_core.event_handler.log_command:Invoked command in '/home/neubility/ROS/ros2_communication_ws/build/ex_msg_srv' returned '0': CMAKE_PREFIX_PATH=/opt/ros/eloquent /usr/bin/cmake --build /home/neubility/ROS/ros2_communication_ws/build/ex_msg_srv --target install -- -j16 -l16
[0.818s] Level 1:colcon.colcon_core.environment:checking '/home/neubility/ROS/ros2_communication_ws/install/ex_msg_srv' for CMake config files
[0.818s] Level 1:colcon.colcon_core.shell:create_environment_hook('ex_msg_srv', 'cmake_prefix_path')
[0.819s] INFO:colcon.colcon_core.shell:Creating environment hook '/home/neubility/ROS/ros2_communication_ws/install/ex_msg_srv/share/ex_msg_srv/hook/cmake_prefix_path.ps1'
[0.820s] INFO:colcon.colcon_core.shell:Creating environment descriptor '/home/neubility/ROS/ros2_communication_ws/install/ex_msg_srv/share/ex_msg_srv/hook/cmake_prefix_path.dsv'
[0.821s] INFO:colcon.colcon_core.shell:Creating environment hook '/home/neubility/ROS/ros2_communication_ws/install/ex_msg_srv/share/ex_msg_srv/hook/cmake_prefix_path.sh'
[0.822s] Level 1:colcon.colcon_core.environment:checking '/home/neubility/ROS/ros2_communication_ws/install/ex_msg_srv/lib'
[0.822s] Level 1:colcon.colcon_core.shell:create_environment_hook('ex_msg_srv', 'ld_library_path_lib')
[0.822s] INFO:colcon.colcon_core.shell:Creating environment hook '/home/neubility/ROS/ros2_communication_ws/install/ex_msg_srv/share/ex_msg_srv/hook/ld_library_path_lib.ps1'
[0.823s] INFO:colcon.colcon_core.shell:Creating environment descriptor '/home/neubility/ROS/ros2_communication_ws/install/ex_msg_srv/share/ex_msg_srv/hook/ld_library_path_lib.dsv'
[0.824s] INFO:colcon.colcon_core.shell:Creating environment hook '/home/neubility/ROS/ros2_communication_ws/install/ex_msg_srv/share/ex_msg_srv/hook/ld_library_path_lib.sh'
[0.825s] Level 1:colcon.colcon_core.environment:checking '/home/neubility/ROS/ros2_communication_ws/install/ex_msg_srv/bin'
[0.825s] Level 1:colcon.colcon_core.environment:checking '/home/neubility/ROS/ros2_communication_ws/install/ex_msg_srv/lib/pkgconfig/ex_msg_srv.pc'
[0.825s] Level 1:colcon.colcon_core.environment:checking '/home/neubility/ROS/ros2_communication_ws/install/ex_msg_srv/lib/python3.6/site-packages'
[0.825s] Level 1:colcon.colcon_core.shell:create_environment_hook('ex_msg_srv', 'pythonpath')
[0.826s] INFO:colcon.colcon_core.shell:Creating environment hook '/home/neubility/ROS/ros2_communication_ws/install/ex_msg_srv/share/ex_msg_srv/hook/pythonpath.ps1'
[0.826s] INFO:colcon.colcon_core.shell:Creating environment descriptor '/home/neubility/ROS/ros2_communication_ws/install/ex_msg_srv/share/ex_msg_srv/hook/pythonpath.dsv'
[0.827s] INFO:colcon.colcon_core.shell:Creating environment hook '/home/neubility/ROS/ros2_communication_ws/install/ex_msg_srv/share/ex_msg_srv/hook/pythonpath.sh'
[0.828s] INFO:colcon.colcon_core.shell:Creating package script '/home/neubility/ROS/ros2_communication_ws/install/ex_msg_srv/share/ex_msg_srv/package.ps1'
[0.828s] INFO:colcon.colcon_core.shell:Creating package descriptor '/home/neubility/ROS/ros2_communication_ws/install/ex_msg_srv/share/ex_msg_srv/package.dsv'
[0.829s] INFO:colcon.colcon_core.shell:Creating package script '/home/neubility/ROS/ros2_communication_ws/install/ex_msg_srv/share/ex_msg_srv/package.sh'
[0.829s] INFO:colcon.colcon_core.shell:Creating package script '/home/neubility/ROS/ros2_communication_ws/install/ex_msg_srv/share/ex_msg_srv/package.bash'
[0.830s] INFO:colcon.colcon_core.shell:Creating package script '/home/neubility/ROS/ros2_communication_ws/install/ex_msg_srv/share/ex_msg_srv/package.zsh'
[0.831s] Level 1:colcon.colcon_core.environment:create_file_with_runtime_dependencies(/home/neubility/ROS/ros2_communication_ws/install/ex_msg_srv/share/colcon-core/packages/ex_msg_srv)
[0.903s] Level 1:colcon.colcon_core.environment:create_environment_scripts_only(ex_msg_srv)
[0.904s] Level 1:colcon.colcon_core.environment:checking '/home/neubility/ROS/ros2_communication_ws/install/ex_msg_srv' for CMake module files
[0.905s] Level 1:colcon.colcon_core.environment:checking '/home/neubility/ROS/ros2_communication_ws/install/ex_msg_srv' for CMake config files
[0.905s] Level 1:colcon.colcon_core.shell:create_environment_hook('ex_msg_srv', 'cmake_prefix_path')
[0.906s] INFO:colcon.colcon_core.shell:Creating environment hook '/home/neubility/ROS/ros2_communication_ws/install/ex_msg_srv/share/ex_msg_srv/hook/cmake_prefix_path.ps1'
[0.906s] INFO:colcon.colcon_core.shell:Creating environment descriptor '/home/neubility/ROS/ros2_communication_ws/install/ex_msg_srv/share/ex_msg_srv/hook/cmake_prefix_path.dsv'
[0.907s] INFO:colcon.colcon_core.shell:Creating environment hook '/home/neubility/ROS/ros2_communication_ws/install/ex_msg_srv/share/ex_msg_srv/hook/cmake_prefix_path.sh'
[0.908s] Level 1:colcon.colcon_core.environment:checking '/home/neubility/ROS/ros2_communication_ws/install/ex_msg_srv/lib'
[0.908s] Level 1:colcon.colcon_core.shell:create_environment_hook('ex_msg_srv', 'ld_library_path_lib')
[0.909s] INFO:colcon.colcon_core.shell:Creating environment hook '/home/neubility/ROS/ros2_communication_ws/install/ex_msg_srv/share/ex_msg_srv/hook/ld_library_path_lib.ps1'
[0.909s] INFO:colcon.colcon_core.shell:Creating environment descriptor '/home/neubility/ROS/ros2_communication_ws/install/ex_msg_srv/share/ex_msg_srv/hook/ld_library_path_lib.dsv'
[0.910s] INFO:colcon.colcon_core.shell:Creating environment hook '/home/neubility/ROS/ros2_communication_ws/install/ex_msg_srv/share/ex_msg_srv/hook/ld_library_path_lib.sh'
[0.911s] Level 1:colcon.colcon_core.environment:checking '/home/neubility/ROS/ros2_communication_ws/install/ex_msg_srv/bin'
[0.911s] Level 1:colcon.colcon_core.environment:checking '/home/neubility/ROS/ros2_communication_ws/install/ex_msg_srv/lib/pkgconfig/ex_msg_srv.pc'
[0.911s] Level 1:colcon.colcon_core.environment:checking '/home/neubility/ROS/ros2_communication_ws/install/ex_msg_srv/lib/python3.6/site-packages'
[0.911s] Level 1:colcon.colcon_core.shell:create_environment_hook('ex_msg_srv', 'pythonpath')
[0.911s] INFO:colcon.colcon_core.shell:Creating environment hook '/home/neubility/ROS/ros2_communication_ws/install/ex_msg_srv/share/ex_msg_srv/hook/pythonpath.ps1'
[0.912s] INFO:colcon.colcon_core.shell:Creating environment descriptor '/home/neubility/ROS/ros2_communication_ws/install/ex_msg_srv/share/ex_msg_srv/hook/pythonpath.dsv'
[0.913s] INFO:colcon.colcon_core.shell:Creating environment hook '/home/neubility/ROS/ros2_communication_ws/install/ex_msg_srv/share/ex_msg_srv/hook/pythonpath.sh'
[0.914s] INFO:colcon.colcon_core.shell:Creating package script '/home/neubility/ROS/ros2_communication_ws/install/ex_msg_srv/share/ex_msg_srv/package.ps1'
[0.915s] INFO:colcon.colcon_core.shell:Creating package descriptor '/home/neubility/ROS/ros2_communication_ws/install/ex_msg_srv/share/ex_msg_srv/package.dsv'
[0.915s] INFO:colcon.colcon_core.shell:Creating package script '/home/neubility/ROS/ros2_communication_ws/install/ex_msg_srv/share/ex_msg_srv/package.sh'
[0.916s] INFO:colcon.colcon_core.shell:Creating package script '/home/neubility/ROS/ros2_communication_ws/install/ex_msg_srv/share/ex_msg_srv/package.bash'
[0.917s] INFO:colcon.colcon_core.shell:Creating package script '/home/neubility/ROS/ros2_communication_ws/install/ex_msg_srv/share/ex_msg_srv/package.zsh'
[0.917s] Level 1:colcon.colcon_core.environment:create_file_with_runtime_dependencies(/home/neubility/ROS/ros2_communication_ws/install/ex_msg_srv/share/colcon-core/packages/ex_msg_srv)
[0.917s] INFO:colcon.colcon_ros.task.ament_cmake.build:Building ROS package in '/home/neubility/ROS/ros2_communication_ws/src/practice_code_pkg' with build type 'ament_cmake'
[0.918s] INFO:colcon.colcon_cmake.task.cmake.build:Building CMake package in '/home/neubility/ROS/ros2_communication_ws/src/practice_code_pkg'
[0.918s] INFO:colcon.colcon_core.shell:Skip shell extension 'powershell' for command environment: Not usable outside of PowerShell
[0.918s] DEBUG:colcon.colcon_core.shell:Skip shell extension 'dsv' for command environment
[0.920s] DEBUG:colcon.colcon_core.shell:Ignoring prefix path '/opt/ros/eloquent'
[0.922s] INFO:colcon.colcon_ros.task.ament_cmake.build:Building ROS package in '/home/neubility/ROS/ros2_communication_ws/src/pub_ex_pkg' with build type 'ament_cmake'
[0.922s] INFO:colcon.colcon_cmake.task.cmake.build:Building CMake package in '/home/neubility/ROS/ros2_communication_ws/src/pub_ex_pkg'
[0.923s] INFO:colcon.colcon_core.shell:Skip shell extension 'powershell' for command environment: Not usable outside of PowerShell
[0.923s] DEBUG:colcon.colcon_core.shell:Skip shell extension 'dsv' for command environment
[0.925s] DEBUG:colcon.colcon_core.shell:Ignoring prefix path '/opt/ros/eloquent'
[0.927s] INFO:colcon.colcon_ros.task.ament_cmake.build:Building ROS package in '/home/neubility/ROS/ros2_communication_ws/src/srv_server_pkg' with build type 'ament_cmake'
[0.928s] INFO:colcon.colcon_cmake.task.cmake.build:Building CMake package in '/home/neubility/ROS/ros2_communication_ws/src/srv_server_pkg'
[0.929s] INFO:colcon.colcon_core.shell:Skip shell extension 'powershell' for command environment: Not usable outside of PowerShell
[0.929s] DEBUG:colcon.colcon_core.shell:Skip shell extension 'dsv' for command environment
[0.931s] DEBUG:colcon.colcon_core.shell:Ignoring prefix path '/opt/ros/eloquent'
[0.942s] DEBUG:colcon.colcon_core.event_handler.log_command:Invoking command in '/home/neubility/ROS/ros2_communication_ws/build/practice_code_pkg': AMENT_PREFIX_PATH=/home/neubility/ROS/ros2_communication_ws/install/ex_msg_srv:${AMENT_PREFIX_PATH} CMAKE_PREFIX_PATH=/home/neubility/ROS/ros2_communication_ws/install/ex_msg_srv:/opt/ros/eloquent LD_LIBRARY_PATH=/home/neubility/ROS/ros2_communication_ws/install/ex_msg_srv/lib:${LD_LIBRARY_PATH} PYTHONPATH=/home/neubility/ROS/ros2_communication_ws/install/ex_msg_srv/lib/python3.6/site-packages:${PYTHONPATH} /usr/bin/cmake --build /home/neubility/ROS/ros2_communication_ws/build/practice_code_pkg -- -j16 -l16
[0.946s] DEBUG:colcon.colcon_core.event_handler.log_command:Invoking command in '/home/neubility/ROS/ros2_communication_ws/build/pub_ex': AMENT_PREFIX_PATH=/home/neubility/ROS/ros2_communication_ws/install/ex_msg_srv:${AMENT_PREFIX_PATH} CMAKE_PREFIX_PATH=/home/neubility/ROS/ros2_communication_ws/install/ex_msg_srv:/opt/ros/eloquent LD_LIBRARY_PATH=/home/neubility/ROS/ros2_communication_ws/install/ex_msg_srv/lib:${LD_LIBRARY_PATH} PYTHONPATH=/home/neubility/ROS/ros2_communication_ws/install/ex_msg_srv/lib/python3.6/site-packages:${PYTHONPATH} /usr/bin/cmake --build /home/neubility/ROS/ros2_communication_ws/build/pub_ex -- -j16 -l16
[0.953s] DEBUG:colcon.colcon_core.event_handler.log_command:Invoking command in '/home/neubility/ROS/ros2_communication_ws/build/srv_server_pkg': AMENT_PREFIX_PATH=/home/neubility/ROS/ros2_communication_ws/install/ex_msg_srv:${AMENT_PREFIX_PATH} CMAKE_PREFIX_PATH=/home/neubility/ROS/ros2_communication_ws/install/ex_msg_srv:/opt/ros/eloquent LD_LIBRARY_PATH=/home/neubility/ROS/ros2_communication_ws/install/ex_msg_srv/lib:${LD_LIBRARY_PATH} PYTHONPATH=/home/neubility/ROS/ros2_communication_ws/install/ex_msg_srv/lib/python3.6/site-packages:${PYTHONPATH} /usr/bin/cmake --build /home/neubility/ROS/ros2_communication_ws/build/srv_server_pkg -- -j16 -l16
[1.006s] DEBUG:colcon.colcon_core.event_handler.log_command:Invoked command in '/home/neubility/ROS/ros2_communication_ws/build/practice_code_pkg' returned '0': AMENT_PREFIX_PATH=/home/neubility/ROS/ros2_communication_ws/install/ex_msg_srv:${AMENT_PREFIX_PATH} CMAKE_PREFIX_PATH=/home/neubility/ROS/ros2_communication_ws/install/ex_msg_srv:/opt/ros/eloquent LD_LIBRARY_PATH=/home/neubility/ROS/ros2_communication_ws/install/ex_msg_srv/lib:${LD_LIBRARY_PATH} PYTHONPATH=/home/neubility/ROS/ros2_communication_ws/install/ex_msg_srv/lib/python3.6/site-packages:${PYTHONPATH} /usr/bin/cmake --build /home/neubility/ROS/ros2_communication_ws/build/practice_code_pkg -- -j16 -l16
[1.010s] DEBUG:colcon.colcon_core.event_handler.log_command:Invoked command in '/home/neubility/ROS/ros2_communication_ws/build/pub_ex' returned '0': AMENT_PREFIX_PATH=/home/neubility/ROS/ros2_communication_ws/install/ex_msg_srv:${AMENT_PREFIX_PATH} CMAKE_PREFIX_PATH=/home/neubility/ROS/ros2_communication_ws/install/ex_msg_srv:/opt/ros/eloquent LD_LIBRARY_PATH=/home/neubility/ROS/ros2_communication_ws/install/ex_msg_srv/lib:${LD_LIBRARY_PATH} PYTHONPATH=/home/neubility/ROS/ros2_communication_ws/install/ex_msg_srv/lib/python3.6/site-packages:${PYTHONPATH} /usr/bin/cmake --build /home/neubility/ROS/ros2_communication_ws/build/pub_ex -- -j16 -l16
[1.031s] DEBUG:colcon.colcon_core.event_handler.log_command:Invoking command in '/home/neubility/ROS/ros2_communication_ws/build/practice_code_pkg': AMENT_PREFIX_PATH=/home/neubility/ROS/ros2_communication_ws/install/ex_msg_srv:${AMENT_PREFIX_PATH} CMAKE_PREFIX_PATH=/home/neubility/ROS/ros2_communication_ws/install/ex_msg_srv:/opt/ros/eloquent LD_LIBRARY_PATH=/home/neubility/ROS/ros2_communication_ws/install/ex_msg_srv/lib:${LD_LIBRARY_PATH} PYTHONPATH=/home/neubility/ROS/ros2_communication_ws/install/ex_msg_srv/lib/python3.6/site-packages:${PYTHONPATH} /usr/bin/cmake --build /home/neubility/ROS/ros2_communication_ws/build/practice_code_pkg --target install -- -j16 -l16
[1.035s] DEBUG:colcon.colcon_core.event_handler.log_command:Invoking command in '/home/neubility/ROS/ros2_communication_ws/build/pub_ex': AMENT_PREFIX_PATH=/home/neubility/ROS/ros2_communication_ws/install/ex_msg_srv:${AMENT_PREFIX_PATH} CMAKE_PREFIX_PATH=/home/neubility/ROS/ros2_communication_ws/install/ex_msg_srv:/opt/ros/eloquent LD_LIBRARY_PATH=/home/neubility/ROS/ros2_communication_ws/install/ex_msg_srv/lib:${LD_LIBRARY_PATH} PYTHONPATH=/home/neubility/ROS/ros2_communication_ws/install/ex_msg_srv/lib/python3.6/site-packages:${PYTHONPATH} /usr/bin/cmake --build /home/neubility/ROS/ros2_communication_ws/build/pub_ex --target install -- -j16 -l16
[1.117s] Level 1:colcon.colcon_core.environment:create_environment_scripts_only(pub_ex)
[1.118s] Level 1:colcon.colcon_core.environment:checking '/home/neubility/ROS/ros2_communication_ws/install/pub_ex' for CMake module files
[1.119s] Level 1:colcon.colcon_core.environment:checking '/home/neubility/ROS/ros2_communication_ws/install/pub_ex' for CMake config files
[1.120s] Level 1:colcon.colcon_core.shell:create_environment_hook('pub_ex', 'cmake_prefix_path')
[1.120s] INFO:colcon.colcon_core.shell:Creating environment hook '/home/neubility/ROS/ros2_communication_ws/install/pub_ex/share/pub_ex/hook/cmake_prefix_path.ps1'
[1.122s] DEBUG:colcon.colcon_core.event_handler.log_command:Invoked command in '/home/neubility/ROS/ros2_communication_ws/build/pub_ex' returned '0': AMENT_PREFIX_PATH=/home/neubility/ROS/ros2_communication_ws/install/ex_msg_srv:${AMENT_PREFIX_PATH} CMAKE_PREFIX_PATH=/home/neubility/ROS/ros2_communication_ws/install/ex_msg_srv:/opt/ros/eloquent LD_LIBRARY_PATH=/home/neubility/ROS/ros2_communication_ws/install/ex_msg_srv/lib:${LD_LIBRARY_PATH} PYTHONPATH=/home/neubility/ROS/ros2_communication_ws/install/ex_msg_srv/lib/python3.6/site-packages:${PYTHONPATH} /usr/bin/cmake --build /home/neubility/ROS/ros2_communication_ws/build/pub_ex --target install -- -j16 -l16
[1.122s] INFO:colcon.colcon_core.shell:Creating environment descriptor '/home/neubility/ROS/ros2_communication_ws/install/pub_ex/share/pub_ex/hook/cmake_prefix_path.dsv'
[1.122s] INFO:colcon.colcon_core.shell:Creating environment hook '/home/neubility/ROS/ros2_communication_ws/install/pub_ex/share/pub_ex/hook/cmake_prefix_path.sh'
[1.123s] Level 1:colcon.colcon_core.environment:checking '/home/neubility/ROS/ros2_communication_ws/install/pub_ex/lib'
[1.123s] Level 1:colcon.colcon_core.environment:checking '/home/neubility/ROS/ros2_communication_ws/install/pub_ex/bin'
[1.123s] Level 1:colcon.colcon_core.environment:checking '/home/neubility/ROS/ros2_communication_ws/install/pub_ex/lib/pkgconfig/pub_ex.pc'
[1.123s] Level 1:colcon.colcon_core.environment:checking '/home/neubility/ROS/ros2_communication_ws/install/pub_ex/lib/python3.6/site-packages'
[1.124s] INFO:colcon.colcon_core.shell:Creating package script '/home/neubility/ROS/ros2_communication_ws/install/pub_ex/share/pub_ex/package.ps1'
[1.124s] INFO:colcon.colcon_core.shell:Creating package descriptor '/home/neubility/ROS/ros2_communication_ws/install/pub_ex/share/pub_ex/package.dsv'
[1.125s] INFO:colcon.colcon_core.shell:Creating package script '/home/neubility/ROS/ros2_communication_ws/install/pub_ex/share/pub_ex/package.sh'
[1.125s] INFO:colcon.colcon_core.shell:Creating package script '/home/neubility/ROS/ros2_communication_ws/install/pub_ex/share/pub_ex/package.bash'
[1.125s] INFO:colcon.colcon_core.shell:Creating package script '/home/neubility/ROS/ros2_communication_ws/install/pub_ex/share/pub_ex/package.zsh'
[1.125s] Level 1:colcon.colcon_core.environment:create_file_with_runtime_dependencies(/home/neubility/ROS/ros2_communication_ws/install/pub_ex/share/colcon-core/packages/pub_ex)
[1.128s] Level 1:colcon.colcon_core.environment:create_environment_scripts_only(practice_code_pkg)
[1.129s] Level 1:colcon.colcon_core.environment:checking '/home/neubility/ROS/ros2_communication_ws/install/practice_code_pkg' for CMake module files
[1.130s] DEBUG:colcon.colcon_core.event_handler.log_command:Invoked command in '/home/neubility/ROS/ros2_communication_ws/build/practice_code_pkg' returned '0': AMENT_PREFIX_PATH=/home/neubility/ROS/ros2_communication_ws/install/ex_msg_srv:${AMENT_PREFIX_PATH} CMAKE_PREFIX_PATH=/home/neubility/ROS/ros2_communication_ws/install/ex_msg_srv:/opt/ros/eloquent LD_LIBRARY_PATH=/home/neubility/ROS/ros2_communication_ws/install/ex_msg_srv/lib:${LD_LIBRARY_PATH} PYTHONPATH=/home/neubility/ROS/ros2_communication_ws/install/ex_msg_srv/lib/python3.6/site-packages:${PYTHONPATH} /usr/bin/cmake --build /home/neubility/ROS/ros2_communication_ws/build/practice_code_pkg --target install -- -j16 -l16
[1.130s] Level 1:colcon.colcon_core.environment:checking '/home/neubility/ROS/ros2_communication_ws/install/practice_code_pkg' for CMake config files
[1.130s] Level 1:colcon.colcon_core.shell:create_environment_hook('practice_code_pkg', 'cmake_prefix_path')
[1.131s] INFO:colcon.colcon_core.shell:Creating environment hook '/home/neubility/ROS/ros2_communication_ws/install/practice_code_pkg/share/practice_code_pkg/hook/cmake_prefix_path.ps1'
[1.131s] INFO:colcon.colcon_core.shell:Creating environment descriptor '/home/neubility/ROS/ros2_communication_ws/install/practice_code_pkg/share/practice_code_pkg/hook/cmake_prefix_path.dsv'
[1.132s] INFO:colcon.colcon_core.shell:Creating environment hook '/home/neubility/ROS/ros2_communication_ws/install/practice_code_pkg/share/practice_code_pkg/hook/cmake_prefix_path.sh'
[1.133s] Level 1:colcon.colcon_core.environment:checking '/home/neubility/ROS/ros2_communication_ws/install/practice_code_pkg/lib'
[1.133s] Level 1:colcon.colcon_core.environment:checking '/home/neubility/ROS/ros2_communication_ws/install/practice_code_pkg/bin'
[1.133s] Level 1:colcon.colcon_core.environment:checking '/home/neubility/ROS/ros2_communication_ws/install/practice_code_pkg/lib/pkgconfig/practice_code_pkg.pc'
[1.133s] Level 1:colcon.colcon_core.environment:checking '/home/neubility/ROS/ros2_communication_ws/install/practice_code_pkg/lib/python3.6/site-packages'
[1.134s] INFO:colcon.colcon_core.shell:Creating package script '/home/neubility/ROS/ros2_communication_ws/install/practice_code_pkg/share/practice_code_pkg/package.ps1'
[1.134s] INFO:colcon.colcon_core.shell:Creating package descriptor '/home/neubility/ROS/ros2_communication_ws/install/practice_code_pkg/share/practice_code_pkg/package.dsv'
[1.135s] INFO:colcon.colcon_core.shell:Creating package script '/home/neubility/ROS/ros2_communication_ws/install/practice_code_pkg/share/practice_code_pkg/package.sh'
[1.135s] INFO:colcon.colcon_core.shell:Creating package script '/home/neubility/ROS/ros2_communication_ws/install/practice_code_pkg/share/practice_code_pkg/package.bash'
[1.135s] INFO:colcon.colcon_core.shell:Creating package script '/home/neubility/ROS/ros2_communication_ws/install/practice_code_pkg/share/practice_code_pkg/package.zsh'
[1.135s] Level 1:colcon.colcon_core.environment:create_file_with_runtime_dependencies(/home/neubility/ROS/ros2_communication_ws/install/practice_code_pkg/share/colcon-core/packages/practice_code_pkg)
[1.145s] Level 1:colcon.colcon_core.environment:create_environment_scripts_only(pub_ex)
[1.146s] Level 1:colcon.colcon_core.environment:checking '/home/neubility/ROS/ros2_communication_ws/install/pub_ex' for CMake module files
[1.147s] Level 1:colcon.colcon_core.environment:checking '/home/neubility/ROS/ros2_communication_ws/install/pub_ex' for CMake config files
[1.147s] Level 1:colcon.colcon_core.shell:create_environment_hook('pub_ex', 'cmake_prefix_path')
[1.147s] INFO:colcon.colcon_core.shell:Creating environment hook '/home/neubility/ROS/ros2_communication_ws/install/pub_ex/share/pub_ex/hook/cmake_prefix_path.ps1'
[1.148s] INFO:colcon.colcon_core.shell:Creating environment descriptor '/home/neubility/ROS/ros2_communication_ws/install/pub_ex/share/pub_ex/hook/cmake_prefix_path.dsv'
[1.149s] INFO:colcon.colcon_core.shell:Creating environment hook '/home/neubility/ROS/ros2_communication_ws/install/pub_ex/share/pub_ex/hook/cmake_prefix_path.sh'
[1.150s] Level 1:colcon.colcon_core.environment:checking '/home/neubility/ROS/ros2_communication_ws/install/pub_ex/lib'
[1.150s] Level 1:colcon.colcon_core.environment:checking '/home/neubility/ROS/ros2_communication_ws/install/pub_ex/bin'
[1.150s] Level 1:colcon.colcon_core.environment:checking '/home/neubility/ROS/ros2_communication_ws/install/pub_ex/lib/pkgconfig/pub_ex.pc'
[1.150s] Level 1:colcon.colcon_core.environment:checking '/home/neubility/ROS/ros2_communication_ws/install/pub_ex/lib/python3.6/site-packages'
[1.151s] INFO:colcon.colcon_core.shell:Creating package script '/home/neubility/ROS/ros2_communication_ws/install/pub_ex/share/pub_ex/package.ps1'
[1.151s] INFO:colcon.colcon_core.shell:Creating package descriptor '/home/neubility/ROS/ros2_communication_ws/install/pub_ex/share/pub_ex/package.dsv'
[1.152s] INFO:colcon.colcon_core.shell:Creating package script '/home/neubility/ROS/ros2_communication_ws/install/pub_ex/share/pub_ex/package.sh'
[1.152s] INFO:colcon.colcon_core.shell:Creating package script '/home/neubility/ROS/ros2_communication_ws/install/pub_ex/share/pub_ex/package.bash'
[1.153s] INFO:colcon.colcon_core.shell:Creating package script '/home/neubility/ROS/ros2_communication_ws/install/pub_ex/share/pub_ex/package.zsh'
[1.153s] Level 1:colcon.colcon_core.environment:create_file_with_runtime_dependencies(/home/neubility/ROS/ros2_communication_ws/install/pub_ex/share/colcon-core/packages/pub_ex)
[1.157s] Level 1:colcon.colcon_core.environment:create_environment_scripts_only(practice_code_pkg)
[1.158s] Level 1:colcon.colcon_core.environment:checking '/home/neubility/ROS/ros2_communication_ws/install/practice_code_pkg' for CMake module files
[1.159s] Level 1:colcon.colcon_core.environment:checking '/home/neubility/ROS/ros2_communication_ws/install/practice_code_pkg' for CMake config files
[1.159s] Level 1:colcon.colcon_core.shell:create_environment_hook('practice_code_pkg', 'cmake_prefix_path')
[1.159s] INFO:colcon.colcon_core.shell:Creating environment hook '/home/neubility/ROS/ros2_communication_ws/install/practice_code_pkg/share/practice_code_pkg/hook/cmake_prefix_path.ps1'
[1.160s] INFO:colcon.colcon_core.shell:Creating environment descriptor '/home/neubility/ROS/ros2_communication_ws/install/practice_code_pkg/share/practice_code_pkg/hook/cmake_prefix_path.dsv'
[1.160s] INFO:colcon.colcon_core.shell:Creating environment hook '/home/neubility/ROS/ros2_communication_ws/install/practice_code_pkg/share/practice_code_pkg/hook/cmake_prefix_path.sh'
[1.161s] Level 1:colcon.colcon_core.environment:checking '/home/neubility/ROS/ros2_communication_ws/install/practice_code_pkg/lib'
[1.161s] Level 1:colcon.colcon_core.environment:checking '/home/neubility/ROS/ros2_communication_ws/install/practice_code_pkg/bin'
[1.161s] Level 1:colcon.colcon_core.environment:checking '/home/neubility/ROS/ros2_communication_ws/install/practice_code_pkg/lib/pkgconfig/practice_code_pkg.pc'
[1.161s] Level 1:colcon.colcon_core.environment:checking '/home/neubility/ROS/ros2_communication_ws/install/practice_code_pkg/lib/python3.6/site-packages'
[1.162s] INFO:colcon.colcon_core.shell:Creating package script '/home/neubility/ROS/ros2_communication_ws/install/practice_code_pkg/share/practice_code_pkg/package.ps1'
[1.162s] INFO:colcon.colcon_core.shell:Creating package descriptor '/home/neubility/ROS/ros2_communication_ws/install/practice_code_pkg/share/practice_code_pkg/package.dsv'
[1.162s] INFO:colcon.colcon_core.shell:Creating package script '/home/neubility/ROS/ros2_communication_ws/install/practice_code_pkg/share/practice_code_pkg/package.sh'
[1.163s] INFO:colcon.colcon_core.shell:Creating package script '/home/neubility/ROS/ros2_communication_ws/install/practice_code_pkg/share/practice_code_pkg/package.bash'
[1.163s] INFO:colcon.colcon_core.shell:Creating package script '/home/neubility/ROS/ros2_communication_ws/install/practice_code_pkg/share/practice_code_pkg/package.zsh'
[1.163s] Level 1:colcon.colcon_core.environment:create_file_with_runtime_dependencies(/home/neubility/ROS/ros2_communication_ws/install/practice_code_pkg/share/colcon-core/packages/practice_code_pkg)
[3.349s] DEBUG:colcon.colcon_core.event_handler.log_command:Invoked command in '/home/neubility/ROS/ros2_communication_ws/build/srv_server_pkg' returned '0': AMENT_PREFIX_PATH=/home/neubility/ROS/ros2_communication_ws/install/ex_msg_srv:${AMENT_PREFIX_PATH} CMAKE_PREFIX_PATH=/home/neubility/ROS/ros2_communication_ws/install/ex_msg_srv:/opt/ros/eloquent LD_LIBRARY_PATH=/home/neubility/ROS/ros2_communication_ws/install/ex_msg_srv/lib:${LD_LIBRARY_PATH} PYTHONPATH=/home/neubility/ROS/ros2_communication_ws/install/ex_msg_srv/lib/python3.6/site-packages:${PYTHONPATH} /usr/bin/cmake --build /home/neubility/ROS/ros2_communication_ws/build/srv_server_pkg -- -j16 -l16
[3.389s] DEBUG:colcon.colcon_core.event_handler.log_command:Invoking command in '/home/neubility/ROS/ros2_communication_ws/build/srv_server_pkg': AMENT_PREFIX_PATH=/home/neubility/ROS/ros2_communication_ws/install/ex_msg_srv:${AMENT_PREFIX_PATH} CMAKE_PREFIX_PATH=/home/neubility/ROS/ros2_communication_ws/install/ex_msg_srv:/opt/ros/eloquent LD_LIBRARY_PATH=/home/neubility/ROS/ros2_communication_ws/install/ex_msg_srv/lib:${LD_LIBRARY_PATH} PYTHONPATH=/home/neubility/ROS/ros2_communication_ws/install/ex_msg_srv/lib/python3.6/site-packages:${PYTHONPATH} /usr/bin/cmake --build /home/neubility/ROS/ros2_communication_ws/build/srv_server_pkg --target install -- -j16 -l16
[3.500s] Level 1:colcon.colcon_core.environment:create_environment_scripts_only(srv_server_pkg)
[3.501s] Level 1:colcon.colcon_core.environment:checking '/home/neubility/ROS/ros2_communication_ws/install/srv_server_pkg' for CMake module files
[3.502s] DEBUG:colcon.colcon_core.event_handler.log_command:Invoked command in '/home/neubility/ROS/ros2_communication_ws/build/srv_server_pkg' returned '0': AMENT_PREFIX_PATH=/home/neubility/ROS/ros2_communication_ws/install/ex_msg_srv:${AMENT_PREFIX_PATH} CMAKE_PREFIX_PATH=/home/neubility/ROS/ros2_communication_ws/install/ex_msg_srv:/opt/ros/eloquent LD_LIBRARY_PATH=/home/neubility/ROS/ros2_communication_ws/install/ex_msg_srv/lib:${LD_LIBRARY_PATH} PYTHONPATH=/home/neubility/ROS/ros2_communication_ws/install/ex_msg_srv/lib/python3.6/site-packages:${PYTHONPATH} /usr/bin/cmake --build /home/neubility/ROS/ros2_communication_ws/build/srv_server_pkg --target install -- -j16 -l16
[3.502s] Level 1:colcon.colcon_core.environment:checking '/home/neubility/ROS/ros2_communication_ws/install/srv_server_pkg' for CMake config files
[3.502s] Level 1:colcon.colcon_core.shell:create_environment_hook('srv_server_pkg', 'cmake_prefix_path')
[3.503s] INFO:colcon.colcon_core.shell:Creating environment hook '/home/neubility/ROS/ros2_communication_ws/install/srv_server_pkg/share/srv_server_pkg/hook/cmake_prefix_path.ps1'
[3.505s] INFO:colcon.colcon_core.shell:Creating environment descriptor '/home/neubility/ROS/ros2_communication_ws/install/srv_server_pkg/share/srv_server_pkg/hook/cmake_prefix_path.dsv'
[3.505s] INFO:colcon.colcon_core.shell:Creating environment hook '/home/neubility/ROS/ros2_communication_ws/install/srv_server_pkg/share/srv_server_pkg/hook/cmake_prefix_path.sh'
[3.507s] Level 1:colcon.colcon_core.environment:checking '/home/neubility/ROS/ros2_communication_ws/install/srv_server_pkg/lib'
[3.508s] Level 1:colcon.colcon_core.environment:checking '/home/neubility/ROS/ros2_communication_ws/install/srv_server_pkg/bin'
[3.508s] Level 1:colcon.colcon_core.environment:checking '/home/neubility/ROS/ros2_communication_ws/install/srv_server_pkg/lib/pkgconfig/srv_server_pkg.pc'
[3.508s] Level 1:colcon.colcon_core.environment:checking '/home/neubility/ROS/ros2_communication_ws/install/srv_server_pkg/lib/python3.6/site-packages'
[3.510s] INFO:colcon.colcon_core.shell:Creating package script '/home/neubility/ROS/ros2_communication_ws/install/srv_server_pkg/share/srv_server_pkg/package.ps1'
[3.511s] INFO:colcon.colcon_core.shell:Creating package descriptor '/home/neubility/ROS/ros2_communication_ws/install/srv_server_pkg/share/srv_server_pkg/package.dsv'
[3.512s] INFO:colcon.colcon_core.shell:Creating package script '/home/neubility/ROS/ros2_communication_ws/install/srv_server_pkg/share/srv_server_pkg/package.sh'
[3.513s] INFO:colcon.colcon_core.shell:Creating package script '/home/neubility/ROS/ros2_communication_ws/install/srv_server_pkg/share/srv_server_pkg/package.bash'
[3.513s] INFO:colcon.colcon_core.shell:Creating package script '/home/neubility/ROS/ros2_communication_ws/install/srv_server_pkg/share/srv_server_pkg/package.zsh'
[3.514s] Level 1:colcon.colcon_core.environment:create_file_with_runtime_dependencies(/home/neubility/ROS/ros2_communication_ws/install/srv_server_pkg/share/colcon-core/packages/srv_server_pkg)
[3.547s] Level 1:colcon.colcon_core.environment:create_environment_scripts_only(srv_server_pkg)
[3.549s] Level 1:colcon.colcon_core.environment:checking '/home/neubility/ROS/ros2_communication_ws/install/srv_server_pkg' for CMake module files
[3.549s] Level 1:colcon.colcon_core.environment:checking '/home/neubility/ROS/ros2_communication_ws/install/srv_server_pkg' for CMake config files
[3.549s] Level 1:colcon.colcon_core.shell:create_environment_hook('srv_server_pkg', 'cmake_prefix_path')
[3.550s] INFO:colcon.colcon_core.shell:Creating environment hook '/home/neubility/ROS/ros2_communication_ws/install/srv_server_pkg/share/srv_server_pkg/hook/cmake_prefix_path.ps1'
[3.551s] INFO:colcon.colcon_core.shell:Creating environment descriptor '/home/neubility/ROS/ros2_communication_ws/install/srv_server_pkg/share/srv_server_pkg/hook/cmake_prefix_path.dsv'
[3.552s] INFO:colcon.colcon_core.shell:Creating environment hook '/home/neubility/ROS/ros2_communication_ws/install/srv_server_pkg/share/srv_server_pkg/hook/cmake_prefix_path.sh'
[3.554s] Level 1:colcon.colcon_core.environment:checking '/home/neubility/ROS/ros2_communication_ws/install/srv_server_pkg/lib'
[3.554s] Level 1:colcon.colcon_core.environment:checking '/home/neubility/ROS/ros2_communication_ws/install/srv_server_pkg/bin'
[3.554s] Level 1:colcon.colcon_core.environment:checking '/home/neubility/ROS/ros2_communication_ws/install/srv_server_pkg/lib/pkgconfig/srv_server_pkg.pc'
[3.555s] Level 1:colcon.colcon_core.environment:checking '/home/neubility/ROS/ros2_communication_ws/install/srv_server_pkg/lib/python3.6/site-packages'
[3.556s] INFO:colcon.colcon_core.shell:Creating package script '/home/neubility/ROS/ros2_communication_ws/install/srv_server_pkg/share/srv_server_pkg/package.ps1'
[3.557s] INFO:colcon.colcon_core.shell:Creating package descriptor '/home/neubility/ROS/ros2_communication_ws/install/srv_server_pkg/share/srv_server_pkg/package.dsv'
[3.557s] INFO:colcon.colcon_core.shell:Creating package script '/home/neubility/ROS/ros2_communication_ws/install/srv_server_pkg/share/srv_server_pkg/package.sh'
[3.558s] INFO:colcon.colcon_core.shell:Creating package script '/home/neubility/ROS/ros2_communication_ws/install/srv_server_pkg/share/srv_server_pkg/package.bash'
[3.558s] INFO:colcon.colcon_core.shell:Creating package script '/home/neubility/ROS/ros2_communication_ws/install/srv_server_pkg/share/srv_server_pkg/package.zsh'
[3.558s] Level 1:colcon.colcon_core.environment:create_file_with_runtime_dependencies(/home/neubility/ROS/ros2_communication_ws/install/srv_server_pkg/share/colcon-core/packages/srv_server_pkg)
[3.559s] DEBUG:colcon.colcon_parallel_executor.executor.parallel:closing loop
[3.559s] DEBUG:colcon.colcon_parallel_executor.executor.parallel:loop closed
[3.561s] DEBUG:colcon.colcon_parallel_executor.executor.parallel:run_until_complete finished with '0'
[3.561s] DEBUG:colcon.colcon_core.event_reactor:joining thread
[3.570s] INFO:colcon.colcon_core.plugin_system:Skipping extension 'colcon_notification.desktop_notification.terminal_notifier': Not used on non-Darwin systems
[3.570s] INFO:colcon.colcon_core.plugin_system:Skipping extension 'colcon_notification.desktop_notification.win32': Not used on non-Windows systems
[3.570s] INFO:colcon.colcon_notification.desktop_notification:Sending desktop notification using 'notify2'
[3.572s] DEBUG:colcon.colcon_core.event_reactor:joined thread
[3.573s] INFO:colcon.colcon_core.shell:Creating prefix script '/home/neubility/ROS/ros2_communication_ws/install/local_setup.ps1'
[3.574s] INFO:colcon.colcon_core.shell:Creating prefix util module '/home/neubility/ROS/ros2_communication_ws/install/_local_setup_util_ps1.py'
[3.576s] INFO:colcon.colcon_core.shell:Creating prefix chain script '/home/neubility/ROS/ros2_communication_ws/install/setup.ps1'
[3.579s] INFO:colcon.colcon_core.shell:Creating prefix script '/home/neubility/ROS/ros2_communication_ws/install/local_setup.sh'
[3.581s] INFO:colcon.colcon_core.shell:Creating prefix util module '/home/neubility/ROS/ros2_communication_ws/install/_local_setup_util_sh.py'
[3.581s] INFO:colcon.colcon_core.shell:Creating prefix chain script '/home/neubility/ROS/ros2_communication_ws/install/setup.sh'
[3.583s] INFO:colcon.colcon_core.shell:Creating prefix script '/home/neubility/ROS/ros2_communication_ws/install/local_setup.bash'
[3.583s] INFO:colcon.colcon_core.shell:Creating prefix chain script '/home/neubility/ROS/ros2_communication_ws/install/setup.bash'
[3.584s] INFO:colcon.colcon_core.shell:Creating prefix script '/home/neubility/ROS/ros2_communication_ws/install/local_setup.zsh'
[3.585s] INFO:colcon.colcon_core.shell:Creating prefix chain script '/home/neubility/ROS/ros2_communication_ws/install/setup.zsh'
