[0.021s] Invoking command in '/home/neubility/ROS/ros2_communication_ws/build/srv_client_pkg': CMAKE_PREFIX_PATH=/home/neubility/ROS/ros2_communication_ws/install/ex_msg_srv:/home/neubility/ROS/ros2_communication_ws/install/srv_client_pkg:/home/neubility/ROS/ros2_communication_ws/install/sub_ex:/home/neubility/ROS/ros2_communication_ws/install/srv_server_pkg:/home/neubility/ROS/ros2_communication_ws/install/pub_ex:/home/neubility/ROS/ros2_communication_ws/install/practice_code_pkg:/opt/ros/eloquent /usr/bin/cmake --build /home/neubility/ROS/ros2_communication_ws/build/srv_client_pkg -- -j16 -l16
[0.060s] [35m[1mScanning dependencies of target srv_client_pkg[0m
[0.082s] [ 50%] [32mBuilding CXX object CMakeFiles/srv_client_pkg.dir/src/main.cpp.o[0m
[1.553s] [100%] [32m[1mLinking CXX executable srv_client_pkg[0m
[1.675s] [100%] Built target srv_client_pkg
[1.684s] Invoked command in '/home/neubility/ROS/ros2_communication_ws/build/srv_client_pkg' returned '0': CMAKE_PREFIX_PATH=/home/neubility/ROS/ros2_communication_ws/install/ex_msg_srv:/home/neubility/ROS/ros2_communication_ws/install/srv_client_pkg:/home/neubility/ROS/ros2_communication_ws/install/sub_ex:/home/neubility/ROS/ros2_communication_ws/install/srv_server_pkg:/home/neubility/ROS/ros2_communication_ws/install/pub_ex:/home/neubility/ROS/ros2_communication_ws/install/practice_code_pkg:/opt/ros/eloquent /usr/bin/cmake --build /home/neubility/ROS/ros2_communication_ws/build/srv_client_pkg -- -j16 -l16
[1.733s] Invoking command in '/home/neubility/ROS/ros2_communication_ws/build/srv_client_pkg': CMAKE_PREFIX_PATH=/home/neubility/ROS/ros2_communication_ws/install/ex_msg_srv:/home/neubility/ROS/ros2_communication_ws/install/srv_client_pkg:/home/neubility/ROS/ros2_communication_ws/install/sub_ex:/home/neubility/ROS/ros2_communication_ws/install/srv_server_pkg:/home/neubility/ROS/ros2_communication_ws/install/pub_ex:/home/neubility/ROS/ros2_communication_ws/install/practice_code_pkg:/opt/ros/eloquent /usr/bin/cmake --build /home/neubility/ROS/ros2_communication_ws/build/srv_client_pkg --target install -- -j16 -l16
[1.805s] [100%] Built target srv_client_pkg
[1.830s] [36mInstall the project...[0m
[1.841s] -- Install configuration: ""
[1.842s] -- Installing: /home/neubility/ROS/ros2_communication_ws/install/srv_client_pkg/lib/srv_client_pkg/srv_client_pkg
[1.842s] -- Set runtime path of "/home/neubility/ROS/ros2_communication_ws/install/srv_client_pkg/lib/srv_client_pkg/srv_client_pkg" to ""
[1.842s] -- Up-to-date: /home/neubility/ROS/ros2_communication_ws/install/srv_client_pkg/share/srv_client_pkg/launch
[1.843s] -- Up-to-date: /home/neubility/ROS/ros2_communication_ws/install/srv_client_pkg/share/srv_client_pkg/launch/launch_executeprocess_ex.launch.py
[1.843s] -- Up-to-date: /home/neubility/ROS/ros2_communication_ws/install/srv_client_pkg/share/srv_client_pkg/launch/launch_node_ex_method_2.launch.py
[1.843s] -- Up-to-date: /home/neubility/ROS/ros2_communication_ws/install/srv_client_pkg/share/srv_client_pkg/launch/launch_node_ex_method_1.launch.py
[1.843s] -- Up-to-date: /home/neubility/ROS/ros2_communication_ws/install/srv_client_pkg/share/ament_index/resource_index/package_run_dependencies/srv_client_pkg
[1.843s] -- Up-to-date: /home/neubility/ROS/ros2_communication_ws/install/srv_client_pkg/share/ament_index/resource_index/parent_prefix_path/srv_client_pkg
[1.843s] -- Up-to-date: /home/neubility/ROS/ros2_communication_ws/install/srv_client_pkg/share/srv_client_pkg/environment/ament_prefix_path.sh
[1.843s] -- Up-to-date: /home/neubility/ROS/ros2_communication_ws/install/srv_client_pkg/share/srv_client_pkg/environment/ament_prefix_path.dsv
[1.843s] -- Up-to-date: /home/neubility/ROS/ros2_communication_ws/install/srv_client_pkg/share/srv_client_pkg/environment/path.sh
[1.843s] -- Up-to-date: /home/neubility/ROS/ros2_communication_ws/install/srv_client_pkg/share/srv_client_pkg/environment/path.dsv
[1.843s] -- Up-to-date: /home/neubility/ROS/ros2_communication_ws/install/srv_client_pkg/share/srv_client_pkg/local_setup.bash
[1.843s] -- Up-to-date: /home/neubility/ROS/ros2_communication_ws/install/srv_client_pkg/share/srv_client_pkg/local_setup.sh
[1.843s] -- Up-to-date: /home/neubility/ROS/ros2_communication_ws/install/srv_client_pkg/share/srv_client_pkg/local_setup.zsh
[1.844s] -- Up-to-date: /home/neubility/ROS/ros2_communication_ws/install/srv_client_pkg/share/srv_client_pkg/local_setup.dsv
[1.844s] -- Installing: /home/neubility/ROS/ros2_communication_ws/install/srv_client_pkg/share/srv_client_pkg/package.dsv
[1.844s] -- Up-to-date: /home/neubility/ROS/ros2_communication_ws/install/srv_client_pkg/share/ament_index/resource_index/packages/srv_client_pkg
[1.844s] -- Up-to-date: /home/neubility/ROS/ros2_communication_ws/install/srv_client_pkg/share/srv_client_pkg/cmake/srv_client_pkgConfig.cmake
[1.844s] -- Up-to-date: /home/neubility/ROS/ros2_communication_ws/install/srv_client_pkg/share/srv_client_pkg/cmake/srv_client_pkgConfig-version.cmake
[1.844s] -- Up-to-date: /home/neubility/ROS/ros2_communication_ws/install/srv_client_pkg/share/srv_client_pkg/package.xml
[1.846s] Invoked command in '/home/neubility/ROS/ros2_communication_ws/build/srv_client_pkg' returned '0': CMAKE_PREFIX_PATH=/home/neubility/ROS/ros2_communication_ws/install/ex_msg_srv:/home/neubility/ROS/ros2_communication_ws/install/srv_client_pkg:/home/neubility/ROS/ros2_communication_ws/install/sub_ex:/home/neubility/ROS/ros2_communication_ws/install/srv_server_pkg:/home/neubility/ROS/ros2_communication_ws/install/pub_ex:/home/neubility/ROS/ros2_communication_ws/install/practice_code_pkg:/opt/ros/eloquent /usr/bin/cmake --build /home/neubility/ROS/ros2_communication_ws/build/srv_client_pkg --target install -- -j16 -l16
