-- Found ament_cmake: 0.8.3 (/opt/ros/eloquent/share/ament_cmake/cmake)
-- Using PYTHON_EXECUTABLE: /usr/bin/python3
-- Found rclcpp: 0.8.5 (/opt/ros/eloquent/share/rclcpp/cmake)
-- Found rosidl_adapter: 0.8.3 (/opt/ros/eloquent/share/rosidl_adapter/cmake)
-- Found rmw_implementation_cmake: 0.8.1 (/opt/ros/eloquent/share/rmw_implementation_cmake/cmake)
-- Using RMW implementation 'rmw_cyclonedds_cpp' as default
-- Found std_msgs: 0.8.1 (/opt/ros/eloquent/share/std_msgs/cmake)
-- Found ex_msg_srv: 0.0.0 (/home/neubility/ROS/ros2_communication_ws/install/ex_msg_srv/share/ex_msg_srv/cmake)
-- Configuring done
-- Generating done
-- Build files have been written to: /home/neubility/ROS/ros2_communication_ws/build/srv_server_pkg
[100%] Built target srv_server_pkg
[100%] Built target srv_server_pkg
[36mInstall the project...[0m
-- Install configuration: ""
-- Up-to-date: /home/neubility/ROS/ros2_communication_ws/install/srv_server_pkg/lib/srv_server_pkg/srv_server_pkg
-- Up-to-date: /home/neubility/ROS/ros2_communication_ws/install/srv_server_pkg/share/srv_server_pkg/launch
-- Up-to-date: /home/neubility/ROS/ros2_communication_ws/install/srv_server_pkg/share/ament_index/resource_index/package_run_dependencies/srv_server_pkg
-- Installing: /home/neubility/ROS/ros2_communication_ws/install/srv_server_pkg/share/ament_index/resource_index/parent_prefix_path/srv_server_pkg
-- Up-to-date: /home/neubility/ROS/ros2_communication_ws/install/srv_server_pkg/share/srv_server_pkg/environment/ament_prefix_path.sh
-- Installing: /home/neubility/ROS/ros2_communication_ws/install/srv_server_pkg/share/srv_server_pkg/environment/ament_prefix_path.dsv
-- Up-to-date: /home/neubility/ROS/ros2_communication_ws/install/srv_server_pkg/share/srv_server_pkg/environment/path.sh
-- Installing: /home/neubility/ROS/ros2_communication_ws/install/srv_server_pkg/share/srv_server_pkg/environment/path.dsv
-- Up-to-date: /home/neubility/ROS/ros2_communication_ws/install/srv_server_pkg/share/srv_server_pkg/local_setup.bash
-- Up-to-date: /home/neubility/ROS/ros2_communication_ws/install/srv_server_pkg/share/srv_server_pkg/local_setup.sh
-- Up-to-date: /home/neubility/ROS/ros2_communication_ws/install/srv_server_pkg/share/srv_server_pkg/local_setup.zsh
-- Installing: /home/neubility/ROS/ros2_communication_ws/install/srv_server_pkg/share/srv_server_pkg/local_setup.dsv
-- Installing: /home/neubility/ROS/ros2_communication_ws/install/srv_server_pkg/share/srv_server_pkg/package.dsv
-- Up-to-date: /home/neubility/ROS/ros2_communication_ws/install/srv_server_pkg/share/ament_index/resource_index/packages/srv_server_pkg
-- Up-to-date: /home/neubility/ROS/ros2_communication_ws/install/srv_server_pkg/share/srv_server_pkg/cmake/srv_server_pkgConfig.cmake
-- Up-to-date: /home/neubility/ROS/ros2_communication_ws/install/srv_server_pkg/share/srv_server_pkg/cmake/srv_server_pkgConfig-version.cmake
-- Up-to-date: /home/neubility/ROS/ros2_communication_ws/install/srv_server_pkg/share/srv_server_pkg/package.xml
