[0.026s] Invoking command in '/home/neubility/ROS/ros2_communication_ws/build/srv_server_pkg': CMAKE_PREFIX_PATH=/home/neubility/ROS/ros2_communication_ws/install/ex_msg_srv:/home/neubility/ROS/ros2_communication_ws/install/srv_client_pkg:/home/neubility/ROS/ros2_communication_ws/install/sub_ex:/home/neubility/ROS/ros2_communication_ws/install/srv_server_pkg:/home/neubility/ROS/ros2_communication_ws/install/pub_ex:/home/neubility/ROS/ros2_communication_ws/install/practice_code_pkg:/opt/ros/eloquent /usr/bin/cmake --build /home/neubility/ROS/ros2_communication_ws/build/srv_server_pkg -- -j16 -l16
[0.050s] -- Found ament_cmake: 0.8.3 (/opt/ros/eloquent/share/ament_cmake/cmake)
[0.077s] -- Using PYTHON_EXECUTABLE: /usr/bin/python3
[0.233s] -- Found rclcpp: 0.8.5 (/opt/ros/eloquent/share/rclcpp/cmake)
[0.239s] -- Found rosidl_adapter: 0.8.3 (/opt/ros/eloquent/share/rosidl_adapter/cmake)
[0.260s] -- Found rmw_implementation_cmake: 0.8.1 (/opt/ros/eloquent/share/rmw_implementation_cmake/cmake)
[0.262s] -- Using RMW implementation 'rmw_cyclonedds_cpp' as default
[0.282s] -- Found std_msgs: 0.8.1 (/opt/ros/eloquent/share/std_msgs/cmake)
[0.286s] -- Found ex_msg_srv: 0.0.0 (/home/neubility/ROS/ros2_communication_ws/install/ex_msg_srv/share/ex_msg_srv/cmake)
[0.350s] -- Configuring done
[0.365s] -- Generating done
[0.367s] -- Build files have been written to: /home/neubility/ROS/ros2_communication_ws/build/srv_server_pkg
[0.404s] [100%] Built target srv_server_pkg
[0.414s] Invoked command in '/home/neubility/ROS/ros2_communication_ws/build/srv_server_pkg' returned '0': CMAKE_PREFIX_PATH=/home/neubility/ROS/ros2_communication_ws/install/ex_msg_srv:/home/neubility/ROS/ros2_communication_ws/install/srv_client_pkg:/home/neubility/ROS/ros2_communication_ws/install/sub_ex:/home/neubility/ROS/ros2_communication_ws/install/srv_server_pkg:/home/neubility/ROS/ros2_communication_ws/install/pub_ex:/home/neubility/ROS/ros2_communication_ws/install/practice_code_pkg:/opt/ros/eloquent /usr/bin/cmake --build /home/neubility/ROS/ros2_communication_ws/build/srv_server_pkg -- -j16 -l16
[0.445s] Invoking command in '/home/neubility/ROS/ros2_communication_ws/build/srv_server_pkg': CMAKE_PREFIX_PATH=/home/neubility/ROS/ros2_communication_ws/install/ex_msg_srv:/home/neubility/ROS/ros2_communication_ws/install/srv_client_pkg:/home/neubility/ROS/ros2_communication_ws/install/sub_ex:/home/neubility/ROS/ros2_communication_ws/install/srv_server_pkg:/home/neubility/ROS/ros2_communication_ws/install/pub_ex:/home/neubility/ROS/ros2_communication_ws/install/practice_code_pkg:/opt/ros/eloquent /usr/bin/cmake --build /home/neubility/ROS/ros2_communication_ws/build/srv_server_pkg --target install -- -j16 -l16
[0.514s] [100%] Built target srv_server_pkg
[0.534s] [36mInstall the project...[0m
[0.548s] -- Install configuration: ""
[0.548s] -- Up-to-date: /home/neubility/ROS/ros2_communication_ws/install/srv_server_pkg/lib/srv_server_pkg/srv_server_pkg
[0.549s] -- Up-to-date: /home/neubility/ROS/ros2_communication_ws/install/srv_server_pkg/share/srv_server_pkg/launch
[0.549s] -- Up-to-date: /home/neubility/ROS/ros2_communication_ws/install/srv_server_pkg/share/ament_index/resource_index/package_run_dependencies/srv_server_pkg
[0.549s] -- Installing: /home/neubility/ROS/ros2_communication_ws/install/srv_server_pkg/share/ament_index/resource_index/parent_prefix_path/srv_server_pkg
[0.550s] -- Up-to-date: /home/neubility/ROS/ros2_communication_ws/install/srv_server_pkg/share/srv_server_pkg/environment/ament_prefix_path.sh
[0.550s] -- Installing: /home/neubility/ROS/ros2_communication_ws/install/srv_server_pkg/share/srv_server_pkg/environment/ament_prefix_path.dsv
[0.550s] -- Up-to-date: /home/neubility/ROS/ros2_communication_ws/install/srv_server_pkg/share/srv_server_pkg/environment/path.sh
[0.550s] -- Installing: /home/neubility/ROS/ros2_communication_ws/install/srv_server_pkg/share/srv_server_pkg/environment/path.dsv
[0.550s] -- Up-to-date: /home/neubility/ROS/ros2_communication_ws/install/srv_server_pkg/share/srv_server_pkg/local_setup.bash
[0.550s] -- Up-to-date: /home/neubility/ROS/ros2_communication_ws/install/srv_server_pkg/share/srv_server_pkg/local_setup.sh
[0.550s] -- Up-to-date: /home/neubility/ROS/ros2_communication_ws/install/srv_server_pkg/share/srv_server_pkg/local_setup.zsh
[0.550s] -- Installing: /home/neubility/ROS/ros2_communication_ws/install/srv_server_pkg/share/srv_server_pkg/local_setup.dsv
[0.550s] -- Installing: /home/neubility/ROS/ros2_communication_ws/install/srv_server_pkg/share/srv_server_pkg/package.dsv
[0.550s] -- Up-to-date: /home/neubility/ROS/ros2_communication_ws/install/srv_server_pkg/share/ament_index/resource_index/packages/srv_server_pkg
[0.550s] -- Up-to-date: /home/neubility/ROS/ros2_communication_ws/install/srv_server_pkg/share/srv_server_pkg/cmake/srv_server_pkgConfig.cmake
[0.550s] -- Up-to-date: /home/neubility/ROS/ros2_communication_ws/install/srv_server_pkg/share/srv_server_pkg/cmake/srv_server_pkgConfig-version.cmake
[0.550s] -- Up-to-date: /home/neubility/ROS/ros2_communication_ws/install/srv_server_pkg/share/srv_server_pkg/package.xml
[0.555s] Invoked command in '/home/neubility/ROS/ros2_communication_ws/build/srv_server_pkg' returned '0': CMAKE_PREFIX_PATH=/home/neubility/ROS/ros2_communication_ws/install/ex_msg_srv:/home/neubility/ROS/ros2_communication_ws/install/srv_client_pkg:/home/neubility/ROS/ros2_communication_ws/install/sub_ex:/home/neubility/ROS/ros2_communication_ws/install/srv_server_pkg:/home/neubility/ROS/ros2_communication_ws/install/pub_ex:/home/neubility/ROS/ros2_communication_ws/install/practice_code_pkg:/opt/ros/eloquent /usr/bin/cmake --build /home/neubility/ROS/ros2_communication_ws/build/srv_server_pkg --target install -- -j16 -l16
