[0.021s] Invoking command in '/home/neubility/ROS/ros2_communication_ws/build/practice_code_pkg': AMENT_PREFIX_PATH=/home/neubility/ROS/ros2_communication_ws/install/ex_msg_srv:${AMENT_PREFIX_PATH} CMAKE_PREFIX_PATH=/home/neubility/ROS/ros2_communication_ws/install/ex_msg_srv:/opt/ros/eloquent LD_LIBRARY_PATH=/home/neubility/ROS/ros2_communication_ws/install/ex_msg_srv/lib:${LD_LIBRARY_PATH} PYTHONPATH=/home/neubility/ROS/ros2_communication_ws/install/ex_msg_srv/lib/python3.6/site-packages:${PYTHONPATH} /usr/bin/cmake --build /home/neubility/ROS/ros2_communication_ws/build/practice_code_pkg -- -j16 -l16
[0.074s] [100%] Built target practice_code_pkg
[0.086s] Invoked command in '/home/neubility/ROS/ros2_communication_ws/build/practice_code_pkg' returned '0': AMENT_PREFIX_PATH=/home/neubility/ROS/ros2_communication_ws/install/ex_msg_srv:${AMENT_PREFIX_PATH} CMAKE_PREFIX_PATH=/home/neubility/ROS/ros2_communication_ws/install/ex_msg_srv:/opt/ros/eloquent LD_LIBRARY_PATH=/home/neubility/ROS/ros2_communication_ws/install/ex_msg_srv/lib:${LD_LIBRARY_PATH} PYTHONPATH=/home/neubility/ROS/ros2_communication_ws/install/ex_msg_srv/lib/python3.6/site-packages:${PYTHONPATH} /usr/bin/cmake --build /home/neubility/ROS/ros2_communication_ws/build/practice_code_pkg -- -j16 -l16
[0.110s] Invoking command in '/home/neubility/ROS/ros2_communication_ws/build/practice_code_pkg': AMENT_PREFIX_PATH=/home/neubility/ROS/ros2_communication_ws/install/ex_msg_srv:${AMENT_PREFIX_PATH} CMAKE_PREFIX_PATH=/home/neubility/ROS/ros2_communication_ws/install/ex_msg_srv:/opt/ros/eloquent LD_LIBRARY_PATH=/home/neubility/ROS/ros2_communication_ws/install/ex_msg_srv/lib:${LD_LIBRARY_PATH} PYTHONPATH=/home/neubility/ROS/ros2_communication_ws/install/ex_msg_srv/lib/python3.6/site-packages:${PYTHONPATH} /usr/bin/cmake --build /home/neubility/ROS/ros2_communication_ws/build/practice_code_pkg --target install -- -j16 -l16
[0.169s] [100%] Built target practice_code_pkg
[0.187s] [36mInstall the project...[0m
[0.195s] -- Install configuration: "Debug"
[0.196s] -- Up-to-date: /home/neubility/ROS/ros2_communication_ws/install/practice_code_pkg/lib/practice_code_pkg/practice_code_pkg
[0.196s] -- Up-to-date: /home/neubility/ROS/ros2_communication_ws/install/practice_code_pkg/share/practice_code_pkg/launch
[0.196s] -- Up-to-date: /home/neubility/ROS/ros2_communication_ws/install/practice_code_pkg/share/practice_code_pkg/launch/launch_executeprocess_ex.launch.py
[0.198s] -- Up-to-date: /home/neubility/ROS/ros2_communication_ws/install/practice_code_pkg/share/practice_code_pkg/launch/launch_node_ex_method_2.launch.py
[0.198s] -- Up-to-date: /home/neubility/ROS/ros2_communication_ws/install/practice_code_pkg/share/practice_code_pkg/launch/launch_node_ex_method_1.launch.py
[0.198s] -- Up-to-date: /home/neubility/ROS/ros2_communication_ws/install/practice_code_pkg/share/ament_index/resource_index/package_run_dependencies/practice_code_pkg
[0.198s] -- Up-to-date: /home/neubility/ROS/ros2_communication_ws/install/practice_code_pkg/share/ament_index/resource_index/parent_prefix_path/practice_code_pkg
[0.198s] -- Up-to-date: /home/neubility/ROS/ros2_communication_ws/install/practice_code_pkg/share/practice_code_pkg/environment/ament_prefix_path.sh
[0.198s] -- Up-to-date: /home/neubility/ROS/ros2_communication_ws/install/practice_code_pkg/share/practice_code_pkg/environment/ament_prefix_path.dsv
[0.198s] -- Up-to-date: /home/neubility/ROS/ros2_communication_ws/install/practice_code_pkg/share/practice_code_pkg/environment/path.sh
[0.198s] -- Up-to-date: /home/neubility/ROS/ros2_communication_ws/install/practice_code_pkg/share/practice_code_pkg/environment/path.dsv
[0.198s] -- Up-to-date: /home/neubility/ROS/ros2_communication_ws/install/practice_code_pkg/share/practice_code_pkg/local_setup.bash
[0.199s] -- Up-to-date: /home/neubility/ROS/ros2_communication_ws/install/practice_code_pkg/share/practice_code_pkg/local_setup.sh
[0.199s] -- Up-to-date: /home/neubility/ROS/ros2_communication_ws/install/practice_code_pkg/share/practice_code_pkg/local_setup.zsh
[0.199s] -- Up-to-date: /home/neubility/ROS/ros2_communication_ws/install/practice_code_pkg/share/practice_code_pkg/local_setup.dsv
[0.199s] -- Installing: /home/neubility/ROS/ros2_communication_ws/install/practice_code_pkg/share/practice_code_pkg/package.dsv
[0.199s] -- Up-to-date: /home/neubility/ROS/ros2_communication_ws/install/practice_code_pkg/share/ament_index/resource_index/packages/practice_code_pkg
[0.199s] -- Up-to-date: /home/neubility/ROS/ros2_communication_ws/install/practice_code_pkg/share/practice_code_pkg/cmake/practice_code_pkgConfig.cmake
[0.199s] -- Up-to-date: /home/neubility/ROS/ros2_communication_ws/install/practice_code_pkg/share/practice_code_pkg/cmake/practice_code_pkgConfig-version.cmake
[0.201s] -- Up-to-date: /home/neubility/ROS/ros2_communication_ws/install/practice_code_pkg/share/practice_code_pkg/package.xml
[0.209s] Invoked command in '/home/neubility/ROS/ros2_communication_ws/build/practice_code_pkg' returned '0': AMENT_PREFIX_PATH=/home/neubility/ROS/ros2_communication_ws/install/ex_msg_srv:${AMENT_PREFIX_PATH} CMAKE_PREFIX_PATH=/home/neubility/ROS/ros2_communication_ws/install/ex_msg_srv:/opt/ros/eloquent LD_LIBRARY_PATH=/home/neubility/ROS/ros2_communication_ws/install/ex_msg_srv/lib:${LD_LIBRARY_PATH} PYTHONPATH=/home/neubility/ROS/ros2_communication_ws/install/ex_msg_srv/lib/python3.6/site-packages:${PYTHONPATH} /usr/bin/cmake --build /home/neubility/ROS/ros2_communication_ws/build/practice_code_pkg --target install -- -j16 -l16
