[0.025s] Invoking command in '/home/neubility/ROS/ros2_communication_ws/build/srv_server_pkg': AMENT_PREFIX_PATH=/home/neubility/ROS/ros2_communication_ws/install/ex_msg_srv:${AMENT_PREFIX_PATH} CMAKE_PREFIX_PATH=/home/neubility/ROS/ros2_communication_ws/install/ex_msg_srv:/opt/ros/eloquent LD_LIBRARY_PATH=/home/neubility/ROS/ros2_communication_ws/install/ex_msg_srv/lib:${LD_LIBRARY_PATH} PYTHONPATH=/home/neubility/ROS/ros2_communication_ws/install/ex_msg_srv/lib/python3.6/site-packages:${PYTHONPATH} /usr/bin/cmake --build /home/neubility/ROS/ros2_communication_ws/build/srv_server_pkg -- -j16 -l16
[0.063s] [35m[1mScanning dependencies of target srv_server_pkg[0m
[0.084s] [ 50%] [32mBuilding CXX object CMakeFiles/srv_server_pkg.dir/src/main.cpp.o[0m
[2.244s] [100%] [32m[1mLinking CXX executable srv_server_pkg[0m
[2.403s] [100%] Built target srv_server_pkg
[2.420s] Invoked command in '/home/neubility/ROS/ros2_communication_ws/build/srv_server_pkg' returned '0': AMENT_PREFIX_PATH=/home/neubility/ROS/ros2_communication_ws/install/ex_msg_srv:${AMENT_PREFIX_PATH} CMAKE_PREFIX_PATH=/home/neubility/ROS/ros2_communication_ws/install/ex_msg_srv:/opt/ros/eloquent LD_LIBRARY_PATH=/home/neubility/ROS/ros2_communication_ws/install/ex_msg_srv/lib:${LD_LIBRARY_PATH} PYTHONPATH=/home/neubility/ROS/ros2_communication_ws/install/ex_msg_srv/lib/python3.6/site-packages:${PYTHONPATH} /usr/bin/cmake --build /home/neubility/ROS/ros2_communication_ws/build/srv_server_pkg -- -j16 -l16
[2.461s] Invoking command in '/home/neubility/ROS/ros2_communication_ws/build/srv_server_pkg': AMENT_PREFIX_PATH=/home/neubility/ROS/ros2_communication_ws/install/ex_msg_srv:${AMENT_PREFIX_PATH} CMAKE_PREFIX_PATH=/home/neubility/ROS/ros2_communication_ws/install/ex_msg_srv:/opt/ros/eloquent LD_LIBRARY_PATH=/home/neubility/ROS/ros2_communication_ws/install/ex_msg_srv/lib:${LD_LIBRARY_PATH} PYTHONPATH=/home/neubility/ROS/ros2_communication_ws/install/ex_msg_srv/lib/python3.6/site-packages:${PYTHONPATH} /usr/bin/cmake --build /home/neubility/ROS/ros2_communication_ws/build/srv_server_pkg --target install -- -j16 -l16
[2.528s] [100%] Built target srv_server_pkg
[2.552s] [36mInstall the project...[0m
[2.565s] -- Install configuration: ""
[2.566s] -- Installing: /home/neubility/ROS/ros2_communication_ws/install/srv_server_pkg/lib/srv_server_pkg/srv_server_pkg
[2.568s] -- Set runtime path of "/home/neubility/ROS/ros2_communication_ws/install/srv_server_pkg/lib/srv_server_pkg/srv_server_pkg" to ""
[2.568s] -- Installing: /home/neubility/ROS/ros2_communication_ws/install/srv_server_pkg/share/srv_server_pkg/launch
[2.569s] -- Installing: /home/neubility/ROS/ros2_communication_ws/install/srv_server_pkg/share/srv_server_pkg/launch/launch_executeprocess_ex.launch.py
[2.569s] -- Installing: /home/neubility/ROS/ros2_communication_ws/install/srv_server_pkg/share/srv_server_pkg/launch/launch_node_ex_method_2.launch.py
[2.569s] -- Installing: /home/neubility/ROS/ros2_communication_ws/install/srv_server_pkg/share/srv_server_pkg/launch/launch_node_ex_method_1.launch.py
[2.569s] -- Installing: /home/neubility/ROS/ros2_communication_ws/install/srv_server_pkg/share/ament_index/resource_index/package_run_dependencies/srv_server_pkg
[2.569s] -- Installing: /home/neubility/ROS/ros2_communication_ws/install/srv_server_pkg/share/ament_index/resource_index/parent_prefix_path/srv_server_pkg
[2.570s] -- Installing: /home/neubility/ROS/ros2_communication_ws/install/srv_server_pkg/share/srv_server_pkg/environment/ament_prefix_path.sh
[2.570s] -- Installing: /home/neubility/ROS/ros2_communication_ws/install/srv_server_pkg/share/srv_server_pkg/environment/ament_prefix_path.dsv
[2.570s] -- Installing: /home/neubility/ROS/ros2_communication_ws/install/srv_server_pkg/share/srv_server_pkg/environment/path.sh
[2.570s] -- Installing: /home/neubility/ROS/ros2_communication_ws/install/srv_server_pkg/share/srv_server_pkg/environment/path.dsv
[2.570s] -- Installing: /home/neubility/ROS/ros2_communication_ws/install/srv_server_pkg/share/srv_server_pkg/local_setup.bash
[2.570s] -- Installing: /home/neubility/ROS/ros2_communication_ws/install/srv_server_pkg/share/srv_server_pkg/local_setup.sh
[2.570s] -- Installing: /home/neubility/ROS/ros2_communication_ws/install/srv_server_pkg/share/srv_server_pkg/local_setup.zsh
[2.570s] -- Installing: /home/neubility/ROS/ros2_communication_ws/install/srv_server_pkg/share/srv_server_pkg/local_setup.dsv
[2.570s] -- Installing: /home/neubility/ROS/ros2_communication_ws/install/srv_server_pkg/share/srv_server_pkg/package.dsv
[2.570s] -- Installing: /home/neubility/ROS/ros2_communication_ws/install/srv_server_pkg/share/ament_index/resource_index/packages/srv_server_pkg
[2.570s] -- Installing: /home/neubility/ROS/ros2_communication_ws/install/srv_server_pkg/share/srv_server_pkg/cmake/srv_server_pkgConfig.cmake
[2.570s] -- Installing: /home/neubility/ROS/ros2_communication_ws/install/srv_server_pkg/share/srv_server_pkg/cmake/srv_server_pkgConfig-version.cmake
[2.570s] -- Installing: /home/neubility/ROS/ros2_communication_ws/install/srv_server_pkg/share/srv_server_pkg/package.xml
[2.573s] Invoked command in '/home/neubility/ROS/ros2_communication_ws/build/srv_server_pkg' returned '0': AMENT_PREFIX_PATH=/home/neubility/ROS/ros2_communication_ws/install/ex_msg_srv:${AMENT_PREFIX_PATH} CMAKE_PREFIX_PATH=/home/neubility/ROS/ros2_communication_ws/install/ex_msg_srv:/opt/ros/eloquent LD_LIBRARY_PATH=/home/neubility/ROS/ros2_communication_ws/install/ex_msg_srv/lib:${LD_LIBRARY_PATH} PYTHONPATH=/home/neubility/ROS/ros2_communication_ws/install/ex_msg_srv/lib/python3.6/site-packages:${PYTHONPATH} /usr/bin/cmake --build /home/neubility/ROS/ros2_communication_ws/build/srv_server_pkg --target install -- -j16 -l16
