[0.013s] Invoking command in '/home/neubility/ROS/ros2_communication_ws/build/practice_code_pkg': AMENT_PREFIX_PATH=/home/neubility/ROS/ros2_communication_ws/install/ex_msg_srv:${AMENT_PREFIX_PATH} CMAKE_PREFIX_PATH=/home/neubility/ROS/ros2_communication_ws/install/ex_msg_srv:/opt/ros/eloquent LD_LIBRARY_PATH=/home/neubility/ROS/ros2_communication_ws/install/ex_msg_srv/lib:${LD_LIBRARY_PATH} PYTHONPATH=/home/neubility/ROS/ros2_communication_ws/install/ex_msg_srv/lib/python3.6/site-packages:${PYTHONPATH} /usr/bin/cmake --build /home/neubility/ROS/ros2_communication_ws/build/practice_code_pkg -- -j16 -l16
[0.060s] [35m[1mScanning dependencies of target practice_code_pkg[0m
[0.085s] [ 33%] [32mBuilding CXX object CMakeFiles/practice_code_pkg.dir/src/main.cpp.o[0m
[1.823s] [01m[K/home/neubility/ROS/ros2_communication_ws/src/practice_code_pkg/src/main.cpp:[m[K In function ‘[01m[Kvoid ThreadNB(void*)[m[K’:
[1.823s] [01m[K/home/neubility/ROS/ros2_communication_ws/src/practice_code_pkg/src/main.cpp:68:21:[m[K [01;35m[Kwarning: [m[Kunused parameter ‘[01m[Kparam[m[K’ [[01;35m[K-Wunused-parameter[m[K]
[1.824s]  void ThreadNB(void *[01;35m[Kparam[m[K)
[1.824s]                      [01;35m[K^~~~~[m[K
[1.830s] [01m[K/home/neubility/ROS/ros2_communication_ws/src/practice_code_pkg/src/main.cpp:[m[K In function ‘[01m[Kint main(int, char**)[m[K’:
[1.830s] [01m[K/home/neubility/ROS/ros2_communication_ws/src/practice_code_pkg/src/main.cpp:76:15:[m[K [01;35m[Kwarning: [m[Kunused variable ‘[01m[Kp_thread[m[K’ [[01;35m[K-Wunused-variable[m[K]
[1.830s]      pthread_t [01;35m[Kp_thread[m[K;
[1.830s]                [01;35m[K^~~~~~~~[m[K
[2.736s] [ 66%] [32m[1mLinking CXX executable practice_code_pkg[0m
[3.065s] [100%] Built target practice_code_pkg
[3.077s] Invoked command in '/home/neubility/ROS/ros2_communication_ws/build/practice_code_pkg' returned '0': AMENT_PREFIX_PATH=/home/neubility/ROS/ros2_communication_ws/install/ex_msg_srv:${AMENT_PREFIX_PATH} CMAKE_PREFIX_PATH=/home/neubility/ROS/ros2_communication_ws/install/ex_msg_srv:/opt/ros/eloquent LD_LIBRARY_PATH=/home/neubility/ROS/ros2_communication_ws/install/ex_msg_srv/lib:${LD_LIBRARY_PATH} PYTHONPATH=/home/neubility/ROS/ros2_communication_ws/install/ex_msg_srv/lib/python3.6/site-packages:${PYTHONPATH} /usr/bin/cmake --build /home/neubility/ROS/ros2_communication_ws/build/practice_code_pkg -- -j16 -l16
[3.102s] Invoking command in '/home/neubility/ROS/ros2_communication_ws/build/practice_code_pkg': AMENT_PREFIX_PATH=/home/neubility/ROS/ros2_communication_ws/install/ex_msg_srv:${AMENT_PREFIX_PATH} CMAKE_PREFIX_PATH=/home/neubility/ROS/ros2_communication_ws/install/ex_msg_srv:/opt/ros/eloquent LD_LIBRARY_PATH=/home/neubility/ROS/ros2_communication_ws/install/ex_msg_srv/lib:${LD_LIBRARY_PATH} PYTHONPATH=/home/neubility/ROS/ros2_communication_ws/install/ex_msg_srv/lib/python3.6/site-packages:${PYTHONPATH} /usr/bin/cmake --build /home/neubility/ROS/ros2_communication_ws/build/practice_code_pkg --target install -- -j16 -l16
[3.164s] [100%] Built target practice_code_pkg
[3.182s] [36mInstall the project...[0m
[3.191s] -- Install configuration: "Debug"
[3.191s] -- Installing: /home/neubility/ROS/ros2_communication_ws/install/practice_code_pkg/lib/practice_code_pkg/practice_code_pkg
[3.193s] -- Set runtime path of "/home/neubility/ROS/ros2_communication_ws/install/practice_code_pkg/lib/practice_code_pkg/practice_code_pkg" to ""
[3.193s] -- Up-to-date: /home/neubility/ROS/ros2_communication_ws/install/practice_code_pkg/share/practice_code_pkg/launch
[3.193s] -- Up-to-date: /home/neubility/ROS/ros2_communication_ws/install/practice_code_pkg/share/practice_code_pkg/launch/launch_executeprocess_ex.launch.py
[3.193s] -- Up-to-date: /home/neubility/ROS/ros2_communication_ws/install/practice_code_pkg/share/practice_code_pkg/launch/launch_node_ex_method_2.launch.py
[3.193s] -- Up-to-date: /home/neubility/ROS/ros2_communication_ws/install/practice_code_pkg/share/practice_code_pkg/launch/launch_node_ex_method_1.launch.py
[3.193s] -- Up-to-date: /home/neubility/ROS/ros2_communication_ws/install/practice_code_pkg/share/ament_index/resource_index/package_run_dependencies/practice_code_pkg
[3.193s] -- Up-to-date: /home/neubility/ROS/ros2_communication_ws/install/practice_code_pkg/share/ament_index/resource_index/parent_prefix_path/practice_code_pkg
[3.193s] -- Up-to-date: /home/neubility/ROS/ros2_communication_ws/install/practice_code_pkg/share/practice_code_pkg/environment/ament_prefix_path.sh
[3.193s] -- Up-to-date: /home/neubility/ROS/ros2_communication_ws/install/practice_code_pkg/share/practice_code_pkg/environment/ament_prefix_path.dsv
[3.193s] -- Up-to-date: /home/neubility/ROS/ros2_communication_ws/install/practice_code_pkg/share/practice_code_pkg/environment/path.sh
[3.193s] -- Up-to-date: /home/neubility/ROS/ros2_communication_ws/install/practice_code_pkg/share/practice_code_pkg/environment/path.dsv
[3.193s] -- Up-to-date: /home/neubility/ROS/ros2_communication_ws/install/practice_code_pkg/share/practice_code_pkg/local_setup.bash
[3.194s] -- Up-to-date: /home/neubility/ROS/ros2_communication_ws/install/practice_code_pkg/share/practice_code_pkg/local_setup.sh
[3.194s] -- Up-to-date: /home/neubility/ROS/ros2_communication_ws/install/practice_code_pkg/share/practice_code_pkg/local_setup.zsh
[3.194s] -- Up-to-date: /home/neubility/ROS/ros2_communication_ws/install/practice_code_pkg/share/practice_code_pkg/local_setup.dsv
[3.194s] -- Installing: /home/neubility/ROS/ros2_communication_ws/install/practice_code_pkg/share/practice_code_pkg/package.dsv
[3.194s] -- Up-to-date: /home/neubility/ROS/ros2_communication_ws/install/practice_code_pkg/share/ament_index/resource_index/packages/practice_code_pkg
[3.194s] -- Up-to-date: /home/neubility/ROS/ros2_communication_ws/install/practice_code_pkg/share/practice_code_pkg/cmake/practice_code_pkgConfig.cmake
[3.194s] -- Up-to-date: /home/neubility/ROS/ros2_communication_ws/install/practice_code_pkg/share/practice_code_pkg/cmake/practice_code_pkgConfig-version.cmake
[3.194s] -- Up-to-date: /home/neubility/ROS/ros2_communication_ws/install/practice_code_pkg/share/practice_code_pkg/package.xml
[3.198s] Invoked command in '/home/neubility/ROS/ros2_communication_ws/build/practice_code_pkg' returned '0': AMENT_PREFIX_PATH=/home/neubility/ROS/ros2_communication_ws/install/ex_msg_srv:${AMENT_PREFIX_PATH} CMAKE_PREFIX_PATH=/home/neubility/ROS/ros2_communication_ws/install/ex_msg_srv:/opt/ros/eloquent LD_LIBRARY_PATH=/home/neubility/ROS/ros2_communication_ws/install/ex_msg_srv/lib:${LD_LIBRARY_PATH} PYTHONPATH=/home/neubility/ROS/ros2_communication_ws/install/ex_msg_srv/lib/python3.6/site-packages:${PYTHONPATH} /usr/bin/cmake --build /home/neubility/ROS/ros2_communication_ws/build/practice_code_pkg --target install -- -j16 -l16
