[0.024s] Invoking command in '/home/neubility/ROS/ros2_communication_ws/build/practice_code_pkg': CMAKE_PREFIX_PATH=/home/neubility/ROS/ros2_communication_ws/install/ex_msg_srv:/home/neubility/ROS/ros2_communication_ws/install/srv_client_pkg:/home/neubility/ROS/ros2_communication_ws/install/sub_ex:/home/neubility/ROS/ros2_communication_ws/install/srv_server_pkg:/home/neubility/ROS/ros2_communication_ws/install/pub_ex:/home/neubility/ROS/ros2_communication_ws/install/practice_code_pkg:/opt/ros/eloquent /usr/bin/cmake --build /home/neubility/ROS/ros2_communication_ws/build/practice_code_pkg -- -j16 -l16
[0.064s] [35m[1mScanning dependencies of target practice_code_pkg[0m
[0.086s] [ 33%] [32mBuilding CXX object CMakeFiles/practice_code_pkg.dir/src/main.cpp.o[0m
[1.576s] [01m[K/home/neubility/ROS/ros2_communication_ws/src/practice_code_pkg/src/main.cpp:[m[K In function ‘[01m[Kvoid* ThreadNB(void*)[m[K’:
[1.576s] [01m[K/home/neubility/ROS/ros2_communication_ws/src/practice_code_pkg/src/main.cpp:98:1:[m[K [01;35m[Kwarning: [m[Kno return statement in function returning non-void [[01;35m[K-Wreturn-type[m[K]
[1.576s]  [01;35m[K}[m[K
[1.576s]  [01;35m[K^[m[K
[1.576s] [01m[K/home/neubility/ROS/ros2_communication_ws/src/practice_code_pkg/src/main.cpp:95:22:[m[K [01;35m[Kwarning: [m[Kunused parameter ‘[01m[Kparam[m[K’ [[01;35m[K-Wunused-parameter[m[K]
[1.576s]  void *ThreadNB(void *[01;35m[Kparam[m[K)
[1.576s]                       [01;35m[K^~~~~[m[K
[1.773s] In file included from [01m[K/opt/ros/eloquent/include/rclcpp/client.hpp:31:0[m[K,
[1.773s]                  from [01m[K/opt/ros/eloquent/include/rclcpp/callback_group.hpp:23[m[K,
[1.773s]                  from [01m[K/opt/ros/eloquent/include/rclcpp/any_executable.hpp:20[m[K,
[1.773s]                  from [01m[K/opt/ros/eloquent/include/rclcpp/memory_strategy.hpp:24[m[K,
[1.773s]                  from [01m[K/opt/ros/eloquent/include/rclcpp/memory_strategies.hpp:18[m[K,
[1.773s]                  from [01m[K/opt/ros/eloquent/include/rclcpp/executor.hpp:33[m[K,
[1.774s]                  from [01m[K/opt/ros/eloquent/include/rclcpp/executors/multi_threaded_executor.hpp:25[m[K,
[1.774s]                  from [01m[K/opt/ros/eloquent/include/rclcpp/executors.hpp:21[m[K,
[1.774s]                  from [01m[K/opt/ros/eloquent/include/rclcpp/rclcpp.hpp:145[m[K,
[1.774s]                  from [01m[K/home/neubility/ROS/ros2_communication_ws/src/practice_code_pkg/src/main.cpp:6[m[K:
[1.774s] /opt/ros/eloquent/include/rclcpp/function_traits.hpp: In instantiation of ‘[01m[Kstruct rclcpp::function_traits::function_traits<void (MinimalPublisher::*)(std::shared_ptr<ex_msg_srv::srv::AddThreeInts_Request_<std::allocator<void> > >, std::shared_ptr<ex_msg_srv::srv::AddThreeInts_Response_<std::allocator<void> > >)>[m[K’:
[1.774s] [01m[K/opt/ros/eloquent/include/rclcpp/function_traits.hpp:159:8:[m[K   required from ‘[01m[Kstruct rclcpp::function_traits::same_arguments<void (MinimalPublisher::*)(std::shared_ptr<ex_msg_srv::srv::AddThreeInts_Request_<std::allocator<void> > >, std::shared_ptr<ex_msg_srv::srv::AddThreeInts_Response_<std::allocator<void> > >), std::function<void(std::shared_ptr<rmw_request_id_t>, std::shared_ptr<ex_msg_srv::srv::AddThreeInts_Request_<std::allocator<void> > >, std::shared_ptr<ex_msg_srv::srv::AddThreeInts_Response_<std::allocator<void> > >)> >[m[K’
[1.774s] [01m[K/opt/ros/eloquent/include/rclcpp/any_service_callback.hpp:79:17:[m[K   required by substitution of ‘[01m[Ktemplate<class CallbackT, typename std::enable_if<rclcpp::function_traits::same_arguments<CallbackT, std::function<void(std::shared_ptr<rmw_request_id_t>, std::shared_ptr<ex_msg_srv::srv::AddThreeInts_Request_<std::allocator<void> > >, std::shared_ptr<ex_msg_srv::srv::AddThreeInts_Response_<std::allocator<void> > >)> >::value, void>::type* <anonymous> > void rclcpp::AnyServiceCallback<ex_msg_srv::srv::AddThreeInts>::set<CallbackT, <enumerator> >(CallbackT) [with CallbackT = void (MinimalPublisher::*)(std::shared_ptr<ex_msg_srv::srv::AddThreeInts_Request_<std::allocator<void> > >, std::shared_ptr<ex_msg_srv::srv::AddThreeInts_Response_<std::allocator<void> > >); typename std::enable_if<rclcpp::function_traits::same_arguments<CallbackT, std::function<void(std::shared_ptr<rmw_request_id_t>, std::shared_ptr<ex_msg_srv::srv::AddThreeInts_Request_<std::allocator<void> > >, std::shared_ptr<ex_msg_srv::srv::AddThreeInts_Response_<std::allocator<void> > >)> >::value, void>::type* <anonymous> = <missing>][m[K’
[1.774s] [01m[K/opt/ros/eloquent/include/rclcpp/create_service.hpp:43:3:[m[K   required from ‘[01m[Ktypename rclcpp::Service<ServiceT>::SharedPtr rclcpp::create_service(std::shared_ptr<rclcpp::node_interfaces::NodeBaseInterface>, std::shared_ptr<rclcpp::node_interfaces::NodeServicesInterface>, const string&, CallbackT&&, const rmw_qos_profile_t&, rclcpp::callback_group::CallbackGroup::SharedPtr) [with ServiceT = ex_msg_srv::srv::AddThreeInts; CallbackT = void (MinimalPublisher::*)(std::shared_ptr<ex_msg_srv::srv::AddThreeInts_Request_<std::allocator<void> > >, std::shared_ptr<ex_msg_srv::srv::AddThreeInts_Response_<std::allocator<void> > >); typename rclcpp::Service<ServiceT>::SharedPtr = std::shared_ptr<rclcpp::Service<ex_msg_srv::srv::AddThreeInts> >; std::__cxx11::string = std::__cxx11::basic_string<char>; rmw_qos_profile_t = rmw_qos_profile_t; rclcpp::callback_group::CallbackGroup::SharedPtr = std::shared_ptr<rclcpp::callback_group::CallbackGroup>][m[K’
[1.774s] [01m[K/opt/ros/eloquent/include/rclcpp/node_impl.hpp:144:53:[m[K   required from ‘[01m[Ktypename rclcpp::Service<ServiceT>::SharedPtr rclcpp::Node::create_service(const string&, CallbackT&&, const rmw_qos_profile_t&, rclcpp::callback_group::CallbackGroup::SharedPtr) [with ServiceT = ex_msg_srv::srv::AddThreeInts; CallbackT = void (MinimalPublisher::*)(std::shared_ptr<ex_msg_srv::srv::AddThreeInts_Request_<std::allocator<void> > >, std::shared_ptr<ex_msg_srv::srv::AddThreeInts_Response_<std::allocator<void> > >); typename rclcpp::Service<ServiceT>::SharedPtr = std::shared_ptr<rclcpp::Service<ex_msg_srv::srv::AddThreeInts> >; std::__cxx11::string = std::__cxx11::basic_string<char>; rmw_qos_profile_t = rmw_qos_profile_t; rclcpp::callback_group::CallbackGroup::SharedPtr = std::shared_ptr<rclcpp::callback_group::CallbackGroup>][m[K’
[1.774s] [01m[K/home/neubility/ROS/ros2_communication_ws/src/practice_code_pkg/src/main.cpp:27:140:[m[K   required from here
[1.774s] [01m[K/opt/ros/eloquent/include/rclcpp/function_traits.hpp:52:40:[m[K [01;31m[Kerror: [m[K‘[01m[Koperator()[m[K’ is not a member of ‘[01m[Kvoid (MinimalPublisher::*)(std::shared_ptr<ex_msg_srv::srv::AddThreeInts_Request_<std::allocator<void> > >, std::shared_ptr<ex_msg_srv::srv::AddThreeInts_Response_<std::allocator<void> > >)[m[K’
[1.774s]      typename function_traits<decltype( [01;31m[K&FunctionT[m[K::operator())>::arguments>::type;
[1.774s]                                         [01;31m[K^~~~~~~~~~[m[K
[1.774s] [01m[K/opt/ros/eloquent/include/rclcpp/function_traits.hpp:52:40:[m[K [01;31m[Kerror: [m[K‘[01m[Koperator()[m[K’ is not a member of ‘[01m[Kvoid (MinimalPublisher::*)(std::shared_ptr<ex_msg_srv::srv::AddThreeInts_Request_<std::allocator<void> > >, std::shared_ptr<ex_msg_srv::srv::AddThreeInts_Response_<std::allocator<void> > >)[m[K’
[1.774s] [01m[K/opt/ros/eloquent/include/rclcpp/function_traits.hpp:52:40:[m[K [01;31m[Kerror: [m[K‘[01m[Koperator()[m[K’ is not a member of ‘[01m[Kvoid (MinimalPublisher::*)(std::shared_ptr<ex_msg_srv::srv::AddThreeInts_Request_<std::allocator<void> > >, std::shared_ptr<ex_msg_srv::srv::AddThreeInts_Response_<std::allocator<void> > >)[m[K’
[1.774s] In file included from [01m[K/opt/ros/eloquent/include/rclcpp/node_impl.hpp:41:0[m[K,
[1.774s]                  from [01m[K/opt/ros/eloquent/include/rclcpp/node.hpp:1114[m[K,
[1.774s]                  from [01m[K/opt/ros/eloquent/include/rclcpp/executors/single_threaded_executor.hpp:28[m[K,
[1.775s]                  from [01m[K/opt/ros/eloquent/include/rclcpp/executors.hpp:22[m[K,
[1.775s]                  from [01m[K/opt/ros/eloquent/include/rclcpp/rclcpp.hpp:145[m[K,
[1.775s]                  from [01m[K/home/neubility/ROS/ros2_communication_ws/src/practice_code_pkg/src/main.cpp:6[m[K:
[1.775s] /opt/ros/eloquent/include/rclcpp/create_service.hpp: In instantiation of ‘[01m[Ktypename rclcpp::Service<ServiceT>::SharedPtr rclcpp::create_service(std::shared_ptr<rclcpp::node_interfaces::NodeBaseInterface>, std::shared_ptr<rclcpp::node_interfaces::NodeServicesInterface>, const string&, CallbackT&&, const rmw_qos_profile_t&, rclcpp::callback_group::CallbackGroup::SharedPtr) [with ServiceT = ex_msg_srv::srv::AddThreeInts; CallbackT = void (MinimalPublisher::*)(std::shared_ptr<ex_msg_srv::srv::AddThreeInts_Request_<std::allocator<void> > >, std::shared_ptr<ex_msg_srv::srv::AddThreeInts_Response_<std::allocator<void> > >); typename rclcpp::Service<ServiceT>::SharedPtr = std::shared_ptr<rclcpp::Service<ex_msg_srv::srv::AddThreeInts> >; std::__cxx11::string = std::__cxx11::basic_string<char>; rmw_qos_profile_t = rmw_qos_profile_t; rclcpp::callback_group::CallbackGroup::SharedPtr = std::shared_ptr<rclcpp::callback_group::CallbackGroup>][m[K’:
[1.775s] [01m[K/opt/ros/eloquent/include/rclcpp/node_impl.hpp:144:53:[m[K   required from ‘[01m[Ktypename rclcpp::Service<ServiceT>::SharedPtr rclcpp::Node::create_service(const string&, CallbackT&&, const rmw_qos_profile_t&, rclcpp::callback_group::CallbackGroup::SharedPtr) [with ServiceT = ex_msg_srv::srv::AddThreeInts; CallbackT = void (MinimalPublisher::*)(std::shared_ptr<ex_msg_srv::srv::AddThreeInts_Request_<std::allocator<void> > >, std::shared_ptr<ex_msg_srv::srv::AddThreeInts_Response_<std::allocator<void> > >); typename rclcpp::Service<ServiceT>::SharedPtr = std::shared_ptr<rclcpp::Service<ex_msg_srv::srv::AddThreeInts> >; std::__cxx11::string = std::__cxx11::basic_string<char>; rmw_qos_profile_t = rmw_qos_profile_t; rclcpp::callback_group::CallbackGroup::SharedPtr = std::shared_ptr<rclcpp::callback_group::CallbackGroup>][m[K’
[1.775s] [01m[K/home/neubility/ROS/ros2_communication_ws/src/practice_code_pkg/src/main.cpp:27:140:[m[K   required from here
[1.775s] [01m[K/opt/ros/eloquent/include/rclcpp/create_service.hpp:43:3:[m[K [01;31m[Kerror: [m[Kno matching function for call to ‘[01m[Krclcpp::AnyServiceCallback<ex_msg_srv::srv::AddThreeInts>::set(void (MinimalPublisher::*)(std::shared_ptr<ex_msg_srv::srv::AddThreeInts_Request_<std::allocator<void> > >, std::shared_ptr<ex_msg_srv::srv::AddThreeInts_Response_<std::allocator<void> > >))[m[K’
[1.775s]    [01;31m[Kany_service_callback[m[K.set(std::forward<CallbackT>(callback));
[1.775s]    [01;31m[K^~~~~~~~~~~~~~~~~~~~[m[K
[1.775s] In file included from [01m[K/opt/ros/eloquent/include/rclcpp/service.hpp:27:0[m[K,
[1.775s]                  from [01m[K/opt/ros/eloquent/include/rclcpp/callback_group.hpp:25[m[K,
[1.775s]                  from [01m[K/opt/ros/eloquent/include/rclcpp/any_executable.hpp:20[m[K,
[1.775s]                  from [01m[K/opt/ros/eloquent/include/rclcpp/memory_strategy.hpp:24[m[K,
[1.775s]                  from [01m[K/opt/ros/eloquent/include/rclcpp/memory_strategies.hpp:18[m[K,
[1.775s]                  from [01m[K/opt/ros/eloquent/include/rclcpp/executor.hpp:33[m[K,
[1.775s]                  from [01m[K/opt/ros/eloquent/include/rclcpp/executors/multi_threaded_executor.hpp:25[m[K,
[1.775s]                  from [01m[K/opt/ros/eloquent/include/rclcpp/executors.hpp:21[m[K,
[1.776s]                  from [01m[K/opt/ros/eloquent/include/rclcpp/rclcpp.hpp:145[m[K,
[1.776s]                  from [01m[K/home/neubility/ROS/ros2_communication_ws/src/practice_code_pkg/src/main.cpp:6[m[K:
[1.776s] [01m[K/opt/ros/eloquent/include/rclcpp/any_service_callback.hpp:67:8:[m[K [01;36m[Knote: [m[Kcandidate: template<class CallbackT, typename std::enable_if<rclcpp::function_traits::same_arguments<CallbackT, std::function<void(std::shared_ptr<ex_msg_srv::srv::AddThreeInts_Request_<std::allocator<void> > >, std::shared_ptr<ex_msg_srv::srv::AddThreeInts_Response_<std::allocator<void> > >)> >::value, void>::type* <anonymous> > void rclcpp::AnyServiceCallback<ServiceT>::set(CallbackT) [with CallbackT = CallbackT; typename std::enable_if<rclcpp::function_traits::same_arguments<CallbackT, std::function<void(std::shared_ptr<typename ServiceT::Request>, std::shared_ptr<typename ServiceT::Response>)> >::value>::type* <anonymous> = <enumerator>; ServiceT = ex_msg_srv::srv::AddThreeInts]
[1.776s]    void [01;36m[Kset[m[K(CallbackT callback)
[1.776s]         [01;36m[K^~~[m[K
[1.776s] [01m[K/opt/ros/eloquent/include/rclcpp/any_service_callback.hpp:67:8:[m[K [01;36m[Knote: [m[K  template argument deduction/substitution failed:
[1.776s] [01m[K/opt/ros/eloquent/include/rclcpp/any_service_callback.hpp:65:17:[m[K [01;31m[Kerror: [m[K‘[01m[Kvalue[m[K’ is not a member of ‘[01m[Krclcpp::function_traits::same_arguments<void (MinimalPublisher::*)(std::shared_ptr<ex_msg_srv::srv::AddThreeInts_Request_<std::allocator<void> > >, std::shared_ptr<ex_msg_srv::srv::AddThreeInts_Response_<std::allocator<void> > >), std::function<void(std::shared_ptr<ex_msg_srv::srv::AddThreeInts_Request_<std::allocator<void> > >, std::shared_ptr<ex_msg_srv::srv::AddThreeInts_Response_<std::allocator<void> > >)> >[m[K’
[1.776s]      >::type * = [01;31m[Knullptr[m[K
[1.776s]                  [01;31m[K^~~~~~~[m[K
[1.776s] [01m[K/opt/ros/eloquent/include/rclcpp/any_service_callback.hpp:65:17:[m[K [01;36m[Knote: [m[Kinvalid template non-type parameter
[1.776s] [01m[K/opt/ros/eloquent/include/rclcpp/any_service_callback.hpp:81:8:[m[K [01;36m[Knote: [m[Kcandidate: template<class CallbackT, typename std::enable_if<rclcpp::function_traits::same_arguments<CallbackT, std::function<void(std::shared_ptr<rmw_request_id_t>, std::shared_ptr<ex_msg_srv::srv::AddThreeInts_Request_<std::allocator<void> > >, std::shared_ptr<ex_msg_srv::srv::AddThreeInts_Response_<std::allocator<void> > >)> >::value, void>::type* <anonymous> > void rclcpp::AnyServiceCallback<ServiceT>::set(CallbackT) [with CallbackT = CallbackT; typename std::enable_if<rclcpp::function_traits::same_arguments<CallbackT, std::function<void(std::shared_ptr<rmw_request_id_t>, std::shared_ptr<typename ServiceT::Request>, std::shared_ptr<typename ServiceT::Response>)> >::value>::type* <anonymous> = <enumerator>; ServiceT = ex_msg_srv::srv::AddThreeInts]
[1.776s]    void [01;36m[Kset[m[K(CallbackT callback)
[1.776s]         [01;36m[K^~~[m[K
[1.776s] [01m[K/opt/ros/eloquent/include/rclcpp/any_service_callback.hpp:81:8:[m[K [01;36m[Knote: [m[K  substitution of deduced template arguments resulted in errors seen above
[2.127s] make[2]: *** [CMakeFiles/practice_code_pkg.dir/src/main.cpp.o] Error 1
[2.128s] CMakeFiles/practice_code_pkg.dir/build.make:62: recipe for target 'CMakeFiles/practice_code_pkg.dir/src/main.cpp.o' failed
[2.128s] CMakeFiles/Makefile2:131: recipe for target 'CMakeFiles/practice_code_pkg.dir/all' failed
[2.129s] make[1]: *** [CMakeFiles/practice_code_pkg.dir/all] Error 2
[2.129s] Makefile:140: recipe for target 'all' failed
[2.129s] make: *** [all] Error 2
[2.131s] Invoked command in '/home/neubility/ROS/ros2_communication_ws/build/practice_code_pkg' returned '2': CMAKE_PREFIX_PATH=/home/neubility/ROS/ros2_communication_ws/install/ex_msg_srv:/home/neubility/ROS/ros2_communication_ws/install/srv_client_pkg:/home/neubility/ROS/ros2_communication_ws/install/sub_ex:/home/neubility/ROS/ros2_communication_ws/install/srv_server_pkg:/home/neubility/ROS/ros2_communication_ws/install/pub_ex:/home/neubility/ROS/ros2_communication_ws/install/practice_code_pkg:/opt/ros/eloquent /usr/bin/cmake --build /home/neubility/ROS/ros2_communication_ws/build/practice_code_pkg -- -j16 -l16
