Determining if the pthread_create exist failed with the following output:
Change Dir: /home/neubility/ROS/ros2_communication_ws/build/practice_code_pkg/CMakeFiles/CMakeTmp

Run Build Command:"/usr/bin/make" "cmTC_73338/fast"
/usr/bin/make -f CMakeFiles/cmTC_73338.dir/build.make CMakeFiles/cmTC_73338.dir/build
make[1]: Entering directory '/home/neubility/ROS/ros2_communication_ws/build/practice_code_pkg/CMakeFiles/CMakeTmp'
Building C object CMakeFiles/cmTC_73338.dir/CheckSymbolExists.c.o
/usr/bin/cc    -o CMakeFiles/cmTC_73338.dir/CheckSymbolExists.c.o   -c /home/neubility/ROS/ros2_communication_ws/build/practice_code_pkg/CMakeFiles/CMakeTmp/CheckSymbolExists.c
Linking C executable cmTC_73338
/usr/bin/cmake -E cmake_link_script CMakeFiles/cmTC_73338.dir/link.txt --verbose=1
/usr/bin/cc      CMakeFiles/cmTC_73338.dir/CheckSymbolExists.c.o  -o cmTC_73338 
CMakeFiles/cmTC_73338.dir/CheckSymbolExists.c.o: In function `main':
CheckSymbolExists.c:(.text+0x1b): undefined reference to `pthread_create'
collect2: error: ld returned 1 exit status
CMakeFiles/cmTC_73338.dir/build.make:97: recipe for target 'cmTC_73338' failed
make[1]: *** [cmTC_73338] Error 1
make[1]: Leaving directory '/home/neubility/ROS/ros2_communication_ws/build/practice_code_pkg/CMakeFiles/CMakeTmp'
Makefile:126: recipe for target 'cmTC_73338/fast' failed
make: *** [cmTC_73338/fast] Error 2

File /home/neubility/ROS/ros2_communication_ws/build/practice_code_pkg/CMakeFiles/CMakeTmp/CheckSymbolExists.c:
/* */
#include <pthread.h>

int main(int argc, char** argv)
{
  (void)argv;
#ifndef pthread_create
  return ((int*)(&pthread_create))[argc];
#else
  (void)argc;
  return 0;
#endif
}

Determining if the function pthread_create exists in the pthreads failed with the following output:
Change Dir: /home/neubility/ROS/ros2_communication_ws/build/practice_code_pkg/CMakeFiles/CMakeTmp

Run Build Command:"/usr/bin/make" "cmTC_e7f48/fast"
/usr/bin/make -f CMakeFiles/cmTC_e7f48.dir/build.make CMakeFiles/cmTC_e7f48.dir/build
make[1]: Entering directory '/home/neubility/ROS/ros2_communication_ws/build/practice_code_pkg/CMakeFiles/CMakeTmp'
Building C object CMakeFiles/cmTC_e7f48.dir/CheckFunctionExists.c.o
/usr/bin/cc   -DCHECK_FUNCTION_EXISTS=pthread_create   -o CMakeFiles/cmTC_e7f48.dir/CheckFunctionExists.c.o   -c /usr/share/cmake-3.10/Modules/CheckFunctionExists.c
Linking C executable cmTC_e7f48
/usr/bin/cmake -E cmake_link_script CMakeFiles/cmTC_e7f48.dir/link.txt --verbose=1
/usr/bin/cc  -DCHECK_FUNCTION_EXISTS=pthread_create    CMakeFiles/cmTC_e7f48.dir/CheckFunctionExists.c.o  -o cmTC_e7f48 -lpthreads 
/usr/bin/ld: cannot find -lpthreads
collect2: error: ld returned 1 exit status
CMakeFiles/cmTC_e7f48.dir/build.make:97: recipe for target 'cmTC_e7f48' failed
make[1]: *** [cmTC_e7f48] Error 1
make[1]: Leaving directory '/home/neubility/ROS/ros2_communication_ws/build/practice_code_pkg/CMakeFiles/CMakeTmp'
Makefile:126: recipe for target 'cmTC_e7f48/fast' failed
make: *** [cmTC_e7f48/fast] Error 2


