[0.025s] Invoking command in '/home/neubility/ROS/ros2_communication_ws/build/practice_code_pkg': CMAKE_PREFIX_PATH=/home/neubility/ROS/ros2_communication_ws/install/ex_msg_srv:/home/neubility/ROS/ros2_communication_ws/install/srv_client_pkg:/home/neubility/ROS/ros2_communication_ws/install/sub_ex:/home/neubility/ROS/ros2_communication_ws/install/srv_server_pkg:/home/neubility/ROS/ros2_communication_ws/install/pub_ex:/home/neubility/ROS/ros2_communication_ws/install/practice_code_pkg:/opt/ros/eloquent /usr/bin/cmake --build /home/neubility/ROS/ros2_communication_ws/build/practice_code_pkg -- -j16 -l16
[0.062s] [35m[1mScanning dependencies of target practice_code_pkg[0m
[0.081s] [ 33%] [32mBuilding CXX object CMakeFiles/practice_code_pkg.dir/src/main.cpp.o[0m
[1.576s] [01m[K/home/neubility/ROS/ros2_communication_ws/src/practice_code_pkg/src/main.cpp:[m[K In constructor ‘[01m[KMinimalPublisher::MinimalPublisher()[m[K’:
[1.576s] [01m[K/home/neubility/ROS/ros2_communication_ws/src/practice_code_pkg/src/main.cpp:27:121:[m[K [01;31m[Kerror: [m[Kexpected unqualified-id before ‘[01m[K)[m[K’ token
[1.576s]          service_server_ = this->create_service<ex_msg_srv::srv::AddThreeInts>("service_server_name", &MinimalPublisher::[01;31m[K)[m[K
[1.577s]                                                                                                                          [01;31m[K^[m[K
[1.598s] [01m[K/home/neubility/ROS/ros2_communication_ws/src/practice_code_pkg/src/main.cpp:[m[K In function ‘[01m[Kvoid* ThreadNB(void*)[m[K’:
[1.598s] [01m[K/home/neubility/ROS/ros2_communication_ws/src/practice_code_pkg/src/main.cpp:98:1:[m[K [01;35m[Kwarning: [m[Kno return statement in function returning non-void [[01;35m[K-Wreturn-type[m[K]
[1.598s]  [01;35m[K}[m[K
[1.598s]  [01;35m[K^[m[K
[1.598s] [01m[K/home/neubility/ROS/ros2_communication_ws/src/practice_code_pkg/src/main.cpp:95:22:[m[K [01;35m[Kwarning: [m[Kunused parameter ‘[01m[Kparam[m[K’ [[01;35m[K-Wunused-parameter[m[K]
[1.598s]  void *ThreadNB(void *[01;35m[Kparam[m[K)
[1.598s]                       [01;35m[K^~~~~[m[K
[2.038s] CMakeFiles/practice_code_pkg.dir/build.make:62: recipe for target 'CMakeFiles/practice_code_pkg.dir/src/main.cpp.o' failed
[2.038s] make[2]: *** [CMakeFiles/practice_code_pkg.dir/src/main.cpp.o] Error 1
[2.038s] CMakeFiles/Makefile2:131: recipe for target 'CMakeFiles/practice_code_pkg.dir/all' failed
[2.039s] make[1]: *** [CMakeFiles/practice_code_pkg.dir/all] Error 2
[2.039s] Makefile:140: recipe for target 'all' failed
[2.039s] make: *** [all] Error 2
[2.041s] Invoked command in '/home/neubility/ROS/ros2_communication_ws/build/practice_code_pkg' returned '2': CMAKE_PREFIX_PATH=/home/neubility/ROS/ros2_communication_ws/install/ex_msg_srv:/home/neubility/ROS/ros2_communication_ws/install/srv_client_pkg:/home/neubility/ROS/ros2_communication_ws/install/sub_ex:/home/neubility/ROS/ros2_communication_ws/install/srv_server_pkg:/home/neubility/ROS/ros2_communication_ws/install/pub_ex:/home/neubility/ROS/ros2_communication_ws/install/practice_code_pkg:/opt/ros/eloquent /usr/bin/cmake --build /home/neubility/ROS/ros2_communication_ws/build/practice_code_pkg -- -j16 -l16
