[0.024s] Invoking command in '/home/neubility/ROS/ros2_communication_ws/build/practice_code_pkg': AMENT_PREFIX_PATH=/home/neubility/ROS/ros2_communication_ws/install/ex_msg_srv:${AMENT_PREFIX_PATH} CMAKE_PREFIX_PATH=/home/neubility/ROS/ros2_communication_ws/install/ex_msg_srv:/opt/ros/eloquent LD_LIBRARY_PATH=/home/neubility/ROS/ros2_communication_ws/install/ex_msg_srv/lib:${LD_LIBRARY_PATH} PYTHONPATH=/home/neubility/ROS/ros2_communication_ws/install/ex_msg_srv/lib/python3.6/site-packages:${PYTHONPATH} /usr/bin/cmake /home/neubility/ROS/ros2_communication_ws/src/practice_code_pkg -DCMAKE_BUILD_TYPE=Debug -DCMAKE_INSTALL_PREFIX=/home/neubility/ROS/ros2_communication_ws/install/practice_code_pkg
[0.037s] -- Found ament_cmake: 0.8.3 (/opt/ros/eloquent/share/ament_cmake/cmake)
[0.059s] -- Using PYTHON_EXECUTABLE: /usr/bin/python3
[0.225s] -- Found rclcpp: 0.8.5 (/opt/ros/eloquent/share/rclcpp/cmake)
[0.239s] -- Found rosidl_adapter: 0.8.3 (/opt/ros/eloquent/share/rosidl_adapter/cmake)
[0.265s] -- Found rmw_implementation_cmake: 0.8.1 (/opt/ros/eloquent/share/rmw_implementation_cmake/cmake)
[0.266s] -- Using RMW implementation 'rmw_cyclonedds_cpp' as default
[0.289s] -- Found std_msgs: 0.8.1 (/opt/ros/eloquent/share/std_msgs/cmake)
[0.292s] -- Found ex_msg_srv: 0.0.0 (/home/neubility/ROS/ros2_communication_ws/install/ex_msg_srv/share/ex_msg_srv/cmake)
[0.380s] -- Configuring done
[0.392s] -- Generating done
[0.393s] -- Build files have been written to: /home/neubility/ROS/ros2_communication_ws/build/practice_code_pkg
[0.396s] Invoked command in '/home/neubility/ROS/ros2_communication_ws/build/practice_code_pkg' returned '0': AMENT_PREFIX_PATH=/home/neubility/ROS/ros2_communication_ws/install/ex_msg_srv:${AMENT_PREFIX_PATH} CMAKE_PREFIX_PATH=/home/neubility/ROS/ros2_communication_ws/install/ex_msg_srv:/opt/ros/eloquent LD_LIBRARY_PATH=/home/neubility/ROS/ros2_communication_ws/install/ex_msg_srv/lib:${LD_LIBRARY_PATH} PYTHONPATH=/home/neubility/ROS/ros2_communication_ws/install/ex_msg_srv/lib/python3.6/site-packages:${PYTHONPATH} /usr/bin/cmake /home/neubility/ROS/ros2_communication_ws/src/practice_code_pkg -DCMAKE_BUILD_TYPE=Debug -DCMAKE_INSTALL_PREFIX=/home/neubility/ROS/ros2_communication_ws/install/practice_code_pkg
[0.400s] Invoking command in '/home/neubility/ROS/ros2_communication_ws/build/practice_code_pkg': AMENT_PREFIX_PATH=/home/neubility/ROS/ros2_communication_ws/install/ex_msg_srv:${AMENT_PREFIX_PATH} CMAKE_PREFIX_PATH=/home/neubility/ROS/ros2_communication_ws/install/ex_msg_srv:/opt/ros/eloquent LD_LIBRARY_PATH=/home/neubility/ROS/ros2_communication_ws/install/ex_msg_srv/lib:${LD_LIBRARY_PATH} PYTHONPATH=/home/neubility/ROS/ros2_communication_ws/install/ex_msg_srv/lib/python3.6/site-packages:${PYTHONPATH} /usr/bin/cmake --build /home/neubility/ROS/ros2_communication_ws/build/practice_code_pkg -- -j16 -l16
[0.452s] [ 33%] [32mBuilding CXX object CMakeFiles/practice_code_pkg.dir/src/main.cpp.o[0m
[2.070s] [01m[K/home/neubility/ROS/ros2_communication_ws/src/practice_code_pkg/src/main.cpp:[m[K In function ‘[01m[Kvoid* ThreadNB(void*)[m[K’:
[2.070s] [01m[K/home/neubility/ROS/ros2_communication_ws/src/practice_code_pkg/src/main.cpp:98:1:[m[K [01;35m[Kwarning: [m[Kno return statement in function returning non-void [[01;35m[K-Wreturn-type[m[K]
[2.070s]  [01;35m[K}[m[K
[2.070s]  [01;35m[K^[m[K
[2.070s] [01m[K/home/neubility/ROS/ros2_communication_ws/src/practice_code_pkg/src/main.cpp:95:22:[m[K [01;35m[Kwarning: [m[Kunused parameter ‘[01m[Kparam[m[K’ [[01;35m[K-Wunused-parameter[m[K]
[2.071s]  void *ThreadNB(void *[01;35m[Kparam[m[K)
[2.071s]                       [01;35m[K^~~~~[m[K
[2.305s] In file included from [01m[K/opt/ros/eloquent/include/rclcpp/client.hpp:31:0[m[K,
[2.305s]                  from [01m[K/opt/ros/eloquent/include/rclcpp/callback_group.hpp:23[m[K,
[2.305s]                  from [01m[K/opt/ros/eloquent/include/rclcpp/any_executable.hpp:20[m[K,
[2.305s]                  from [01m[K/opt/ros/eloquent/include/rclcpp/memory_strategy.hpp:24[m[K,
[2.305s]                  from [01m[K/opt/ros/eloquent/include/rclcpp/memory_strategies.hpp:18[m[K,
[2.306s]                  from [01m[K/opt/ros/eloquent/include/rclcpp/executor.hpp:33[m[K,
[2.307s]                  from [01m[K/opt/ros/eloquent/include/rclcpp/executors/multi_threaded_executor.hpp:25[m[K,
[2.307s]                  from [01m[K/opt/ros/eloquent/include/rclcpp/executors.hpp:21[m[K,
[2.307s]                  from [01m[K/opt/ros/eloquent/include/rclcpp/rclcpp.hpp:145[m[K,
[2.308s]                  from [01m[K/home/neubility/ROS/ros2_communication_ws/src/practice_code_pkg/src/main.cpp:6[m[K:
[2.308s] /opt/ros/eloquent/include/rclcpp/function_traits.hpp: In instantiation of ‘[01m[Kstruct rclcpp::function_traits::function_traits<void (MinimalPublisher::*)(std::shared_ptr<ex_msg_srv::srv::AddThreeInts_Request_<std::allocator<void> > >, std::shared_ptr<ex_msg_srv::srv::AddThreeInts_Response_<std::allocator<void> > >)>[m[K’:
[2.308s] [01m[K/opt/ros/eloquent/include/rclcpp/function_traits.hpp:159:8:[m[K   required from ‘[01m[Kstruct rclcpp::function_traits::same_arguments<void (MinimalPublisher::*)(std::shared_ptr<ex_msg_srv::srv::AddThreeInts_Request_<std::allocator<void> > >, std::shared_ptr<ex_msg_srv::srv::AddThreeInts_Response_<std::allocator<void> > >), std::function<void(std::shared_ptr<rmw_request_id_t>, std::shared_ptr<ex_msg_srv::srv::AddThreeInts_Request_<std::allocator<void> > >, std::shared_ptr<ex_msg_srv::srv::AddThreeInts_Response_<std::allocator<void> > >)> >[m[K’
[2.308s] [01m[K/opt/ros/eloquent/include/rclcpp/any_service_callback.hpp:79:17:[m[K   required by substitution of ‘[01m[Ktemplate<class CallbackT, typename std::enable_if<rclcpp::function_traits::same_arguments<CallbackT, std::function<void(std::shared_ptr<rmw_request_id_t>, std::shared_ptr<ex_msg_srv::srv::AddThreeInts_Request_<std::allocator<void> > >, std::shared_ptr<ex_msg_srv::srv::AddThreeInts_Response_<std::allocator<void> > >)> >::value, void>::type* <anonymous> > void rclcpp::AnyServiceCallback<ex_msg_srv::srv::AddThreeInts>::set<CallbackT, <enumerator> >(CallbackT) [with CallbackT = void (MinimalPublisher::*)(std::shared_ptr<ex_msg_srv::srv::AddThreeInts_Request_<std::allocator<void> > >, std::shared_ptr<ex_msg_srv::srv::AddThreeInts_Response_<std::allocator<void> > >); typename std::enable_if<rclcpp::function_traits::same_arguments<CallbackT, std::function<void(std::shared_ptr<rmw_request_id_t>, std::shared_ptr<ex_msg_srv::srv::AddThreeInts_Request_<std::allocator<void> > >, std::shared_ptr<ex_msg_srv::srv::AddThreeInts_Response_<std::allocator<void> > >)> >::value, void>::type* <anonymous> = <missing>][m[K’
[2.308s] [01m[K/opt/ros/eloquent/include/rclcpp/create_service.hpp:43:3:[m[K   required from ‘[01m[Ktypename rclcpp::Service<ServiceT>::SharedPtr rclcpp::create_service(std::shared_ptr<rclcpp::node_interfaces::NodeBaseInterface>, std::shared_ptr<rclcpp::node_interfaces::NodeServicesInterface>, const string&, CallbackT&&, const rmw_qos_profile_t&, rclcpp::callback_group::CallbackGroup::SharedPtr) [with ServiceT = ex_msg_srv::srv::AddThreeInts; CallbackT = void (MinimalPublisher::*)(std::shared_ptr<ex_msg_srv::srv::AddThreeInts_Request_<std::allocator<void> > >, std::shared_ptr<ex_msg_srv::srv::AddThreeInts_Response_<std::allocator<void> > >); typename rclcpp::Service<ServiceT>::SharedPtr = std::shared_ptr<rclcpp::Service<ex_msg_srv::srv::AddThreeInts> >; std::__cxx11::string = std::__cxx11::basic_string<char>; rmw_qos_profile_t = rmw_qos_profile_t; rclcpp::callback_group::CallbackGroup::SharedPtr = std::shared_ptr<rclcpp::callback_group::CallbackGroup>][m[K’
[2.308s] [01m[K/opt/ros/eloquent/include/rclcpp/node_impl.hpp:144:53:[m[K   required from ‘[01m[Ktypename rclcpp::Service<ServiceT>::SharedPtr rclcpp::Node::create_service(const string&, CallbackT&&, const rmw_qos_profile_t&, rclcpp::callback_group::CallbackGroup::SharedPtr) [with ServiceT = ex_msg_srv::srv::AddThreeInts; CallbackT = void (MinimalPublisher::*)(std::shared_ptr<ex_msg_srv::srv::AddThreeInts_Request_<std::allocator<void> > >, std::shared_ptr<ex_msg_srv::srv::AddThreeInts_Response_<std::allocator<void> > >); typename rclcpp::Service<ServiceT>::SharedPtr = std::shared_ptr<rclcpp::Service<ex_msg_srv::srv::AddThreeInts> >; std::__cxx11::string = std::__cxx11::basic_string<char>; rmw_qos_profile_t = rmw_qos_profile_t; rclcpp::callback_group::CallbackGroup::SharedPtr = std::shared_ptr<rclcpp::callback_group::CallbackGroup>][m[K’
[2.308s] [01m[K/home/neubility/ROS/ros2_communication_ws/src/practice_code_pkg/src/main.cpp:27:140:[m[K   required from here
[2.308s] [01m[K/opt/ros/eloquent/include/rclcpp/function_traits.hpp:52:40:[m[K [01;31m[Kerror: [m[K‘[01m[Koperator()[m[K’ is not a member of ‘[01m[Kvoid (MinimalPublisher::*)(std::shared_ptr<ex_msg_srv::srv::AddThreeInts_Request_<std::allocator<void> > >, std::shared_ptr<ex_msg_srv::srv::AddThreeInts_Response_<std::allocator<void> > >)[m[K’
[2.308s]      typename function_traits<decltype( [01;31m[K&FunctionT[m[K::operator())>::arguments>::type;
[2.308s]                                         [01;31m[K^~~~~~~~~~[m[K
[2.308s] [01m[K/opt/ros/eloquent/include/rclcpp/function_traits.hpp:52:40:[m[K [01;31m[Kerror: [m[K‘[01m[Koperator()[m[K’ is not a member of ‘[01m[Kvoid (MinimalPublisher::*)(std::shared_ptr<ex_msg_srv::srv::AddThreeInts_Request_<std::allocator<void> > >, std::shared_ptr<ex_msg_srv::srv::AddThreeInts_Response_<std::allocator<void> > >)[m[K’
[2.308s] [01m[K/opt/ros/eloquent/include/rclcpp/function_traits.hpp:52:40:[m[K [01;31m[Kerror: [m[K‘[01m[Koperator()[m[K’ is not a member of ‘[01m[Kvoid (MinimalPublisher::*)(std::shared_ptr<ex_msg_srv::srv::AddThreeInts_Request_<std::allocator<void> > >, std::shared_ptr<ex_msg_srv::srv::AddThreeInts_Response_<std::allocator<void> > >)[m[K’
[2.308s] In file included from [01m[K/opt/ros/eloquent/include/rclcpp/node_impl.hpp:41:0[m[K,
[2.309s]                  from [01m[K/opt/ros/eloquent/include/rclcpp/node.hpp:1114[m[K,
[2.309s]                  from [01m[K/opt/ros/eloquent/include/rclcpp/executors/single_threaded_executor.hpp:28[m[K,
[2.309s]                  from [01m[K/opt/ros/eloquent/include/rclcpp/executors.hpp:22[m[K,
[2.310s]                  from [01m[K/opt/ros/eloquent/include/rclcpp/rclcpp.hpp:145[m[K,
[2.310s]                  from [01m[K/home/neubility/ROS/ros2_communication_ws/src/practice_code_pkg/src/main.cpp:6[m[K:
[2.310s] /opt/ros/eloquent/include/rclcpp/create_service.hpp: In instantiation of ‘[01m[Ktypename rclcpp::Service<ServiceT>::SharedPtr rclcpp::create_service(std::shared_ptr<rclcpp::node_interfaces::NodeBaseInterface>, std::shared_ptr<rclcpp::node_interfaces::NodeServicesInterface>, const string&, CallbackT&&, const rmw_qos_profile_t&, rclcpp::callback_group::CallbackGroup::SharedPtr) [with ServiceT = ex_msg_srv::srv::AddThreeInts; CallbackT = void (MinimalPublisher::*)(std::shared_ptr<ex_msg_srv::srv::AddThreeInts_Request_<std::allocator<void> > >, std::shared_ptr<ex_msg_srv::srv::AddThreeInts_Response_<std::allocator<void> > >); typename rclcpp::Service<ServiceT>::SharedPtr = std::shared_ptr<rclcpp::Service<ex_msg_srv::srv::AddThreeInts> >; std::__cxx11::string = std::__cxx11::basic_string<char>; rmw_qos_profile_t = rmw_qos_profile_t; rclcpp::callback_group::CallbackGroup::SharedPtr = std::shared_ptr<rclcpp::callback_group::CallbackGroup>][m[K’:
[2.310s] [01m[K/opt/ros/eloquent/include/rclcpp/node_impl.hpp:144:53:[m[K   required from ‘[01m[Ktypename rclcpp::Service<ServiceT>::SharedPtr rclcpp::Node::create_service(const string&, CallbackT&&, const rmw_qos_profile_t&, rclcpp::callback_group::CallbackGroup::SharedPtr) [with ServiceT = ex_msg_srv::srv::AddThreeInts; CallbackT = void (MinimalPublisher::*)(std::shared_ptr<ex_msg_srv::srv::AddThreeInts_Request_<std::allocator<void> > >, std::shared_ptr<ex_msg_srv::srv::AddThreeInts_Response_<std::allocator<void> > >); typename rclcpp::Service<ServiceT>::SharedPtr = std::shared_ptr<rclcpp::Service<ex_msg_srv::srv::AddThreeInts> >; std::__cxx11::string = std::__cxx11::basic_string<char>; rmw_qos_profile_t = rmw_qos_profile_t; rclcpp::callback_group::CallbackGroup::SharedPtr = std::shared_ptr<rclcpp::callback_group::CallbackGroup>][m[K’
[2.311s] [01m[K/home/neubility/ROS/ros2_communication_ws/src/practice_code_pkg/src/main.cpp:27:140:[m[K   required from here
[2.311s] [01m[K/opt/ros/eloquent/include/rclcpp/create_service.hpp:43:3:[m[K [01;31m[Kerror: [m[Kno matching function for call to ‘[01m[Krclcpp::AnyServiceCallback<ex_msg_srv::srv::AddThreeInts>::set(void (MinimalPublisher::*)(std::shared_ptr<ex_msg_srv::srv::AddThreeInts_Request_<std::allocator<void> > >, std::shared_ptr<ex_msg_srv::srv::AddThreeInts_Response_<std::allocator<void> > >))[m[K’
[2.311s]    [01;31m[Kany_service_callback[m[K.set(std::forward<CallbackT>(callback));
[2.311s]    [01;31m[K^~~~~~~~~~~~~~~~~~~~[m[K
[2.311s] In file included from [01m[K/opt/ros/eloquent/include/rclcpp/service.hpp:27:0[m[K,
[2.312s]                  from [01m[K/opt/ros/eloquent/include/rclcpp/callback_group.hpp:25[m[K,
[2.312s]                  from [01m[K/opt/ros/eloquent/include/rclcpp/any_executable.hpp:20[m[K,
[2.312s]                  from [01m[K/opt/ros/eloquent/include/rclcpp/memory_strategy.hpp:24[m[K,
[2.312s]                  from [01m[K/opt/ros/eloquent/include/rclcpp/memory_strategies.hpp:18[m[K,
[2.312s]                  from [01m[K/opt/ros/eloquent/include/rclcpp/executor.hpp:33[m[K,
[2.313s]                  from [01m[K/opt/ros/eloquent/include/rclcpp/executors/multi_threaded_executor.hpp:25[m[K,
[2.313s]                  from [01m[K/opt/ros/eloquent/include/rclcpp/executors.hpp:21[m[K,
[2.314s]                  from [01m[K/opt/ros/eloquent/include/rclcpp/rclcpp.hpp:145[m[K,
[2.314s]                  from [01m[K/home/neubility/ROS/ros2_communication_ws/src/practice_code_pkg/src/main.cpp:6[m[K:
[2.315s] [01m[K/opt/ros/eloquent/include/rclcpp/any_service_callback.hpp:67:8:[m[K [01;36m[Knote: [m[Kcandidate: template<class CallbackT, typename std::enable_if<rclcpp::function_traits::same_arguments<CallbackT, std::function<void(std::shared_ptr<ex_msg_srv::srv::AddThreeInts_Request_<std::allocator<void> > >, std::shared_ptr<ex_msg_srv::srv::AddThreeInts_Response_<std::allocator<void> > >)> >::value, void>::type* <anonymous> > void rclcpp::AnyServiceCallback<ServiceT>::set(CallbackT) [with CallbackT = CallbackT; typename std::enable_if<rclcpp::function_traits::same_arguments<CallbackT, std::function<void(std::shared_ptr<typename ServiceT::Request>, std::shared_ptr<typename ServiceT::Response>)> >::value>::type* <anonymous> = <enumerator>; ServiceT = ex_msg_srv::srv::AddThreeInts]
[2.315s]    void [01;36m[Kset[m[K(CallbackT callback)
[2.315s]         [01;36m[K^~~[m[K
[2.316s] [01m[K/opt/ros/eloquent/include/rclcpp/any_service_callback.hpp:67:8:[m[K [01;36m[Knote: [m[K  template argument deduction/substitution failed:
[2.316s] [01m[K/opt/ros/eloquent/include/rclcpp/any_service_callback.hpp:65:17:[m[K [01;31m[Kerror: [m[K‘[01m[Kvalue[m[K’ is not a member of ‘[01m[Krclcpp::function_traits::same_arguments<void (MinimalPublisher::*)(std::shared_ptr<ex_msg_srv::srv::AddThreeInts_Request_<std::allocator<void> > >, std::shared_ptr<ex_msg_srv::srv::AddThreeInts_Response_<std::allocator<void> > >), std::function<void(std::shared_ptr<ex_msg_srv::srv::AddThreeInts_Request_<std::allocator<void> > >, std::shared_ptr<ex_msg_srv::srv::AddThreeInts_Response_<std::allocator<void> > >)> >[m[K’
[2.316s]      >::type * = [01;31m[Knullptr[m[K
[2.317s]                  [01;31m[K^~~~~~~[m[K
[2.317s] [01m[K/opt/ros/eloquent/include/rclcpp/any_service_callback.hpp:65:17:[m[K [01;36m[Knote: [m[Kinvalid template non-type parameter
[2.317s] [01m[K/opt/ros/eloquent/include/rclcpp/any_service_callback.hpp:81:8:[m[K [01;36m[Knote: [m[Kcandidate: template<class CallbackT, typename std::enable_if<rclcpp::function_traits::same_arguments<CallbackT, std::function<void(std::shared_ptr<rmw_request_id_t>, std::shared_ptr<ex_msg_srv::srv::AddThreeInts_Request_<std::allocator<void> > >, std::shared_ptr<ex_msg_srv::srv::AddThreeInts_Response_<std::allocator<void> > >)> >::value, void>::type* <anonymous> > void rclcpp::AnyServiceCallback<ServiceT>::set(CallbackT) [with CallbackT = CallbackT; typename std::enable_if<rclcpp::function_traits::same_arguments<CallbackT, std::function<void(std::shared_ptr<rmw_request_id_t>, std::shared_ptr<typename ServiceT::Request>, std::shared_ptr<typename ServiceT::Response>)> >::value>::type* <anonymous> = <enumerator>; ServiceT = ex_msg_srv::srv::AddThreeInts]
[2.318s]    void [01;36m[Kset[m[K(CallbackT callback)
[2.318s]         [01;36m[K^~~[m[K
[2.318s] [01m[K/opt/ros/eloquent/include/rclcpp/any_service_callback.hpp:81:8:[m[K [01;36m[Knote: [m[K  substitution of deduced template arguments resulted in errors seen above
[2.722s] CMakeFiles/practice_code_pkg.dir/build.make:62: recipe for target 'CMakeFiles/practice_code_pkg.dir/src/main.cpp.o' failed
[2.723s] make[2]: *** [CMakeFiles/practice_code_pkg.dir/src/main.cpp.o] Error 1
[2.723s] CMakeFiles/Makefile2:131: recipe for target 'CMakeFiles/practice_code_pkg.dir/all' failed
[2.723s] make[1]: *** [CMakeFiles/practice_code_pkg.dir/all] Error 2
[2.723s] Makefile:140: recipe for target 'all' failed
[2.723s] make: *** [all] Error 2
[2.724s] Invoked command in '/home/neubility/ROS/ros2_communication_ws/build/practice_code_pkg' returned '2': AMENT_PREFIX_PATH=/home/neubility/ROS/ros2_communication_ws/install/ex_msg_srv:${AMENT_PREFIX_PATH} CMAKE_PREFIX_PATH=/home/neubility/ROS/ros2_communication_ws/install/ex_msg_srv:/opt/ros/eloquent LD_LIBRARY_PATH=/home/neubility/ROS/ros2_communication_ws/install/ex_msg_srv/lib:${LD_LIBRARY_PATH} PYTHONPATH=/home/neubility/ROS/ros2_communication_ws/install/ex_msg_srv/lib/python3.6/site-packages:${PYTHONPATH} /usr/bin/cmake --build /home/neubility/ROS/ros2_communication_ws/build/practice_code_pkg -- -j16 -l16
