[0.125s] DEBUG:colcon:Command line arguments: ['/usr/bin/colcon', 'build']
[0.125s] DEBUG:colcon:Parsed command line arguments: Namespace(ament_cmake_args=None, base_paths=['.'], build_base='build', catkin_cmake_args=None, catkin_skip_building_tests=False, cmake_args=None, cmake_clean_cache=False, cmake_clean_first=False, cmake_force_configure=False, cmake_target=None, cmake_target_skip_unavailable=False, continue_on_error=False, event_handlers=None, executor='parallel', ignore_user_meta=False, install_base='install', log_base=None, log_level=None, main=<bound method BuildVerb.main of <colcon_core.verb.build.BuildVerb object at 0x7f03fd1a99e8>>, merge_install=False, metas=['./colcon.meta'], packages_above=None, packages_above_and_dependencies=None, packages_above_depth=None, packages_end=None, packages_ignore=None, packages_ignore_regex=None, packages_select=None, packages_select_build_failed=False, packages_select_by_dep=None, packages_select_regex=None, packages_select_test_failures=False, packages_skip=None, packages_skip_build_finished=False, packages_skip_by_dep=None, packages_skip_regex=None, packages_skip_test_passed=False, packages_skip_up_to=None, packages_start=None, packages_up_to=None, packages_up_to_regex=None, parallel_workers=16, paths=None, symlink_install=False, test_result_base=None, verb_extension=<colcon_core.verb.build.BuildVerb object at 0x7f03fd1a99e8>, verb_name='build', verb_parser=<colcon_defaults.argument_parser.defaults.DefaultArgumentsDecorator object at 0x7f03fd1a9d30>)
[0.129s] Level 1:colcon.colcon_core.package_discovery:discover_packages(colcon_meta) check parameters
[0.129s] Level 1:colcon.colcon_core.package_discovery:discover_packages(recursive) check parameters
[0.129s] Level 1:colcon.colcon_core.package_discovery:discover_packages(ignore) check parameters
[0.130s] Level 1:colcon.colcon_core.package_discovery:discover_packages(path) check parameters
[0.130s] Level 1:colcon.colcon_core.package_discovery:discover_packages(colcon_meta) discover
[0.130s] Level 1:colcon.colcon_core.package_discovery:discover_packages(recursive) discover
[0.130s] INFO:colcon.colcon_core.package_discovery:Crawling recursively for packages in '/home/neubility/ROS/ros2_communication_ws'
[0.130s] Level 1:colcon.colcon_core.package_identification:_identify(.) by extensions ['ignore', 'ignore_ament_install']
[0.130s] Level 1:colcon.colcon_core.package_identification:_identify(.) by extension 'ignore'
[0.130s] Level 1:colcon.colcon_core.package_identification:_identify(.) by extension 'ignore_ament_install'
[0.131s] Level 1:colcon.colcon_core.package_identification:_identify(.) by extensions ['colcon_pkg']
[0.131s] Level 1:colcon.colcon_core.package_identification:_identify(.) by extension 'colcon_pkg'
[0.131s] Level 1:colcon.colcon_core.package_identification:_identify(.) by extensions ['colcon_meta']
[0.131s] Level 1:colcon.colcon_core.package_identification:_identify(.) by extension 'colcon_meta'
[0.131s] Level 1:colcon.colcon_core.package_identification:_identify(.) by extensions ['ros']
[0.131s] Level 1:colcon.colcon_core.package_identification:_identify(.) by extension 'ros'
[0.139s] Level 1:colcon.colcon_core.package_identification:_identify(.) by extensions ['cmake', 'python']
[0.139s] Level 1:colcon.colcon_core.package_identification:_identify(.) by extension 'cmake'
[0.139s] Level 1:colcon.colcon_core.package_identification:_identify(.) by extension 'python'
[0.140s] Level 1:colcon.colcon_core.package_identification:_identify(.) by extensions ['python_setup_py']
[0.140s] Level 1:colcon.colcon_core.package_identification:_identify(.) by extension 'python_setup_py'
[0.140s] Level 1:colcon.colcon_core.package_identification:_identify(build) by extensions ['ignore', 'ignore_ament_install']
[0.140s] Level 1:colcon.colcon_core.package_identification:_identify(build) by extension 'ignore'
[0.140s] Level 1:colcon.colcon_core.package_identification:_identify(build) ignored
[0.140s] Level 1:colcon.colcon_core.package_identification:_identify(install) by extensions ['ignore', 'ignore_ament_install']
[0.141s] Level 1:colcon.colcon_core.package_identification:_identify(install) by extension 'ignore'
[0.141s] Level 1:colcon.colcon_core.package_identification:_identify(install) ignored
[0.141s] Level 1:colcon.colcon_core.package_identification:_identify(log) by extensions ['ignore', 'ignore_ament_install']
[0.141s] Level 1:colcon.colcon_core.package_identification:_identify(log) by extension 'ignore'
[0.141s] Level 1:colcon.colcon_core.package_identification:_identify(log) ignored
[0.141s] Level 1:colcon.colcon_core.package_identification:_identify(src) by extensions ['ignore', 'ignore_ament_install']
[0.142s] Level 1:colcon.colcon_core.package_identification:_identify(src) by extension 'ignore'
[0.142s] Level 1:colcon.colcon_core.package_identification:_identify(src) by extension 'ignore_ament_install'
[0.142s] Level 1:colcon.colcon_core.package_identification:_identify(src) by extensions ['colcon_pkg']
[0.142s] Level 1:colcon.colcon_core.package_identification:_identify(src) by extension 'colcon_pkg'
[0.142s] Level 1:colcon.colcon_core.package_identification:_identify(src) by extensions ['colcon_meta']
[0.142s] Level 1:colcon.colcon_core.package_identification:_identify(src) by extension 'colcon_meta'
[0.142s] Level 1:colcon.colcon_core.package_identification:_identify(src) by extensions ['ros']
[0.142s] Level 1:colcon.colcon_core.package_identification:_identify(src) by extension 'ros'
[0.142s] Level 1:colcon.colcon_core.package_identification:_identify(src) by extensions ['cmake', 'python']
[0.142s] Level 1:colcon.colcon_core.package_identification:_identify(src) by extension 'cmake'
[0.142s] Level 1:colcon.colcon_core.package_identification:_identify(src) by extension 'python'
[0.142s] Level 1:colcon.colcon_core.package_identification:_identify(src) by extensions ['python_setup_py']
[0.142s] Level 1:colcon.colcon_core.package_identification:_identify(src) by extension 'python_setup_py'
[0.142s] Level 1:colcon.colcon_core.package_identification:_identify(src/ex_msg_srv_pkg) by extensions ['ignore', 'ignore_ament_install']
[0.142s] Level 1:colcon.colcon_core.package_identification:_identify(src/ex_msg_srv_pkg) by extension 'ignore'
[0.143s] Level 1:colcon.colcon_core.package_identification:_identify(src/ex_msg_srv_pkg) by extension 'ignore_ament_install'
[0.143s] Level 1:colcon.colcon_core.package_identification:_identify(src/ex_msg_srv_pkg) by extensions ['colcon_pkg']
[0.143s] Level 1:colcon.colcon_core.package_identification:_identify(src/ex_msg_srv_pkg) by extension 'colcon_pkg'
[0.143s] Level 1:colcon.colcon_core.package_identification:_identify(src/ex_msg_srv_pkg) by extensions ['colcon_meta']
[0.143s] Level 1:colcon.colcon_core.package_identification:_identify(src/ex_msg_srv_pkg) by extension 'colcon_meta'
[0.143s] Level 1:colcon.colcon_core.package_identification:_identify(src/ex_msg_srv_pkg) by extensions ['ros']
[0.143s] Level 1:colcon.colcon_core.package_identification:_identify(src/ex_msg_srv_pkg) by extension 'ros'
[0.144s] DEBUG:colcon.colcon_core.package_identification:Package 'src/ex_msg_srv_pkg' with type 'ros.ament_cmake' and name 'ex_msg_srv'
[0.144s] Level 1:colcon.colcon_core.package_identification:_identify(src/practice_code_pkg) by extensions ['ignore', 'ignore_ament_install']
[0.145s] Level 1:colcon.colcon_core.package_identification:_identify(src/practice_code_pkg) by extension 'ignore'
[0.145s] Level 1:colcon.colcon_core.package_identification:_identify(src/practice_code_pkg) by extension 'ignore_ament_install'
[0.145s] Level 1:colcon.colcon_core.package_identification:_identify(src/practice_code_pkg) by extensions ['colcon_pkg']
[0.145s] Level 1:colcon.colcon_core.package_identification:_identify(src/practice_code_pkg) by extension 'colcon_pkg'
[0.145s] Level 1:colcon.colcon_core.package_identification:_identify(src/practice_code_pkg) by extensions ['colcon_meta']
[0.145s] Level 1:colcon.colcon_core.package_identification:_identify(src/practice_code_pkg) by extension 'colcon_meta'
[0.145s] Level 1:colcon.colcon_core.package_identification:_identify(src/practice_code_pkg) by extensions ['ros']
[0.145s] Level 1:colcon.colcon_core.package_identification:_identify(src/practice_code_pkg) by extension 'ros'
[0.146s] DEBUG:colcon.colcon_core.package_identification:Package 'src/practice_code_pkg' with type 'ros.ament_cmake' and name 'practice_code_pkg'
[0.146s] Level 1:colcon.colcon_core.package_identification:_identify(src/pub_ex_pkg) by extensions ['ignore', 'ignore_ament_install']
[0.146s] Level 1:colcon.colcon_core.package_identification:_identify(src/pub_ex_pkg) by extension 'ignore'
[0.146s] Level 1:colcon.colcon_core.package_identification:_identify(src/pub_ex_pkg) by extension 'ignore_ament_install'
[0.146s] Level 1:colcon.colcon_core.package_identification:_identify(src/pub_ex_pkg) by extensions ['colcon_pkg']
[0.146s] Level 1:colcon.colcon_core.package_identification:_identify(src/pub_ex_pkg) by extension 'colcon_pkg'
[0.146s] Level 1:colcon.colcon_core.package_identification:_identify(src/pub_ex_pkg) by extensions ['colcon_meta']
[0.146s] Level 1:colcon.colcon_core.package_identification:_identify(src/pub_ex_pkg) by extension 'colcon_meta'
[0.147s] Level 1:colcon.colcon_core.package_identification:_identify(src/pub_ex_pkg) by extensions ['ros']
[0.147s] Level 1:colcon.colcon_core.package_identification:_identify(src/pub_ex_pkg) by extension 'ros'
[0.147s] DEBUG:colcon.colcon_core.package_identification:Package 'src/pub_ex_pkg' with type 'ros.ament_cmake' and name 'pub_ex'
[0.147s] Level 1:colcon.colcon_core.package_identification:_identify(src/srv_client_pkg) by extensions ['ignore', 'ignore_ament_install']
[0.147s] Level 1:colcon.colcon_core.package_identification:_identify(src/srv_client_pkg) by extension 'ignore'
[0.147s] Level 1:colcon.colcon_core.package_identification:_identify(src/srv_client_pkg) by extension 'ignore_ament_install'
[0.147s] Level 1:colcon.colcon_core.package_identification:_identify(src/srv_client_pkg) by extensions ['colcon_pkg']
[0.147s] Level 1:colcon.colcon_core.package_identification:_identify(src/srv_client_pkg) by extension 'colcon_pkg'
[0.147s] Level 1:colcon.colcon_core.package_identification:_identify(src/srv_client_pkg) by extensions ['colcon_meta']
[0.147s] Level 1:colcon.colcon_core.package_identification:_identify(src/srv_client_pkg) by extension 'colcon_meta'
[0.148s] Level 1:colcon.colcon_core.package_identification:_identify(src/srv_client_pkg) by extensions ['ros']
[0.148s] Level 1:colcon.colcon_core.package_identification:_identify(src/srv_client_pkg) by extension 'ros'
[0.148s] DEBUG:colcon.colcon_core.package_identification:Package 'src/srv_client_pkg' with type 'ros.ament_cmake' and name 'srv_client_pkg'
[0.148s] Level 1:colcon.colcon_core.package_identification:_identify(src/srv_server_pkg) by extensions ['ignore', 'ignore_ament_install']
[0.148s] Level 1:colcon.colcon_core.package_identification:_identify(src/srv_server_pkg) by extension 'ignore'
[0.148s] Level 1:colcon.colcon_core.package_identification:_identify(src/srv_server_pkg) by extension 'ignore_ament_install'
[0.148s] Level 1:colcon.colcon_core.package_identification:_identify(src/srv_server_pkg) by extensions ['colcon_pkg']
[0.148s] Level 1:colcon.colcon_core.package_identification:_identify(src/srv_server_pkg) by extension 'colcon_pkg'
[0.148s] Level 1:colcon.colcon_core.package_identification:_identify(src/srv_server_pkg) by extensions ['colcon_meta']
[0.148s] Level 1:colcon.colcon_core.package_identification:_identify(src/srv_server_pkg) by extension 'colcon_meta'
[0.148s] Level 1:colcon.colcon_core.package_identification:_identify(src/srv_server_pkg) by extensions ['ros']
[0.148s] Level 1:colcon.colcon_core.package_identification:_identify(src/srv_server_pkg) by extension 'ros'
[0.149s] DEBUG:colcon.colcon_core.package_identification:Package 'src/srv_server_pkg' with type 'ros.ament_cmake' and name 'srv_server_pkg'
[0.149s] Level 1:colcon.colcon_core.package_identification:_identify(src/sub_ex_pkg) by extensions ['ignore', 'ignore_ament_install']
[0.149s] Level 1:colcon.colcon_core.package_identification:_identify(src/sub_ex_pkg) by extension 'ignore'
[0.149s] Level 1:colcon.colcon_core.package_identification:_identify(src/sub_ex_pkg) by extension 'ignore_ament_install'
[0.149s] Level 1:colcon.colcon_core.package_identification:_identify(src/sub_ex_pkg) by extensions ['colcon_pkg']
[0.149s] Level 1:colcon.colcon_core.package_identification:_identify(src/sub_ex_pkg) by extension 'colcon_pkg'
[0.149s] Level 1:colcon.colcon_core.package_identification:_identify(src/sub_ex_pkg) by extensions ['colcon_meta']
[0.149s] Level 1:colcon.colcon_core.package_identification:_identify(src/sub_ex_pkg) by extension 'colcon_meta'
[0.149s] Level 1:colcon.colcon_core.package_identification:_identify(src/sub_ex_pkg) by extensions ['ros']
[0.149s] Level 1:colcon.colcon_core.package_identification:_identify(src/sub_ex_pkg) by extension 'ros'
[0.150s] DEBUG:colcon.colcon_core.package_identification:Package 'src/sub_ex_pkg' with type 'ros.ament_cmake' and name 'sub_ex'
[0.150s] Level 1:colcon.colcon_core.package_discovery:discover_packages(recursive) using defaults
[0.150s] Level 1:colcon.colcon_core.package_discovery:discover_packages(ignore) discover
[0.150s] Level 1:colcon.colcon_core.package_discovery:discover_packages(ignore) using defaults
[0.150s] Level 1:colcon.colcon_core.package_discovery:discover_packages(path) discover
[0.150s] Level 1:colcon.colcon_core.package_discovery:discover_packages(path) using defaults
[0.166s] Level 5:colcon.colcon_core.verb:set package 'ex_msg_srv' build argument 'cmake_args' from command line to 'None'
[0.166s] Level 5:colcon.colcon_core.verb:set package 'ex_msg_srv' build argument 'cmake_target' from command line to 'None'
[0.166s] Level 5:colcon.colcon_core.verb:set package 'ex_msg_srv' build argument 'cmake_target_skip_unavailable' from command line to 'False'
[0.166s] Level 5:colcon.colcon_core.verb:set package 'ex_msg_srv' build argument 'cmake_clean_cache' from command line to 'False'
[0.166s] Level 5:colcon.colcon_core.verb:set package 'ex_msg_srv' build argument 'cmake_clean_first' from command line to 'False'
[0.167s] Level 5:colcon.colcon_core.verb:set package 'ex_msg_srv' build argument 'cmake_force_configure' from command line to 'False'
[0.167s] Level 5:colcon.colcon_core.verb:set package 'ex_msg_srv' build argument 'ament_cmake_args' from command line to 'None'
[0.167s] Level 5:colcon.colcon_core.verb:set package 'ex_msg_srv' build argument 'catkin_cmake_args' from command line to 'None'
[0.167s] Level 5:colcon.colcon_core.verb:set package 'ex_msg_srv' build argument 'catkin_skip_building_tests' from command line to 'False'
[0.167s] DEBUG:colcon.colcon_core.verb:Building package 'ex_msg_srv' with the following arguments: {'ament_cmake_args': None, 'build_base': '/home/neubility/ROS/ros2_communication_ws/build/ex_msg_srv', 'catkin_cmake_args': None, 'catkin_skip_building_tests': False, 'cmake_args': None, 'cmake_clean_cache': False, 'cmake_clean_first': False, 'cmake_force_configure': False, 'cmake_target': None, 'cmake_target_skip_unavailable': False, 'install_base': '/home/neubility/ROS/ros2_communication_ws/install/ex_msg_srv', 'merge_install': False, 'path': '/home/neubility/ROS/ros2_communication_ws/src/ex_msg_srv_pkg', 'symlink_install': False, 'test_result_base': None}
[0.169s] Level 5:colcon.colcon_core.verb:set package 'sub_ex' build argument 'cmake_args' from command line to 'None'
[0.169s] Level 5:colcon.colcon_core.verb:set package 'sub_ex' build argument 'cmake_target' from command line to 'None'
[0.169s] Level 5:colcon.colcon_core.verb:set package 'sub_ex' build argument 'cmake_target_skip_unavailable' from command line to 'False'
[0.169s] Level 5:colcon.colcon_core.verb:set package 'sub_ex' build argument 'cmake_clean_cache' from command line to 'False'
[0.169s] Level 5:colcon.colcon_core.verb:set package 'sub_ex' build argument 'cmake_clean_first' from command line to 'False'
[0.169s] Level 5:colcon.colcon_core.verb:set package 'sub_ex' build argument 'cmake_force_configure' from command line to 'False'
[0.169s] Level 5:colcon.colcon_core.verb:set package 'sub_ex' build argument 'ament_cmake_args' from command line to 'None'
[0.169s] Level 5:colcon.colcon_core.verb:set package 'sub_ex' build argument 'catkin_cmake_args' from command line to 'None'
[0.169s] Level 5:colcon.colcon_core.verb:set package 'sub_ex' build argument 'catkin_skip_building_tests' from command line to 'False'
[0.169s] DEBUG:colcon.colcon_core.verb:Building package 'sub_ex' with the following arguments: {'ament_cmake_args': None, 'build_base': '/home/neubility/ROS/ros2_communication_ws/build/sub_ex', 'catkin_cmake_args': None, 'catkin_skip_building_tests': False, 'cmake_args': None, 'cmake_clean_cache': False, 'cmake_clean_first': False, 'cmake_force_configure': False, 'cmake_target': None, 'cmake_target_skip_unavailable': False, 'install_base': '/home/neubility/ROS/ros2_communication_ws/install/sub_ex', 'merge_install': False, 'path': '/home/neubility/ROS/ros2_communication_ws/src/sub_ex_pkg', 'symlink_install': False, 'test_result_base': None}
[0.171s] Level 5:colcon.colcon_core.verb:set package 'practice_code_pkg' build argument 'cmake_args' from command line to 'None'
[0.171s] Level 5:colcon.colcon_core.verb:set package 'practice_code_pkg' build argument 'cmake_target' from command line to 'None'
[0.171s] Level 5:colcon.colcon_core.verb:set package 'practice_code_pkg' build argument 'cmake_target_skip_unavailable' from command line to 'False'
[0.171s] Level 5:colcon.colcon_core.verb:set package 'practice_code_pkg' build argument 'cmake_clean_cache' from command line to 'False'
[0.171s] Level 5:colcon.colcon_core.verb:set package 'practice_code_pkg' build argument 'cmake_clean_first' from command line to 'False'
[0.171s] Level 5:colcon.colcon_core.verb:set package 'practice_code_pkg' build argument 'cmake_force_configure' from command line to 'False'
[0.171s] Level 5:colcon.colcon_core.verb:set package 'practice_code_pkg' build argument 'ament_cmake_args' from command line to 'None'
[0.171s] Level 5:colcon.colcon_core.verb:set package 'practice_code_pkg' build argument 'catkin_cmake_args' from command line to 'None'
[0.172s] Level 5:colcon.colcon_core.verb:set package 'practice_code_pkg' build argument 'catkin_skip_building_tests' from command line to 'False'
[0.172s] DEBUG:colcon.colcon_core.verb:Building package 'practice_code_pkg' with the following arguments: {'ament_cmake_args': None, 'build_base': '/home/neubility/ROS/ros2_communication_ws/build/practice_code_pkg', 'catkin_cmake_args': None, 'catkin_skip_building_tests': False, 'cmake_args': None, 'cmake_clean_cache': False, 'cmake_clean_first': False, 'cmake_force_configure': False, 'cmake_target': None, 'cmake_target_skip_unavailable': False, 'install_base': '/home/neubility/ROS/ros2_communication_ws/install/practice_code_pkg', 'merge_install': False, 'path': '/home/neubility/ROS/ros2_communication_ws/src/practice_code_pkg', 'symlink_install': False, 'test_result_base': None}
[0.174s] Level 5:colcon.colcon_core.verb:set package 'pub_ex' build argument 'cmake_args' from command line to 'None'
[0.174s] Level 5:colcon.colcon_core.verb:set package 'pub_ex' build argument 'cmake_target' from command line to 'None'
[0.174s] Level 5:colcon.colcon_core.verb:set package 'pub_ex' build argument 'cmake_target_skip_unavailable' from command line to 'False'
[0.174s] Level 5:colcon.colcon_core.verb:set package 'pub_ex' build argument 'cmake_clean_cache' from command line to 'False'
[0.174s] Level 5:colcon.colcon_core.verb:set package 'pub_ex' build argument 'cmake_clean_first' from command line to 'False'
[0.174s] Level 5:colcon.colcon_core.verb:set package 'pub_ex' build argument 'cmake_force_configure' from command line to 'False'
[0.174s] Level 5:colcon.colcon_core.verb:set package 'pub_ex' build argument 'ament_cmake_args' from command line to 'None'
[0.174s] Level 5:colcon.colcon_core.verb:set package 'pub_ex' build argument 'catkin_cmake_args' from command line to 'None'
[0.174s] Level 5:colcon.colcon_core.verb:set package 'pub_ex' build argument 'catkin_skip_building_tests' from command line to 'False'
[0.174s] DEBUG:colcon.colcon_core.verb:Building package 'pub_ex' with the following arguments: {'ament_cmake_args': None, 'build_base': '/home/neubility/ROS/ros2_communication_ws/build/pub_ex', 'catkin_cmake_args': None, 'catkin_skip_building_tests': False, 'cmake_args': None, 'cmake_clean_cache': False, 'cmake_clean_first': False, 'cmake_force_configure': False, 'cmake_target': None, 'cmake_target_skip_unavailable': False, 'install_base': '/home/neubility/ROS/ros2_communication_ws/install/pub_ex', 'merge_install': False, 'path': '/home/neubility/ROS/ros2_communication_ws/src/pub_ex_pkg', 'symlink_install': False, 'test_result_base': None}
[0.176s] Level 5:colcon.colcon_core.verb:set package 'srv_client_pkg' build argument 'cmake_args' from command line to 'None'
[0.176s] Level 5:colcon.colcon_core.verb:set package 'srv_client_pkg' build argument 'cmake_target' from command line to 'None'
[0.176s] Level 5:colcon.colcon_core.verb:set package 'srv_client_pkg' build argument 'cmake_target_skip_unavailable' from command line to 'False'
[0.176s] Level 5:colcon.colcon_core.verb:set package 'srv_client_pkg' build argument 'cmake_clean_cache' from command line to 'False'
[0.176s] Level 5:colcon.colcon_core.verb:set package 'srv_client_pkg' build argument 'cmake_clean_first' from command line to 'False'
[0.176s] Level 5:colcon.colcon_core.verb:set package 'srv_client_pkg' build argument 'cmake_force_configure' from command line to 'False'
[0.176s] Level 5:colcon.colcon_core.verb:set package 'srv_client_pkg' build argument 'ament_cmake_args' from command line to 'None'
[0.176s] Level 5:colcon.colcon_core.verb:set package 'srv_client_pkg' build argument 'catkin_cmake_args' from command line to 'None'
[0.176s] Level 5:colcon.colcon_core.verb:set package 'srv_client_pkg' build argument 'catkin_skip_building_tests' from command line to 'False'
[0.176s] DEBUG:colcon.colcon_core.verb:Building package 'srv_client_pkg' with the following arguments: {'ament_cmake_args': None, 'build_base': '/home/neubility/ROS/ros2_communication_ws/build/srv_client_pkg', 'catkin_cmake_args': None, 'catkin_skip_building_tests': False, 'cmake_args': None, 'cmake_clean_cache': False, 'cmake_clean_first': False, 'cmake_force_configure': False, 'cmake_target': None, 'cmake_target_skip_unavailable': False, 'install_base': '/home/neubility/ROS/ros2_communication_ws/install/srv_client_pkg', 'merge_install': False, 'path': '/home/neubility/ROS/ros2_communication_ws/src/srv_client_pkg', 'symlink_install': False, 'test_result_base': None}
[0.178s] Level 5:colcon.colcon_core.verb:set package 'srv_server_pkg' build argument 'cmake_args' from command line to 'None'
[0.178s] Level 5:colcon.colcon_core.verb:set package 'srv_server_pkg' build argument 'cmake_target' from command line to 'None'
[0.178s] Level 5:colcon.colcon_core.verb:set package 'srv_server_pkg' build argument 'cmake_target_skip_unavailable' from command line to 'False'
[0.178s] Level 5:colcon.colcon_core.verb:set package 'srv_server_pkg' build argument 'cmake_clean_cache' from command line to 'False'
[0.178s] Level 5:colcon.colcon_core.verb:set package 'srv_server_pkg' build argument 'cmake_clean_first' from command line to 'False'
[0.178s] Level 5:colcon.colcon_core.verb:set package 'srv_server_pkg' build argument 'cmake_force_configure' from command line to 'False'
[0.178s] Level 5:colcon.colcon_core.verb:set package 'srv_server_pkg' build argument 'ament_cmake_args' from command line to 'None'
[0.178s] Level 5:colcon.colcon_core.verb:set package 'srv_server_pkg' build argument 'catkin_cmake_args' from command line to 'None'
[0.178s] Level 5:colcon.colcon_core.verb:set package 'srv_server_pkg' build argument 'catkin_skip_building_tests' from command line to 'False'
[0.178s] DEBUG:colcon.colcon_core.verb:Building package 'srv_server_pkg' with the following arguments: {'ament_cmake_args': None, 'build_base': '/home/neubility/ROS/ros2_communication_ws/build/srv_server_pkg', 'catkin_cmake_args': None, 'catkin_skip_building_tests': False, 'cmake_args': None, 'cmake_clean_cache': False, 'cmake_clean_first': False, 'cmake_force_configure': False, 'cmake_target': None, 'cmake_target_skip_unavailable': False, 'install_base': '/home/neubility/ROS/ros2_communication_ws/install/srv_server_pkg', 'merge_install': False, 'path': '/home/neubility/ROS/ros2_communication_ws/src/srv_server_pkg', 'symlink_install': False, 'test_result_base': None}
[0.179s] INFO:colcon.colcon_core.executor:Executing jobs using 'parallel' executor
[0.180s] DEBUG:colcon.colcon_parallel_executor.executor.parallel:run_until_complete
[0.181s] INFO:colcon.colcon_ros.task.ament_cmake.build:Building ROS package in '/home/neubility/ROS/ros2_communication_ws/src/ex_msg_srv_pkg' with build type 'ament_cmake'
[0.181s] INFO:colcon.colcon_cmake.task.cmake.build:Building CMake package in '/home/neubility/ROS/ros2_communication_ws/src/ex_msg_srv_pkg'
[0.185s] INFO:colcon.colcon_core.plugin_system:Skipping extension 'colcon_core.shell.bat': Not used on non-Windows systems
[0.185s] INFO:colcon.colcon_core.shell:Skip shell extension 'powershell' for command environment: Not usable outside of PowerShell
[0.185s] DEBUG:colcon.colcon_core.shell:Skip shell extension 'dsv' for command environment
[0.188s] DEBUG:colcon.colcon_core.shell:Ignoring prefix path '/opt/ros/eloquent'
[0.190s] INFO:colcon.colcon_ros.task.ament_cmake.build:Building ROS package in '/home/neubility/ROS/ros2_communication_ws/src/sub_ex_pkg' with build type 'ament_cmake'
[0.190s] INFO:colcon.colcon_cmake.task.cmake.build:Building CMake package in '/home/neubility/ROS/ros2_communication_ws/src/sub_ex_pkg'
[0.191s] INFO:colcon.colcon_core.shell:Skip shell extension 'powershell' for command environment: Not usable outside of PowerShell
[0.191s] DEBUG:colcon.colcon_core.shell:Skip shell extension 'dsv' for command environment
[0.193s] DEBUG:colcon.colcon_core.shell:Ignoring prefix path '/opt/ros/eloquent'
[0.200s] DEBUG:colcon.colcon_core.event_handler.log_command:Invoking command in '/home/neubility/ROS/ros2_communication_ws/build/ex_msg_srv': CMAKE_PREFIX_PATH=${CMAKE_PREFIX_PATH}:/opt/ros/eloquent /usr/bin/cmake --build /home/neubility/ROS/ros2_communication_ws/build/ex_msg_srv -- -j16 -l16
[0.208s] DEBUG:colcon.colcon_core.event_handler.log_command:Invoking command in '/home/neubility/ROS/ros2_communication_ws/build/sub_ex': CMAKE_PREFIX_PATH=${CMAKE_PREFIX_PATH}:/opt/ros/eloquent /usr/bin/cmake --build /home/neubility/ROS/ros2_communication_ws/build/sub_ex -- -j16 -l16
[0.273s] DEBUG:colcon.colcon_core.event_handler.log_command:Invoked command in '/home/neubility/ROS/ros2_communication_ws/build/sub_ex' returned '0': CMAKE_PREFIX_PATH=${CMAKE_PREFIX_PATH}:/opt/ros/eloquent /usr/bin/cmake --build /home/neubility/ROS/ros2_communication_ws/build/sub_ex -- -j16 -l16
[0.301s] DEBUG:colcon.colcon_core.event_handler.log_command:Invoking command in '/home/neubility/ROS/ros2_communication_ws/build/sub_ex': CMAKE_PREFIX_PATH=${CMAKE_PREFIX_PATH}:/opt/ros/eloquent /usr/bin/cmake --build /home/neubility/ROS/ros2_communication_ws/build/sub_ex --target install -- -j16 -l16
[0.390s] Level 1:colcon.colcon_core.environment:create_environment_scripts_only(sub_ex)
[0.391s] DEBUG:colcon.colcon_core.event_handler.log_command:Invoked command in '/home/neubility/ROS/ros2_communication_ws/build/sub_ex' returned '0': CMAKE_PREFIX_PATH=${CMAKE_PREFIX_PATH}:/opt/ros/eloquent /usr/bin/cmake --build /home/neubility/ROS/ros2_communication_ws/build/sub_ex --target install -- -j16 -l16
[0.394s] Level 1:colcon.colcon_core.environment:checking '/home/neubility/ROS/ros2_communication_ws/install/sub_ex' for CMake module files
[0.395s] Level 1:colcon.colcon_core.environment:checking '/home/neubility/ROS/ros2_communication_ws/install/sub_ex' for CMake config files
[0.395s] Level 1:colcon.colcon_core.shell:create_environment_hook('sub_ex', 'cmake_prefix_path')
[0.395s] INFO:colcon.colcon_core.shell:Creating environment hook '/home/neubility/ROS/ros2_communication_ws/install/sub_ex/share/sub_ex/hook/cmake_prefix_path.ps1'
[0.396s] INFO:colcon.colcon_core.shell:Creating environment descriptor '/home/neubility/ROS/ros2_communication_ws/install/sub_ex/share/sub_ex/hook/cmake_prefix_path.dsv'
[0.396s] INFO:colcon.colcon_core.shell:Creating environment hook '/home/neubility/ROS/ros2_communication_ws/install/sub_ex/share/sub_ex/hook/cmake_prefix_path.sh'
[0.397s] Level 1:colcon.colcon_core.environment:checking '/home/neubility/ROS/ros2_communication_ws/install/sub_ex/lib'
[0.398s] Level 1:colcon.colcon_core.environment:checking '/home/neubility/ROS/ros2_communication_ws/install/sub_ex/bin'
[0.398s] Level 1:colcon.colcon_core.environment:checking '/home/neubility/ROS/ros2_communication_ws/install/sub_ex/lib/pkgconfig/sub_ex.pc'
[0.398s] Level 1:colcon.colcon_core.environment:checking '/home/neubility/ROS/ros2_communication_ws/install/sub_ex/lib/python3.6/site-packages'
[0.398s] INFO:colcon.colcon_core.shell:Creating package script '/home/neubility/ROS/ros2_communication_ws/install/sub_ex/share/sub_ex/package.ps1'
[0.399s] INFO:colcon.colcon_core.shell:Creating package descriptor '/home/neubility/ROS/ros2_communication_ws/install/sub_ex/share/sub_ex/package.dsv'
[0.400s] INFO:colcon.colcon_core.shell:Creating package script '/home/neubility/ROS/ros2_communication_ws/install/sub_ex/share/sub_ex/package.sh'
[0.400s] INFO:colcon.colcon_core.shell:Creating package script '/home/neubility/ROS/ros2_communication_ws/install/sub_ex/share/sub_ex/package.bash'
[0.401s] INFO:colcon.colcon_core.shell:Creating package script '/home/neubility/ROS/ros2_communication_ws/install/sub_ex/share/sub_ex/package.zsh'
[0.402s] Level 1:colcon.colcon_core.environment:create_file_with_runtime_dependencies(/home/neubility/ROS/ros2_communication_ws/install/sub_ex/share/colcon-core/packages/sub_ex)
[0.405s] DEBUG:colcon.colcon_core.event_handler.log_command:Invoked command in '/home/neubility/ROS/ros2_communication_ws/build/ex_msg_srv' returned '0': CMAKE_PREFIX_PATH=${CMAKE_PREFIX_PATH}:/opt/ros/eloquent /usr/bin/cmake --build /home/neubility/ROS/ros2_communication_ws/build/ex_msg_srv -- -j16 -l16
[0.426s] Level 1:colcon.colcon_core.environment:create_environment_scripts_only(sub_ex)
[0.428s] Level 1:colcon.colcon_core.environment:checking '/home/neubility/ROS/ros2_communication_ws/install/sub_ex' for CMake module files
[0.428s] Level 1:colcon.colcon_core.environment:checking '/home/neubility/ROS/ros2_communication_ws/install/sub_ex' for CMake config files
[0.429s] Level 1:colcon.colcon_core.shell:create_environment_hook('sub_ex', 'cmake_prefix_path')
[0.429s] INFO:colcon.colcon_core.shell:Creating environment hook '/home/neubility/ROS/ros2_communication_ws/install/sub_ex/share/sub_ex/hook/cmake_prefix_path.ps1'
[0.430s] INFO:colcon.colcon_core.shell:Creating environment descriptor '/home/neubility/ROS/ros2_communication_ws/install/sub_ex/share/sub_ex/hook/cmake_prefix_path.dsv'
[0.430s] INFO:colcon.colcon_core.shell:Creating environment hook '/home/neubility/ROS/ros2_communication_ws/install/sub_ex/share/sub_ex/hook/cmake_prefix_path.sh'
[0.432s] Level 1:colcon.colcon_core.environment:checking '/home/neubility/ROS/ros2_communication_ws/install/sub_ex/lib'
[0.432s] Level 1:colcon.colcon_core.environment:checking '/home/neubility/ROS/ros2_communication_ws/install/sub_ex/bin'
[0.432s] Level 1:colcon.colcon_core.environment:checking '/home/neubility/ROS/ros2_communication_ws/install/sub_ex/lib/pkgconfig/sub_ex.pc'
[0.432s] Level 1:colcon.colcon_core.environment:checking '/home/neubility/ROS/ros2_communication_ws/install/sub_ex/lib/python3.6/site-packages'
[0.433s] INFO:colcon.colcon_core.shell:Creating package script '/home/neubility/ROS/ros2_communication_ws/install/sub_ex/share/sub_ex/package.ps1'
[0.435s] INFO:colcon.colcon_core.shell:Creating package descriptor '/home/neubility/ROS/ros2_communication_ws/install/sub_ex/share/sub_ex/package.dsv'
[0.435s] INFO:colcon.colcon_core.shell:Creating package script '/home/neubility/ROS/ros2_communication_ws/install/sub_ex/share/sub_ex/package.sh'
[0.436s] INFO:colcon.colcon_core.shell:Creating package script '/home/neubility/ROS/ros2_communication_ws/install/sub_ex/share/sub_ex/package.bash'
[0.438s] INFO:colcon.colcon_core.shell:Creating package script '/home/neubility/ROS/ros2_communication_ws/install/sub_ex/share/sub_ex/package.zsh'
[0.439s] Level 1:colcon.colcon_core.environment:create_file_with_runtime_dependencies(/home/neubility/ROS/ros2_communication_ws/install/sub_ex/share/colcon-core/packages/sub_ex)
[0.462s] DEBUG:colcon.colcon_core.event_handler.log_command:Invoking command in '/home/neubility/ROS/ros2_communication_ws/build/ex_msg_srv': CMAKE_PREFIX_PATH=${CMAKE_PREFIX_PATH}:/opt/ros/eloquent /usr/bin/cmake --build /home/neubility/ROS/ros2_communication_ws/build/ex_msg_srv --target install -- -j16 -l16
[0.787s] Level 1:colcon.colcon_core.environment:create_environment_scripts_only(ex_msg_srv)
[0.789s] Level 1:colcon.colcon_core.environment:checking '/home/neubility/ROS/ros2_communication_ws/install/ex_msg_srv' for CMake module files
[0.789s] DEBUG:colcon.colcon_core.event_handler.log_command:Invoked command in '/home/neubility/ROS/ros2_communication_ws/build/ex_msg_srv' returned '0': CMAKE_PREFIX_PATH=${CMAKE_PREFIX_PATH}:/opt/ros/eloquent /usr/bin/cmake --build /home/neubility/ROS/ros2_communication_ws/build/ex_msg_srv --target install -- -j16 -l16
[0.790s] Level 1:colcon.colcon_core.environment:checking '/home/neubility/ROS/ros2_communication_ws/install/ex_msg_srv' for CMake config files
[0.791s] Level 1:colcon.colcon_core.shell:create_environment_hook('ex_msg_srv', 'cmake_prefix_path')
[0.792s] INFO:colcon.colcon_core.shell:Creating environment hook '/home/neubility/ROS/ros2_communication_ws/install/ex_msg_srv/share/ex_msg_srv/hook/cmake_prefix_path.ps1'
[0.793s] INFO:colcon.colcon_core.shell:Creating environment descriptor '/home/neubility/ROS/ros2_communication_ws/install/ex_msg_srv/share/ex_msg_srv/hook/cmake_prefix_path.dsv'
[0.794s] INFO:colcon.colcon_core.shell:Creating environment hook '/home/neubility/ROS/ros2_communication_ws/install/ex_msg_srv/share/ex_msg_srv/hook/cmake_prefix_path.sh'
[0.795s] Level 1:colcon.colcon_core.environment:checking '/home/neubility/ROS/ros2_communication_ws/install/ex_msg_srv/lib'
[0.795s] Level 1:colcon.colcon_core.shell:create_environment_hook('ex_msg_srv', 'ld_library_path_lib')
[0.796s] INFO:colcon.colcon_core.shell:Creating environment hook '/home/neubility/ROS/ros2_communication_ws/install/ex_msg_srv/share/ex_msg_srv/hook/ld_library_path_lib.ps1'
[0.797s] INFO:colcon.colcon_core.shell:Creating environment descriptor '/home/neubility/ROS/ros2_communication_ws/install/ex_msg_srv/share/ex_msg_srv/hook/ld_library_path_lib.dsv'
[0.798s] INFO:colcon.colcon_core.shell:Creating environment hook '/home/neubility/ROS/ros2_communication_ws/install/ex_msg_srv/share/ex_msg_srv/hook/ld_library_path_lib.sh'
[0.798s] Level 1:colcon.colcon_core.environment:checking '/home/neubility/ROS/ros2_communication_ws/install/ex_msg_srv/bin'
[0.798s] Level 1:colcon.colcon_core.environment:checking '/home/neubility/ROS/ros2_communication_ws/install/ex_msg_srv/lib/pkgconfig/ex_msg_srv.pc'
[0.798s] Level 1:colcon.colcon_core.environment:checking '/home/neubility/ROS/ros2_communication_ws/install/ex_msg_srv/lib/python3.6/site-packages'
[0.798s] Level 1:colcon.colcon_core.shell:create_environment_hook('ex_msg_srv', 'pythonpath')
[0.799s] INFO:colcon.colcon_core.shell:Creating environment hook '/home/neubility/ROS/ros2_communication_ws/install/ex_msg_srv/share/ex_msg_srv/hook/pythonpath.ps1'
[0.799s] INFO:colcon.colcon_core.shell:Creating environment descriptor '/home/neubility/ROS/ros2_communication_ws/install/ex_msg_srv/share/ex_msg_srv/hook/pythonpath.dsv'
[0.800s] INFO:colcon.colcon_core.shell:Creating environment hook '/home/neubility/ROS/ros2_communication_ws/install/ex_msg_srv/share/ex_msg_srv/hook/pythonpath.sh'
[0.801s] INFO:colcon.colcon_core.shell:Creating package script '/home/neubility/ROS/ros2_communication_ws/install/ex_msg_srv/share/ex_msg_srv/package.ps1'
[0.801s] INFO:colcon.colcon_core.shell:Creating package descriptor '/home/neubility/ROS/ros2_communication_ws/install/ex_msg_srv/share/ex_msg_srv/package.dsv'
[0.802s] INFO:colcon.colcon_core.shell:Creating package script '/home/neubility/ROS/ros2_communication_ws/install/ex_msg_srv/share/ex_msg_srv/package.sh'
[0.802s] INFO:colcon.colcon_core.shell:Creating package script '/home/neubility/ROS/ros2_communication_ws/install/ex_msg_srv/share/ex_msg_srv/package.bash'
[0.803s] INFO:colcon.colcon_core.shell:Creating package script '/home/neubility/ROS/ros2_communication_ws/install/ex_msg_srv/share/ex_msg_srv/package.zsh'
[0.803s] Level 1:colcon.colcon_core.environment:create_file_with_runtime_dependencies(/home/neubility/ROS/ros2_communication_ws/install/ex_msg_srv/share/colcon-core/packages/ex_msg_srv)
[0.883s] Level 1:colcon.colcon_core.environment:create_environment_scripts_only(ex_msg_srv)
[0.884s] Level 1:colcon.colcon_core.environment:checking '/home/neubility/ROS/ros2_communication_ws/install/ex_msg_srv' for CMake module files
[0.885s] Level 1:colcon.colcon_core.environment:checking '/home/neubility/ROS/ros2_communication_ws/install/ex_msg_srv' for CMake config files
[0.885s] Level 1:colcon.colcon_core.shell:create_environment_hook('ex_msg_srv', 'cmake_prefix_path')
[0.886s] INFO:colcon.colcon_core.shell:Creating environment hook '/home/neubility/ROS/ros2_communication_ws/install/ex_msg_srv/share/ex_msg_srv/hook/cmake_prefix_path.ps1'
[0.887s] INFO:colcon.colcon_core.shell:Creating environment descriptor '/home/neubility/ROS/ros2_communication_ws/install/ex_msg_srv/share/ex_msg_srv/hook/cmake_prefix_path.dsv'
[0.887s] INFO:colcon.colcon_core.shell:Creating environment hook '/home/neubility/ROS/ros2_communication_ws/install/ex_msg_srv/share/ex_msg_srv/hook/cmake_prefix_path.sh'
[0.888s] Level 1:colcon.colcon_core.environment:checking '/home/neubility/ROS/ros2_communication_ws/install/ex_msg_srv/lib'
[0.888s] Level 1:colcon.colcon_core.shell:create_environment_hook('ex_msg_srv', 'ld_library_path_lib')
[0.890s] INFO:colcon.colcon_core.shell:Creating environment hook '/home/neubility/ROS/ros2_communication_ws/install/ex_msg_srv/share/ex_msg_srv/hook/ld_library_path_lib.ps1'
[0.890s] INFO:colcon.colcon_core.shell:Creating environment descriptor '/home/neubility/ROS/ros2_communication_ws/install/ex_msg_srv/share/ex_msg_srv/hook/ld_library_path_lib.dsv'
[0.891s] INFO:colcon.colcon_core.shell:Creating environment hook '/home/neubility/ROS/ros2_communication_ws/install/ex_msg_srv/share/ex_msg_srv/hook/ld_library_path_lib.sh'
[0.891s] Level 1:colcon.colcon_core.environment:checking '/home/neubility/ROS/ros2_communication_ws/install/ex_msg_srv/bin'
[0.891s] Level 1:colcon.colcon_core.environment:checking '/home/neubility/ROS/ros2_communication_ws/install/ex_msg_srv/lib/pkgconfig/ex_msg_srv.pc'
[0.891s] Level 1:colcon.colcon_core.environment:checking '/home/neubility/ROS/ros2_communication_ws/install/ex_msg_srv/lib/python3.6/site-packages'
[0.891s] Level 1:colcon.colcon_core.shell:create_environment_hook('ex_msg_srv', 'pythonpath')
[0.892s] INFO:colcon.colcon_core.shell:Creating environment hook '/home/neubility/ROS/ros2_communication_ws/install/ex_msg_srv/share/ex_msg_srv/hook/pythonpath.ps1'
[0.892s] INFO:colcon.colcon_core.shell:Creating environment descriptor '/home/neubility/ROS/ros2_communication_ws/install/ex_msg_srv/share/ex_msg_srv/hook/pythonpath.dsv'
[0.893s] INFO:colcon.colcon_core.shell:Creating environment hook '/home/neubility/ROS/ros2_communication_ws/install/ex_msg_srv/share/ex_msg_srv/hook/pythonpath.sh'
[0.894s] INFO:colcon.colcon_core.shell:Creating package script '/home/neubility/ROS/ros2_communication_ws/install/ex_msg_srv/share/ex_msg_srv/package.ps1'
[0.894s] INFO:colcon.colcon_core.shell:Creating package descriptor '/home/neubility/ROS/ros2_communication_ws/install/ex_msg_srv/share/ex_msg_srv/package.dsv'
[0.895s] INFO:colcon.colcon_core.shell:Creating package script '/home/neubility/ROS/ros2_communication_ws/install/ex_msg_srv/share/ex_msg_srv/package.sh'
[0.895s] INFO:colcon.colcon_core.shell:Creating package script '/home/neubility/ROS/ros2_communication_ws/install/ex_msg_srv/share/ex_msg_srv/package.bash'
[0.896s] INFO:colcon.colcon_core.shell:Creating package script '/home/neubility/ROS/ros2_communication_ws/install/ex_msg_srv/share/ex_msg_srv/package.zsh'
[0.896s] Level 1:colcon.colcon_core.environment:create_file_with_runtime_dependencies(/home/neubility/ROS/ros2_communication_ws/install/ex_msg_srv/share/colcon-core/packages/ex_msg_srv)
[0.896s] INFO:colcon.colcon_ros.task.ament_cmake.build:Building ROS package in '/home/neubility/ROS/ros2_communication_ws/src/practice_code_pkg' with build type 'ament_cmake'
[0.897s] INFO:colcon.colcon_cmake.task.cmake.build:Building CMake package in '/home/neubility/ROS/ros2_communication_ws/src/practice_code_pkg'
[0.897s] INFO:colcon.colcon_core.shell:Skip shell extension 'powershell' for command environment: Not usable outside of PowerShell
[0.897s] DEBUG:colcon.colcon_core.shell:Skip shell extension 'dsv' for command environment
[0.899s] DEBUG:colcon.colcon_core.shell:Ignoring prefix path '/opt/ros/eloquent'
[0.902s] INFO:colcon.colcon_ros.task.ament_cmake.build:Building ROS package in '/home/neubility/ROS/ros2_communication_ws/src/pub_ex_pkg' with build type 'ament_cmake'
[0.902s] INFO:colcon.colcon_cmake.task.cmake.build:Building CMake package in '/home/neubility/ROS/ros2_communication_ws/src/pub_ex_pkg'
[0.903s] INFO:colcon.colcon_core.shell:Skip shell extension 'powershell' for command environment: Not usable outside of PowerShell
[0.903s] DEBUG:colcon.colcon_core.shell:Skip shell extension 'dsv' for command environment
[0.905s] DEBUG:colcon.colcon_core.shell:Ignoring prefix path '/opt/ros/eloquent'
[0.907s] INFO:colcon.colcon_ros.task.ament_cmake.build:Building ROS package in '/home/neubility/ROS/ros2_communication_ws/src/srv_client_pkg' with build type 'ament_cmake'
[0.907s] INFO:colcon.colcon_cmake.task.cmake.build:Building CMake package in '/home/neubility/ROS/ros2_communication_ws/src/srv_client_pkg'
[0.908s] INFO:colcon.colcon_core.shell:Skip shell extension 'powershell' for command environment: Not usable outside of PowerShell
[0.909s] DEBUG:colcon.colcon_core.shell:Skip shell extension 'dsv' for command environment
[0.911s] DEBUG:colcon.colcon_core.shell:Ignoring prefix path '/opt/ros/eloquent'
[0.912s] INFO:colcon.colcon_ros.task.ament_cmake.build:Building ROS package in '/home/neubility/ROS/ros2_communication_ws/src/srv_server_pkg' with build type 'ament_cmake'
[0.913s] INFO:colcon.colcon_cmake.task.cmake.build:Building CMake package in '/home/neubility/ROS/ros2_communication_ws/src/srv_server_pkg'
[0.914s] INFO:colcon.colcon_core.shell:Skip shell extension 'powershell' for command environment: Not usable outside of PowerShell
[0.914s] DEBUG:colcon.colcon_core.shell:Skip shell extension 'dsv' for command environment
[0.916s] DEBUG:colcon.colcon_core.shell:Ignoring prefix path '/opt/ros/eloquent'
[0.923s] DEBUG:colcon.colcon_core.event_handler.log_command:Invoking command in '/home/neubility/ROS/ros2_communication_ws/build/practice_code_pkg': CMAKE_PREFIX_PATH=/home/neubility/ROS/ros2_communication_ws/install/ex_msg_srv:/home/neubility/ROS/ros2_communication_ws/install/srv_client_pkg:/home/neubility/ROS/ros2_communication_ws/install/sub_ex:/home/neubility/ROS/ros2_communication_ws/install/srv_server_pkg:/home/neubility/ROS/ros2_communication_ws/install/pub_ex:/home/neubility/ROS/ros2_communication_ws/install/practice_code_pkg:/opt/ros/eloquent /usr/bin/cmake --build /home/neubility/ROS/ros2_communication_ws/build/practice_code_pkg -- -j16 -l16
[0.929s] DEBUG:colcon.colcon_core.event_handler.log_command:Invoking command in '/home/neubility/ROS/ros2_communication_ws/build/pub_ex': CMAKE_PREFIX_PATH=/home/neubility/ROS/ros2_communication_ws/install/ex_msg_srv:/home/neubility/ROS/ros2_communication_ws/install/srv_client_pkg:/home/neubility/ROS/ros2_communication_ws/install/sub_ex:/home/neubility/ROS/ros2_communication_ws/install/srv_server_pkg:/home/neubility/ROS/ros2_communication_ws/install/pub_ex:/home/neubility/ROS/ros2_communication_ws/install/practice_code_pkg:/opt/ros/eloquent /usr/bin/cmake --build /home/neubility/ROS/ros2_communication_ws/build/pub_ex -- -j16 -l16
[0.932s] DEBUG:colcon.colcon_core.event_handler.log_command:Invoking command in '/home/neubility/ROS/ros2_communication_ws/build/srv_client_pkg': CMAKE_PREFIX_PATH=/home/neubility/ROS/ros2_communication_ws/install/ex_msg_srv:/home/neubility/ROS/ros2_communication_ws/install/srv_client_pkg:/home/neubility/ROS/ros2_communication_ws/install/sub_ex:/home/neubility/ROS/ros2_communication_ws/install/srv_server_pkg:/home/neubility/ROS/ros2_communication_ws/install/pub_ex:/home/neubility/ROS/ros2_communication_ws/install/practice_code_pkg:/opt/ros/eloquent /usr/bin/cmake --build /home/neubility/ROS/ros2_communication_ws/build/srv_client_pkg -- -j16 -l16
[0.940s] DEBUG:colcon.colcon_core.event_handler.log_command:Invoking command in '/home/neubility/ROS/ros2_communication_ws/build/srv_server_pkg': CMAKE_PREFIX_PATH=/home/neubility/ROS/ros2_communication_ws/install/ex_msg_srv:/home/neubility/ROS/ros2_communication_ws/install/srv_client_pkg:/home/neubility/ROS/ros2_communication_ws/install/sub_ex:/home/neubility/ROS/ros2_communication_ws/install/srv_server_pkg:/home/neubility/ROS/ros2_communication_ws/install/pub_ex:/home/neubility/ROS/ros2_communication_ws/install/practice_code_pkg:/opt/ros/eloquent /usr/bin/cmake --build /home/neubility/ROS/ros2_communication_ws/build/srv_server_pkg -- -j16 -l16
[0.989s] DEBUG:colcon.colcon_core.event_handler.log_command:Invoked command in '/home/neubility/ROS/ros2_communication_ws/build/practice_code_pkg' returned '0': CMAKE_PREFIX_PATH=/home/neubility/ROS/ros2_communication_ws/install/ex_msg_srv:/home/neubility/ROS/ros2_communication_ws/install/srv_client_pkg:/home/neubility/ROS/ros2_communication_ws/install/sub_ex:/home/neubility/ROS/ros2_communication_ws/install/srv_server_pkg:/home/neubility/ROS/ros2_communication_ws/install/pub_ex:/home/neubility/ROS/ros2_communication_ws/install/practice_code_pkg:/opt/ros/eloquent /usr/bin/cmake --build /home/neubility/ROS/ros2_communication_ws/build/practice_code_pkg -- -j16 -l16
[0.992s] DEBUG:colcon.colcon_core.event_handler.log_command:Invoked command in '/home/neubility/ROS/ros2_communication_ws/build/pub_ex' returned '0': CMAKE_PREFIX_PATH=/home/neubility/ROS/ros2_communication_ws/install/ex_msg_srv:/home/neubility/ROS/ros2_communication_ws/install/srv_client_pkg:/home/neubility/ROS/ros2_communication_ws/install/sub_ex:/home/neubility/ROS/ros2_communication_ws/install/srv_server_pkg:/home/neubility/ROS/ros2_communication_ws/install/pub_ex:/home/neubility/ROS/ros2_communication_ws/install/practice_code_pkg:/opt/ros/eloquent /usr/bin/cmake --build /home/neubility/ROS/ros2_communication_ws/build/pub_ex -- -j16 -l16
[0.994s] DEBUG:colcon.colcon_core.event_handler.log_command:Invoked command in '/home/neubility/ROS/ros2_communication_ws/build/srv_client_pkg' returned '0': CMAKE_PREFIX_PATH=/home/neubility/ROS/ros2_communication_ws/install/ex_msg_srv:/home/neubility/ROS/ros2_communication_ws/install/srv_client_pkg:/home/neubility/ROS/ros2_communication_ws/install/sub_ex:/home/neubility/ROS/ros2_communication_ws/install/srv_server_pkg:/home/neubility/ROS/ros2_communication_ws/install/pub_ex:/home/neubility/ROS/ros2_communication_ws/install/practice_code_pkg:/opt/ros/eloquent /usr/bin/cmake --build /home/neubility/ROS/ros2_communication_ws/build/srv_client_pkg -- -j16 -l16
[1.012s] DEBUG:colcon.colcon_core.event_handler.log_command:Invoking command in '/home/neubility/ROS/ros2_communication_ws/build/practice_code_pkg': CMAKE_PREFIX_PATH=/home/neubility/ROS/ros2_communication_ws/install/ex_msg_srv:/home/neubility/ROS/ros2_communication_ws/install/srv_client_pkg:/home/neubility/ROS/ros2_communication_ws/install/sub_ex:/home/neubility/ROS/ros2_communication_ws/install/srv_server_pkg:/home/neubility/ROS/ros2_communication_ws/install/pub_ex:/home/neubility/ROS/ros2_communication_ws/install/practice_code_pkg:/opt/ros/eloquent /usr/bin/cmake --build /home/neubility/ROS/ros2_communication_ws/build/practice_code_pkg --target install -- -j16 -l16
[1.016s] DEBUG:colcon.colcon_core.event_handler.log_command:Invoking command in '/home/neubility/ROS/ros2_communication_ws/build/pub_ex': CMAKE_PREFIX_PATH=/home/neubility/ROS/ros2_communication_ws/install/ex_msg_srv:/home/neubility/ROS/ros2_communication_ws/install/srv_client_pkg:/home/neubility/ROS/ros2_communication_ws/install/sub_ex:/home/neubility/ROS/ros2_communication_ws/install/srv_server_pkg:/home/neubility/ROS/ros2_communication_ws/install/pub_ex:/home/neubility/ROS/ros2_communication_ws/install/practice_code_pkg:/opt/ros/eloquent /usr/bin/cmake --build /home/neubility/ROS/ros2_communication_ws/build/pub_ex --target install -- -j16 -l16
[1.018s] DEBUG:colcon.colcon_core.event_handler.log_command:Invoking command in '/home/neubility/ROS/ros2_communication_ws/build/srv_client_pkg': CMAKE_PREFIX_PATH=/home/neubility/ROS/ros2_communication_ws/install/ex_msg_srv:/home/neubility/ROS/ros2_communication_ws/install/srv_client_pkg:/home/neubility/ROS/ros2_communication_ws/install/sub_ex:/home/neubility/ROS/ros2_communication_ws/install/srv_server_pkg:/home/neubility/ROS/ros2_communication_ws/install/pub_ex:/home/neubility/ROS/ros2_communication_ws/install/practice_code_pkg:/opt/ros/eloquent /usr/bin/cmake --build /home/neubility/ROS/ros2_communication_ws/build/srv_client_pkg --target install -- -j16 -l16
[1.094s] Level 1:colcon.colcon_core.environment:create_environment_scripts_only(pub_ex)
[1.095s] Level 1:colcon.colcon_core.environment:checking '/home/neubility/ROS/ros2_communication_ws/install/pub_ex' for CMake module files
[1.095s] DEBUG:colcon.colcon_core.event_handler.log_command:Invoked command in '/home/neubility/ROS/ros2_communication_ws/build/pub_ex' returned '0': CMAKE_PREFIX_PATH=/home/neubility/ROS/ros2_communication_ws/install/ex_msg_srv:/home/neubility/ROS/ros2_communication_ws/install/srv_client_pkg:/home/neubility/ROS/ros2_communication_ws/install/sub_ex:/home/neubility/ROS/ros2_communication_ws/install/srv_server_pkg:/home/neubility/ROS/ros2_communication_ws/install/pub_ex:/home/neubility/ROS/ros2_communication_ws/install/practice_code_pkg:/opt/ros/eloquent /usr/bin/cmake --build /home/neubility/ROS/ros2_communication_ws/build/pub_ex --target install -- -j16 -l16
[1.096s] Level 1:colcon.colcon_core.environment:checking '/home/neubility/ROS/ros2_communication_ws/install/pub_ex' for CMake config files
[1.097s] Level 1:colcon.colcon_core.shell:create_environment_hook('pub_ex', 'cmake_prefix_path')
[1.098s] INFO:colcon.colcon_core.shell:Creating environment hook '/home/neubility/ROS/ros2_communication_ws/install/pub_ex/share/pub_ex/hook/cmake_prefix_path.ps1'
[1.098s] INFO:colcon.colcon_core.shell:Creating environment descriptor '/home/neubility/ROS/ros2_communication_ws/install/pub_ex/share/pub_ex/hook/cmake_prefix_path.dsv'
[1.099s] INFO:colcon.colcon_core.shell:Creating environment hook '/home/neubility/ROS/ros2_communication_ws/install/pub_ex/share/pub_ex/hook/cmake_prefix_path.sh'
[1.100s] Level 1:colcon.colcon_core.environment:checking '/home/neubility/ROS/ros2_communication_ws/install/pub_ex/lib'
[1.100s] Level 1:colcon.colcon_core.environment:checking '/home/neubility/ROS/ros2_communication_ws/install/pub_ex/bin'
[1.100s] Level 1:colcon.colcon_core.environment:checking '/home/neubility/ROS/ros2_communication_ws/install/pub_ex/lib/pkgconfig/pub_ex.pc'
[1.100s] Level 1:colcon.colcon_core.environment:checking '/home/neubility/ROS/ros2_communication_ws/install/pub_ex/lib/python3.6/site-packages'
[1.101s] INFO:colcon.colcon_core.shell:Creating package script '/home/neubility/ROS/ros2_communication_ws/install/pub_ex/share/pub_ex/package.ps1'
[1.102s] INFO:colcon.colcon_core.shell:Creating package descriptor '/home/neubility/ROS/ros2_communication_ws/install/pub_ex/share/pub_ex/package.dsv'
[1.103s] INFO:colcon.colcon_core.shell:Creating package script '/home/neubility/ROS/ros2_communication_ws/install/pub_ex/share/pub_ex/package.sh'
[1.103s] INFO:colcon.colcon_core.shell:Creating package script '/home/neubility/ROS/ros2_communication_ws/install/pub_ex/share/pub_ex/package.bash'
[1.103s] INFO:colcon.colcon_core.shell:Creating package script '/home/neubility/ROS/ros2_communication_ws/install/pub_ex/share/pub_ex/package.zsh'
[1.103s] Level 1:colcon.colcon_core.environment:create_file_with_runtime_dependencies(/home/neubility/ROS/ros2_communication_ws/install/pub_ex/share/colcon-core/packages/pub_ex)
[1.107s] Level 1:colcon.colcon_core.environment:create_environment_scripts_only(practice_code_pkg)
[1.108s] Level 1:colcon.colcon_core.environment:checking '/home/neubility/ROS/ros2_communication_ws/install/practice_code_pkg' for CMake module files
[1.109s] DEBUG:colcon.colcon_core.event_handler.log_command:Invoked command in '/home/neubility/ROS/ros2_communication_ws/build/practice_code_pkg' returned '0': CMAKE_PREFIX_PATH=/home/neubility/ROS/ros2_communication_ws/install/ex_msg_srv:/home/neubility/ROS/ros2_communication_ws/install/srv_client_pkg:/home/neubility/ROS/ros2_communication_ws/install/sub_ex:/home/neubility/ROS/ros2_communication_ws/install/srv_server_pkg:/home/neubility/ROS/ros2_communication_ws/install/pub_ex:/home/neubility/ROS/ros2_communication_ws/install/practice_code_pkg:/opt/ros/eloquent /usr/bin/cmake --build /home/neubility/ROS/ros2_communication_ws/build/practice_code_pkg --target install -- -j16 -l16
[1.109s] Level 1:colcon.colcon_core.environment:checking '/home/neubility/ROS/ros2_communication_ws/install/practice_code_pkg' for CMake config files
[1.109s] Level 1:colcon.colcon_core.shell:create_environment_hook('practice_code_pkg', 'cmake_prefix_path')
[1.110s] INFO:colcon.colcon_core.shell:Creating environment hook '/home/neubility/ROS/ros2_communication_ws/install/practice_code_pkg/share/practice_code_pkg/hook/cmake_prefix_path.ps1'
[1.111s] INFO:colcon.colcon_core.shell:Creating environment descriptor '/home/neubility/ROS/ros2_communication_ws/install/practice_code_pkg/share/practice_code_pkg/hook/cmake_prefix_path.dsv'
[1.111s] INFO:colcon.colcon_core.shell:Creating environment hook '/home/neubility/ROS/ros2_communication_ws/install/practice_code_pkg/share/practice_code_pkg/hook/cmake_prefix_path.sh'
[1.111s] Level 1:colcon.colcon_core.environment:checking '/home/neubility/ROS/ros2_communication_ws/install/practice_code_pkg/lib'
[1.112s] Level 1:colcon.colcon_core.environment:checking '/home/neubility/ROS/ros2_communication_ws/install/practice_code_pkg/bin'
[1.112s] Level 1:colcon.colcon_core.environment:checking '/home/neubility/ROS/ros2_communication_ws/install/practice_code_pkg/lib/pkgconfig/practice_code_pkg.pc'
[1.112s] Level 1:colcon.colcon_core.environment:checking '/home/neubility/ROS/ros2_communication_ws/install/practice_code_pkg/lib/python3.6/site-packages'
[1.112s] INFO:colcon.colcon_core.shell:Creating package script '/home/neubility/ROS/ros2_communication_ws/install/practice_code_pkg/share/practice_code_pkg/package.ps1'
[1.113s] INFO:colcon.colcon_core.shell:Creating package descriptor '/home/neubility/ROS/ros2_communication_ws/install/practice_code_pkg/share/practice_code_pkg/package.dsv'
[1.113s] INFO:colcon.colcon_core.shell:Creating package script '/home/neubility/ROS/ros2_communication_ws/install/practice_code_pkg/share/practice_code_pkg/package.sh'
[1.114s] INFO:colcon.colcon_core.shell:Creating package script '/home/neubility/ROS/ros2_communication_ws/install/practice_code_pkg/share/practice_code_pkg/package.bash'
[1.114s] INFO:colcon.colcon_core.shell:Creating package script '/home/neubility/ROS/ros2_communication_ws/install/practice_code_pkg/share/practice_code_pkg/package.zsh'
[1.115s] Level 1:colcon.colcon_core.environment:create_file_with_runtime_dependencies(/home/neubility/ROS/ros2_communication_ws/install/practice_code_pkg/share/colcon-core/packages/practice_code_pkg)
[1.117s] Level 1:colcon.colcon_core.environment:create_environment_scripts_only(srv_client_pkg)
[1.118s] Level 1:colcon.colcon_core.environment:checking '/home/neubility/ROS/ros2_communication_ws/install/srv_client_pkg' for CMake module files
[1.119s] DEBUG:colcon.colcon_core.event_handler.log_command:Invoked command in '/home/neubility/ROS/ros2_communication_ws/build/srv_client_pkg' returned '0': CMAKE_PREFIX_PATH=/home/neubility/ROS/ros2_communication_ws/install/ex_msg_srv:/home/neubility/ROS/ros2_communication_ws/install/srv_client_pkg:/home/neubility/ROS/ros2_communication_ws/install/sub_ex:/home/neubility/ROS/ros2_communication_ws/install/srv_server_pkg:/home/neubility/ROS/ros2_communication_ws/install/pub_ex:/home/neubility/ROS/ros2_communication_ws/install/practice_code_pkg:/opt/ros/eloquent /usr/bin/cmake --build /home/neubility/ROS/ros2_communication_ws/build/srv_client_pkg --target install -- -j16 -l16
[1.119s] Level 1:colcon.colcon_core.environment:checking '/home/neubility/ROS/ros2_communication_ws/install/srv_client_pkg' for CMake config files
[1.120s] Level 1:colcon.colcon_core.shell:create_environment_hook('srv_client_pkg', 'cmake_prefix_path')
[1.120s] INFO:colcon.colcon_core.shell:Creating environment hook '/home/neubility/ROS/ros2_communication_ws/install/srv_client_pkg/share/srv_client_pkg/hook/cmake_prefix_path.ps1'
[1.121s] INFO:colcon.colcon_core.shell:Creating environment descriptor '/home/neubility/ROS/ros2_communication_ws/install/srv_client_pkg/share/srv_client_pkg/hook/cmake_prefix_path.dsv'
[1.121s] INFO:colcon.colcon_core.shell:Creating environment hook '/home/neubility/ROS/ros2_communication_ws/install/srv_client_pkg/share/srv_client_pkg/hook/cmake_prefix_path.sh'
[1.122s] Level 1:colcon.colcon_core.environment:checking '/home/neubility/ROS/ros2_communication_ws/install/srv_client_pkg/lib'
[1.122s] Level 1:colcon.colcon_core.environment:checking '/home/neubility/ROS/ros2_communication_ws/install/srv_client_pkg/bin'
[1.122s] Level 1:colcon.colcon_core.environment:checking '/home/neubility/ROS/ros2_communication_ws/install/srv_client_pkg/lib/pkgconfig/srv_client_pkg.pc'
[1.123s] Level 1:colcon.colcon_core.environment:checking '/home/neubility/ROS/ros2_communication_ws/install/srv_client_pkg/lib/python3.6/site-packages'
[1.123s] INFO:colcon.colcon_core.shell:Creating package script '/home/neubility/ROS/ros2_communication_ws/install/srv_client_pkg/share/srv_client_pkg/package.ps1'
[1.124s] INFO:colcon.colcon_core.shell:Creating package descriptor '/home/neubility/ROS/ros2_communication_ws/install/srv_client_pkg/share/srv_client_pkg/package.dsv'
[1.124s] INFO:colcon.colcon_core.shell:Creating package script '/home/neubility/ROS/ros2_communication_ws/install/srv_client_pkg/share/srv_client_pkg/package.sh'
[1.124s] INFO:colcon.colcon_core.shell:Creating package script '/home/neubility/ROS/ros2_communication_ws/install/srv_client_pkg/share/srv_client_pkg/package.bash'
[1.124s] INFO:colcon.colcon_core.shell:Creating package script '/home/neubility/ROS/ros2_communication_ws/install/srv_client_pkg/share/srv_client_pkg/package.zsh'
[1.124s] Level 1:colcon.colcon_core.environment:create_file_with_runtime_dependencies(/home/neubility/ROS/ros2_communication_ws/install/srv_client_pkg/share/colcon-core/packages/srv_client_pkg)
[1.128s] Level 1:colcon.colcon_core.environment:create_environment_scripts_only(pub_ex)
[1.129s] Level 1:colcon.colcon_core.environment:checking '/home/neubility/ROS/ros2_communication_ws/install/pub_ex' for CMake module files
[1.130s] Level 1:colcon.colcon_core.environment:checking '/home/neubility/ROS/ros2_communication_ws/install/pub_ex' for CMake config files
[1.130s] Level 1:colcon.colcon_core.shell:create_environment_hook('pub_ex', 'cmake_prefix_path')
[1.130s] INFO:colcon.colcon_core.shell:Creating environment hook '/home/neubility/ROS/ros2_communication_ws/install/pub_ex/share/pub_ex/hook/cmake_prefix_path.ps1'
[1.131s] INFO:colcon.colcon_core.shell:Creating environment descriptor '/home/neubility/ROS/ros2_communication_ws/install/pub_ex/share/pub_ex/hook/cmake_prefix_path.dsv'
[1.131s] INFO:colcon.colcon_core.shell:Creating environment hook '/home/neubility/ROS/ros2_communication_ws/install/pub_ex/share/pub_ex/hook/cmake_prefix_path.sh'
[1.132s] Level 1:colcon.colcon_core.environment:checking '/home/neubility/ROS/ros2_communication_ws/install/pub_ex/lib'
[1.132s] Level 1:colcon.colcon_core.environment:checking '/home/neubility/ROS/ros2_communication_ws/install/pub_ex/bin'
[1.132s] Level 1:colcon.colcon_core.environment:checking '/home/neubility/ROS/ros2_communication_ws/install/pub_ex/lib/pkgconfig/pub_ex.pc'
[1.132s] Level 1:colcon.colcon_core.environment:checking '/home/neubility/ROS/ros2_communication_ws/install/pub_ex/lib/python3.6/site-packages'
[1.132s] INFO:colcon.colcon_core.shell:Creating package script '/home/neubility/ROS/ros2_communication_ws/install/pub_ex/share/pub_ex/package.ps1'
[1.133s] INFO:colcon.colcon_core.shell:Creating package descriptor '/home/neubility/ROS/ros2_communication_ws/install/pub_ex/share/pub_ex/package.dsv'
[1.133s] INFO:colcon.colcon_core.shell:Creating package script '/home/neubility/ROS/ros2_communication_ws/install/pub_ex/share/pub_ex/package.sh'
[1.134s] INFO:colcon.colcon_core.shell:Creating package script '/home/neubility/ROS/ros2_communication_ws/install/pub_ex/share/pub_ex/package.bash'
[1.135s] INFO:colcon.colcon_core.shell:Creating package script '/home/neubility/ROS/ros2_communication_ws/install/pub_ex/share/pub_ex/package.zsh'
[1.135s] Level 1:colcon.colcon_core.environment:create_file_with_runtime_dependencies(/home/neubility/ROS/ros2_communication_ws/install/pub_ex/share/colcon-core/packages/pub_ex)
[1.137s] Level 1:colcon.colcon_core.environment:create_environment_scripts_only(practice_code_pkg)
[1.137s] Level 1:colcon.colcon_core.environment:checking '/home/neubility/ROS/ros2_communication_ws/install/practice_code_pkg' for CMake module files
[1.138s] Level 1:colcon.colcon_core.environment:checking '/home/neubility/ROS/ros2_communication_ws/install/practice_code_pkg' for CMake config files
[1.138s] Level 1:colcon.colcon_core.shell:create_environment_hook('practice_code_pkg', 'cmake_prefix_path')
[1.139s] INFO:colcon.colcon_core.shell:Creating environment hook '/home/neubility/ROS/ros2_communication_ws/install/practice_code_pkg/share/practice_code_pkg/hook/cmake_prefix_path.ps1'
[1.139s] INFO:colcon.colcon_core.shell:Creating environment descriptor '/home/neubility/ROS/ros2_communication_ws/install/practice_code_pkg/share/practice_code_pkg/hook/cmake_prefix_path.dsv'
[1.139s] INFO:colcon.colcon_core.shell:Creating environment hook '/home/neubility/ROS/ros2_communication_ws/install/practice_code_pkg/share/practice_code_pkg/hook/cmake_prefix_path.sh'
[1.140s] Level 1:colcon.colcon_core.environment:checking '/home/neubility/ROS/ros2_communication_ws/install/practice_code_pkg/lib'
[1.140s] Level 1:colcon.colcon_core.environment:checking '/home/neubility/ROS/ros2_communication_ws/install/practice_code_pkg/bin'
[1.140s] Level 1:colcon.colcon_core.environment:checking '/home/neubility/ROS/ros2_communication_ws/install/practice_code_pkg/lib/pkgconfig/practice_code_pkg.pc'
[1.140s] Level 1:colcon.colcon_core.environment:checking '/home/neubility/ROS/ros2_communication_ws/install/practice_code_pkg/lib/python3.6/site-packages'
[1.141s] INFO:colcon.colcon_core.shell:Creating package script '/home/neubility/ROS/ros2_communication_ws/install/practice_code_pkg/share/practice_code_pkg/package.ps1'
[1.142s] INFO:colcon.colcon_core.shell:Creating package descriptor '/home/neubility/ROS/ros2_communication_ws/install/practice_code_pkg/share/practice_code_pkg/package.dsv'
[1.142s] INFO:colcon.colcon_core.shell:Creating package script '/home/neubility/ROS/ros2_communication_ws/install/practice_code_pkg/share/practice_code_pkg/package.sh'
[1.142s] INFO:colcon.colcon_core.shell:Creating package script '/home/neubility/ROS/ros2_communication_ws/install/practice_code_pkg/share/practice_code_pkg/package.bash'
[1.142s] INFO:colcon.colcon_core.shell:Creating package script '/home/neubility/ROS/ros2_communication_ws/install/practice_code_pkg/share/practice_code_pkg/package.zsh'
[1.143s] Level 1:colcon.colcon_core.environment:create_file_with_runtime_dependencies(/home/neubility/ROS/ros2_communication_ws/install/practice_code_pkg/share/colcon-core/packages/practice_code_pkg)
[1.144s] Level 1:colcon.colcon_core.environment:create_environment_scripts_only(srv_client_pkg)
[1.145s] Level 1:colcon.colcon_core.environment:checking '/home/neubility/ROS/ros2_communication_ws/install/srv_client_pkg' for CMake module files
[1.146s] Level 1:colcon.colcon_core.environment:checking '/home/neubility/ROS/ros2_communication_ws/install/srv_client_pkg' for CMake config files
[1.146s] Level 1:colcon.colcon_core.shell:create_environment_hook('srv_client_pkg', 'cmake_prefix_path')
[1.146s] INFO:colcon.colcon_core.shell:Creating environment hook '/home/neubility/ROS/ros2_communication_ws/install/srv_client_pkg/share/srv_client_pkg/hook/cmake_prefix_path.ps1'
[1.147s] INFO:colcon.colcon_core.shell:Creating environment descriptor '/home/neubility/ROS/ros2_communication_ws/install/srv_client_pkg/share/srv_client_pkg/hook/cmake_prefix_path.dsv'
[1.147s] INFO:colcon.colcon_core.shell:Creating environment hook '/home/neubility/ROS/ros2_communication_ws/install/srv_client_pkg/share/srv_client_pkg/hook/cmake_prefix_path.sh'
[1.148s] Level 1:colcon.colcon_core.environment:checking '/home/neubility/ROS/ros2_communication_ws/install/srv_client_pkg/lib'
[1.148s] Level 1:colcon.colcon_core.environment:checking '/home/neubility/ROS/ros2_communication_ws/install/srv_client_pkg/bin'
[1.148s] Level 1:colcon.colcon_core.environment:checking '/home/neubility/ROS/ros2_communication_ws/install/srv_client_pkg/lib/pkgconfig/srv_client_pkg.pc'
[1.148s] Level 1:colcon.colcon_core.environment:checking '/home/neubility/ROS/ros2_communication_ws/install/srv_client_pkg/lib/python3.6/site-packages'
[1.148s] INFO:colcon.colcon_core.shell:Creating package script '/home/neubility/ROS/ros2_communication_ws/install/srv_client_pkg/share/srv_client_pkg/package.ps1'
[1.148s] INFO:colcon.colcon_core.shell:Creating package descriptor '/home/neubility/ROS/ros2_communication_ws/install/srv_client_pkg/share/srv_client_pkg/package.dsv'
[1.149s] INFO:colcon.colcon_core.shell:Creating package script '/home/neubility/ROS/ros2_communication_ws/install/srv_client_pkg/share/srv_client_pkg/package.sh'
[1.149s] INFO:colcon.colcon_core.shell:Creating package script '/home/neubility/ROS/ros2_communication_ws/install/srv_client_pkg/share/srv_client_pkg/package.bash'
[1.149s] INFO:colcon.colcon_core.shell:Creating package script '/home/neubility/ROS/ros2_communication_ws/install/srv_client_pkg/share/srv_client_pkg/package.zsh'
[1.150s] Level 1:colcon.colcon_core.environment:create_file_with_runtime_dependencies(/home/neubility/ROS/ros2_communication_ws/install/srv_client_pkg/share/colcon-core/packages/srv_client_pkg)
[1.327s] DEBUG:colcon.colcon_core.event_handler.log_command:Invoked command in '/home/neubility/ROS/ros2_communication_ws/build/srv_server_pkg' returned '0': CMAKE_PREFIX_PATH=/home/neubility/ROS/ros2_communication_ws/install/ex_msg_srv:/home/neubility/ROS/ros2_communication_ws/install/srv_client_pkg:/home/neubility/ROS/ros2_communication_ws/install/sub_ex:/home/neubility/ROS/ros2_communication_ws/install/srv_server_pkg:/home/neubility/ROS/ros2_communication_ws/install/pub_ex:/home/neubility/ROS/ros2_communication_ws/install/practice_code_pkg:/opt/ros/eloquent /usr/bin/cmake --build /home/neubility/ROS/ros2_communication_ws/build/srv_server_pkg -- -j16 -l16
[1.359s] DEBUG:colcon.colcon_core.event_handler.log_command:Invoking command in '/home/neubility/ROS/ros2_communication_ws/build/srv_server_pkg': CMAKE_PREFIX_PATH=/home/neubility/ROS/ros2_communication_ws/install/ex_msg_srv:/home/neubility/ROS/ros2_communication_ws/install/srv_client_pkg:/home/neubility/ROS/ros2_communication_ws/install/sub_ex:/home/neubility/ROS/ros2_communication_ws/install/srv_server_pkg:/home/neubility/ROS/ros2_communication_ws/install/pub_ex:/home/neubility/ROS/ros2_communication_ws/install/practice_code_pkg:/opt/ros/eloquent /usr/bin/cmake --build /home/neubility/ROS/ros2_communication_ws/build/srv_server_pkg --target install -- -j16 -l16
[1.466s] Level 1:colcon.colcon_core.environment:create_environment_scripts_only(srv_server_pkg)
[1.467s] Level 1:colcon.colcon_core.environment:checking '/home/neubility/ROS/ros2_communication_ws/install/srv_server_pkg' for CMake module files
[1.468s] DEBUG:colcon.colcon_core.event_handler.log_command:Invoked command in '/home/neubility/ROS/ros2_communication_ws/build/srv_server_pkg' returned '0': CMAKE_PREFIX_PATH=/home/neubility/ROS/ros2_communication_ws/install/ex_msg_srv:/home/neubility/ROS/ros2_communication_ws/install/srv_client_pkg:/home/neubility/ROS/ros2_communication_ws/install/sub_ex:/home/neubility/ROS/ros2_communication_ws/install/srv_server_pkg:/home/neubility/ROS/ros2_communication_ws/install/pub_ex:/home/neubility/ROS/ros2_communication_ws/install/practice_code_pkg:/opt/ros/eloquent /usr/bin/cmake --build /home/neubility/ROS/ros2_communication_ws/build/srv_server_pkg --target install -- -j16 -l16
[1.469s] Level 1:colcon.colcon_core.environment:checking '/home/neubility/ROS/ros2_communication_ws/install/srv_server_pkg' for CMake config files
[1.470s] Level 1:colcon.colcon_core.shell:create_environment_hook('srv_server_pkg', 'cmake_prefix_path')
[1.471s] INFO:colcon.colcon_core.shell:Creating environment hook '/home/neubility/ROS/ros2_communication_ws/install/srv_server_pkg/share/srv_server_pkg/hook/cmake_prefix_path.ps1'
[1.472s] INFO:colcon.colcon_core.shell:Creating environment descriptor '/home/neubility/ROS/ros2_communication_ws/install/srv_server_pkg/share/srv_server_pkg/hook/cmake_prefix_path.dsv'
[1.473s] INFO:colcon.colcon_core.shell:Creating environment hook '/home/neubility/ROS/ros2_communication_ws/install/srv_server_pkg/share/srv_server_pkg/hook/cmake_prefix_path.sh'
[1.475s] Level 1:colcon.colcon_core.environment:checking '/home/neubility/ROS/ros2_communication_ws/install/srv_server_pkg/lib'
[1.475s] Level 1:colcon.colcon_core.environment:checking '/home/neubility/ROS/ros2_communication_ws/install/srv_server_pkg/bin'
[1.475s] Level 1:colcon.colcon_core.environment:checking '/home/neubility/ROS/ros2_communication_ws/install/srv_server_pkg/lib/pkgconfig/srv_server_pkg.pc'
[1.475s] Level 1:colcon.colcon_core.environment:checking '/home/neubility/ROS/ros2_communication_ws/install/srv_server_pkg/lib/python3.6/site-packages'
[1.476s] INFO:colcon.colcon_core.shell:Creating package script '/home/neubility/ROS/ros2_communication_ws/install/srv_server_pkg/share/srv_server_pkg/package.ps1'
[1.477s] INFO:colcon.colcon_core.shell:Creating package descriptor '/home/neubility/ROS/ros2_communication_ws/install/srv_server_pkg/share/srv_server_pkg/package.dsv'
[1.478s] INFO:colcon.colcon_core.shell:Creating package script '/home/neubility/ROS/ros2_communication_ws/install/srv_server_pkg/share/srv_server_pkg/package.sh'
[1.478s] INFO:colcon.colcon_core.shell:Creating package script '/home/neubility/ROS/ros2_communication_ws/install/srv_server_pkg/share/srv_server_pkg/package.bash'
[1.479s] INFO:colcon.colcon_core.shell:Creating package script '/home/neubility/ROS/ros2_communication_ws/install/srv_server_pkg/share/srv_server_pkg/package.zsh'
[1.479s] Level 1:colcon.colcon_core.environment:create_file_with_runtime_dependencies(/home/neubility/ROS/ros2_communication_ws/install/srv_server_pkg/share/colcon-core/packages/srv_server_pkg)
[1.510s] Level 1:colcon.colcon_core.environment:create_environment_scripts_only(srv_server_pkg)
[1.512s] Level 1:colcon.colcon_core.environment:checking '/home/neubility/ROS/ros2_communication_ws/install/srv_server_pkg' for CMake module files
[1.514s] Level 1:colcon.colcon_core.environment:checking '/home/neubility/ROS/ros2_communication_ws/install/srv_server_pkg' for CMake config files
[1.514s] Level 1:colcon.colcon_core.shell:create_environment_hook('srv_server_pkg', 'cmake_prefix_path')
[1.516s] INFO:colcon.colcon_core.shell:Creating environment hook '/home/neubility/ROS/ros2_communication_ws/install/srv_server_pkg/share/srv_server_pkg/hook/cmake_prefix_path.ps1'
[1.517s] INFO:colcon.colcon_core.shell:Creating environment descriptor '/home/neubility/ROS/ros2_communication_ws/install/srv_server_pkg/share/srv_server_pkg/hook/cmake_prefix_path.dsv'
[1.519s] INFO:colcon.colcon_core.shell:Creating environment hook '/home/neubility/ROS/ros2_communication_ws/install/srv_server_pkg/share/srv_server_pkg/hook/cmake_prefix_path.sh'
[1.522s] Level 1:colcon.colcon_core.environment:checking '/home/neubility/ROS/ros2_communication_ws/install/srv_server_pkg/lib'
[1.522s] Level 1:colcon.colcon_core.environment:checking '/home/neubility/ROS/ros2_communication_ws/install/srv_server_pkg/bin'
[1.522s] Level 1:colcon.colcon_core.environment:checking '/home/neubility/ROS/ros2_communication_ws/install/srv_server_pkg/lib/pkgconfig/srv_server_pkg.pc'
[1.522s] Level 1:colcon.colcon_core.environment:checking '/home/neubility/ROS/ros2_communication_ws/install/srv_server_pkg/lib/python3.6/site-packages'
[1.524s] INFO:colcon.colcon_core.shell:Creating package script '/home/neubility/ROS/ros2_communication_ws/install/srv_server_pkg/share/srv_server_pkg/package.ps1'
[1.526s] INFO:colcon.colcon_core.shell:Creating package descriptor '/home/neubility/ROS/ros2_communication_ws/install/srv_server_pkg/share/srv_server_pkg/package.dsv'
[1.526s] INFO:colcon.colcon_core.shell:Creating package script '/home/neubility/ROS/ros2_communication_ws/install/srv_server_pkg/share/srv_server_pkg/package.sh'
[1.527s] INFO:colcon.colcon_core.shell:Creating package script '/home/neubility/ROS/ros2_communication_ws/install/srv_server_pkg/share/srv_server_pkg/package.bash'
[1.527s] INFO:colcon.colcon_core.shell:Creating package script '/home/neubility/ROS/ros2_communication_ws/install/srv_server_pkg/share/srv_server_pkg/package.zsh'
[1.528s] Level 1:colcon.colcon_core.environment:create_file_with_runtime_dependencies(/home/neubility/ROS/ros2_communication_ws/install/srv_server_pkg/share/colcon-core/packages/srv_server_pkg)
[1.528s] DEBUG:colcon.colcon_parallel_executor.executor.parallel:closing loop
[1.530s] DEBUG:colcon.colcon_parallel_executor.executor.parallel:loop closed
[1.530s] DEBUG:colcon.colcon_parallel_executor.executor.parallel:run_until_complete finished with '0'
[1.530s] DEBUG:colcon.colcon_core.event_reactor:joining thread
[1.538s] INFO:colcon.colcon_core.plugin_system:Skipping extension 'colcon_notification.desktop_notification.terminal_notifier': Not used on non-Darwin systems
[1.539s] INFO:colcon.colcon_core.plugin_system:Skipping extension 'colcon_notification.desktop_notification.win32': Not used on non-Windows systems
[1.539s] INFO:colcon.colcon_notification.desktop_notification:Sending desktop notification using 'notify2'
[1.543s] DEBUG:colcon.colcon_core.event_reactor:joined thread
[1.544s] INFO:colcon.colcon_core.shell:Creating prefix script '/home/neubility/ROS/ros2_communication_ws/install/local_setup.ps1'
[1.546s] INFO:colcon.colcon_core.shell:Creating prefix util module '/home/neubility/ROS/ros2_communication_ws/install/_local_setup_util_ps1.py'
[1.547s] INFO:colcon.colcon_core.shell:Creating prefix chain script '/home/neubility/ROS/ros2_communication_ws/install/setup.ps1'
[1.551s] INFO:colcon.colcon_core.shell:Creating prefix script '/home/neubility/ROS/ros2_communication_ws/install/local_setup.sh'
[1.551s] INFO:colcon.colcon_core.shell:Creating prefix util module '/home/neubility/ROS/ros2_communication_ws/install/_local_setup_util_sh.py'
[1.551s] INFO:colcon.colcon_core.shell:Creating prefix chain script '/home/neubility/ROS/ros2_communication_ws/install/setup.sh'
[1.553s] INFO:colcon.colcon_core.shell:Creating prefix script '/home/neubility/ROS/ros2_communication_ws/install/local_setup.bash'
[1.553s] INFO:colcon.colcon_core.shell:Creating prefix chain script '/home/neubility/ROS/ros2_communication_ws/install/setup.bash'
[1.555s] INFO:colcon.colcon_core.shell:Creating prefix script '/home/neubility/ROS/ros2_communication_ws/install/local_setup.zsh'
[1.556s] INFO:colcon.colcon_core.shell:Creating prefix chain script '/home/neubility/ROS/ros2_communication_ws/install/setup.zsh'
