[0.022s] Invoking command in '/home/neubility/ROS/ros2_communication_ws/build/ex_msg_srv': CMAKE_PREFIX_PATH=/opt/ros/eloquent /usr/bin/cmake --build /home/neubility/ROS/ros2_communication_ws/build/ex_msg_srv -- -j16 -l16
[0.075s] [  2%] Built target ex_msg_srv__cpp
[0.076s] [ 12%] Built target ex_msg_srv__rosidl_generator_c
[0.099s] [ 33%] Built target ex_msg_srv__rosidl_typesupport_cpp
[0.100s] [ 33%] Built target ex_msg_srv__rosidl_typesupport_introspection_cpp
[0.101s] [ 43%] Built target ex_msg_srv__rosidl_typesupport_c
[0.102s] [ 53%] Built target ex_msg_srv__rosidl_typesupport_fastrtps_cpp
[0.121s] [ 64%] Built target ex_msg_srv__rosidl_typesupport_introspection_c
[0.133s] [ 74%] Built target ex_msg_srv__rosidl_typesupport_fastrtps_c
[0.153s] [ 74%] Built target ex_msg_srv
[0.174s] [ 76%] Built target ex_msg_srv__py
[0.201s] [ 84%] Built target ex_msg_srv__python
[0.226s] [ 89%] Built target ex_msg_srv__rosidl_typesupport_fastrtps_c__pyext
[0.230s] [ 94%] Built target ex_msg_srv__rosidl_typesupport_introspection_c__pyext
[0.230s] [100%] Built target ex_msg_srv__rosidl_typesupport_c__pyext
[0.259s] Invoked command in '/home/neubility/ROS/ros2_communication_ws/build/ex_msg_srv' returned '0': CMAKE_PREFIX_PATH=/opt/ros/eloquent /usr/bin/cmake --build /home/neubility/ROS/ros2_communication_ws/build/ex_msg_srv -- -j16 -l16
[0.315s] Invoking command in '/home/neubility/ROS/ros2_communication_ws/build/ex_msg_srv': CMAKE_PREFIX_PATH=/opt/ros/eloquent /usr/bin/cmake --build /home/neubility/ROS/ros2_communication_ws/build/ex_msg_srv --target install -- -j16 -l16
[0.368s] [  7%] Built target ex_msg_srv__cpp
[0.368s] [ 12%] Built target ex_msg_srv__rosidl_generator_c
[0.388s] [ 43%] Built target ex_msg_srv__rosidl_typesupport_introspection_c
[0.388s] [ 43%] Built target ex_msg_srv__rosidl_typesupport_introspection_cpp
[0.389s] [ 43%] Built target ex_msg_srv__rosidl_typesupport_cpp
[0.389s] [ 53%] Built target ex_msg_srv__rosidl_typesupport_c
[0.390s] [ 64%] Built target ex_msg_srv__rosidl_typesupport_fastrtps_cpp
[0.417s] [ 74%] Built target ex_msg_srv__rosidl_typesupport_fastrtps_c
[0.437s] [ 74%] Built target ex_msg_srv
[0.456s] [ 76%] Built target ex_msg_srv__py
[0.481s] [ 84%] Built target ex_msg_srv__python
[0.508s] [ 92%] Built target ex_msg_srv__rosidl_typesupport_fastrtps_c__pyext
[0.508s] [ 94%] Built target ex_msg_srv__rosidl_typesupport_introspection_c__pyext
[0.510s] [100%] Built target ex_msg_srv__rosidl_typesupport_c__pyext
[0.529s] [36mInstall the project...[0m
[0.543s] -- Install configuration: "Debug"
[0.543s] -- Up-to-date: /home/neubility/ROS/ros2_communication_ws/install/ex_msg_srv/share/ament_index/resource_index/rosidl_interfaces/ex_msg_srv
[0.543s] -- Up-to-date: /home/neubility/ROS/ros2_communication_ws/install/ex_msg_srv/lib/libex_msg_srv__rosidl_typesupport_c.so
[0.544s] -- Up-to-date: /home/neubility/ROS/ros2_communication_ws/install/ex_msg_srv/share/ex_msg_srv/environment/library_path.sh
[0.544s] -- Up-to-date: /home/neubility/ROS/ros2_communication_ws/install/ex_msg_srv/share/ex_msg_srv/environment/library_path.dsv
[0.545s] -- Up-to-date: /home/neubility/ROS/ros2_communication_ws/install/ex_msg_srv/lib/libex_msg_srv__rosidl_typesupport_cpp.so
[0.545s] -- Up-to-date: /home/neubility/ROS/ros2_communication_ws/install/ex_msg_srv/include/ex_msg_srv
[0.545s] -- Up-to-date: /home/neubility/ROS/ros2_communication_ws/install/ex_msg_srv/include/ex_msg_srv/srv
[0.545s] -- Up-to-date: /home/neubility/ROS/ros2_communication_ws/install/ex_msg_srv/include/ex_msg_srv/srv/add_three_ints__rosidl_typesupport_fastrtps_c.h
[0.545s] -- Up-to-date: /home/neubility/ROS/ros2_communication_ws/install/ex_msg_srv/include/ex_msg_srv/msg
[0.546s] -- Up-to-date: /home/neubility/ROS/ros2_communication_ws/install/ex_msg_srv/include/ex_msg_srv/msg/num__rosidl_typesupport_fastrtps_c.h
[0.546s] -- Up-to-date: /home/neubility/ROS/ros2_communication_ws/install/ex_msg_srv/include/ex_msg_srv/msg/rosidl_typesupport_fastrtps_c__visibility_control.h
[0.546s] -- Up-to-date: /home/neubility/ROS/ros2_communication_ws/install/ex_msg_srv/lib/libex_msg_srv__rosidl_typesupport_fastrtps_c.so
[0.546s] -- Up-to-date: /home/neubility/ROS/ros2_communication_ws/install/ex_msg_srv/include/ex_msg_srv
[0.547s] -- Up-to-date: /home/neubility/ROS/ros2_communication_ws/install/ex_msg_srv/include/ex_msg_srv/srv
[0.547s] -- Up-to-date: /home/neubility/ROS/ros2_communication_ws/install/ex_msg_srv/include/ex_msg_srv/srv/add_three_ints.h
[0.547s] -- Up-to-date: /home/neubility/ROS/ros2_communication_ws/install/ex_msg_srv/include/ex_msg_srv/srv/add_three_ints__struct.h
[0.547s] -- Up-to-date: /home/neubility/ROS/ros2_communication_ws/install/ex_msg_srv/include/ex_msg_srv/srv/add_three_ints__functions.c
[0.547s] -- Up-to-date: /home/neubility/ROS/ros2_communication_ws/install/ex_msg_srv/include/ex_msg_srv/srv/add_three_ints__type_support.h
[0.548s] -- Up-to-date: /home/neubility/ROS/ros2_communication_ws/install/ex_msg_srv/include/ex_msg_srv/srv/add_three_ints__functions.h
[0.548s] -- Up-to-date: /home/neubility/ROS/ros2_communication_ws/install/ex_msg_srv/include/ex_msg_srv/msg
[0.548s] -- Up-to-date: /home/neubility/ROS/ros2_communication_ws/install/ex_msg_srv/include/ex_msg_srv/msg/num__type_support.h
[0.548s] -- Up-to-date: /home/neubility/ROS/ros2_communication_ws/install/ex_msg_srv/include/ex_msg_srv/msg/num__functions.h
[0.549s] -- Up-to-date: /home/neubility/ROS/ros2_communication_ws/install/ex_msg_srv/include/ex_msg_srv/msg/num__functions.c
[0.549s] -- Up-to-date: /home/neubility/ROS/ros2_communication_ws/install/ex_msg_srv/include/ex_msg_srv/msg/rosidl_generator_c__visibility_control.h
[0.549s] -- Up-to-date: /home/neubility/ROS/ros2_communication_ws/install/ex_msg_srv/include/ex_msg_srv/msg/num.h
[0.549s] -- Up-to-date: /home/neubility/ROS/ros2_communication_ws/install/ex_msg_srv/include/ex_msg_srv/msg/num__struct.h
[0.549s] -- Up-to-date: /home/neubility/ROS/ros2_communication_ws/install/ex_msg_srv/lib/libex_msg_srv__rosidl_generator_c.so
[0.549s] -- Up-to-date: /home/neubility/ROS/ros2_communication_ws/install/ex_msg_srv/include/ex_msg_srv
[0.549s] -- Up-to-date: /home/neubility/ROS/ros2_communication_ws/install/ex_msg_srv/include/ex_msg_srv/srv
[0.549s] -- Up-to-date: /home/neubility/ROS/ros2_communication_ws/install/ex_msg_srv/include/ex_msg_srv/srv/dds_fastrtps
[0.549s] -- Up-to-date: /home/neubility/ROS/ros2_communication_ws/install/ex_msg_srv/include/ex_msg_srv/srv/add_three_ints__rosidl_typesupport_fastrtps_cpp.hpp
[0.550s] -- Up-to-date: /home/neubility/ROS/ros2_communication_ws/install/ex_msg_srv/include/ex_msg_srv/msg
[0.550s] -- Up-to-date: /home/neubility/ROS/ros2_communication_ws/install/ex_msg_srv/include/ex_msg_srv/msg/dds_fastrtps
[0.550s] -- Up-to-date: /home/neubility/ROS/ros2_communication_ws/install/ex_msg_srv/include/ex_msg_srv/msg/rosidl_typesupport_fastrtps_cpp__visibility_control.h
[0.550s] -- Up-to-date: /home/neubility/ROS/ros2_communication_ws/install/ex_msg_srv/include/ex_msg_srv/msg/num__rosidl_typesupport_fastrtps_cpp.hpp
[0.550s] -- Up-to-date: /home/neubility/ROS/ros2_communication_ws/install/ex_msg_srv/lib/libex_msg_srv__rosidl_typesupport_fastrtps_cpp.so
[0.550s] -- Up-to-date: /home/neubility/ROS/ros2_communication_ws/install/ex_msg_srv/include/ex_msg_srv
[0.550s] -- Up-to-date: /home/neubility/ROS/ros2_communication_ws/install/ex_msg_srv/include/ex_msg_srv/srv
[0.550s] -- Up-to-date: /home/neubility/ROS/ros2_communication_ws/install/ex_msg_srv/include/ex_msg_srv/srv/add_three_ints__traits.hpp
[0.550s] -- Up-to-date: /home/neubility/ROS/ros2_communication_ws/install/ex_msg_srv/include/ex_msg_srv/srv/add_three_ints.hpp
[0.550s] -- Up-to-date: /home/neubility/ROS/ros2_communication_ws/install/ex_msg_srv/include/ex_msg_srv/srv/add_three_ints__struct.hpp
[0.550s] -- Up-to-date: /home/neubility/ROS/ros2_communication_ws/install/ex_msg_srv/include/ex_msg_srv/msg
[0.550s] -- Up-to-date: /home/neubility/ROS/ros2_communication_ws/install/ex_msg_srv/include/ex_msg_srv/msg/num__traits.hpp
[0.550s] -- Up-to-date: /home/neubility/ROS/ros2_communication_ws/install/ex_msg_srv/include/ex_msg_srv/msg/num__struct.hpp
[0.550s] -- Up-to-date: /home/neubility/ROS/ros2_communication_ws/install/ex_msg_srv/include/ex_msg_srv/msg/num.hpp
[0.550s] -- Up-to-date: /home/neubility/ROS/ros2_communication_ws/install/ex_msg_srv/include/ex_msg_srv
[0.551s] -- Up-to-date: /home/neubility/ROS/ros2_communication_ws/install/ex_msg_srv/include/ex_msg_srv/srv
[0.551s] -- Up-to-date: /home/neubility/ROS/ros2_communication_ws/install/ex_msg_srv/include/ex_msg_srv/srv/add_three_ints__type_support.c
[0.551s] -- Up-to-date: /home/neubility/ROS/ros2_communication_ws/install/ex_msg_srv/include/ex_msg_srv/srv/add_three_ints__rosidl_typesupport_introspection_c.h
[0.551s] -- Up-to-date: /home/neubility/ROS/ros2_communication_ws/install/ex_msg_srv/include/ex_msg_srv/msg
[0.551s] -- Up-to-date: /home/neubility/ROS/ros2_communication_ws/install/ex_msg_srv/include/ex_msg_srv/msg/rosidl_typesupport_introspection_c__visibility_control.h
[0.551s] -- Up-to-date: /home/neubility/ROS/ros2_communication_ws/install/ex_msg_srv/include/ex_msg_srv/msg/num__type_support.c
[0.551s] -- Up-to-date: /home/neubility/ROS/ros2_communication_ws/install/ex_msg_srv/include/ex_msg_srv/msg/num__rosidl_typesupport_introspection_c.h
[0.551s] -- Up-to-date: /home/neubility/ROS/ros2_communication_ws/install/ex_msg_srv/lib/libex_msg_srv__rosidl_typesupport_introspection_c.so
[0.551s] -- Up-to-date: /home/neubility/ROS/ros2_communication_ws/install/ex_msg_srv/include/ex_msg_srv
[0.551s] -- Up-to-date: /home/neubility/ROS/ros2_communication_ws/install/ex_msg_srv/include/ex_msg_srv/srv
[0.551s] -- Up-to-date: /home/neubility/ROS/ros2_communication_ws/install/ex_msg_srv/include/ex_msg_srv/srv/add_three_ints__rosidl_typesupport_introspection_cpp.hpp
[0.551s] -- Up-to-date: /home/neubility/ROS/ros2_communication_ws/install/ex_msg_srv/include/ex_msg_srv/srv/add_three_ints__type_support.cpp
[0.551s] -- Up-to-date: /home/neubility/ROS/ros2_communication_ws/install/ex_msg_srv/include/ex_msg_srv/msg
[0.551s] -- Up-to-date: /home/neubility/ROS/ros2_communication_ws/install/ex_msg_srv/include/ex_msg_srv/msg/num__rosidl_typesupport_introspection_cpp.hpp
[0.551s] -- Up-to-date: /home/neubility/ROS/ros2_communication_ws/install/ex_msg_srv/include/ex_msg_srv/msg/num__type_support.cpp
[0.552s] -- Up-to-date: /home/neubility/ROS/ros2_communication_ws/install/ex_msg_srv/lib/libex_msg_srv__rosidl_typesupport_introspection_cpp.so
[0.552s] -- Up-to-date: /home/neubility/ROS/ros2_communication_ws/install/ex_msg_srv/share/ex_msg_srv/environment/pythonpath.sh
[0.552s] -- Up-to-date: /home/neubility/ROS/ros2_communication_ws/install/ex_msg_srv/share/ex_msg_srv/environment/pythonpath.dsv
[0.552s] -- Up-to-date: /home/neubility/ROS/ros2_communication_ws/install/ex_msg_srv/lib/python3.6/site-packages/ex_msg_srv/__init__.py
[0.581s] -- Up-to-date: /home/neubility/ROS/ros2_communication_ws/install/ex_msg_srv/lib/python3.6/site-packages/ex_msg_srv/msg
[0.581s] -- Up-to-date: /home/neubility/ROS/ros2_communication_ws/install/ex_msg_srv/lib/python3.6/site-packages/ex_msg_srv/msg/_num_s.c
[0.581s] -- Up-to-date: /home/neubility/ROS/ros2_communication_ws/install/ex_msg_srv/lib/python3.6/site-packages/ex_msg_srv/msg/_num.py
[0.581s] -- Up-to-date: /home/neubility/ROS/ros2_communication_ws/install/ex_msg_srv/lib/python3.6/site-packages/ex_msg_srv/msg/__init__.py
[0.581s] -- Up-to-date: /home/neubility/ROS/ros2_communication_ws/install/ex_msg_srv/lib/python3.6/site-packages/ex_msg_srv/srv
[0.581s] -- Up-to-date: /home/neubility/ROS/ros2_communication_ws/install/ex_msg_srv/lib/python3.6/site-packages/ex_msg_srv/srv/_add_three_ints_s.c
[0.581s] -- Up-to-date: /home/neubility/ROS/ros2_communication_ws/install/ex_msg_srv/lib/python3.6/site-packages/ex_msg_srv/srv/__init__.py
[0.582s] -- Up-to-date: /home/neubility/ROS/ros2_communication_ws/install/ex_msg_srv/lib/python3.6/site-packages/ex_msg_srv/srv/_add_three_ints.py
[0.582s] -- Up-to-date: /home/neubility/ROS/ros2_communication_ws/install/ex_msg_srv/lib/python3.6/site-packages/ex_msg_srv/ex_msg_srv_s__rosidl_typesupport_c.cpython-36m-x86_64-linux-gnu.so
[0.582s] -- Up-to-date: /home/neubility/ROS/ros2_communication_ws/install/ex_msg_srv/lib/python3.6/site-packages/ex_msg_srv/ex_msg_srv_s__rosidl_typesupport_introspection_c.cpython-36m-x86_64-linux-gnu.so
[0.582s] -- Up-to-date: /home/neubility/ROS/ros2_communication_ws/install/ex_msg_srv/lib/python3.6/site-packages/ex_msg_srv/ex_msg_srv_s__rosidl_typesupport_fastrtps_c.cpython-36m-x86_64-linux-gnu.so
[0.583s] -- Up-to-date: /home/neubility/ROS/ros2_communication_ws/install/ex_msg_srv/lib/libex_msg_srv__python.so
[0.583s] -- Up-to-date: /home/neubility/ROS/ros2_communication_ws/install/ex_msg_srv/share/ex_msg_srv/msg/Num.idl
[0.583s] -- Up-to-date: /home/neubility/ROS/ros2_communication_ws/install/ex_msg_srv/share/ex_msg_srv/srv/AddThreeInts.idl
[0.583s] -- Up-to-date: /home/neubility/ROS/ros2_communication_ws/install/ex_msg_srv/share/ex_msg_srv/msg/Num.msg
[0.583s] -- Up-to-date: /home/neubility/ROS/ros2_communication_ws/install/ex_msg_srv/share/ex_msg_srv/srv/AddThreeInts.srv
[0.583s] -- Up-to-date: /home/neubility/ROS/ros2_communication_ws/install/ex_msg_srv/share/ex_msg_srv/srv/AddThreeInts_Request.msg
[0.584s] -- Up-to-date: /home/neubility/ROS/ros2_communication_ws/install/ex_msg_srv/share/ex_msg_srv/srv/AddThreeInts_Response.msg
[0.584s] -- Up-to-date: /home/neubility/ROS/ros2_communication_ws/install/ex_msg_srv/share/ament_index/resource_index/package_run_dependencies/ex_msg_srv
[0.584s] -- Up-to-date: /home/neubility/ROS/ros2_communication_ws/install/ex_msg_srv/share/ament_index/resource_index/parent_prefix_path/ex_msg_srv
[0.584s] -- Up-to-date: /home/neubility/ROS/ros2_communication_ws/install/ex_msg_srv/share/ex_msg_srv/environment/ament_prefix_path.sh
[0.584s] -- Up-to-date: /home/neubility/ROS/ros2_communication_ws/install/ex_msg_srv/share/ex_msg_srv/environment/ament_prefix_path.dsv
[0.584s] -- Up-to-date: /home/neubility/ROS/ros2_communication_ws/install/ex_msg_srv/share/ex_msg_srv/environment/path.sh
[0.584s] -- Up-to-date: /home/neubility/ROS/ros2_communication_ws/install/ex_msg_srv/share/ex_msg_srv/environment/path.dsv
[0.584s] -- Up-to-date: /home/neubility/ROS/ros2_communication_ws/install/ex_msg_srv/share/ex_msg_srv/local_setup.bash
[0.584s] -- Up-to-date: /home/neubility/ROS/ros2_communication_ws/install/ex_msg_srv/share/ex_msg_srv/local_setup.sh
[0.584s] -- Up-to-date: /home/neubility/ROS/ros2_communication_ws/install/ex_msg_srv/share/ex_msg_srv/local_setup.zsh
[0.585s] -- Up-to-date: /home/neubility/ROS/ros2_communication_ws/install/ex_msg_srv/share/ex_msg_srv/local_setup.dsv
[0.585s] -- Installing: /home/neubility/ROS/ros2_communication_ws/install/ex_msg_srv/share/ex_msg_srv/package.dsv
[0.585s] -- Up-to-date: /home/neubility/ROS/ros2_communication_ws/install/ex_msg_srv/share/ament_index/resource_index/packages/ex_msg_srv
[0.585s] -- Up-to-date: /home/neubility/ROS/ros2_communication_ws/install/ex_msg_srv/share/ex_msg_srv/cmake/rosidl_cmake-extras.cmake
[0.585s] -- Up-to-date: /home/neubility/ROS/ros2_communication_ws/install/ex_msg_srv/share/ex_msg_srv/cmake/ament_cmake_export_libraries-extras.cmake
[0.585s] -- Up-to-date: /home/neubility/ROS/ros2_communication_ws/install/ex_msg_srv/share/ex_msg_srv/cmake/ament_cmake_export_include_directories-extras.cmake
[0.585s] -- Up-to-date: /home/neubility/ROS/ros2_communication_ws/install/ex_msg_srv/share/ex_msg_srv/cmake/ex_msg_srvConfig.cmake
[0.585s] -- Up-to-date: /home/neubility/ROS/ros2_communication_ws/install/ex_msg_srv/share/ex_msg_srv/cmake/ex_msg_srvConfig-version.cmake
[0.585s] -- Up-to-date: /home/neubility/ROS/ros2_communication_ws/install/ex_msg_srv/share/ex_msg_srv/package.xml
[0.589s] Invoked command in '/home/neubility/ROS/ros2_communication_ws/build/ex_msg_srv' returned '0': CMAKE_PREFIX_PATH=/opt/ros/eloquent /usr/bin/cmake --build /home/neubility/ROS/ros2_communication_ws/build/ex_msg_srv --target install -- -j16 -l16
