[01m[K/home/neubility/ROS/ros2_communication_ws/src/practice_code_pkg/src/main.cpp:[m[K In function ‘[01m[Kvoid ThreadNB(void*)[m[K’:
[01m[K/home/neubility/ROS/ros2_communication_ws/src/practice_code_pkg/src/main.cpp:68:21:[m[K [01;35m[Kwarning: [m[Kunused parameter ‘[01m[Kparam[m[K’ [[01;35m[K-Wunused-parameter[m[K]
 void ThreadNB(void *[01;35m[Kparam[m[K)
                     [01;35m[K^~~~~[m[K
[01m[K/home/neubility/ROS/ros2_communication_ws/src/practice_code_pkg/src/main.cpp:[m[K In function ‘[01m[Kint main(int, char**)[m[K’:
[01m[K/home/neubility/ROS/ros2_communication_ws/src/practice_code_pkg/src/main.cpp:77:40:[m[K [01;31m[Kerror: [m[Kinvalid conversion from ‘[01m[Kvoid (*)(void*)[m[K’ to ‘[01m[Kvoid* (*)(void*)[m[K’ [[01;31m[K-fpermissive[m[K]
     pthread_create(&p_thread[0], NULL, [01;31m[K&ThreadNB[m[K, &cute_nb);
                                        [01;31m[K^~~~~~~~~[m[K
In file included from [01m[K/usr/include/x86_64-linux-gnu/c++/7/bits/gthr-default.h:35:0[m[K,
                 from [01m[K/usr/include/x86_64-linux-gnu/c++/7/bits/gthr.h:148[m[K,
                 from [01m[K/usr/include/c++/7/ext/atomicity.h:35[m[K,
                 from [01m[K/usr/include/c++/7/bits/basic_string.h:39[m[K,
                 from [01m[K/usr/include/c++/7/string:52[m[K,
                 from [01m[K/usr/include/c++/7/stdexcept:39[m[K,
                 from [01m[K/usr/include/c++/7/array:39[m[K,
                 from [01m[K/usr/include/c++/7/tuple:39[m[K,
                 from [01m[K/usr/include/c++/7/functional:54[m[K,
                 from [01m[K/home/neubility/ROS/ros2_communication_ws/src/practice_code_pkg/src/main.cpp:2[m[K:
[01m[K/usr/include/pthread.h:234:12:[m[K [01;36m[Knote: [m[K  initializing argument 3 of ‘[01m[Kint pthread_create(pthread_t*, const pthread_attr_t*, void* (*)(void*), void*)[m[K’
 extern int [01;36m[Kpthread_create[m[K (pthread_t *__restrict __newthread,
            [01;36m[K^~~~~~~~~~~~~~[m[K
make[2]: *** [CMakeFiles/practice_code_pkg.dir/src/main.cpp.o] Error 1
make[1]: *** [CMakeFiles/practice_code_pkg.dir/all] Error 2
make: *** [all] Error 2
