[0.014s] Invoking command in '/home/neubility/ROS/ros2_communication_ws/build/practice_code_pkg': AMENT_PREFIX_PATH=/home/neubility/ROS/ros2_communication_ws/install/ex_msg_srv:${AMENT_PREFIX_PATH} CMAKE_PREFIX_PATH=/home/neubility/ROS/ros2_communication_ws/install/ex_msg_srv:/opt/ros/eloquent LD_LIBRARY_PATH=/home/neubility/ROS/ros2_communication_ws/install/ex_msg_srv/lib:${LD_LIBRARY_PATH} PYTHONPATH=/home/neubility/ROS/ros2_communication_ws/install/ex_msg_srv/lib/python3.6/site-packages:${PYTHONPATH} /usr/bin/cmake --build /home/neubility/ROS/ros2_communication_ws/build/practice_code_pkg -- -j16 -l16
[0.052s] [35m[1mScanning dependencies of target practice_code_pkg[0m
[0.073s] [ 33%] [32mBuilding CXX object CMakeFiles/practice_code_pkg.dir/src/main.cpp.o[0m
[1.759s] [01m[K/home/neubility/ROS/ros2_communication_ws/src/practice_code_pkg/src/main.cpp:[m[K In function ‘[01m[Kvoid ThreadNB(void*)[m[K’:
[1.760s] [01m[K/home/neubility/ROS/ros2_communication_ws/src/practice_code_pkg/src/main.cpp:68:21:[m[K [01;35m[Kwarning: [m[Kunused parameter ‘[01m[Kparam[m[K’ [[01;35m[K-Wunused-parameter[m[K]
[1.760s]  void ThreadNB(void *[01;35m[Kparam[m[K)
[1.760s]                      [01;35m[K^~~~~[m[K
[1.760s] [01m[K/home/neubility/ROS/ros2_communication_ws/src/practice_code_pkg/src/main.cpp:[m[K In function ‘[01m[Kint main(int, char**)[m[K’:
[1.760s] [01m[K/home/neubility/ROS/ros2_communication_ws/src/practice_code_pkg/src/main.cpp:77:40:[m[K [01;31m[Kerror: [m[Kinvalid conversion from ‘[01m[Kvoid (*)(void*)[m[K’ to ‘[01m[Kvoid* (*)(void*)[m[K’ [[01;31m[K-fpermissive[m[K]
[1.760s]      pthread_create(&p_thread[0], NULL, [01;31m[K&ThreadNB[m[K, &cute_nb);
[1.760s]                                         [01;31m[K^~~~~~~~~[m[K
[1.760s] In file included from [01m[K/usr/include/x86_64-linux-gnu/c++/7/bits/gthr-default.h:35:0[m[K,
[1.760s]                  from [01m[K/usr/include/x86_64-linux-gnu/c++/7/bits/gthr.h:148[m[K,
[1.760s]                  from [01m[K/usr/include/c++/7/ext/atomicity.h:35[m[K,
[1.760s]                  from [01m[K/usr/include/c++/7/bits/basic_string.h:39[m[K,
[1.760s]                  from [01m[K/usr/include/c++/7/string:52[m[K,
[1.761s]                  from [01m[K/usr/include/c++/7/stdexcept:39[m[K,
[1.761s]                  from [01m[K/usr/include/c++/7/array:39[m[K,
[1.761s]                  from [01m[K/usr/include/c++/7/tuple:39[m[K,
[1.761s]                  from [01m[K/usr/include/c++/7/functional:54[m[K,
[1.761s]                  from [01m[K/home/neubility/ROS/ros2_communication_ws/src/practice_code_pkg/src/main.cpp:2[m[K:
[1.761s] [01m[K/usr/include/pthread.h:234:12:[m[K [01;36m[Knote: [m[K  initializing argument 3 of ‘[01m[Kint pthread_create(pthread_t*, const pthread_attr_t*, void* (*)(void*), void*)[m[K’
[1.761s]  extern int [01;36m[Kpthread_create[m[K (pthread_t *__restrict __newthread,
[1.761s]             [01;36m[K^~~~~~~~~~~~~~[m[K
[2.332s] make[2]: *** [CMakeFiles/practice_code_pkg.dir/src/main.cpp.o] Error 1
[2.332s] CMakeFiles/practice_code_pkg.dir/build.make:62: recipe for target 'CMakeFiles/practice_code_pkg.dir/src/main.cpp.o' failed
[2.333s] make[1]: *** [CMakeFiles/practice_code_pkg.dir/all] Error 2
[2.333s] CMakeFiles/Makefile2:131: recipe for target 'CMakeFiles/practice_code_pkg.dir/all' failed
[2.333s] Makefile:140: recipe for target 'all' failed
[2.333s] make: *** [all] Error 2
[2.335s] Invoked command in '/home/neubility/ROS/ros2_communication_ws/build/practice_code_pkg' returned '2': AMENT_PREFIX_PATH=/home/neubility/ROS/ros2_communication_ws/install/ex_msg_srv:${AMENT_PREFIX_PATH} CMAKE_PREFIX_PATH=/home/neubility/ROS/ros2_communication_ws/install/ex_msg_srv:/opt/ros/eloquent LD_LIBRARY_PATH=/home/neubility/ROS/ros2_communication_ws/install/ex_msg_srv/lib:${LD_LIBRARY_PATH} PYTHONPATH=/home/neubility/ROS/ros2_communication_ws/install/ex_msg_srv/lib/python3.6/site-packages:${PYTHONPATH} /usr/bin/cmake --build /home/neubility/ROS/ros2_communication_ws/build/practice_code_pkg -- -j16 -l16
