[0.025s] Invoking command in '/home/neubility/ROS/ros2_communication_ws/build/srv_client_pkg': CMAKE_PREFIX_PATH=/home/neubility/ROS/ros2_communication_ws/install/ex_msg_srv:/home/neubility/ROS/ros2_communication_ws/install/srv_client_pkg:/home/neubility/ROS/ros2_communication_ws/install/sub_ex:/home/neubility/ROS/ros2_communication_ws/install/srv_server_pkg:/home/neubility/ROS/ros2_communication_ws/install/pub_ex:/home/neubility/ROS/ros2_communication_ws/install/practice_code_pkg:/opt/ros/eloquent /usr/bin/cmake /home/neubility/ROS/ros2_communication_ws/src/srv_client_pkg -DCMAKE_INSTALL_PREFIX=/home/neubility/ROS/ros2_communication_ws/install/srv_client_pkg
[0.038s] -- Found ament_cmake: 0.8.3 (/opt/ros/eloquent/share/ament_cmake/cmake)
[0.063s] -- Using PYTHON_EXECUTABLE: /usr/bin/python3
[0.215s] -- Found rclcpp: 0.8.5 (/opt/ros/eloquent/share/rclcpp/cmake)
[0.226s] -- Found rosidl_adapter: 0.8.3 (/opt/ros/eloquent/share/rosidl_adapter/cmake)
[0.258s] -- Found rmw_implementation_cmake: 0.8.1 (/opt/ros/eloquent/share/rmw_implementation_cmake/cmake)
[0.259s] -- Using RMW implementation 'rmw_cyclonedds_cpp' as default
[0.281s] -- Found std_msgs: 0.8.1 (/opt/ros/eloquent/share/std_msgs/cmake)
[0.284s] -- Found ex_msg_srv: 0.0.0 (/home/neubility/ROS/ros2_communication_ws/install/ex_msg_srv/share/ex_msg_srv/cmake)
[0.356s] -- Configuring done
[0.370s] -- Generating done
[0.370s] -- Build files have been written to: /home/neubility/ROS/ros2_communication_ws/build/srv_client_pkg
[0.372s] Invoked command in '/home/neubility/ROS/ros2_communication_ws/build/srv_client_pkg' returned '0': CMAKE_PREFIX_PATH=/home/neubility/ROS/ros2_communication_ws/install/ex_msg_srv:/home/neubility/ROS/ros2_communication_ws/install/srv_client_pkg:/home/neubility/ROS/ros2_communication_ws/install/sub_ex:/home/neubility/ROS/ros2_communication_ws/install/srv_server_pkg:/home/neubility/ROS/ros2_communication_ws/install/pub_ex:/home/neubility/ROS/ros2_communication_ws/install/practice_code_pkg:/opt/ros/eloquent /usr/bin/cmake /home/neubility/ROS/ros2_communication_ws/src/srv_client_pkg -DCMAKE_INSTALL_PREFIX=/home/neubility/ROS/ros2_communication_ws/install/srv_client_pkg
[0.372s] Invoking command in '/home/neubility/ROS/ros2_communication_ws/build/srv_client_pkg': CMAKE_PREFIX_PATH=/home/neubility/ROS/ros2_communication_ws/install/ex_msg_srv:/home/neubility/ROS/ros2_communication_ws/install/srv_client_pkg:/home/neubility/ROS/ros2_communication_ws/install/sub_ex:/home/neubility/ROS/ros2_communication_ws/install/srv_server_pkg:/home/neubility/ROS/ros2_communication_ws/install/pub_ex:/home/neubility/ROS/ros2_communication_ws/install/practice_code_pkg:/opt/ros/eloquent /usr/bin/cmake --build /home/neubility/ROS/ros2_communication_ws/build/srv_client_pkg -- -j16 -l16
[0.424s] [100%] Built target srv_client_pkg
[0.435s] Invoked command in '/home/neubility/ROS/ros2_communication_ws/build/srv_client_pkg' returned '0': CMAKE_PREFIX_PATH=/home/neubility/ROS/ros2_communication_ws/install/ex_msg_srv:/home/neubility/ROS/ros2_communication_ws/install/srv_client_pkg:/home/neubility/ROS/ros2_communication_ws/install/sub_ex:/home/neubility/ROS/ros2_communication_ws/install/srv_server_pkg:/home/neubility/ROS/ros2_communication_ws/install/pub_ex:/home/neubility/ROS/ros2_communication_ws/install/practice_code_pkg:/opt/ros/eloquent /usr/bin/cmake --build /home/neubility/ROS/ros2_communication_ws/build/srv_client_pkg -- -j16 -l16
[0.459s] Invoking command in '/home/neubility/ROS/ros2_communication_ws/build/srv_client_pkg': CMAKE_PREFIX_PATH=/home/neubility/ROS/ros2_communication_ws/install/ex_msg_srv:/home/neubility/ROS/ros2_communication_ws/install/srv_client_pkg:/home/neubility/ROS/ros2_communication_ws/install/sub_ex:/home/neubility/ROS/ros2_communication_ws/install/srv_server_pkg:/home/neubility/ROS/ros2_communication_ws/install/pub_ex:/home/neubility/ROS/ros2_communication_ws/install/practice_code_pkg:/opt/ros/eloquent /usr/bin/cmake --build /home/neubility/ROS/ros2_communication_ws/build/srv_client_pkg --target install -- -j16 -l16
[0.509s] [100%] Built target srv_client_pkg
[0.525s] [36mInstall the project...[0m
[0.533s] -- Install configuration: "Debug"
[0.534s] -- Up-to-date: /home/neubility/ROS/ros2_communication_ws/install/srv_client_pkg/lib/srv_client_pkg/srv_client_pkg
[0.534s] -- Up-to-date: /home/neubility/ROS/ros2_communication_ws/install/srv_client_pkg/share/srv_client_pkg/launch
[0.534s] -- Up-to-date: /home/neubility/ROS/ros2_communication_ws/install/srv_client_pkg/share/srv_client_pkg/launch/launch_executeprocess_ex.launch.py
[0.534s] -- Up-to-date: /home/neubility/ROS/ros2_communication_ws/install/srv_client_pkg/share/srv_client_pkg/launch/launch_node_ex_method_2.launch.py
[0.534s] -- Up-to-date: /home/neubility/ROS/ros2_communication_ws/install/srv_client_pkg/share/srv_client_pkg/launch/launch_node_ex_method_1.launch.py
[0.534s] -- Up-to-date: /home/neubility/ROS/ros2_communication_ws/install/srv_client_pkg/share/ament_index/resource_index/package_run_dependencies/srv_client_pkg
[0.535s] -- Installing: /home/neubility/ROS/ros2_communication_ws/install/srv_client_pkg/share/ament_index/resource_index/parent_prefix_path/srv_client_pkg
[0.535s] -- Up-to-date: /home/neubility/ROS/ros2_communication_ws/install/srv_client_pkg/share/srv_client_pkg/environment/ament_prefix_path.sh
[0.535s] -- Installing: /home/neubility/ROS/ros2_communication_ws/install/srv_client_pkg/share/srv_client_pkg/environment/ament_prefix_path.dsv
[0.535s] -- Up-to-date: /home/neubility/ROS/ros2_communication_ws/install/srv_client_pkg/share/srv_client_pkg/environment/path.sh
[0.535s] -- Installing: /home/neubility/ROS/ros2_communication_ws/install/srv_client_pkg/share/srv_client_pkg/environment/path.dsv
[0.535s] -- Up-to-date: /home/neubility/ROS/ros2_communication_ws/install/srv_client_pkg/share/srv_client_pkg/local_setup.bash
[0.535s] -- Up-to-date: /home/neubility/ROS/ros2_communication_ws/install/srv_client_pkg/share/srv_client_pkg/local_setup.sh
[0.535s] -- Up-to-date: /home/neubility/ROS/ros2_communication_ws/install/srv_client_pkg/share/srv_client_pkg/local_setup.zsh
[0.535s] -- Installing: /home/neubility/ROS/ros2_communication_ws/install/srv_client_pkg/share/srv_client_pkg/local_setup.dsv
[0.536s] -- Installing: /home/neubility/ROS/ros2_communication_ws/install/srv_client_pkg/share/srv_client_pkg/package.dsv
[0.536s] -- Up-to-date: /home/neubility/ROS/ros2_communication_ws/install/srv_client_pkg/share/ament_index/resource_index/packages/srv_client_pkg
[0.536s] -- Up-to-date: /home/neubility/ROS/ros2_communication_ws/install/srv_client_pkg/share/srv_client_pkg/cmake/srv_client_pkgConfig.cmake
[0.536s] -- Up-to-date: /home/neubility/ROS/ros2_communication_ws/install/srv_client_pkg/share/srv_client_pkg/cmake/srv_client_pkgConfig-version.cmake
[0.536s] -- Up-to-date: /home/neubility/ROS/ros2_communication_ws/install/srv_client_pkg/share/srv_client_pkg/package.xml
[0.539s] Invoked command in '/home/neubility/ROS/ros2_communication_ws/build/srv_client_pkg' returned '0': CMAKE_PREFIX_PATH=/home/neubility/ROS/ros2_communication_ws/install/ex_msg_srv:/home/neubility/ROS/ros2_communication_ws/install/srv_client_pkg:/home/neubility/ROS/ros2_communication_ws/install/sub_ex:/home/neubility/ROS/ros2_communication_ws/install/srv_server_pkg:/home/neubility/ROS/ros2_communication_ws/install/pub_ex:/home/neubility/ROS/ros2_communication_ws/install/practice_code_pkg:/opt/ros/eloquent /usr/bin/cmake --build /home/neubility/ROS/ros2_communication_ws/build/srv_client_pkg --target install -- -j16 -l16
