[0.018s] Invoking command in '/home/neubility/ROS/ros2_communication_ws/build/ex_msg_srv': CMAKE_PREFIX_PATH=${CMAKE_PREFIX_PATH}:/opt/ros/eloquent /usr/bin/cmake --build /home/neubility/ROS/ros2_communication_ws/build/ex_msg_srv -- -j16 -l16
[0.068s] [  7%] Built target ex_msg_srv__cpp
[0.069s] [ 12%] Built target ex_msg_srv__rosidl_generator_c
[0.090s] [ 28%] Built target ex_msg_srv__rosidl_typesupport_introspection_c
[0.090s] [ 33%] Built target ex_msg_srv__rosidl_typesupport_c
[0.091s] [ 43%] Built target ex_msg_srv__rosidl_typesupport_cpp
[0.096s] [ 53%] Built target ex_msg_srv__rosidl_typesupport_fastrtps_cpp
[0.096s] [ 64%] Built target ex_msg_srv__rosidl_typesupport_introspection_cpp
[0.125s] [ 74%] Built target ex_msg_srv__rosidl_typesupport_fastrtps_c
[0.145s] [ 74%] Built target ex_msg_srv
[0.172s] [ 76%] Built target ex_msg_srv__py
[0.206s] [ 84%] Built target ex_msg_srv__python
[0.230s] [ 89%] Built target ex_msg_srv__rosidl_typesupport_introspection_c__pyext
[0.231s] [ 94%] Built target ex_msg_srv__rosidl_typesupport_fastrtps_c__pyext
[0.231s] [100%] Built target ex_msg_srv__rosidl_typesupport_c__pyext
[0.245s] Invoked command in '/home/neubility/ROS/ros2_communication_ws/build/ex_msg_srv' returned '0': CMAKE_PREFIX_PATH=${CMAKE_PREFIX_PATH}:/opt/ros/eloquent /usr/bin/cmake --build /home/neubility/ROS/ros2_communication_ws/build/ex_msg_srv -- -j16 -l16
[0.308s] Invoking command in '/home/neubility/ROS/ros2_communication_ws/build/ex_msg_srv': CMAKE_PREFIX_PATH=${CMAKE_PREFIX_PATH}:/opt/ros/eloquent /usr/bin/cmake --build /home/neubility/ROS/ros2_communication_ws/build/ex_msg_srv --target install -- -j16 -l16
[0.378s] [  5%] Built target ex_msg_srv__cpp
[0.378s] [ 12%] Built target ex_msg_srv__rosidl_generator_c
[0.398s] [ 30%] Built target ex_msg_srv__rosidl_typesupport_introspection_c
[0.398s] [ 33%] Built target ex_msg_srv__rosidl_typesupport_introspection_cpp
[0.398s] [ 43%] Built target ex_msg_srv__rosidl_typesupport_cpp
[0.400s] [ 53%] Built target ex_msg_srv__rosidl_typesupport_c
[0.404s] [ 64%] Built target ex_msg_srv__rosidl_typesupport_fastrtps_cpp
[0.440s] [ 74%] Built target ex_msg_srv__rosidl_typesupport_fastrtps_c
[0.470s] [ 74%] Built target ex_msg_srv
[0.495s] [ 76%] Built target ex_msg_srv__py
[0.542s] [ 84%] Built target ex_msg_srv__python
[0.568s] [100%] Built target ex_msg_srv__rosidl_typesupport_fastrtps_c__pyext
[0.569s] [100%] Built target ex_msg_srv__rosidl_typesupport_introspection_c__pyext
[0.569s] [100%] Built target ex_msg_srv__rosidl_typesupport_c__pyext
[0.591s] [36mInstall the project...[0m
[0.603s] -- Install configuration: "Debug"
[0.603s] -- Up-to-date: /home/neubility/ROS/ros2_communication_ws/install/ex_msg_srv/share/ament_index/resource_index/rosidl_interfaces/ex_msg_srv
[0.603s] -- Up-to-date: /home/neubility/ROS/ros2_communication_ws/install/ex_msg_srv/lib/libex_msg_srv__rosidl_typesupport_c.so
[0.604s] -- Up-to-date: /home/neubility/ROS/ros2_communication_ws/install/ex_msg_srv/share/ex_msg_srv/environment/library_path.sh
[0.604s] -- Up-to-date: /home/neubility/ROS/ros2_communication_ws/install/ex_msg_srv/share/ex_msg_srv/environment/library_path.dsv
[0.604s] -- Up-to-date: /home/neubility/ROS/ros2_communication_ws/install/ex_msg_srv/lib/libex_msg_srv__rosidl_typesupport_cpp.so
[0.604s] -- Up-to-date: /home/neubility/ROS/ros2_communication_ws/install/ex_msg_srv/include/ex_msg_srv
[0.604s] -- Up-to-date: /home/neubility/ROS/ros2_communication_ws/install/ex_msg_srv/include/ex_msg_srv/srv
[0.604s] -- Up-to-date: /home/neubility/ROS/ros2_communication_ws/install/ex_msg_srv/include/ex_msg_srv/srv/add_three_ints__rosidl_typesupport_fastrtps_c.h
[0.604s] -- Up-to-date: /home/neubility/ROS/ros2_communication_ws/install/ex_msg_srv/include/ex_msg_srv/msg
[0.604s] -- Up-to-date: /home/neubility/ROS/ros2_communication_ws/install/ex_msg_srv/include/ex_msg_srv/msg/num__rosidl_typesupport_fastrtps_c.h
[0.605s] -- Up-to-date: /home/neubility/ROS/ros2_communication_ws/install/ex_msg_srv/include/ex_msg_srv/msg/rosidl_typesupport_fastrtps_c__visibility_control.h
[0.605s] -- Up-to-date: /home/neubility/ROS/ros2_communication_ws/install/ex_msg_srv/lib/libex_msg_srv__rosidl_typesupport_fastrtps_c.so
[0.605s] -- Up-to-date: /home/neubility/ROS/ros2_communication_ws/install/ex_msg_srv/include/ex_msg_srv
[0.605s] -- Up-to-date: /home/neubility/ROS/ros2_communication_ws/install/ex_msg_srv/include/ex_msg_srv/srv
[0.605s] -- Up-to-date: /home/neubility/ROS/ros2_communication_ws/install/ex_msg_srv/include/ex_msg_srv/srv/add_three_ints.h
[0.605s] -- Up-to-date: /home/neubility/ROS/ros2_communication_ws/install/ex_msg_srv/include/ex_msg_srv/srv/add_three_ints__struct.h
[0.605s] -- Up-to-date: /home/neubility/ROS/ros2_communication_ws/install/ex_msg_srv/include/ex_msg_srv/srv/add_three_ints__functions.c
[0.605s] -- Up-to-date: /home/neubility/ROS/ros2_communication_ws/install/ex_msg_srv/include/ex_msg_srv/srv/add_three_ints__type_support.h
[0.605s] -- Up-to-date: /home/neubility/ROS/ros2_communication_ws/install/ex_msg_srv/include/ex_msg_srv/srv/add_three_ints__functions.h
[0.605s] -- Up-to-date: /home/neubility/ROS/ros2_communication_ws/install/ex_msg_srv/include/ex_msg_srv/msg
[0.605s] -- Up-to-date: /home/neubility/ROS/ros2_communication_ws/install/ex_msg_srv/include/ex_msg_srv/msg/num__type_support.h
[0.605s] -- Up-to-date: /home/neubility/ROS/ros2_communication_ws/install/ex_msg_srv/include/ex_msg_srv/msg/num__functions.h
[0.605s] -- Up-to-date: /home/neubility/ROS/ros2_communication_ws/install/ex_msg_srv/include/ex_msg_srv/msg/num__functions.c
[0.606s] -- Up-to-date: /home/neubility/ROS/ros2_communication_ws/install/ex_msg_srv/include/ex_msg_srv/msg/rosidl_generator_c__visibility_control.h
[0.606s] -- Up-to-date: /home/neubility/ROS/ros2_communication_ws/install/ex_msg_srv/include/ex_msg_srv/msg/num.h
[0.606s] -- Up-to-date: /home/neubility/ROS/ros2_communication_ws/install/ex_msg_srv/include/ex_msg_srv/msg/num__struct.h
[0.606s] -- Up-to-date: /home/neubility/ROS/ros2_communication_ws/install/ex_msg_srv/lib/libex_msg_srv__rosidl_generator_c.so
[0.606s] -- Up-to-date: /home/neubility/ROS/ros2_communication_ws/install/ex_msg_srv/include/ex_msg_srv
[0.606s] -- Up-to-date: /home/neubility/ROS/ros2_communication_ws/install/ex_msg_srv/include/ex_msg_srv/srv
[0.606s] -- Up-to-date: /home/neubility/ROS/ros2_communication_ws/install/ex_msg_srv/include/ex_msg_srv/srv/dds_fastrtps
[0.606s] -- Up-to-date: /home/neubility/ROS/ros2_communication_ws/install/ex_msg_srv/include/ex_msg_srv/srv/add_three_ints__rosidl_typesupport_fastrtps_cpp.hpp
[0.606s] -- Up-to-date: /home/neubility/ROS/ros2_communication_ws/install/ex_msg_srv/include/ex_msg_srv/msg
[0.606s] -- Up-to-date: /home/neubility/ROS/ros2_communication_ws/install/ex_msg_srv/include/ex_msg_srv/msg/dds_fastrtps
[0.606s] -- Up-to-date: /home/neubility/ROS/ros2_communication_ws/install/ex_msg_srv/include/ex_msg_srv/msg/rosidl_typesupport_fastrtps_cpp__visibility_control.h
[0.606s] -- Up-to-date: /home/neubility/ROS/ros2_communication_ws/install/ex_msg_srv/include/ex_msg_srv/msg/num__rosidl_typesupport_fastrtps_cpp.hpp
[0.606s] -- Up-to-date: /home/neubility/ROS/ros2_communication_ws/install/ex_msg_srv/lib/libex_msg_srv__rosidl_typesupport_fastrtps_cpp.so
[0.606s] -- Up-to-date: /home/neubility/ROS/ros2_communication_ws/install/ex_msg_srv/include/ex_msg_srv
[0.606s] -- Up-to-date: /home/neubility/ROS/ros2_communication_ws/install/ex_msg_srv/include/ex_msg_srv/srv
[0.606s] -- Up-to-date: /home/neubility/ROS/ros2_communication_ws/install/ex_msg_srv/include/ex_msg_srv/srv/add_three_ints__traits.hpp
[0.606s] -- Up-to-date: /home/neubility/ROS/ros2_communication_ws/install/ex_msg_srv/include/ex_msg_srv/srv/add_three_ints.hpp
[0.606s] -- Up-to-date: /home/neubility/ROS/ros2_communication_ws/install/ex_msg_srv/include/ex_msg_srv/srv/add_three_ints__struct.hpp
[0.607s] -- Up-to-date: /home/neubility/ROS/ros2_communication_ws/install/ex_msg_srv/include/ex_msg_srv/msg
[0.607s] -- Up-to-date: /home/neubility/ROS/ros2_communication_ws/install/ex_msg_srv/include/ex_msg_srv/msg/num__traits.hpp
[0.607s] -- Up-to-date: /home/neubility/ROS/ros2_communication_ws/install/ex_msg_srv/include/ex_msg_srv/msg/num__struct.hpp
[0.607s] -- Up-to-date: /home/neubility/ROS/ros2_communication_ws/install/ex_msg_srv/include/ex_msg_srv/msg/num.hpp
[0.607s] -- Up-to-date: /home/neubility/ROS/ros2_communication_ws/install/ex_msg_srv/include/ex_msg_srv
[0.607s] -- Up-to-date: /home/neubility/ROS/ros2_communication_ws/install/ex_msg_srv/include/ex_msg_srv/srv
[0.607s] -- Up-to-date: /home/neubility/ROS/ros2_communication_ws/install/ex_msg_srv/include/ex_msg_srv/srv/add_three_ints__type_support.c
[0.607s] -- Up-to-date: /home/neubility/ROS/ros2_communication_ws/install/ex_msg_srv/include/ex_msg_srv/srv/add_three_ints__rosidl_typesupport_introspection_c.h
[0.607s] -- Up-to-date: /home/neubility/ROS/ros2_communication_ws/install/ex_msg_srv/include/ex_msg_srv/msg
[0.607s] -- Up-to-date: /home/neubility/ROS/ros2_communication_ws/install/ex_msg_srv/include/ex_msg_srv/msg/rosidl_typesupport_introspection_c__visibility_control.h
[0.607s] -- Up-to-date: /home/neubility/ROS/ros2_communication_ws/install/ex_msg_srv/include/ex_msg_srv/msg/num__type_support.c
[0.608s] -- Up-to-date: /home/neubility/ROS/ros2_communication_ws/install/ex_msg_srv/include/ex_msg_srv/msg/num__rosidl_typesupport_introspection_c.h
[0.608s] -- Up-to-date: /home/neubility/ROS/ros2_communication_ws/install/ex_msg_srv/lib/libex_msg_srv__rosidl_typesupport_introspection_c.so
[0.608s] -- Up-to-date: /home/neubility/ROS/ros2_communication_ws/install/ex_msg_srv/include/ex_msg_srv
[0.608s] -- Up-to-date: /home/neubility/ROS/ros2_communication_ws/install/ex_msg_srv/include/ex_msg_srv/srv
[0.608s] -- Up-to-date: /home/neubility/ROS/ros2_communication_ws/install/ex_msg_srv/include/ex_msg_srv/srv/add_three_ints__rosidl_typesupport_introspection_cpp.hpp
[0.609s] -- Up-to-date: /home/neubility/ROS/ros2_communication_ws/install/ex_msg_srv/include/ex_msg_srv/srv/add_three_ints__type_support.cpp
[0.609s] -- Up-to-date: /home/neubility/ROS/ros2_communication_ws/install/ex_msg_srv/include/ex_msg_srv/msg
[0.609s] -- Up-to-date: /home/neubility/ROS/ros2_communication_ws/install/ex_msg_srv/include/ex_msg_srv/msg/num__rosidl_typesupport_introspection_cpp.hpp
[0.609s] -- Up-to-date: /home/neubility/ROS/ros2_communication_ws/install/ex_msg_srv/include/ex_msg_srv/msg/num__type_support.cpp
[0.609s] -- Up-to-date: /home/neubility/ROS/ros2_communication_ws/install/ex_msg_srv/lib/libex_msg_srv__rosidl_typesupport_introspection_cpp.so
[0.609s] -- Up-to-date: /home/neubility/ROS/ros2_communication_ws/install/ex_msg_srv/share/ex_msg_srv/environment/pythonpath.sh
[0.610s] -- Up-to-date: /home/neubility/ROS/ros2_communication_ws/install/ex_msg_srv/share/ex_msg_srv/environment/pythonpath.dsv
[0.610s] -- Up-to-date: /home/neubility/ROS/ros2_communication_ws/install/ex_msg_srv/lib/python3.6/site-packages/ex_msg_srv/__init__.py
[0.643s] -- Up-to-date: /home/neubility/ROS/ros2_communication_ws/install/ex_msg_srv/lib/python3.6/site-packages/ex_msg_srv/msg
[0.643s] -- Up-to-date: /home/neubility/ROS/ros2_communication_ws/install/ex_msg_srv/lib/python3.6/site-packages/ex_msg_srv/msg/_num_s.c
[0.643s] -- Up-to-date: /home/neubility/ROS/ros2_communication_ws/install/ex_msg_srv/lib/python3.6/site-packages/ex_msg_srv/msg/_num.py
[0.643s] -- Up-to-date: /home/neubility/ROS/ros2_communication_ws/install/ex_msg_srv/lib/python3.6/site-packages/ex_msg_srv/msg/__init__.py
[0.644s] -- Up-to-date: /home/neubility/ROS/ros2_communication_ws/install/ex_msg_srv/lib/python3.6/site-packages/ex_msg_srv/srv
[0.644s] -- Up-to-date: /home/neubility/ROS/ros2_communication_ws/install/ex_msg_srv/lib/python3.6/site-packages/ex_msg_srv/srv/_add_three_ints_s.c
[0.644s] -- Up-to-date: /home/neubility/ROS/ros2_communication_ws/install/ex_msg_srv/lib/python3.6/site-packages/ex_msg_srv/srv/__init__.py
[0.644s] -- Up-to-date: /home/neubility/ROS/ros2_communication_ws/install/ex_msg_srv/lib/python3.6/site-packages/ex_msg_srv/srv/_add_three_ints.py
[0.644s] -- Up-to-date: /home/neubility/ROS/ros2_communication_ws/install/ex_msg_srv/lib/python3.6/site-packages/ex_msg_srv/ex_msg_srv_s__rosidl_typesupport_c.cpython-36m-x86_64-linux-gnu.so
[0.645s] -- Up-to-date: /home/neubility/ROS/ros2_communication_ws/install/ex_msg_srv/lib/python3.6/site-packages/ex_msg_srv/ex_msg_srv_s__rosidl_typesupport_introspection_c.cpython-36m-x86_64-linux-gnu.so
[0.645s] -- Up-to-date: /home/neubility/ROS/ros2_communication_ws/install/ex_msg_srv/lib/python3.6/site-packages/ex_msg_srv/ex_msg_srv_s__rosidl_typesupport_fastrtps_c.cpython-36m-x86_64-linux-gnu.so
[0.646s] -- Up-to-date: /home/neubility/ROS/ros2_communication_ws/install/ex_msg_srv/lib/libex_msg_srv__python.so
[0.646s] -- Up-to-date: /home/neubility/ROS/ros2_communication_ws/install/ex_msg_srv/share/ex_msg_srv/msg/Num.idl
[0.647s] -- Up-to-date: /home/neubility/ROS/ros2_communication_ws/install/ex_msg_srv/share/ex_msg_srv/srv/AddThreeInts.idl
[0.647s] -- Up-to-date: /home/neubility/ROS/ros2_communication_ws/install/ex_msg_srv/share/ex_msg_srv/msg/Num.msg
[0.647s] -- Up-to-date: /home/neubility/ROS/ros2_communication_ws/install/ex_msg_srv/share/ex_msg_srv/srv/AddThreeInts.srv
[0.647s] -- Up-to-date: /home/neubility/ROS/ros2_communication_ws/install/ex_msg_srv/share/ex_msg_srv/srv/AddThreeInts_Request.msg
[0.647s] -- Up-to-date: /home/neubility/ROS/ros2_communication_ws/install/ex_msg_srv/share/ex_msg_srv/srv/AddThreeInts_Response.msg
[0.647s] -- Up-to-date: /home/neubility/ROS/ros2_communication_ws/install/ex_msg_srv/share/ament_index/resource_index/package_run_dependencies/ex_msg_srv
[0.647s] -- Up-to-date: /home/neubility/ROS/ros2_communication_ws/install/ex_msg_srv/share/ament_index/resource_index/parent_prefix_path/ex_msg_srv
[0.647s] -- Up-to-date: /home/neubility/ROS/ros2_communication_ws/install/ex_msg_srv/share/ex_msg_srv/environment/ament_prefix_path.sh
[0.647s] -- Up-to-date: /home/neubility/ROS/ros2_communication_ws/install/ex_msg_srv/share/ex_msg_srv/environment/ament_prefix_path.dsv
[0.647s] -- Up-to-date: /home/neubility/ROS/ros2_communication_ws/install/ex_msg_srv/share/ex_msg_srv/environment/path.sh
[0.647s] -- Up-to-date: /home/neubility/ROS/ros2_communication_ws/install/ex_msg_srv/share/ex_msg_srv/environment/path.dsv
[0.647s] -- Up-to-date: /home/neubility/ROS/ros2_communication_ws/install/ex_msg_srv/share/ex_msg_srv/local_setup.bash
[0.647s] -- Up-to-date: /home/neubility/ROS/ros2_communication_ws/install/ex_msg_srv/share/ex_msg_srv/local_setup.sh
[0.648s] -- Up-to-date: /home/neubility/ROS/ros2_communication_ws/install/ex_msg_srv/share/ex_msg_srv/local_setup.zsh
[0.648s] -- Up-to-date: /home/neubility/ROS/ros2_communication_ws/install/ex_msg_srv/share/ex_msg_srv/local_setup.dsv
[0.648s] -- Installing: /home/neubility/ROS/ros2_communication_ws/install/ex_msg_srv/share/ex_msg_srv/package.dsv
[0.648s] -- Up-to-date: /home/neubility/ROS/ros2_communication_ws/install/ex_msg_srv/share/ament_index/resource_index/packages/ex_msg_srv
[0.648s] -- Up-to-date: /home/neubility/ROS/ros2_communication_ws/install/ex_msg_srv/share/ex_msg_srv/cmake/rosidl_cmake-extras.cmake
[0.648s] -- Up-to-date: /home/neubility/ROS/ros2_communication_ws/install/ex_msg_srv/share/ex_msg_srv/cmake/ament_cmake_export_libraries-extras.cmake
[0.648s] -- Up-to-date: /home/neubility/ROS/ros2_communication_ws/install/ex_msg_srv/share/ex_msg_srv/cmake/ament_cmake_export_include_directories-extras.cmake
[0.648s] -- Up-to-date: /home/neubility/ROS/ros2_communication_ws/install/ex_msg_srv/share/ex_msg_srv/cmake/ex_msg_srvConfig.cmake
[0.648s] -- Up-to-date: /home/neubility/ROS/ros2_communication_ws/install/ex_msg_srv/share/ex_msg_srv/cmake/ex_msg_srvConfig-version.cmake
[0.648s] -- Up-to-date: /home/neubility/ROS/ros2_communication_ws/install/ex_msg_srv/share/ex_msg_srv/package.xml
[0.653s] Invoked command in '/home/neubility/ROS/ros2_communication_ws/build/ex_msg_srv' returned '0': CMAKE_PREFIX_PATH=${CMAKE_PREFIX_PATH}:/opt/ros/eloquent /usr/bin/cmake --build /home/neubility/ROS/ros2_communication_ws/build/ex_msg_srv --target install -- -j16 -l16
