[0.000000] (-) TimerEvent: {}
[0.000823] (ex_msg_srv) JobQueued: {'identifier': 'ex_msg_srv', 'dependencies': OrderedDict()}
[0.001189] (sub_ex) JobQueued: {'identifier': 'sub_ex', 'dependencies': OrderedDict()}
[0.001332] (practice_code_pkg) JobQueued: {'identifier': 'practice_code_pkg', 'dependencies': OrderedDict([('ex_msg_srv', '/home/neubility/ROS/ros2_communication_ws/install/ex_msg_srv')])}
[0.001396] (pub_ex) JobQueued: {'identifier': 'pub_ex', 'dependencies': OrderedDict([('ex_msg_srv', '/home/neubility/ROS/ros2_communication_ws/install/ex_msg_srv')])}
[0.001464] (ex_msg_srv) JobStarted: {'identifier': 'ex_msg_srv'}
[0.009234] (sub_ex) JobStarted: {'identifier': 'sub_ex'}
[0.018209] (ex_msg_srv) JobProgress: {'identifier': 'ex_msg_srv', 'progress': 'cmake'}
[0.019042] (ex_msg_srv) JobProgress: {'identifier': 'ex_msg_srv', 'progress': 'build'}
[0.019714] (ex_msg_srv) Command: {'cmd': ['/usr/bin/cmake', '--build', '/home/neubility/ROS/ros2_communication_ws/build/ex_msg_srv', '--', '-j16', '-l16'], 'cwd': '/home/neubility/ROS/ros2_communication_ws/build/ex_msg_srv', 'env': OrderedDict([('GJS_DEBUG_TOPICS', 'JS ERROR;JS LOG'), ('LESSOPEN', '| /usr/bin/lesspipe %s'), ('USER', 'neubility'), ('LC_TIME', 'ko_KR.UTF-8'), ('TEXTDOMAIN', 'im-config'), ('XDG_SEAT', 'seat0'), ('SSH_AGENT_PID', '1359'), ('XDG_SESSION_TYPE', 'x11'), ('GIT_ASKPASS', '/usr/share/code/resources/app/extensions/git/dist/askpass.sh'), ('LD_LIBRARY_PATH', '/home/neubility/Qt5.14.2/Tools/QtCreator/lib:/usr/local/cuda-11.4/lib64:/usr/lib/x86_64-linux-gnu/gazebo-9/plugins:/opt/ros/eloquent/opt/yaml_cpp_vendor/lib:/opt/ros/eloquent/opt/rviz_ogre_vendor/lib:/opt/ros/eloquent/lib/x86_64-linux-gnu:/opt/ros/eloquent/lib'), ('SHLVL', '2'), ('CHROME_DESKTOP', 'code-url-handler.desktop'), ('QT4_IM_MODULE', 'xim'), ('HOME', '/home/neubility'), ('DESKTOP_SESSION', 'ubuntu'), ('TERM_PROGRAM_VERSION', '1.63.0'), ('GIO_LAUNCHED_DESKTOP_FILE', '/usr/share/applications/code.desktop'), ('GNOME_SHELL_SESSION_MODE', 'ubuntu'), ('GTK_MODULES', 'gail:atk-bridge'), ('VSCODE_GIT_ASKPASS_MAIN', '/usr/share/code/resources/app/extensions/git/dist/askpass-main.js'), ('ROS_PYTHON_VERSION', '3'), ('LC_MONETARY', 'ko_KR.UTF-8'), ('VSCODE_GIT_ASKPASS_NODE', '/usr/share/code/code'), ('DBUS_SESSION_BUS_ADDRESS', 'unix:path=/run/user/1000/bus'), ('COLORTERM', 'truecolor'), ('GIO_LAUNCHED_DESKTOP_FILE_PID', '19589'), ('IM_CONFIG_PHASE', '2'), ('ROS_DISTRO', 'eloquent'), ('LOGNAME', 'neubility'), ('GTK_IM_MODULE', 'ibus'), ('_', '/usr/bin/colcon'), ('ROS_VERSION', '2'), ('USERNAME', 'neubility'), ('XDG_SESSION_ID', '1'), ('TERM', 'xterm-256color'), ('ROS_LOCALHOST_ONLY', '0'), ('GNOME_DESKTOP_SESSION_ID', 'this-is-deprecated'), ('WINDOWPATH', '1'), ('PATH', '/home/neubility/Qt5.14.2/Tools/QtCreator/bin:/usr/local/cuda-11.4/bin:/opt/ros/eloquent/bin:/usr/local/sbin:/usr/local/bin:/usr/sbin:/usr/bin:/sbin:/bin:/usr/games:/usr/local/games:/snap/bin'), ('SESSION_MANAGER', 'local/neubility:@/tmp/.ICE-unix/1282,unix/neubility:/tmp/.ICE-unix/1282'), ('XDG_MENU_PREFIX', 'gnome-'), ('LC_ADDRESS', 'ko_KR.UTF-8'), ('GDK_BACKEND', 'x11'), ('XDG_RUNTIME_DIR', '/run/user/1000'), ('DISPLAY', ':0'), ('LANG', 'en_US.UTF-8'), ('XDG_CURRENT_DESKTOP', 'Unity'), ('LC_TELEPHONE', 'ko_KR.UTF-8'), ('RMW_IMPLEMENTATION', 'rmw_cyclonedds_cpp'), ('TERM_PROGRAM', 'vscode'), ('XDG_SESSION_DESKTOP', 'ubuntu'), ('XMODIFIERS', '@im=ibus'), ('VSCODE_GIT_IPC_HANDLE', '/run/user/1000/vscode-git-60516ff566.sock'), ('XAUTHORITY', '/run/user/1000/gdm/Xauthority'), ('AMENT_PREFIX_PATH', '/opt/ros/eloquent'), ('ORIGINAL_XDG_CURRENT_DESKTOP', 'ubuntu:GNOME'), ('SSH_AUTH_SOCK', '/run/user/1000/keyring/ssh'), ('ROS_DOMAIN_ID', '212'), ('LC_NAME', 'ko_KR.UTF-8'), ('SHELL', '/bin/bash'), ('QT_ACCESSIBILITY', '1'), ('GDMSESSION', 'ubuntu'), ('LESSCLOSE', '/usr/bin/lesspipe %s %s'), ('LC_MEASUREMENT', 'ko_KR.UTF-8'), ('TEXTDOMAINDIR', '/usr/share/locale/'), ('GJS_DEBUG_OUTPUT', 'stderr'), ('GPG_AGENT_INFO', '/run/user/1000/gnupg/S.gpg-agent:0:1'), ('LC_IDENTIFICATION', 'ko_KR.UTF-8'), ('VSCODE_GIT_ASKPASS_EXTRA_ARGS', '--ms-enable-electron-run-as-node'), ('XDG_VTNR', '1'), ('QT_IM_MODULE', 'ibus'), ('LC_ALL', 'en_US.UTF-8'), ('PWD', '/home/neubility/ROS/ros2_communication_ws/build/ex_msg_srv'), ('CLUTTER_IM_MODULE', 'xim'), ('XDG_DATA_DIRS', '/usr/share/ubuntu:/usr/local/share/:/usr/share/:/var/lib/snapd/desktop'), ('XDG_CONFIG_DIRS', '/etc/xdg/xdg-ubuntu:/etc/xdg'), ('LC_NUMERIC', 'ko_KR.UTF-8'), ('PYTHONPATH', '/opt/ros/eloquent/lib/python3.6/site-packages'), ('LC_PAPER', 'ko_KR.UTF-8'), ('BREAKPAD_DUMP_LOCATION', '/home/neubility/.config/Code/exthost Crash Reports'), ('COLCON', '1'), ('CMAKE_PREFIX_PATH', '/opt/ros/eloquent')]), 'shell': False}
[0.024577] (sub_ex) JobProgress: {'identifier': 'sub_ex', 'progress': 'cmake'}
[0.025155] (sub_ex) JobProgress: {'identifier': 'sub_ex', 'progress': 'build'}
[0.025449] (sub_ex) Command: {'cmd': ['/usr/bin/cmake', '--build', '/home/neubility/ROS/ros2_communication_ws/build/sub_ex', '--', '-j16', '-l16'], 'cwd': '/home/neubility/ROS/ros2_communication_ws/build/sub_ex', 'env': OrderedDict([('GJS_DEBUG_TOPICS', 'JS ERROR;JS LOG'), ('LESSOPEN', '| /usr/bin/lesspipe %s'), ('USER', 'neubility'), ('LC_TIME', 'ko_KR.UTF-8'), ('TEXTDOMAIN', 'im-config'), ('XDG_SEAT', 'seat0'), ('SSH_AGENT_PID', '1359'), ('XDG_SESSION_TYPE', 'x11'), ('GIT_ASKPASS', '/usr/share/code/resources/app/extensions/git/dist/askpass.sh'), ('LD_LIBRARY_PATH', '/home/neubility/Qt5.14.2/Tools/QtCreator/lib:/usr/local/cuda-11.4/lib64:/usr/lib/x86_64-linux-gnu/gazebo-9/plugins:/opt/ros/eloquent/opt/yaml_cpp_vendor/lib:/opt/ros/eloquent/opt/rviz_ogre_vendor/lib:/opt/ros/eloquent/lib/x86_64-linux-gnu:/opt/ros/eloquent/lib'), ('SHLVL', '2'), ('CHROME_DESKTOP', 'code-url-handler.desktop'), ('QT4_IM_MODULE', 'xim'), ('HOME', '/home/neubility'), ('DESKTOP_SESSION', 'ubuntu'), ('TERM_PROGRAM_VERSION', '1.63.0'), ('GIO_LAUNCHED_DESKTOP_FILE', '/usr/share/applications/code.desktop'), ('GNOME_SHELL_SESSION_MODE', 'ubuntu'), ('GTK_MODULES', 'gail:atk-bridge'), ('VSCODE_GIT_ASKPASS_MAIN', '/usr/share/code/resources/app/extensions/git/dist/askpass-main.js'), ('ROS_PYTHON_VERSION', '3'), ('LC_MONETARY', 'ko_KR.UTF-8'), ('VSCODE_GIT_ASKPASS_NODE', '/usr/share/code/code'), ('DBUS_SESSION_BUS_ADDRESS', 'unix:path=/run/user/1000/bus'), ('COLORTERM', 'truecolor'), ('GIO_LAUNCHED_DESKTOP_FILE_PID', '19589'), ('IM_CONFIG_PHASE', '2'), ('ROS_DISTRO', 'eloquent'), ('LOGNAME', 'neubility'), ('GTK_IM_MODULE', 'ibus'), ('_', '/usr/bin/colcon'), ('ROS_VERSION', '2'), ('USERNAME', 'neubility'), ('XDG_SESSION_ID', '1'), ('TERM', 'xterm-256color'), ('ROS_LOCALHOST_ONLY', '0'), ('GNOME_DESKTOP_SESSION_ID', 'this-is-deprecated'), ('WINDOWPATH', '1'), ('PATH', '/home/neubility/Qt5.14.2/Tools/QtCreator/bin:/usr/local/cuda-11.4/bin:/opt/ros/eloquent/bin:/usr/local/sbin:/usr/local/bin:/usr/sbin:/usr/bin:/sbin:/bin:/usr/games:/usr/local/games:/snap/bin'), ('SESSION_MANAGER', 'local/neubility:@/tmp/.ICE-unix/1282,unix/neubility:/tmp/.ICE-unix/1282'), ('XDG_MENU_PREFIX', 'gnome-'), ('LC_ADDRESS', 'ko_KR.UTF-8'), ('GDK_BACKEND', 'x11'), ('XDG_RUNTIME_DIR', '/run/user/1000'), ('DISPLAY', ':0'), ('LANG', 'en_US.UTF-8'), ('XDG_CURRENT_DESKTOP', 'Unity'), ('LC_TELEPHONE', 'ko_KR.UTF-8'), ('RMW_IMPLEMENTATION', 'rmw_cyclonedds_cpp'), ('TERM_PROGRAM', 'vscode'), ('XDG_SESSION_DESKTOP', 'ubuntu'), ('XMODIFIERS', '@im=ibus'), ('VSCODE_GIT_IPC_HANDLE', '/run/user/1000/vscode-git-60516ff566.sock'), ('XAUTHORITY', '/run/user/1000/gdm/Xauthority'), ('AMENT_PREFIX_PATH', '/opt/ros/eloquent'), ('ORIGINAL_XDG_CURRENT_DESKTOP', 'ubuntu:GNOME'), ('SSH_AUTH_SOCK', '/run/user/1000/keyring/ssh'), ('ROS_DOMAIN_ID', '212'), ('LC_NAME', 'ko_KR.UTF-8'), ('SHELL', '/bin/bash'), ('QT_ACCESSIBILITY', '1'), ('GDMSESSION', 'ubuntu'), ('LESSCLOSE', '/usr/bin/lesspipe %s %s'), ('LC_MEASUREMENT', 'ko_KR.UTF-8'), ('TEXTDOMAINDIR', '/usr/share/locale/'), ('GJS_DEBUG_OUTPUT', 'stderr'), ('GPG_AGENT_INFO', '/run/user/1000/gnupg/S.gpg-agent:0:1'), ('LC_IDENTIFICATION', 'ko_KR.UTF-8'), ('VSCODE_GIT_ASKPASS_EXTRA_ARGS', '--ms-enable-electron-run-as-node'), ('XDG_VTNR', '1'), ('QT_IM_MODULE', 'ibus'), ('LC_ALL', 'en_US.UTF-8'), ('PWD', '/home/neubility/ROS/ros2_communication_ws/build/sub_ex'), ('CLUTTER_IM_MODULE', 'xim'), ('XDG_DATA_DIRS', '/usr/share/ubuntu:/usr/local/share/:/usr/share/:/var/lib/snapd/desktop'), ('XDG_CONFIG_DIRS', '/etc/xdg/xdg-ubuntu:/etc/xdg'), ('LC_NUMERIC', 'ko_KR.UTF-8'), ('PYTHONPATH', '/opt/ros/eloquent/lib/python3.6/site-packages'), ('LC_PAPER', 'ko_KR.UTF-8'), ('BREAKPAD_DUMP_LOCATION', '/home/neubility/.config/Code/exthost Crash Reports'), ('COLCON', '1'), ('CMAKE_PREFIX_PATH', '/opt/ros/eloquent')]), 'shell': False}
[0.070727] (ex_msg_srv) StdoutLine: {'line': b'[ 10%] Built target ex_msg_srv__rosidl_generator_c\n'}
[0.071257] (ex_msg_srv) StdoutLine: {'line': b'[ 12%] Built target ex_msg_srv__cpp\n'}
[0.079399] (sub_ex) StdoutLine: {'line': b'[100%] Built target sub_ex\n'}
[0.093076] (ex_msg_srv) StdoutLine: {'line': b'[ 23%] Built target ex_msg_srv__rosidl_typesupport_c\n'}
[0.093863] (ex_msg_srv) StdoutLine: {'line': b'[ 33%] Built target ex_msg_srv__rosidl_typesupport_cpp\n'}
[0.094116] (sub_ex) CommandEnded: {'returncode': 0}
[0.095400] (ex_msg_srv) StdoutLine: {'line': b'[ 53%] Built target ex_msg_srv__rosidl_typesupport_introspection_c\n'}
[0.095587] (ex_msg_srv) StdoutLine: {'line': b'[ 53%] Built target ex_msg_srv__rosidl_typesupport_introspection_cpp\n'}
[0.098178] (ex_msg_srv) StdoutLine: {'line': b'[ 64%] Built target ex_msg_srv__rosidl_typesupport_fastrtps_cpp\n'}
[0.099686] (-) TimerEvent: {}
[0.113630] (sub_ex) JobProgress: {'identifier': 'sub_ex', 'progress': 'install'}
[0.124855] (sub_ex) Command: {'cmd': ['/usr/bin/cmake', '--build', '/home/neubility/ROS/ros2_communication_ws/build/sub_ex', '--target', 'install', '--', '-j16', '-l16'], 'cwd': '/home/neubility/ROS/ros2_communication_ws/build/sub_ex', 'env': OrderedDict([('GJS_DEBUG_TOPICS', 'JS ERROR;JS LOG'), ('LESSOPEN', '| /usr/bin/lesspipe %s'), ('USER', 'neubility'), ('LC_TIME', 'ko_KR.UTF-8'), ('TEXTDOMAIN', 'im-config'), ('XDG_SEAT', 'seat0'), ('SSH_AGENT_PID', '1359'), ('XDG_SESSION_TYPE', 'x11'), ('GIT_ASKPASS', '/usr/share/code/resources/app/extensions/git/dist/askpass.sh'), ('LD_LIBRARY_PATH', '/home/neubility/Qt5.14.2/Tools/QtCreator/lib:/usr/local/cuda-11.4/lib64:/usr/lib/x86_64-linux-gnu/gazebo-9/plugins:/opt/ros/eloquent/opt/yaml_cpp_vendor/lib:/opt/ros/eloquent/opt/rviz_ogre_vendor/lib:/opt/ros/eloquent/lib/x86_64-linux-gnu:/opt/ros/eloquent/lib'), ('SHLVL', '2'), ('CHROME_DESKTOP', 'code-url-handler.desktop'), ('QT4_IM_MODULE', 'xim'), ('HOME', '/home/neubility'), ('DESKTOP_SESSION', 'ubuntu'), ('TERM_PROGRAM_VERSION', '1.63.0'), ('GIO_LAUNCHED_DESKTOP_FILE', '/usr/share/applications/code.desktop'), ('GNOME_SHELL_SESSION_MODE', 'ubuntu'), ('GTK_MODULES', 'gail:atk-bridge'), ('VSCODE_GIT_ASKPASS_MAIN', '/usr/share/code/resources/app/extensions/git/dist/askpass-main.js'), ('ROS_PYTHON_VERSION', '3'), ('LC_MONETARY', 'ko_KR.UTF-8'), ('VSCODE_GIT_ASKPASS_NODE', '/usr/share/code/code'), ('DBUS_SESSION_BUS_ADDRESS', 'unix:path=/run/user/1000/bus'), ('COLORTERM', 'truecolor'), ('GIO_LAUNCHED_DESKTOP_FILE_PID', '19589'), ('IM_CONFIG_PHASE', '2'), ('ROS_DISTRO', 'eloquent'), ('LOGNAME', 'neubility'), ('GTK_IM_MODULE', 'ibus'), ('_', '/usr/bin/colcon'), ('ROS_VERSION', '2'), ('USERNAME', 'neubility'), ('XDG_SESSION_ID', '1'), ('TERM', 'xterm-256color'), ('ROS_LOCALHOST_ONLY', '0'), ('GNOME_DESKTOP_SESSION_ID', 'this-is-deprecated'), ('WINDOWPATH', '1'), ('PATH', '/home/neubility/Qt5.14.2/Tools/QtCreator/bin:/usr/local/cuda-11.4/bin:/opt/ros/eloquent/bin:/usr/local/sbin:/usr/local/bin:/usr/sbin:/usr/bin:/sbin:/bin:/usr/games:/usr/local/games:/snap/bin'), ('SESSION_MANAGER', 'local/neubility:@/tmp/.ICE-unix/1282,unix/neubility:/tmp/.ICE-unix/1282'), ('XDG_MENU_PREFIX', 'gnome-'), ('LC_ADDRESS', 'ko_KR.UTF-8'), ('GDK_BACKEND', 'x11'), ('XDG_RUNTIME_DIR', '/run/user/1000'), ('DISPLAY', ':0'), ('LANG', 'en_US.UTF-8'), ('XDG_CURRENT_DESKTOP', 'Unity'), ('LC_TELEPHONE', 'ko_KR.UTF-8'), ('RMW_IMPLEMENTATION', 'rmw_cyclonedds_cpp'), ('TERM_PROGRAM', 'vscode'), ('XDG_SESSION_DESKTOP', 'ubuntu'), ('XMODIFIERS', '@im=ibus'), ('VSCODE_GIT_IPC_HANDLE', '/run/user/1000/vscode-git-60516ff566.sock'), ('XAUTHORITY', '/run/user/1000/gdm/Xauthority'), ('AMENT_PREFIX_PATH', '/opt/ros/eloquent'), ('ORIGINAL_XDG_CURRENT_DESKTOP', 'ubuntu:GNOME'), ('SSH_AUTH_SOCK', '/run/user/1000/keyring/ssh'), ('ROS_DOMAIN_ID', '212'), ('LC_NAME', 'ko_KR.UTF-8'), ('SHELL', '/bin/bash'), ('QT_ACCESSIBILITY', '1'), ('GDMSESSION', 'ubuntu'), ('LESSCLOSE', '/usr/bin/lesspipe %s %s'), ('LC_MEASUREMENT', 'ko_KR.UTF-8'), ('TEXTDOMAINDIR', '/usr/share/locale/'), ('GJS_DEBUG_OUTPUT', 'stderr'), ('GPG_AGENT_INFO', '/run/user/1000/gnupg/S.gpg-agent:0:1'), ('LC_IDENTIFICATION', 'ko_KR.UTF-8'), ('VSCODE_GIT_ASKPASS_EXTRA_ARGS', '--ms-enable-electron-run-as-node'), ('XDG_VTNR', '1'), ('QT_IM_MODULE', 'ibus'), ('LC_ALL', 'en_US.UTF-8'), ('PWD', '/home/neubility/ROS/ros2_communication_ws/build/sub_ex'), ('CLUTTER_IM_MODULE', 'xim'), ('XDG_DATA_DIRS', '/usr/share/ubuntu:/usr/local/share/:/usr/share/:/var/lib/snapd/desktop'), ('XDG_CONFIG_DIRS', '/etc/xdg/xdg-ubuntu:/etc/xdg'), ('LC_NUMERIC', 'ko_KR.UTF-8'), ('PYTHONPATH', '/opt/ros/eloquent/lib/python3.6/site-packages'), ('LC_PAPER', 'ko_KR.UTF-8'), ('BREAKPAD_DUMP_LOCATION', '/home/neubility/.config/Code/exthost Crash Reports'), ('COLCON', '1'), ('CMAKE_PREFIX_PATH', '/opt/ros/eloquent')]), 'shell': False}
[0.126317] (ex_msg_srv) StdoutLine: {'line': b'[ 74%] Built target ex_msg_srv__rosidl_typesupport_fastrtps_c\n'}
[0.144954] (ex_msg_srv) StdoutLine: {'line': b'[ 74%] Built target ex_msg_srv\n'}
[0.166441] (ex_msg_srv) StdoutLine: {'line': b'[ 76%] Built target ex_msg_srv__py\n'}
[0.183764] (sub_ex) StdoutLine: {'line': b'[100%] Built target sub_ex\n'}
[0.192003] (ex_msg_srv) StdoutLine: {'line': b'[ 84%] Built target ex_msg_srv__python\n'}
[0.199787] (-) TimerEvent: {}
[0.201291] (sub_ex) StdoutLine: {'line': b'\x1b[36mInstall the project...\x1b[0m\n'}
[0.211141] (sub_ex) StdoutLine: {'line': b'-- Install configuration: "Debug"\n'}
[0.211340] (sub_ex) StdoutLine: {'line': b'-- Up-to-date: /home/neubility/ROS/ros2_communication_ws/install/sub_ex/lib/sub_ex/sub_ex\n'}
[0.211450] (sub_ex) StdoutLine: {'line': b'-- Up-to-date: /home/neubility/ROS/ros2_communication_ws/install/sub_ex/share/ament_index/resource_index/package_run_dependencies/sub_ex\n'}
[0.211537] (sub_ex) StdoutLine: {'line': b'-- Up-to-date: /home/neubility/ROS/ros2_communication_ws/install/sub_ex/share/ament_index/resource_index/parent_prefix_path/sub_ex\n'}
[0.211620] (sub_ex) StdoutLine: {'line': b'-- Up-to-date: /home/neubility/ROS/ros2_communication_ws/install/sub_ex/share/sub_ex/environment/ament_prefix_path.sh\n'}
[0.211708] (sub_ex) StdoutLine: {'line': b'-- Up-to-date: /home/neubility/ROS/ros2_communication_ws/install/sub_ex/share/sub_ex/environment/ament_prefix_path.dsv\n'}
[0.211824] (sub_ex) StdoutLine: {'line': b'-- Up-to-date: /home/neubility/ROS/ros2_communication_ws/install/sub_ex/share/sub_ex/environment/path.sh\n'}
[0.211953] (sub_ex) StdoutLine: {'line': b'-- Up-to-date: /home/neubility/ROS/ros2_communication_ws/install/sub_ex/share/sub_ex/environment/path.dsv\n'}
[0.212045] (sub_ex) StdoutLine: {'line': b'-- Up-to-date: /home/neubility/ROS/ros2_communication_ws/install/sub_ex/share/sub_ex/local_setup.bash\n'}
[0.212400] (sub_ex) StdoutLine: {'line': b'-- Up-to-date: /home/neubility/ROS/ros2_communication_ws/install/sub_ex/share/sub_ex/local_setup.sh\n'}
[0.212469] (sub_ex) StdoutLine: {'line': b'-- Up-to-date: /home/neubility/ROS/ros2_communication_ws/install/sub_ex/share/sub_ex/local_setup.zsh\n'}
[0.212532] (sub_ex) StdoutLine: {'line': b'-- Up-to-date: /home/neubility/ROS/ros2_communication_ws/install/sub_ex/share/sub_ex/local_setup.dsv\n'}
[0.212595] (sub_ex) StdoutLine: {'line': b'-- Up-to-date: /home/neubility/ROS/ros2_communication_ws/install/sub_ex/share/sub_ex/package.dsv\n'}
[0.212658] (sub_ex) StdoutLine: {'line': b'-- Up-to-date: /home/neubility/ROS/ros2_communication_ws/install/sub_ex/share/ament_index/resource_index/packages/sub_ex\n'}
[0.212780] (sub_ex) StdoutLine: {'line': b'-- Up-to-date: /home/neubility/ROS/ros2_communication_ws/install/sub_ex/share/sub_ex/cmake/sub_exConfig.cmake\n'}
[0.212857] (sub_ex) StdoutLine: {'line': b'-- Up-to-date: /home/neubility/ROS/ros2_communication_ws/install/sub_ex/share/sub_ex/cmake/sub_exConfig-version.cmake\n'}
[0.212917] (sub_ex) StdoutLine: {'line': b'-- Up-to-date: /home/neubility/ROS/ros2_communication_ws/install/sub_ex/share/sub_ex/package.xml\n'}
[0.214725] (sub_ex) CommandEnded: {'returncode': 0}
[0.216207] (ex_msg_srv) StdoutLine: {'line': b'[ 89%] Built target ex_msg_srv__rosidl_typesupport_introspection_c__pyext\n'}
[0.217341] (ex_msg_srv) StdoutLine: {'line': b'[100%] Built target ex_msg_srv__rosidl_typesupport_c__pyext\n'}
[0.217497] (ex_msg_srv) StdoutLine: {'line': b'[100%] Built target ex_msg_srv__rosidl_typesupport_fastrtps_c__pyext\n'}
[0.241192] (ex_msg_srv) CommandEnded: {'returncode': 0}
[0.271589] (sub_ex) JobEnded: {'identifier': 'sub_ex', 'rc': 0}
[0.298506] (ex_msg_srv) JobProgress: {'identifier': 'ex_msg_srv', 'progress': 'install'}
[0.299905] (ex_msg_srv) Command: {'cmd': ['/usr/bin/cmake', '--build', '/home/neubility/ROS/ros2_communication_ws/build/ex_msg_srv', '--target', 'install', '--', '-j16', '-l16'], 'cwd': '/home/neubility/ROS/ros2_communication_ws/build/ex_msg_srv', 'env': OrderedDict([('GJS_DEBUG_TOPICS', 'JS ERROR;JS LOG'), ('LESSOPEN', '| /usr/bin/lesspipe %s'), ('USER', 'neubility'), ('LC_TIME', 'ko_KR.UTF-8'), ('TEXTDOMAIN', 'im-config'), ('XDG_SEAT', 'seat0'), ('SSH_AGENT_PID', '1359'), ('XDG_SESSION_TYPE', 'x11'), ('GIT_ASKPASS', '/usr/share/code/resources/app/extensions/git/dist/askpass.sh'), ('LD_LIBRARY_PATH', '/home/neubility/Qt5.14.2/Tools/QtCreator/lib:/usr/local/cuda-11.4/lib64:/usr/lib/x86_64-linux-gnu/gazebo-9/plugins:/opt/ros/eloquent/opt/yaml_cpp_vendor/lib:/opt/ros/eloquent/opt/rviz_ogre_vendor/lib:/opt/ros/eloquent/lib/x86_64-linux-gnu:/opt/ros/eloquent/lib'), ('SHLVL', '2'), ('CHROME_DESKTOP', 'code-url-handler.desktop'), ('QT4_IM_MODULE', 'xim'), ('HOME', '/home/neubility'), ('DESKTOP_SESSION', 'ubuntu'), ('TERM_PROGRAM_VERSION', '1.63.0'), ('GIO_LAUNCHED_DESKTOP_FILE', '/usr/share/applications/code.desktop'), ('GNOME_SHELL_SESSION_MODE', 'ubuntu'), ('GTK_MODULES', 'gail:atk-bridge'), ('VSCODE_GIT_ASKPASS_MAIN', '/usr/share/code/resources/app/extensions/git/dist/askpass-main.js'), ('ROS_PYTHON_VERSION', '3'), ('LC_MONETARY', 'ko_KR.UTF-8'), ('VSCODE_GIT_ASKPASS_NODE', '/usr/share/code/code'), ('DBUS_SESSION_BUS_ADDRESS', 'unix:path=/run/user/1000/bus'), ('COLORTERM', 'truecolor'), ('GIO_LAUNCHED_DESKTOP_FILE_PID', '19589'), ('IM_CONFIG_PHASE', '2'), ('ROS_DISTRO', 'eloquent'), ('LOGNAME', 'neubility'), ('GTK_IM_MODULE', 'ibus'), ('_', '/usr/bin/colcon'), ('ROS_VERSION', '2'), ('USERNAME', 'neubility'), ('XDG_SESSION_ID', '1'), ('TERM', 'xterm-256color'), ('ROS_LOCALHOST_ONLY', '0'), ('GNOME_DESKTOP_SESSION_ID', 'this-is-deprecated'), ('WINDOWPATH', '1'), ('PATH', '/home/neubility/Qt5.14.2/Tools/QtCreator/bin:/usr/local/cuda-11.4/bin:/opt/ros/eloquent/bin:/usr/local/sbin:/usr/local/bin:/usr/sbin:/usr/bin:/sbin:/bin:/usr/games:/usr/local/games:/snap/bin'), ('SESSION_MANAGER', 'local/neubility:@/tmp/.ICE-unix/1282,unix/neubility:/tmp/.ICE-unix/1282'), ('XDG_MENU_PREFIX', 'gnome-'), ('LC_ADDRESS', 'ko_KR.UTF-8'), ('GDK_BACKEND', 'x11'), ('XDG_RUNTIME_DIR', '/run/user/1000'), ('DISPLAY', ':0'), ('LANG', 'en_US.UTF-8'), ('XDG_CURRENT_DESKTOP', 'Unity'), ('LC_TELEPHONE', 'ko_KR.UTF-8'), ('RMW_IMPLEMENTATION', 'rmw_cyclonedds_cpp'), ('TERM_PROGRAM', 'vscode'), ('XDG_SESSION_DESKTOP', 'ubuntu'), ('XMODIFIERS', '@im=ibus'), ('VSCODE_GIT_IPC_HANDLE', '/run/user/1000/vscode-git-60516ff566.sock'), ('XAUTHORITY', '/run/user/1000/gdm/Xauthority'), ('AMENT_PREFIX_PATH', '/opt/ros/eloquent'), ('ORIGINAL_XDG_CURRENT_DESKTOP', 'ubuntu:GNOME'), ('SSH_AUTH_SOCK', '/run/user/1000/keyring/ssh'), ('ROS_DOMAIN_ID', '212'), ('LC_NAME', 'ko_KR.UTF-8'), ('SHELL', '/bin/bash'), ('QT_ACCESSIBILITY', '1'), ('GDMSESSION', 'ubuntu'), ('LESSCLOSE', '/usr/bin/lesspipe %s %s'), ('LC_MEASUREMENT', 'ko_KR.UTF-8'), ('TEXTDOMAINDIR', '/usr/share/locale/'), ('GJS_DEBUG_OUTPUT', 'stderr'), ('GPG_AGENT_INFO', '/run/user/1000/gnupg/S.gpg-agent:0:1'), ('LC_IDENTIFICATION', 'ko_KR.UTF-8'), ('VSCODE_GIT_ASKPASS_EXTRA_ARGS', '--ms-enable-electron-run-as-node'), ('XDG_VTNR', '1'), ('QT_IM_MODULE', 'ibus'), ('LC_ALL', 'en_US.UTF-8'), ('PWD', '/home/neubility/ROS/ros2_communication_ws/build/ex_msg_srv'), ('CLUTTER_IM_MODULE', 'xim'), ('XDG_DATA_DIRS', '/usr/share/ubuntu:/usr/local/share/:/usr/share/:/var/lib/snapd/desktop'), ('XDG_CONFIG_DIRS', '/etc/xdg/xdg-ubuntu:/etc/xdg'), ('LC_NUMERIC', 'ko_KR.UTF-8'), ('PYTHONPATH', '/opt/ros/eloquent/lib/python3.6/site-packages'), ('LC_PAPER', 'ko_KR.UTF-8'), ('BREAKPAD_DUMP_LOCATION', '/home/neubility/.config/Code/exthost Crash Reports'), ('COLCON', '1'), ('CMAKE_PREFIX_PATH', '/opt/ros/eloquent')]), 'shell': False}
[0.301568] (-) TimerEvent: {}
[0.351847] (ex_msg_srv) StdoutLine: {'line': b'[  5%] Built target ex_msg_srv__cpp\n'}
[0.352282] (ex_msg_srv) StdoutLine: {'line': b'[ 12%] Built target ex_msg_srv__rosidl_generator_c\n'}
[0.374714] (ex_msg_srv) StdoutLine: {'line': b'[ 33%] Built target ex_msg_srv__rosidl_typesupport_introspection_c\n'}
[0.374930] (ex_msg_srv) StdoutLine: {'line': b'[ 33%] Built target ex_msg_srv__rosidl_typesupport_cpp\n'}
[0.376892] (ex_msg_srv) StdoutLine: {'line': b'[ 43%] Built target ex_msg_srv__rosidl_typesupport_introspection_cpp\n'}
[0.377250] (ex_msg_srv) StdoutLine: {'line': b'[ 53%] Built target ex_msg_srv__rosidl_typesupport_c\n'}
[0.380556] (ex_msg_srv) StdoutLine: {'line': b'[ 64%] Built target ex_msg_srv__rosidl_typesupport_fastrtps_cpp\n'}
[0.401667] (-) TimerEvent: {}
[0.405532] (ex_msg_srv) StdoutLine: {'line': b'[ 74%] Built target ex_msg_srv__rosidl_typesupport_fastrtps_c\n'}
[0.425736] (ex_msg_srv) StdoutLine: {'line': b'[ 74%] Built target ex_msg_srv\n'}
[0.446450] (ex_msg_srv) StdoutLine: {'line': b'[ 76%] Built target ex_msg_srv__py\n'}
[0.470498] (ex_msg_srv) StdoutLine: {'line': b'[ 84%] Built target ex_msg_srv__python\n'}
[0.495446] (ex_msg_srv) StdoutLine: {'line': b'[ 89%] Built target ex_msg_srv__rosidl_typesupport_fastrtps_c__pyext\n'}
[0.497095] (ex_msg_srv) StdoutLine: {'line': b'[ 94%] Built target ex_msg_srv__rosidl_typesupport_c__pyext\n'}
[0.498184] (ex_msg_srv) StdoutLine: {'line': b'[100%] Built target ex_msg_srv__rosidl_typesupport_introspection_c__pyext\n'}
[0.501754] (-) TimerEvent: {}
[0.516316] (ex_msg_srv) StdoutLine: {'line': b'\x1b[36mInstall the project...\x1b[0m\n'}
[0.524957] (ex_msg_srv) StdoutLine: {'line': b'-- Install configuration: "Debug"\n'}
[0.525304] (ex_msg_srv) StdoutLine: {'line': b'-- Up-to-date: /home/neubility/ROS/ros2_communication_ws/install/ex_msg_srv/share/ament_index/resource_index/rosidl_interfaces/ex_msg_srv\n'}
[0.525462] (ex_msg_srv) StdoutLine: {'line': b'-- Up-to-date: /home/neubility/ROS/ros2_communication_ws/install/ex_msg_srv/lib/libex_msg_srv__rosidl_typesupport_c.so\n'}
[0.525583] (ex_msg_srv) StdoutLine: {'line': b'-- Up-to-date: /home/neubility/ROS/ros2_communication_ws/install/ex_msg_srv/share/ex_msg_srv/environment/library_path.sh\n'}
[0.525667] (ex_msg_srv) StdoutLine: {'line': b'-- Up-to-date: /home/neubility/ROS/ros2_communication_ws/install/ex_msg_srv/share/ex_msg_srv/environment/library_path.dsv\n'}
[0.525720] (ex_msg_srv) StdoutLine: {'line': b'-- Up-to-date: /home/neubility/ROS/ros2_communication_ws/install/ex_msg_srv/lib/libex_msg_srv__rosidl_typesupport_cpp.so\n'}
[0.525822] (ex_msg_srv) StdoutLine: {'line': b'-- Up-to-date: /home/neubility/ROS/ros2_communication_ws/install/ex_msg_srv/include/ex_msg_srv\n'}
[0.525914] (ex_msg_srv) StdoutLine: {'line': b'-- Up-to-date: /home/neubility/ROS/ros2_communication_ws/install/ex_msg_srv/include/ex_msg_srv/srv\n'}
[0.525995] (ex_msg_srv) StdoutLine: {'line': b'-- Up-to-date: /home/neubility/ROS/ros2_communication_ws/install/ex_msg_srv/include/ex_msg_srv/srv/add_three_ints__rosidl_typesupport_fastrtps_c.h\n'}
[0.526112] (ex_msg_srv) StdoutLine: {'line': b'-- Up-to-date: /home/neubility/ROS/ros2_communication_ws/install/ex_msg_srv/include/ex_msg_srv/msg\n'}
[0.526177] (ex_msg_srv) StdoutLine: {'line': b'-- Up-to-date: /home/neubility/ROS/ros2_communication_ws/install/ex_msg_srv/include/ex_msg_srv/msg/num__rosidl_typesupport_fastrtps_c.h\n'}
[0.526313] (ex_msg_srv) StdoutLine: {'line': b'-- Up-to-date: /home/neubility/ROS/ros2_communication_ws/install/ex_msg_srv/include/ex_msg_srv/msg/rosidl_typesupport_fastrtps_c__visibility_control.h\n'}
[0.526455] (ex_msg_srv) StdoutLine: {'line': b'-- Up-to-date: /home/neubility/ROS/ros2_communication_ws/install/ex_msg_srv/lib/libex_msg_srv__rosidl_typesupport_fastrtps_c.so\n'}
[0.526517] (ex_msg_srv) StdoutLine: {'line': b'-- Up-to-date: /home/neubility/ROS/ros2_communication_ws/install/ex_msg_srv/include/ex_msg_srv\n'}
[0.526568] (ex_msg_srv) StdoutLine: {'line': b'-- Up-to-date: /home/neubility/ROS/ros2_communication_ws/install/ex_msg_srv/include/ex_msg_srv/srv\n'}
[0.526630] (ex_msg_srv) StdoutLine: {'line': b'-- Up-to-date: /home/neubility/ROS/ros2_communication_ws/install/ex_msg_srv/include/ex_msg_srv/srv/add_three_ints.h\n'}
[0.526681] (ex_msg_srv) StdoutLine: {'line': b'-- Up-to-date: /home/neubility/ROS/ros2_communication_ws/install/ex_msg_srv/include/ex_msg_srv/srv/add_three_ints__struct.h\n'}
[0.526743] (ex_msg_srv) StdoutLine: {'line': b'-- Up-to-date: /home/neubility/ROS/ros2_communication_ws/install/ex_msg_srv/include/ex_msg_srv/srv/add_three_ints__functions.c\n'}
[0.526839] (ex_msg_srv) StdoutLine: {'line': b'-- Up-to-date: /home/neubility/ROS/ros2_communication_ws/install/ex_msg_srv/include/ex_msg_srv/srv/add_three_ints__type_support.h\n'}
[0.526912] (ex_msg_srv) StdoutLine: {'line': b'-- Up-to-date: /home/neubility/ROS/ros2_communication_ws/install/ex_msg_srv/include/ex_msg_srv/srv/add_three_ints__functions.h\n'}
[0.526962] (ex_msg_srv) StdoutLine: {'line': b'-- Up-to-date: /home/neubility/ROS/ros2_communication_ws/install/ex_msg_srv/include/ex_msg_srv/msg\n'}
[0.527021] (ex_msg_srv) StdoutLine: {'line': b'-- Up-to-date: /home/neubility/ROS/ros2_communication_ws/install/ex_msg_srv/include/ex_msg_srv/msg/num__type_support.h\n'}
[0.527077] (ex_msg_srv) StdoutLine: {'line': b'-- Up-to-date: /home/neubility/ROS/ros2_communication_ws/install/ex_msg_srv/include/ex_msg_srv/msg/num__functions.h\n'}
[0.527125] (ex_msg_srv) StdoutLine: {'line': b'-- Up-to-date: /home/neubility/ROS/ros2_communication_ws/install/ex_msg_srv/include/ex_msg_srv/msg/num__functions.c\n'}
[0.527183] (ex_msg_srv) StdoutLine: {'line': b'-- Up-to-date: /home/neubility/ROS/ros2_communication_ws/install/ex_msg_srv/include/ex_msg_srv/msg/rosidl_generator_c__visibility_control.h\n'}
[0.527274] (ex_msg_srv) StdoutLine: {'line': b'-- Up-to-date: /home/neubility/ROS/ros2_communication_ws/install/ex_msg_srv/include/ex_msg_srv/msg/num.h\n'}
[0.527364] (ex_msg_srv) StdoutLine: {'line': b'-- Up-to-date: /home/neubility/ROS/ros2_communication_ws/install/ex_msg_srv/include/ex_msg_srv/msg/num__struct.h\n'}
[0.527458] (ex_msg_srv) StdoutLine: {'line': b'-- Up-to-date: /home/neubility/ROS/ros2_communication_ws/install/ex_msg_srv/lib/libex_msg_srv__rosidl_generator_c.so\n'}
[0.527507] (ex_msg_srv) StdoutLine: {'line': b'-- Up-to-date: /home/neubility/ROS/ros2_communication_ws/install/ex_msg_srv/include/ex_msg_srv\n'}
[0.527555] (ex_msg_srv) StdoutLine: {'line': b'-- Up-to-date: /home/neubility/ROS/ros2_communication_ws/install/ex_msg_srv/include/ex_msg_srv/srv\n'}
[0.527616] (ex_msg_srv) StdoutLine: {'line': b'-- Up-to-date: /home/neubility/ROS/ros2_communication_ws/install/ex_msg_srv/include/ex_msg_srv/srv/dds_fastrtps\n'}
[0.527686] (ex_msg_srv) StdoutLine: {'line': b'-- Up-to-date: /home/neubility/ROS/ros2_communication_ws/install/ex_msg_srv/include/ex_msg_srv/srv/add_three_ints__rosidl_typesupport_fastrtps_cpp.hpp\n'}
[0.527771] (ex_msg_srv) StdoutLine: {'line': b'-- Up-to-date: /home/neubility/ROS/ros2_communication_ws/install/ex_msg_srv/include/ex_msg_srv/msg\n'}
[0.527901] (ex_msg_srv) StdoutLine: {'line': b'-- Up-to-date: /home/neubility/ROS/ros2_communication_ws/install/ex_msg_srv/include/ex_msg_srv/msg/dds_fastrtps\n'}
[0.527958] (ex_msg_srv) StdoutLine: {'line': b'-- Up-to-date: /home/neubility/ROS/ros2_communication_ws/install/ex_msg_srv/include/ex_msg_srv/msg/rosidl_typesupport_fastrtps_cpp__visibility_control.h\n'}
[0.528017] (ex_msg_srv) StdoutLine: {'line': b'-- Up-to-date: /home/neubility/ROS/ros2_communication_ws/install/ex_msg_srv/include/ex_msg_srv/msg/num__rosidl_typesupport_fastrtps_cpp.hpp\n'}
[0.528237] (ex_msg_srv) StdoutLine: {'line': b'-- Up-to-date: /home/neubility/ROS/ros2_communication_ws/install/ex_msg_srv/lib/libex_msg_srv__rosidl_typesupport_fastrtps_cpp.so\n'}
[0.528300] (ex_msg_srv) StdoutLine: {'line': b'-- Up-to-date: /home/neubility/ROS/ros2_communication_ws/install/ex_msg_srv/include/ex_msg_srv\n'}
[0.528390] (ex_msg_srv) StdoutLine: {'line': b'-- Up-to-date: /home/neubility/ROS/ros2_communication_ws/install/ex_msg_srv/include/ex_msg_srv/srv\n'}
[0.528524] (ex_msg_srv) StdoutLine: {'line': b'-- Up-to-date: /home/neubility/ROS/ros2_communication_ws/install/ex_msg_srv/include/ex_msg_srv/srv/add_three_ints__traits.hpp\n'}
[0.528583] (ex_msg_srv) StdoutLine: {'line': b'-- Up-to-date: /home/neubility/ROS/ros2_communication_ws/install/ex_msg_srv/include/ex_msg_srv/srv/add_three_ints.hpp\n'}
[0.528633] (ex_msg_srv) StdoutLine: {'line': b'-- Up-to-date: /home/neubility/ROS/ros2_communication_ws/install/ex_msg_srv/include/ex_msg_srv/srv/add_three_ints__struct.hpp\n'}
[0.528684] (ex_msg_srv) StdoutLine: {'line': b'-- Up-to-date: /home/neubility/ROS/ros2_communication_ws/install/ex_msg_srv/include/ex_msg_srv/msg\n'}
[0.528732] (ex_msg_srv) StdoutLine: {'line': b'-- Up-to-date: /home/neubility/ROS/ros2_communication_ws/install/ex_msg_srv/include/ex_msg_srv/msg/num__traits.hpp\n'}
[0.528781] (ex_msg_srv) StdoutLine: {'line': b'-- Up-to-date: /home/neubility/ROS/ros2_communication_ws/install/ex_msg_srv/include/ex_msg_srv/msg/num__struct.hpp\n'}
[0.528879] (ex_msg_srv) StdoutLine: {'line': b'-- Up-to-date: /home/neubility/ROS/ros2_communication_ws/install/ex_msg_srv/include/ex_msg_srv/msg/num.hpp\n'}
[0.528957] (ex_msg_srv) StdoutLine: {'line': b'-- Up-to-date: /home/neubility/ROS/ros2_communication_ws/install/ex_msg_srv/include/ex_msg_srv\n'}
[0.529044] (ex_msg_srv) StdoutLine: {'line': b'-- Up-to-date: /home/neubility/ROS/ros2_communication_ws/install/ex_msg_srv/include/ex_msg_srv/srv\n'}
[0.529093] (ex_msg_srv) StdoutLine: {'line': b'-- Up-to-date: /home/neubility/ROS/ros2_communication_ws/install/ex_msg_srv/include/ex_msg_srv/srv/add_three_ints__type_support.c\n'}
[0.529148] (ex_msg_srv) StdoutLine: {'line': b'-- Up-to-date: /home/neubility/ROS/ros2_communication_ws/install/ex_msg_srv/include/ex_msg_srv/srv/add_three_ints__rosidl_typesupport_introspection_c.h\n'}
[0.529365] (ex_msg_srv) StdoutLine: {'line': b'-- Up-to-date: /home/neubility/ROS/ros2_communication_ws/install/ex_msg_srv/include/ex_msg_srv/msg\n'}
[0.529456] (ex_msg_srv) StdoutLine: {'line': b'-- Up-to-date: /home/neubility/ROS/ros2_communication_ws/install/ex_msg_srv/include/ex_msg_srv/msg/rosidl_typesupport_introspection_c__visibility_control.h\n'}
[0.529506] (ex_msg_srv) StdoutLine: {'line': b'-- Up-to-date: /home/neubility/ROS/ros2_communication_ws/install/ex_msg_srv/include/ex_msg_srv/msg/num__type_support.c\n'}
[0.529554] (ex_msg_srv) StdoutLine: {'line': b'-- Up-to-date: /home/neubility/ROS/ros2_communication_ws/install/ex_msg_srv/include/ex_msg_srv/msg/num__rosidl_typesupport_introspection_c.h\n'}
[0.529603] (ex_msg_srv) StdoutLine: {'line': b'-- Up-to-date: /home/neubility/ROS/ros2_communication_ws/install/ex_msg_srv/lib/libex_msg_srv__rosidl_typesupport_introspection_c.so\n'}
[0.529652] (ex_msg_srv) StdoutLine: {'line': b'-- Up-to-date: /home/neubility/ROS/ros2_communication_ws/install/ex_msg_srv/include/ex_msg_srv\n'}
[0.529701] (ex_msg_srv) StdoutLine: {'line': b'-- Up-to-date: /home/neubility/ROS/ros2_communication_ws/install/ex_msg_srv/include/ex_msg_srv/srv\n'}
[0.529760] (ex_msg_srv) StdoutLine: {'line': b'-- Up-to-date: /home/neubility/ROS/ros2_communication_ws/install/ex_msg_srv/include/ex_msg_srv/srv/add_three_ints__rosidl_typesupport_introspection_cpp.hpp\n'}
[0.529809] (ex_msg_srv) StdoutLine: {'line': b'-- Up-to-date: /home/neubility/ROS/ros2_communication_ws/install/ex_msg_srv/include/ex_msg_srv/srv/add_three_ints__type_support.cpp\n'}
[0.529861] (ex_msg_srv) StdoutLine: {'line': b'-- Up-to-date: /home/neubility/ROS/ros2_communication_ws/install/ex_msg_srv/include/ex_msg_srv/msg\n'}
[0.529958] (ex_msg_srv) StdoutLine: {'line': b'-- Up-to-date: /home/neubility/ROS/ros2_communication_ws/install/ex_msg_srv/include/ex_msg_srv/msg/num__rosidl_typesupport_introspection_cpp.hpp\n'}
[0.530050] (ex_msg_srv) StdoutLine: {'line': b'-- Up-to-date: /home/neubility/ROS/ros2_communication_ws/install/ex_msg_srv/include/ex_msg_srv/msg/num__type_support.cpp\n'}
[0.530100] (ex_msg_srv) StdoutLine: {'line': b'-- Up-to-date: /home/neubility/ROS/ros2_communication_ws/install/ex_msg_srv/lib/libex_msg_srv__rosidl_typesupport_introspection_cpp.so\n'}
[0.530149] (ex_msg_srv) StdoutLine: {'line': b'-- Up-to-date: /home/neubility/ROS/ros2_communication_ws/install/ex_msg_srv/share/ex_msg_srv/environment/pythonpath.sh\n'}
[0.530238] (ex_msg_srv) StdoutLine: {'line': b'-- Up-to-date: /home/neubility/ROS/ros2_communication_ws/install/ex_msg_srv/share/ex_msg_srv/environment/pythonpath.dsv\n'}
[0.530320] (ex_msg_srv) StdoutLine: {'line': b'-- Up-to-date: /home/neubility/ROS/ros2_communication_ws/install/ex_msg_srv/lib/python3.6/site-packages/ex_msg_srv/__init__.py\n'}
[0.560580] (ex_msg_srv) StdoutLine: {'line': b'-- Up-to-date: /home/neubility/ROS/ros2_communication_ws/install/ex_msg_srv/lib/python3.6/site-packages/ex_msg_srv/msg\n'}
[0.560906] (ex_msg_srv) StdoutLine: {'line': b'-- Up-to-date: /home/neubility/ROS/ros2_communication_ws/install/ex_msg_srv/lib/python3.6/site-packages/ex_msg_srv/msg/_num_s.c\n'}
[0.561035] (ex_msg_srv) StdoutLine: {'line': b'-- Up-to-date: /home/neubility/ROS/ros2_communication_ws/install/ex_msg_srv/lib/python3.6/site-packages/ex_msg_srv/msg/_num.py\n'}
[0.561122] (ex_msg_srv) StdoutLine: {'line': b'-- Up-to-date: /home/neubility/ROS/ros2_communication_ws/install/ex_msg_srv/lib/python3.6/site-packages/ex_msg_srv/msg/__init__.py\n'}
[0.561187] (ex_msg_srv) StdoutLine: {'line': b'-- Up-to-date: /home/neubility/ROS/ros2_communication_ws/install/ex_msg_srv/lib/python3.6/site-packages/ex_msg_srv/srv\n'}
[0.561249] (ex_msg_srv) StdoutLine: {'line': b'-- Up-to-date: /home/neubility/ROS/ros2_communication_ws/install/ex_msg_srv/lib/python3.6/site-packages/ex_msg_srv/srv/_add_three_ints_s.c\n'}
[0.561311] (ex_msg_srv) StdoutLine: {'line': b'-- Up-to-date: /home/neubility/ROS/ros2_communication_ws/install/ex_msg_srv/lib/python3.6/site-packages/ex_msg_srv/srv/__init__.py\n'}
[0.561371] (ex_msg_srv) StdoutLine: {'line': b'-- Up-to-date: /home/neubility/ROS/ros2_communication_ws/install/ex_msg_srv/lib/python3.6/site-packages/ex_msg_srv/srv/_add_three_ints.py\n'}
[0.561458] (ex_msg_srv) StdoutLine: {'line': b'-- Up-to-date: /home/neubility/ROS/ros2_communication_ws/install/ex_msg_srv/lib/python3.6/site-packages/ex_msg_srv/ex_msg_srv_s__rosidl_typesupport_c.cpython-36m-x86_64-linux-gnu.so\n'}
[0.561698] (ex_msg_srv) StdoutLine: {'line': b'-- Up-to-date: /home/neubility/ROS/ros2_communication_ws/install/ex_msg_srv/lib/python3.6/site-packages/ex_msg_srv/ex_msg_srv_s__rosidl_typesupport_introspection_c.cpython-36m-x86_64-linux-gnu.so\n'}
[0.562295] (ex_msg_srv) StdoutLine: {'line': b'-- Up-to-date: /home/neubility/ROS/ros2_communication_ws/install/ex_msg_srv/lib/python3.6/site-packages/ex_msg_srv/ex_msg_srv_s__rosidl_typesupport_fastrtps_c.cpython-36m-x86_64-linux-gnu.so\n'}
[0.562737] (ex_msg_srv) StdoutLine: {'line': b'-- Up-to-date: /home/neubility/ROS/ros2_communication_ws/install/ex_msg_srv/lib/libex_msg_srv__python.so\n'}
[0.562932] (ex_msg_srv) StdoutLine: {'line': b'-- Up-to-date: /home/neubility/ROS/ros2_communication_ws/install/ex_msg_srv/share/ex_msg_srv/msg/Num.idl\n'}
[0.563128] (ex_msg_srv) StdoutLine: {'line': b'-- Up-to-date: /home/neubility/ROS/ros2_communication_ws/install/ex_msg_srv/share/ex_msg_srv/srv/AddThreeInts.idl\n'}
[0.563222] (ex_msg_srv) StdoutLine: {'line': b'-- Up-to-date: /home/neubility/ROS/ros2_communication_ws/install/ex_msg_srv/share/ex_msg_srv/msg/Num.msg\n'}
[0.563303] (ex_msg_srv) StdoutLine: {'line': b'-- Up-to-date: /home/neubility/ROS/ros2_communication_ws/install/ex_msg_srv/share/ex_msg_srv/srv/AddThreeInts.srv\n'}
[0.563390] (ex_msg_srv) StdoutLine: {'line': b'-- Up-to-date: /home/neubility/ROS/ros2_communication_ws/install/ex_msg_srv/share/ex_msg_srv/srv/AddThreeInts_Request.msg\n'}
[0.563469] (ex_msg_srv) StdoutLine: {'line': b'-- Up-to-date: /home/neubility/ROS/ros2_communication_ws/install/ex_msg_srv/share/ex_msg_srv/srv/AddThreeInts_Response.msg\n'}
[0.563546] (ex_msg_srv) StdoutLine: {'line': b'-- Up-to-date: /home/neubility/ROS/ros2_communication_ws/install/ex_msg_srv/share/ament_index/resource_index/package_run_dependencies/ex_msg_srv\n'}
[0.563623] (ex_msg_srv) StdoutLine: {'line': b'-- Up-to-date: /home/neubility/ROS/ros2_communication_ws/install/ex_msg_srv/share/ament_index/resource_index/parent_prefix_path/ex_msg_srv\n'}
[0.563701] (ex_msg_srv) StdoutLine: {'line': b'-- Up-to-date: /home/neubility/ROS/ros2_communication_ws/install/ex_msg_srv/share/ex_msg_srv/environment/ament_prefix_path.sh\n'}
[0.563784] (ex_msg_srv) StdoutLine: {'line': b'-- Up-to-date: /home/neubility/ROS/ros2_communication_ws/install/ex_msg_srv/share/ex_msg_srv/environment/ament_prefix_path.dsv\n'}
[0.563855] (ex_msg_srv) StdoutLine: {'line': b'-- Up-to-date: /home/neubility/ROS/ros2_communication_ws/install/ex_msg_srv/share/ex_msg_srv/environment/path.sh\n'}
[0.563915] (ex_msg_srv) StdoutLine: {'line': b'-- Up-to-date: /home/neubility/ROS/ros2_communication_ws/install/ex_msg_srv/share/ex_msg_srv/environment/path.dsv\n'}
[0.563972] (ex_msg_srv) StdoutLine: {'line': b'-- Up-to-date: /home/neubility/ROS/ros2_communication_ws/install/ex_msg_srv/share/ex_msg_srv/local_setup.bash\n'}
[0.564081] (ex_msg_srv) StdoutLine: {'line': b'-- Up-to-date: /home/neubility/ROS/ros2_communication_ws/install/ex_msg_srv/share/ex_msg_srv/local_setup.sh\n'}
[0.564317] (ex_msg_srv) StdoutLine: {'line': b'-- Up-to-date: /home/neubility/ROS/ros2_communication_ws/install/ex_msg_srv/share/ex_msg_srv/local_setup.zsh\n'}
[0.564441] (ex_msg_srv) StdoutLine: {'line': b'-- Up-to-date: /home/neubility/ROS/ros2_communication_ws/install/ex_msg_srv/share/ex_msg_srv/local_setup.dsv\n'}
[0.564561] (ex_msg_srv) StdoutLine: {'line': b'-- Up-to-date: /home/neubility/ROS/ros2_communication_ws/install/ex_msg_srv/share/ex_msg_srv/package.dsv\n'}
[0.564643] (ex_msg_srv) StdoutLine: {'line': b'-- Up-to-date: /home/neubility/ROS/ros2_communication_ws/install/ex_msg_srv/share/ament_index/resource_index/packages/ex_msg_srv\n'}
[0.564703] (ex_msg_srv) StdoutLine: {'line': b'-- Up-to-date: /home/neubility/ROS/ros2_communication_ws/install/ex_msg_srv/share/ex_msg_srv/cmake/rosidl_cmake-extras.cmake\n'}
[0.564760] (ex_msg_srv) StdoutLine: {'line': b'-- Up-to-date: /home/neubility/ROS/ros2_communication_ws/install/ex_msg_srv/share/ex_msg_srv/cmake/ament_cmake_export_libraries-extras.cmake\n'}
[0.564817] (ex_msg_srv) StdoutLine: {'line': b'-- Up-to-date: /home/neubility/ROS/ros2_communication_ws/install/ex_msg_srv/share/ex_msg_srv/cmake/ament_cmake_export_include_directories-extras.cmake\n'}
[0.564876] (ex_msg_srv) StdoutLine: {'line': b'-- Up-to-date: /home/neubility/ROS/ros2_communication_ws/install/ex_msg_srv/share/ex_msg_srv/cmake/ex_msg_srvConfig.cmake\n'}
[0.564965] (ex_msg_srv) StdoutLine: {'line': b'-- Up-to-date: /home/neubility/ROS/ros2_communication_ws/install/ex_msg_srv/share/ex_msg_srv/cmake/ex_msg_srvConfig-version.cmake\n'}
[0.565070] (ex_msg_srv) StdoutLine: {'line': b'-- Up-to-date: /home/neubility/ROS/ros2_communication_ws/install/ex_msg_srv/share/ex_msg_srv/package.xml\n'}
[0.567302] (ex_msg_srv) CommandEnded: {'returncode': 0}
[0.601879] (-) TimerEvent: {}
[0.647233] (ex_msg_srv) JobEnded: {'identifier': 'ex_msg_srv', 'rc': 0}
[0.649859] (practice_code_pkg) JobStarted: {'identifier': 'practice_code_pkg'}
[0.651505] (pub_ex) JobStarted: {'identifier': 'pub_ex'}
[0.658380] (practice_code_pkg) JobProgress: {'identifier': 'practice_code_pkg', 'progress': 'cmake'}
[0.659094] (practice_code_pkg) JobProgress: {'identifier': 'practice_code_pkg', 'progress': 'build'}
[0.660461] (practice_code_pkg) Command: {'cmd': ['/usr/bin/cmake', '--build', '/home/neubility/ROS/ros2_communication_ws/build/practice_code_pkg', '--', '-j16', '-l16'], 'cwd': '/home/neubility/ROS/ros2_communication_ws/build/practice_code_pkg', 'env': OrderedDict([('GJS_DEBUG_TOPICS', 'JS ERROR;JS LOG'), ('LESSOPEN', '| /usr/bin/lesspipe %s'), ('USER', 'neubility'), ('LC_TIME', 'ko_KR.UTF-8'), ('TEXTDOMAIN', 'im-config'), ('XDG_SEAT', 'seat0'), ('SSH_AGENT_PID', '1359'), ('XDG_SESSION_TYPE', 'x11'), ('GIT_ASKPASS', '/usr/share/code/resources/app/extensions/git/dist/askpass.sh'), ('LD_LIBRARY_PATH', '/home/neubility/ROS/ros2_communication_ws/install/ex_msg_srv/lib:/home/neubility/Qt5.14.2/Tools/QtCreator/lib:/usr/local/cuda-11.4/lib64:/usr/lib/x86_64-linux-gnu/gazebo-9/plugins:/opt/ros/eloquent/opt/yaml_cpp_vendor/lib:/opt/ros/eloquent/opt/rviz_ogre_vendor/lib:/opt/ros/eloquent/lib/x86_64-linux-gnu:/opt/ros/eloquent/lib'), ('SHLVL', '2'), ('CHROME_DESKTOP', 'code-url-handler.desktop'), ('QT4_IM_MODULE', 'xim'), ('HOME', '/home/neubility'), ('DESKTOP_SESSION', 'ubuntu'), ('TERM_PROGRAM_VERSION', '1.63.0'), ('GIO_LAUNCHED_DESKTOP_FILE', '/usr/share/applications/code.desktop'), ('GNOME_SHELL_SESSION_MODE', 'ubuntu'), ('GTK_MODULES', 'gail:atk-bridge'), ('VSCODE_GIT_ASKPASS_MAIN', '/usr/share/code/resources/app/extensions/git/dist/askpass-main.js'), ('ROS_PYTHON_VERSION', '3'), ('LC_MONETARY', 'ko_KR.UTF-8'), ('VSCODE_GIT_ASKPASS_NODE', '/usr/share/code/code'), ('DBUS_SESSION_BUS_ADDRESS', 'unix:path=/run/user/1000/bus'), ('COLORTERM', 'truecolor'), ('GIO_LAUNCHED_DESKTOP_FILE_PID', '19589'), ('IM_CONFIG_PHASE', '2'), ('ROS_DISTRO', 'eloquent'), ('LOGNAME', 'neubility'), ('GTK_IM_MODULE', 'ibus'), ('_', '/usr/bin/colcon'), ('ROS_VERSION', '2'), ('USERNAME', 'neubility'), ('XDG_SESSION_ID', '1'), ('TERM', 'xterm-256color'), ('ROS_LOCALHOST_ONLY', '0'), ('GNOME_DESKTOP_SESSION_ID', 'this-is-deprecated'), ('WINDOWPATH', '1'), ('PATH', '/home/neubility/Qt5.14.2/Tools/QtCreator/bin:/usr/local/cuda-11.4/bin:/opt/ros/eloquent/bin:/usr/local/sbin:/usr/local/bin:/usr/sbin:/usr/bin:/sbin:/bin:/usr/games:/usr/local/games:/snap/bin'), ('SESSION_MANAGER', 'local/neubility:@/tmp/.ICE-unix/1282,unix/neubility:/tmp/.ICE-unix/1282'), ('XDG_MENU_PREFIX', 'gnome-'), ('LC_ADDRESS', 'ko_KR.UTF-8'), ('GDK_BACKEND', 'x11'), ('XDG_RUNTIME_DIR', '/run/user/1000'), ('DISPLAY', ':0'), ('LANG', 'en_US.UTF-8'), ('XDG_CURRENT_DESKTOP', 'Unity'), ('LC_TELEPHONE', 'ko_KR.UTF-8'), ('RMW_IMPLEMENTATION', 'rmw_cyclonedds_cpp'), ('TERM_PROGRAM', 'vscode'), ('XDG_SESSION_DESKTOP', 'ubuntu'), ('XMODIFIERS', '@im=ibus'), ('VSCODE_GIT_IPC_HANDLE', '/run/user/1000/vscode-git-60516ff566.sock'), ('XAUTHORITY', '/run/user/1000/gdm/Xauthority'), ('AMENT_PREFIX_PATH', '/home/neubility/ROS/ros2_communication_ws/install/ex_msg_srv:/opt/ros/eloquent'), ('ORIGINAL_XDG_CURRENT_DESKTOP', 'ubuntu:GNOME'), ('SSH_AUTH_SOCK', '/run/user/1000/keyring/ssh'), ('ROS_DOMAIN_ID', '212'), ('LC_NAME', 'ko_KR.UTF-8'), ('SHELL', '/bin/bash'), ('QT_ACCESSIBILITY', '1'), ('GDMSESSION', 'ubuntu'), ('LESSCLOSE', '/usr/bin/lesspipe %s %s'), ('LC_MEASUREMENT', 'ko_KR.UTF-8'), ('TEXTDOMAINDIR', '/usr/share/locale/'), ('GJS_DEBUG_OUTPUT', 'stderr'), ('GPG_AGENT_INFO', '/run/user/1000/gnupg/S.gpg-agent:0:1'), ('LC_IDENTIFICATION', 'ko_KR.UTF-8'), ('VSCODE_GIT_ASKPASS_EXTRA_ARGS', '--ms-enable-electron-run-as-node'), ('XDG_VTNR', '1'), ('QT_IM_MODULE', 'ibus'), ('LC_ALL', 'en_US.UTF-8'), ('PWD', '/home/neubility/ROS/ros2_communication_ws/build/practice_code_pkg'), ('CLUTTER_IM_MODULE', 'xim'), ('XDG_DATA_DIRS', '/usr/share/ubuntu:/usr/local/share/:/usr/share/:/var/lib/snapd/desktop'), ('XDG_CONFIG_DIRS', '/etc/xdg/xdg-ubuntu:/etc/xdg'), ('LC_NUMERIC', 'ko_KR.UTF-8'), ('PYTHONPATH', '/home/neubility/ROS/ros2_communication_ws/install/ex_msg_srv/lib/python3.6/site-packages:/opt/ros/eloquent/lib/python3.6/site-packages'), ('LC_PAPER', 'ko_KR.UTF-8'), ('BREAKPAD_DUMP_LOCATION', '/home/neubility/.config/Code/exthost Crash Reports'), ('COLCON', '1'), ('CMAKE_PREFIX_PATH', '/home/neubility/ROS/ros2_communication_ws/install/ex_msg_srv:/opt/ros/eloquent')]), 'shell': False}
[0.664436] (pub_ex) JobProgress: {'identifier': 'pub_ex', 'progress': 'cmake'}
[0.665325] (pub_ex) JobProgress: {'identifier': 'pub_ex', 'progress': 'build'}
[0.665500] (pub_ex) Command: {'cmd': ['/usr/bin/cmake', '--build', '/home/neubility/ROS/ros2_communication_ws/build/pub_ex', '--', '-j16', '-l16'], 'cwd': '/home/neubility/ROS/ros2_communication_ws/build/pub_ex', 'env': OrderedDict([('GJS_DEBUG_TOPICS', 'JS ERROR;JS LOG'), ('LESSOPEN', '| /usr/bin/lesspipe %s'), ('USER', 'neubility'), ('LC_TIME', 'ko_KR.UTF-8'), ('TEXTDOMAIN', 'im-config'), ('XDG_SEAT', 'seat0'), ('SSH_AGENT_PID', '1359'), ('XDG_SESSION_TYPE', 'x11'), ('GIT_ASKPASS', '/usr/share/code/resources/app/extensions/git/dist/askpass.sh'), ('LD_LIBRARY_PATH', '/home/neubility/ROS/ros2_communication_ws/install/ex_msg_srv/lib:/home/neubility/Qt5.14.2/Tools/QtCreator/lib:/usr/local/cuda-11.4/lib64:/usr/lib/x86_64-linux-gnu/gazebo-9/plugins:/opt/ros/eloquent/opt/yaml_cpp_vendor/lib:/opt/ros/eloquent/opt/rviz_ogre_vendor/lib:/opt/ros/eloquent/lib/x86_64-linux-gnu:/opt/ros/eloquent/lib'), ('SHLVL', '2'), ('CHROME_DESKTOP', 'code-url-handler.desktop'), ('QT4_IM_MODULE', 'xim'), ('HOME', '/home/neubility'), ('DESKTOP_SESSION', 'ubuntu'), ('TERM_PROGRAM_VERSION', '1.63.0'), ('GIO_LAUNCHED_DESKTOP_FILE', '/usr/share/applications/code.desktop'), ('GNOME_SHELL_SESSION_MODE', 'ubuntu'), ('GTK_MODULES', 'gail:atk-bridge'), ('VSCODE_GIT_ASKPASS_MAIN', '/usr/share/code/resources/app/extensions/git/dist/askpass-main.js'), ('ROS_PYTHON_VERSION', '3'), ('LC_MONETARY', 'ko_KR.UTF-8'), ('VSCODE_GIT_ASKPASS_NODE', '/usr/share/code/code'), ('DBUS_SESSION_BUS_ADDRESS', 'unix:path=/run/user/1000/bus'), ('COLORTERM', 'truecolor'), ('GIO_LAUNCHED_DESKTOP_FILE_PID', '19589'), ('IM_CONFIG_PHASE', '2'), ('ROS_DISTRO', 'eloquent'), ('LOGNAME', 'neubility'), ('GTK_IM_MODULE', 'ibus'), ('_', '/usr/bin/colcon'), ('ROS_VERSION', '2'), ('USERNAME', 'neubility'), ('XDG_SESSION_ID', '1'), ('TERM', 'xterm-256color'), ('ROS_LOCALHOST_ONLY', '0'), ('GNOME_DESKTOP_SESSION_ID', 'this-is-deprecated'), ('WINDOWPATH', '1'), ('PATH', '/home/neubility/Qt5.14.2/Tools/QtCreator/bin:/usr/local/cuda-11.4/bin:/opt/ros/eloquent/bin:/usr/local/sbin:/usr/local/bin:/usr/sbin:/usr/bin:/sbin:/bin:/usr/games:/usr/local/games:/snap/bin'), ('SESSION_MANAGER', 'local/neubility:@/tmp/.ICE-unix/1282,unix/neubility:/tmp/.ICE-unix/1282'), ('XDG_MENU_PREFIX', 'gnome-'), ('LC_ADDRESS', 'ko_KR.UTF-8'), ('GDK_BACKEND', 'x11'), ('XDG_RUNTIME_DIR', '/run/user/1000'), ('DISPLAY', ':0'), ('LANG', 'en_US.UTF-8'), ('XDG_CURRENT_DESKTOP', 'Unity'), ('LC_TELEPHONE', 'ko_KR.UTF-8'), ('RMW_IMPLEMENTATION', 'rmw_cyclonedds_cpp'), ('TERM_PROGRAM', 'vscode'), ('XDG_SESSION_DESKTOP', 'ubuntu'), ('XMODIFIERS', '@im=ibus'), ('VSCODE_GIT_IPC_HANDLE', '/run/user/1000/vscode-git-60516ff566.sock'), ('XAUTHORITY', '/run/user/1000/gdm/Xauthority'), ('AMENT_PREFIX_PATH', '/home/neubility/ROS/ros2_communication_ws/install/ex_msg_srv:/opt/ros/eloquent'), ('ORIGINAL_XDG_CURRENT_DESKTOP', 'ubuntu:GNOME'), ('SSH_AUTH_SOCK', '/run/user/1000/keyring/ssh'), ('ROS_DOMAIN_ID', '212'), ('LC_NAME', 'ko_KR.UTF-8'), ('SHELL', '/bin/bash'), ('QT_ACCESSIBILITY', '1'), ('GDMSESSION', 'ubuntu'), ('LESSCLOSE', '/usr/bin/lesspipe %s %s'), ('LC_MEASUREMENT', 'ko_KR.UTF-8'), ('TEXTDOMAINDIR', '/usr/share/locale/'), ('GJS_DEBUG_OUTPUT', 'stderr'), ('GPG_AGENT_INFO', '/run/user/1000/gnupg/S.gpg-agent:0:1'), ('LC_IDENTIFICATION', 'ko_KR.UTF-8'), ('VSCODE_GIT_ASKPASS_EXTRA_ARGS', '--ms-enable-electron-run-as-node'), ('XDG_VTNR', '1'), ('QT_IM_MODULE', 'ibus'), ('LC_ALL', 'en_US.UTF-8'), ('PWD', '/home/neubility/ROS/ros2_communication_ws/build/pub_ex'), ('CLUTTER_IM_MODULE', 'xim'), ('XDG_DATA_DIRS', '/usr/share/ubuntu:/usr/local/share/:/usr/share/:/var/lib/snapd/desktop'), ('XDG_CONFIG_DIRS', '/etc/xdg/xdg-ubuntu:/etc/xdg'), ('LC_NUMERIC', 'ko_KR.UTF-8'), ('PYTHONPATH', '/home/neubility/ROS/ros2_communication_ws/install/ex_msg_srv/lib/python3.6/site-packages:/opt/ros/eloquent/lib/python3.6/site-packages'), ('LC_PAPER', 'ko_KR.UTF-8'), ('BREAKPAD_DUMP_LOCATION', '/home/neubility/.config/Code/exthost Crash Reports'), ('COLCON', '1'), ('CMAKE_PREFIX_PATH', '/home/neubility/ROS/ros2_communication_ws/install/ex_msg_srv:/opt/ros/eloquent')]), 'shell': False}
[0.701935] (practice_code_pkg) StdoutLine: {'line': b'\x1b[35m\x1b[1mScanning dependencies of target practice_code_pkg\x1b[0m\n'}
[0.702128] (-) TimerEvent: {}
[0.719045] (pub_ex) StdoutLine: {'line': b'[100%] Built target pub_ex\n'}
[0.722956] (practice_code_pkg) StdoutLine: {'line': b'[ 33%] \x1b[32mBuilding CXX object CMakeFiles/practice_code_pkg.dir/src/main.cpp.o\x1b[0m\n'}
[0.732008] (pub_ex) CommandEnded: {'returncode': 0}
[0.755686] (pub_ex) JobProgress: {'identifier': 'pub_ex', 'progress': 'install'}
[0.756053] (pub_ex) Command: {'cmd': ['/usr/bin/cmake', '--build', '/home/neubility/ROS/ros2_communication_ws/build/pub_ex', '--target', 'install', '--', '-j16', '-l16'], 'cwd': '/home/neubility/ROS/ros2_communication_ws/build/pub_ex', 'env': OrderedDict([('GJS_DEBUG_TOPICS', 'JS ERROR;JS LOG'), ('LESSOPEN', '| /usr/bin/lesspipe %s'), ('USER', 'neubility'), ('LC_TIME', 'ko_KR.UTF-8'), ('TEXTDOMAIN', 'im-config'), ('XDG_SEAT', 'seat0'), ('SSH_AGENT_PID', '1359'), ('XDG_SESSION_TYPE', 'x11'), ('GIT_ASKPASS', '/usr/share/code/resources/app/extensions/git/dist/askpass.sh'), ('LD_LIBRARY_PATH', '/home/neubility/ROS/ros2_communication_ws/install/ex_msg_srv/lib:/home/neubility/Qt5.14.2/Tools/QtCreator/lib:/usr/local/cuda-11.4/lib64:/usr/lib/x86_64-linux-gnu/gazebo-9/plugins:/opt/ros/eloquent/opt/yaml_cpp_vendor/lib:/opt/ros/eloquent/opt/rviz_ogre_vendor/lib:/opt/ros/eloquent/lib/x86_64-linux-gnu:/opt/ros/eloquent/lib'), ('SHLVL', '2'), ('CHROME_DESKTOP', 'code-url-handler.desktop'), ('QT4_IM_MODULE', 'xim'), ('HOME', '/home/neubility'), ('DESKTOP_SESSION', 'ubuntu'), ('TERM_PROGRAM_VERSION', '1.63.0'), ('GIO_LAUNCHED_DESKTOP_FILE', '/usr/share/applications/code.desktop'), ('GNOME_SHELL_SESSION_MODE', 'ubuntu'), ('GTK_MODULES', 'gail:atk-bridge'), ('VSCODE_GIT_ASKPASS_MAIN', '/usr/share/code/resources/app/extensions/git/dist/askpass-main.js'), ('ROS_PYTHON_VERSION', '3'), ('LC_MONETARY', 'ko_KR.UTF-8'), ('VSCODE_GIT_ASKPASS_NODE', '/usr/share/code/code'), ('DBUS_SESSION_BUS_ADDRESS', 'unix:path=/run/user/1000/bus'), ('COLORTERM', 'truecolor'), ('GIO_LAUNCHED_DESKTOP_FILE_PID', '19589'), ('IM_CONFIG_PHASE', '2'), ('ROS_DISTRO', 'eloquent'), ('LOGNAME', 'neubility'), ('GTK_IM_MODULE', 'ibus'), ('_', '/usr/bin/colcon'), ('ROS_VERSION', '2'), ('USERNAME', 'neubility'), ('XDG_SESSION_ID', '1'), ('TERM', 'xterm-256color'), ('ROS_LOCALHOST_ONLY', '0'), ('GNOME_DESKTOP_SESSION_ID', 'this-is-deprecated'), ('WINDOWPATH', '1'), ('PATH', '/home/neubility/Qt5.14.2/Tools/QtCreator/bin:/usr/local/cuda-11.4/bin:/opt/ros/eloquent/bin:/usr/local/sbin:/usr/local/bin:/usr/sbin:/usr/bin:/sbin:/bin:/usr/games:/usr/local/games:/snap/bin'), ('SESSION_MANAGER', 'local/neubility:@/tmp/.ICE-unix/1282,unix/neubility:/tmp/.ICE-unix/1282'), ('XDG_MENU_PREFIX', 'gnome-'), ('LC_ADDRESS', 'ko_KR.UTF-8'), ('GDK_BACKEND', 'x11'), ('XDG_RUNTIME_DIR', '/run/user/1000'), ('DISPLAY', ':0'), ('LANG', 'en_US.UTF-8'), ('XDG_CURRENT_DESKTOP', 'Unity'), ('LC_TELEPHONE', 'ko_KR.UTF-8'), ('RMW_IMPLEMENTATION', 'rmw_cyclonedds_cpp'), ('TERM_PROGRAM', 'vscode'), ('XDG_SESSION_DESKTOP', 'ubuntu'), ('XMODIFIERS', '@im=ibus'), ('VSCODE_GIT_IPC_HANDLE', '/run/user/1000/vscode-git-60516ff566.sock'), ('XAUTHORITY', '/run/user/1000/gdm/Xauthority'), ('AMENT_PREFIX_PATH', '/home/neubility/ROS/ros2_communication_ws/install/ex_msg_srv:/opt/ros/eloquent'), ('ORIGINAL_XDG_CURRENT_DESKTOP', 'ubuntu:GNOME'), ('SSH_AUTH_SOCK', '/run/user/1000/keyring/ssh'), ('ROS_DOMAIN_ID', '212'), ('LC_NAME', 'ko_KR.UTF-8'), ('SHELL', '/bin/bash'), ('QT_ACCESSIBILITY', '1'), ('GDMSESSION', 'ubuntu'), ('LESSCLOSE', '/usr/bin/lesspipe %s %s'), ('LC_MEASUREMENT', 'ko_KR.UTF-8'), ('TEXTDOMAINDIR', '/usr/share/locale/'), ('GJS_DEBUG_OUTPUT', 'stderr'), ('GPG_AGENT_INFO', '/run/user/1000/gnupg/S.gpg-agent:0:1'), ('LC_IDENTIFICATION', 'ko_KR.UTF-8'), ('VSCODE_GIT_ASKPASS_EXTRA_ARGS', '--ms-enable-electron-run-as-node'), ('XDG_VTNR', '1'), ('QT_IM_MODULE', 'ibus'), ('LC_ALL', 'en_US.UTF-8'), ('PWD', '/home/neubility/ROS/ros2_communication_ws/build/pub_ex'), ('CLUTTER_IM_MODULE', 'xim'), ('XDG_DATA_DIRS', '/usr/share/ubuntu:/usr/local/share/:/usr/share/:/var/lib/snapd/desktop'), ('XDG_CONFIG_DIRS', '/etc/xdg/xdg-ubuntu:/etc/xdg'), ('LC_NUMERIC', 'ko_KR.UTF-8'), ('PYTHONPATH', '/home/neubility/ROS/ros2_communication_ws/install/ex_msg_srv/lib/python3.6/site-packages:/opt/ros/eloquent/lib/python3.6/site-packages'), ('LC_PAPER', 'ko_KR.UTF-8'), ('BREAKPAD_DUMP_LOCATION', '/home/neubility/.config/Code/exthost Crash Reports'), ('COLCON', '1'), ('CMAKE_PREFIX_PATH', '/home/neubility/ROS/ros2_communication_ws/install/ex_msg_srv:/opt/ros/eloquent')]), 'shell': False}
[0.802283] (-) TimerEvent: {}
[0.815589] (pub_ex) StdoutLine: {'line': b'[100%] Built target pub_ex\n'}
[0.832680] (pub_ex) StdoutLine: {'line': b'\x1b[36mInstall the project...\x1b[0m\n'}
[0.841824] (pub_ex) StdoutLine: {'line': b'-- Install configuration: "Debug"\n'}
[0.842239] (pub_ex) StdoutLine: {'line': b'-- Up-to-date: /home/neubility/ROS/ros2_communication_ws/install/pub_ex/lib/pub_ex/pub_ex\n'}
[0.842391] (pub_ex) StdoutLine: {'line': b'-- Up-to-date: /home/neubility/ROS/ros2_communication_ws/install/pub_ex/share/pub_ex/launch\n'}
[0.842521] (pub_ex) StdoutLine: {'line': b'-- Up-to-date: /home/neubility/ROS/ros2_communication_ws/install/pub_ex/share/pub_ex/launch/launch_executeprocess_ex.launch.py\n'}
[0.842739] (pub_ex) StdoutLine: {'line': b'-- Up-to-date: /home/neubility/ROS/ros2_communication_ws/install/pub_ex/share/pub_ex/launch/launch_node_ex_method_2.launch.py\n'}
[0.842870] (pub_ex) StdoutLine: {'line': b'-- Up-to-date: /home/neubility/ROS/ros2_communication_ws/install/pub_ex/share/pub_ex/launch/launch_node_ex_method_1.launch.py\n'}
[0.843165] (pub_ex) StdoutLine: {'line': b'-- Up-to-date: /home/neubility/ROS/ros2_communication_ws/install/pub_ex/share/ament_index/resource_index/package_run_dependencies/pub_ex\n'}
[0.843477] (pub_ex) StdoutLine: {'line': b'-- Up-to-date: /home/neubility/ROS/ros2_communication_ws/install/pub_ex/share/ament_index/resource_index/parent_prefix_path/pub_ex\n'}
[0.843614] (pub_ex) StdoutLine: {'line': b'-- Up-to-date: /home/neubility/ROS/ros2_communication_ws/install/pub_ex/share/pub_ex/environment/ament_prefix_path.sh\n'}
[0.843692] (pub_ex) StdoutLine: {'line': b'-- Up-to-date: /home/neubility/ROS/ros2_communication_ws/install/pub_ex/share/pub_ex/environment/ament_prefix_path.dsv\n'}
[0.843755] (pub_ex) StdoutLine: {'line': b'-- Up-to-date: /home/neubility/ROS/ros2_communication_ws/install/pub_ex/share/pub_ex/environment/path.sh\n'}
[0.843817] (pub_ex) StdoutLine: {'line': b'-- Up-to-date: /home/neubility/ROS/ros2_communication_ws/install/pub_ex/share/pub_ex/environment/path.dsv\n'}
[0.843879] (pub_ex) StdoutLine: {'line': b'-- Up-to-date: /home/neubility/ROS/ros2_communication_ws/install/pub_ex/share/pub_ex/local_setup.bash\n'}
[0.843942] (pub_ex) StdoutLine: {'line': b'-- Up-to-date: /home/neubility/ROS/ros2_communication_ws/install/pub_ex/share/pub_ex/local_setup.sh\n'}
[0.844005] (pub_ex) StdoutLine: {'line': b'-- Up-to-date: /home/neubility/ROS/ros2_communication_ws/install/pub_ex/share/pub_ex/local_setup.zsh\n'}
[0.844184] (pub_ex) StdoutLine: {'line': b'-- Up-to-date: /home/neubility/ROS/ros2_communication_ws/install/pub_ex/share/pub_ex/local_setup.dsv\n'}
[0.844352] (pub_ex) StdoutLine: {'line': b'-- Up-to-date: /home/neubility/ROS/ros2_communication_ws/install/pub_ex/share/pub_ex/package.dsv\n'}
[0.844463] (pub_ex) StdoutLine: {'line': b'-- Up-to-date: /home/neubility/ROS/ros2_communication_ws/install/pub_ex/share/ament_index/resource_index/packages/pub_ex\n'}
[0.844530] (pub_ex) StdoutLine: {'line': b'-- Up-to-date: /home/neubility/ROS/ros2_communication_ws/install/pub_ex/share/pub_ex/cmake/pub_exConfig.cmake\n'}
[0.844637] (pub_ex) StdoutLine: {'line': b'-- Up-to-date: /home/neubility/ROS/ros2_communication_ws/install/pub_ex/share/pub_ex/cmake/pub_exConfig-version.cmake\n'}
[0.844826] (pub_ex) StdoutLine: {'line': b'-- Up-to-date: /home/neubility/ROS/ros2_communication_ws/install/pub_ex/share/pub_ex/package.xml\n'}
[0.846449] (pub_ex) CommandEnded: {'returncode': 0}
[0.893793] (pub_ex) JobEnded: {'identifier': 'pub_ex', 'rc': 0}
[0.902361] (-) TimerEvent: {}
[1.002625] (-) TimerEvent: {}
[1.102870] (-) TimerEvent: {}
[1.203246] (-) TimerEvent: {}
[1.303508] (-) TimerEvent: {}
[1.403749] (-) TimerEvent: {}
[1.504043] (-) TimerEvent: {}
[1.604588] (-) TimerEvent: {}
[1.705028] (-) TimerEvent: {}
[1.805325] (-) TimerEvent: {}
[1.905605] (-) TimerEvent: {}
[2.005902] (-) TimerEvent: {}
[2.106166] (-) TimerEvent: {}
[2.206510] (-) TimerEvent: {}
[2.306824] (-) TimerEvent: {}
[2.406170] (practice_code_pkg) StderrLine: {'line': b'\x1b[01m\x1b[K/home/neubility/ROS/ros2_communication_ws/src/practice_code_pkg/src/main.cpp:69:1:\x1b[m\x1b[K \x1b[01;31m\x1b[Kerror: \x1b[m\x1b[Kexpected unqualified-id before \xe2\x80\x98\x1b[01m\x1b[K{\x1b[m\x1b[K\xe2\x80\x99 token\n'}
[2.406595] (practice_code_pkg) StderrLine: {'line': b' \x1b[01;31m\x1b[K{\x1b[m\x1b[K\n'}
[2.406735] (practice_code_pkg) StderrLine: {'line': b' \x1b[01;31m\x1b[K^\x1b[m\x1b[K\n'}
[2.406802] (practice_code_pkg) StderrLine: {'line': b'\x1b[01m\x1b[K/home/neubility/ROS/ros2_communication_ws/src/practice_code_pkg/src/main.cpp:\x1b[m\x1b[K In function \xe2\x80\x98\x1b[01m\x1b[Kint main(int, char**)\x1b[m\x1b[K\xe2\x80\x99:\n'}
[2.406864] (-) TimerEvent: {}
[2.406963] (practice_code_pkg) StderrLine: {'line': b'\x1b[01m\x1b[K/home/neubility/ROS/ros2_communication_ws/src/practice_code_pkg/src/main.cpp:77:37:\x1b[m\x1b[K \x1b[01;31m\x1b[Kerror: \x1b[m\x1b[Kinvalid conversion from \xe2\x80\x98\x1b[01m\x1b[Kvoid (*)(void*)\x1b[m\x1b[K\xe2\x80\x99 to \xe2\x80\x98\x1b[01m\x1b[Kvoid* (*)(void*)\x1b[m\x1b[K\xe2\x80\x99 [\x1b[01;31m\x1b[K-fpermissive\x1b[m\x1b[K]\n'}
[2.407114] (practice_code_pkg) StderrLine: {'line': b'     pthread_create(&p_thread, NULL, \x1b[01;31m\x1b[K&ThreadNB\x1b[m\x1b[K, &cute_nb);\n'}
[2.407256] (practice_code_pkg) StderrLine: {'line': b'                                     \x1b[01;31m\x1b[K^~~~~~~~~\x1b[m\x1b[K\n'}
[2.407416] (practice_code_pkg) StderrLine: {'line': b'In file included from \x1b[01m\x1b[K/usr/include/x86_64-linux-gnu/c++/7/bits/gthr-default.h:35:0\x1b[m\x1b[K,\n'}
[2.407538] (practice_code_pkg) StderrLine: {'line': b'                 from \x1b[01m\x1b[K/usr/include/x86_64-linux-gnu/c++/7/bits/gthr.h:148\x1b[m\x1b[K,\n'}
[2.407641] (practice_code_pkg) StderrLine: {'line': b'                 from \x1b[01m\x1b[K/usr/include/c++/7/ext/atomicity.h:35\x1b[m\x1b[K,\n'}
[2.407725] (practice_code_pkg) StderrLine: {'line': b'                 from \x1b[01m\x1b[K/usr/include/c++/7/bits/basic_string.h:39\x1b[m\x1b[K,\n'}
[2.407786] (practice_code_pkg) StderrLine: {'line': b'                 from \x1b[01m\x1b[K/usr/include/c++/7/string:52\x1b[m\x1b[K,\n'}
[2.407843] (practice_code_pkg) StderrLine: {'line': b'                 from \x1b[01m\x1b[K/usr/include/c++/7/stdexcept:39\x1b[m\x1b[K,\n'}
[2.407899] (practice_code_pkg) StderrLine: {'line': b'                 from \x1b[01m\x1b[K/usr/include/c++/7/array:39\x1b[m\x1b[K,\n'}
[2.407954] (practice_code_pkg) StderrLine: {'line': b'                 from \x1b[01m\x1b[K/usr/include/c++/7/tuple:39\x1b[m\x1b[K,\n'}
[2.408017] (practice_code_pkg) StderrLine: {'line': b'                 from \x1b[01m\x1b[K/usr/include/c++/7/functional:54\x1b[m\x1b[K,\n'}
[2.408315] (practice_code_pkg) StderrLine: {'line': b'                 from \x1b[01m\x1b[K/home/neubility/ROS/ros2_communication_ws/src/practice_code_pkg/src/main.cpp:2\x1b[m\x1b[K:\n'}
[2.408382] (practice_code_pkg) StderrLine: {'line': b'\x1b[01m\x1b[K/usr/include/pthread.h:234:12:\x1b[m\x1b[K \x1b[01;36m\x1b[Knote: \x1b[m\x1b[K  initializing argument 3 of \xe2\x80\x98\x1b[01m\x1b[Kint pthread_create(pthread_t*, const pthread_attr_t*, void* (*)(void*), void*)\x1b[m\x1b[K\xe2\x80\x99\n'}
[2.408443] (practice_code_pkg) StderrLine: {'line': b' extern int \x1b[01;36m\x1b[Kpthread_create\x1b[m\x1b[K (pthread_t *__restrict __newthread,\n'}
[2.408510] (practice_code_pkg) StderrLine: {'line': b'            \x1b[01;36m\x1b[K^~~~~~~~~~~~~~\x1b[m\x1b[K\n'}
[2.506972] (-) TimerEvent: {}
[2.607398] (-) TimerEvent: {}
[2.707664] (-) TimerEvent: {}
[2.807907] (-) TimerEvent: {}
[2.908304] (-) TimerEvent: {}
[2.976547] (practice_code_pkg) StderrLine: {'line': b'make[2]: *** [CMakeFiles/practice_code_pkg.dir/src/main.cpp.o] Error 1\n'}
[2.976887] (practice_code_pkg) StdoutLine: {'line': b"CMakeFiles/practice_code_pkg.dir/build.make:62: recipe for target 'CMakeFiles/practice_code_pkg.dir/src/main.cpp.o' failed\n"}
[2.977149] (practice_code_pkg) StderrLine: {'line': b'make[1]: *** [CMakeFiles/practice_code_pkg.dir/all] Error 2\n'}
[2.977390] (practice_code_pkg) StdoutLine: {'line': b"CMakeFiles/Makefile2:131: recipe for target 'CMakeFiles/practice_code_pkg.dir/all' failed\n"}
[2.977477] (practice_code_pkg) StdoutLine: {'line': b"Makefile:140: recipe for target 'all' failed\n"}
[2.977539] (practice_code_pkg) StderrLine: {'line': b'make: *** [all] Error 2\n'}
[2.978871] (practice_code_pkg) CommandEnded: {'returncode': 2}
[3.007717] (practice_code_pkg) JobEnded: {'identifier': 'practice_code_pkg', 'rc': 2}
[3.008337] (-) TimerEvent: {}
[3.019069] (-) EventReactorShutdown: {}
