[0.183s] DEBUG:colcon:Command line arguments: ['/usr/bin/colcon', 'build']
[0.183s] DEBUG:colcon:Parsed command line arguments: Namespace(ament_cmake_args=None, base_paths=['.'], build_base='build', catkin_cmake_args=None, catkin_skip_building_tests=False, cmake_args=None, cmake_clean_cache=False, cmake_clean_first=False, cmake_force_configure=False, cmake_target=None, cmake_target_skip_unavailable=False, continue_on_error=False, event_handlers=None, executor='parallel', ignore_user_meta=False, install_base='install', log_base=None, log_level=None, main=<bound method BuildVerb.main of <colcon_core.verb.build.BuildVerb object at 0x7f08d197fac8>>, merge_install=False, metas=['./colcon.meta'], packages_above=None, packages_above_and_dependencies=None, packages_above_depth=None, packages_end=None, packages_ignore=None, packages_ignore_regex=None, packages_select=None, packages_select_build_failed=False, packages_select_by_dep=None, packages_select_regex=None, packages_select_test_failures=False, packages_skip=None, packages_skip_build_finished=False, packages_skip_by_dep=None, packages_skip_regex=None, packages_skip_test_passed=False, packages_skip_up_to=None, packages_start=None, packages_up_to=None, packages_up_to_regex=None, parallel_workers=16, paths=None, symlink_install=False, test_result_base=None, verb_extension=<colcon_core.verb.build.BuildVerb object at 0x7f08d197fac8>, verb_name='build', verb_parser=<colcon_defaults.argument_parser.defaults.DefaultArgumentsDecorator object at 0x7f08d197fe10>)
[0.190s] Level 1:colcon.colcon_core.package_discovery:discover_packages(colcon_meta) check parameters
[0.190s] Level 1:colcon.colcon_core.package_discovery:discover_packages(recursive) check parameters
[0.190s] Level 1:colcon.colcon_core.package_discovery:discover_packages(ignore) check parameters
[0.190s] Level 1:colcon.colcon_core.package_discovery:discover_packages(path) check parameters
[0.190s] Level 1:colcon.colcon_core.package_discovery:discover_packages(colcon_meta) discover
[0.190s] Level 1:colcon.colcon_core.package_discovery:discover_packages(recursive) discover
[0.190s] INFO:colcon.colcon_core.package_discovery:Crawling recursively for packages in '/home/neubility/ROS/ros2_communication_ws'
[0.191s] Level 1:colcon.colcon_core.package_identification:_identify(.) by extensions ['ignore', 'ignore_ament_install']
[0.191s] Level 1:colcon.colcon_core.package_identification:_identify(.) by extension 'ignore'
[0.191s] Level 1:colcon.colcon_core.package_identification:_identify(.) by extension 'ignore_ament_install'
[0.191s] Level 1:colcon.colcon_core.package_identification:_identify(.) by extensions ['colcon_pkg']
[0.191s] Level 1:colcon.colcon_core.package_identification:_identify(.) by extension 'colcon_pkg'
[0.191s] Level 1:colcon.colcon_core.package_identification:_identify(.) by extensions ['colcon_meta']
[0.191s] Level 1:colcon.colcon_core.package_identification:_identify(.) by extension 'colcon_meta'
[0.191s] Level 1:colcon.colcon_core.package_identification:_identify(.) by extensions ['ros']
[0.191s] Level 1:colcon.colcon_core.package_identification:_identify(.) by extension 'ros'
[0.202s] Level 1:colcon.colcon_core.package_identification:_identify(.) by extensions ['cmake', 'python']
[0.202s] Level 1:colcon.colcon_core.package_identification:_identify(.) by extension 'cmake'
[0.202s] Level 1:colcon.colcon_core.package_identification:_identify(.) by extension 'python'
[0.202s] Level 1:colcon.colcon_core.package_identification:_identify(.) by extensions ['python_setup_py']
[0.202s] Level 1:colcon.colcon_core.package_identification:_identify(.) by extension 'python_setup_py'
[0.202s] Level 1:colcon.colcon_core.package_identification:_identify(build) by extensions ['ignore', 'ignore_ament_install']
[0.202s] Level 1:colcon.colcon_core.package_identification:_identify(build) by extension 'ignore'
[0.203s] Level 1:colcon.colcon_core.package_identification:_identify(build) ignored
[0.203s] Level 1:colcon.colcon_core.package_identification:_identify(install) by extensions ['ignore', 'ignore_ament_install']
[0.203s] Level 1:colcon.colcon_core.package_identification:_identify(install) by extension 'ignore'
[0.203s] Level 1:colcon.colcon_core.package_identification:_identify(install) ignored
[0.203s] Level 1:colcon.colcon_core.package_identification:_identify(log) by extensions ['ignore', 'ignore_ament_install']
[0.203s] Level 1:colcon.colcon_core.package_identification:_identify(log) by extension 'ignore'
[0.203s] Level 1:colcon.colcon_core.package_identification:_identify(log) ignored
[0.203s] Level 1:colcon.colcon_core.package_identification:_identify(src) by extensions ['ignore', 'ignore_ament_install']
[0.203s] Level 1:colcon.colcon_core.package_identification:_identify(src) by extension 'ignore'
[0.203s] Level 1:colcon.colcon_core.package_identification:_identify(src) by extension 'ignore_ament_install'
[0.204s] Level 1:colcon.colcon_core.package_identification:_identify(src) by extensions ['colcon_pkg']
[0.204s] Level 1:colcon.colcon_core.package_identification:_identify(src) by extension 'colcon_pkg'
[0.204s] Level 1:colcon.colcon_core.package_identification:_identify(src) by extensions ['colcon_meta']
[0.204s] Level 1:colcon.colcon_core.package_identification:_identify(src) by extension 'colcon_meta'
[0.204s] Level 1:colcon.colcon_core.package_identification:_identify(src) by extensions ['ros']
[0.204s] Level 1:colcon.colcon_core.package_identification:_identify(src) by extension 'ros'
[0.204s] Level 1:colcon.colcon_core.package_identification:_identify(src) by extensions ['cmake', 'python']
[0.204s] Level 1:colcon.colcon_core.package_identification:_identify(src) by extension 'cmake'
[0.204s] Level 1:colcon.colcon_core.package_identification:_identify(src) by extension 'python'
[0.204s] Level 1:colcon.colcon_core.package_identification:_identify(src) by extensions ['python_setup_py']
[0.204s] Level 1:colcon.colcon_core.package_identification:_identify(src) by extension 'python_setup_py'
[0.204s] Level 1:colcon.colcon_core.package_identification:_identify(src/ex_msg_srv_pkg) by extensions ['ignore', 'ignore_ament_install']
[0.204s] Level 1:colcon.colcon_core.package_identification:_identify(src/ex_msg_srv_pkg) by extension 'ignore'
[0.204s] Level 1:colcon.colcon_core.package_identification:_identify(src/ex_msg_srv_pkg) by extension 'ignore_ament_install'
[0.204s] Level 1:colcon.colcon_core.package_identification:_identify(src/ex_msg_srv_pkg) by extensions ['colcon_pkg']
[0.204s] Level 1:colcon.colcon_core.package_identification:_identify(src/ex_msg_srv_pkg) by extension 'colcon_pkg'
[0.204s] Level 1:colcon.colcon_core.package_identification:_identify(src/ex_msg_srv_pkg) by extensions ['colcon_meta']
[0.204s] Level 1:colcon.colcon_core.package_identification:_identify(src/ex_msg_srv_pkg) by extension 'colcon_meta'
[0.204s] Level 1:colcon.colcon_core.package_identification:_identify(src/ex_msg_srv_pkg) by extensions ['ros']
[0.204s] Level 1:colcon.colcon_core.package_identification:_identify(src/ex_msg_srv_pkg) by extension 'ros'
[0.207s] DEBUG:colcon.colcon_core.package_identification:Package 'src/ex_msg_srv_pkg' with type 'ros.ament_cmake' and name 'ex_msg_srv'
[0.207s] Level 1:colcon.colcon_core.package_identification:_identify(src/practice_code_pkg) by extensions ['ignore', 'ignore_ament_install']
[0.207s] Level 1:colcon.colcon_core.package_identification:_identify(src/practice_code_pkg) by extension 'ignore'
[0.208s] Level 1:colcon.colcon_core.package_identification:_identify(src/practice_code_pkg) by extension 'ignore_ament_install'
[0.208s] Level 1:colcon.colcon_core.package_identification:_identify(src/practice_code_pkg) by extensions ['colcon_pkg']
[0.208s] Level 1:colcon.colcon_core.package_identification:_identify(src/practice_code_pkg) by extension 'colcon_pkg'
[0.208s] Level 1:colcon.colcon_core.package_identification:_identify(src/practice_code_pkg) by extensions ['colcon_meta']
[0.208s] Level 1:colcon.colcon_core.package_identification:_identify(src/practice_code_pkg) by extension 'colcon_meta'
[0.208s] Level 1:colcon.colcon_core.package_identification:_identify(src/practice_code_pkg) by extensions ['ros']
[0.208s] Level 1:colcon.colcon_core.package_identification:_identify(src/practice_code_pkg) by extension 'ros'
[0.209s] DEBUG:colcon.colcon_core.package_identification:Package 'src/practice_code_pkg' with type 'ros.ament_cmake' and name 'practice_code_pkg'
[0.209s] Level 1:colcon.colcon_core.package_identification:_identify(src/pub_ex_pkg) by extensions ['ignore', 'ignore_ament_install']
[0.209s] Level 1:colcon.colcon_core.package_identification:_identify(src/pub_ex_pkg) by extension 'ignore'
[0.209s] Level 1:colcon.colcon_core.package_identification:_identify(src/pub_ex_pkg) by extension 'ignore_ament_install'
[0.209s] Level 1:colcon.colcon_core.package_identification:_identify(src/pub_ex_pkg) by extensions ['colcon_pkg']
[0.210s] Level 1:colcon.colcon_core.package_identification:_identify(src/pub_ex_pkg) by extension 'colcon_pkg'
[0.210s] Level 1:colcon.colcon_core.package_identification:_identify(src/pub_ex_pkg) by extensions ['colcon_meta']
[0.210s] Level 1:colcon.colcon_core.package_identification:_identify(src/pub_ex_pkg) by extension 'colcon_meta'
[0.210s] Level 1:colcon.colcon_core.package_identification:_identify(src/pub_ex_pkg) by extensions ['ros']
[0.210s] Level 1:colcon.colcon_core.package_identification:_identify(src/pub_ex_pkg) by extension 'ros'
[0.210s] DEBUG:colcon.colcon_core.package_identification:Package 'src/pub_ex_pkg' with type 'ros.ament_cmake' and name 'pub_ex'
[0.210s] Level 1:colcon.colcon_core.package_identification:_identify(src/sub_ex_pkg) by extensions ['ignore', 'ignore_ament_install']
[0.211s] Level 1:colcon.colcon_core.package_identification:_identify(src/sub_ex_pkg) by extension 'ignore'
[0.211s] Level 1:colcon.colcon_core.package_identification:_identify(src/sub_ex_pkg) by extension 'ignore_ament_install'
[0.211s] Level 1:colcon.colcon_core.package_identification:_identify(src/sub_ex_pkg) by extensions ['colcon_pkg']
[0.211s] Level 1:colcon.colcon_core.package_identification:_identify(src/sub_ex_pkg) by extension 'colcon_pkg'
[0.211s] Level 1:colcon.colcon_core.package_identification:_identify(src/sub_ex_pkg) by extensions ['colcon_meta']
[0.211s] Level 1:colcon.colcon_core.package_identification:_identify(src/sub_ex_pkg) by extension 'colcon_meta'
[0.211s] Level 1:colcon.colcon_core.package_identification:_identify(src/sub_ex_pkg) by extensions ['ros']
[0.211s] Level 1:colcon.colcon_core.package_identification:_identify(src/sub_ex_pkg) by extension 'ros'
[0.211s] DEBUG:colcon.colcon_core.package_identification:Package 'src/sub_ex_pkg' with type 'ros.ament_cmake' and name 'sub_ex'
[0.211s] Level 1:colcon.colcon_core.package_discovery:discover_packages(recursive) using defaults
[0.212s] Level 1:colcon.colcon_core.package_discovery:discover_packages(ignore) discover
[0.212s] Level 1:colcon.colcon_core.package_discovery:discover_packages(ignore) using defaults
[0.212s] Level 1:colcon.colcon_core.package_discovery:discover_packages(path) discover
[0.212s] Level 1:colcon.colcon_core.package_discovery:discover_packages(path) using defaults
[0.233s] Level 5:colcon.colcon_core.verb:set package 'ex_msg_srv' build argument 'cmake_args' from command line to 'None'
[0.233s] Level 5:colcon.colcon_core.verb:set package 'ex_msg_srv' build argument 'cmake_target' from command line to 'None'
[0.233s] Level 5:colcon.colcon_core.verb:set package 'ex_msg_srv' build argument 'cmake_target_skip_unavailable' from command line to 'False'
[0.233s] Level 5:colcon.colcon_core.verb:set package 'ex_msg_srv' build argument 'cmake_clean_cache' from command line to 'False'
[0.233s] Level 5:colcon.colcon_core.verb:set package 'ex_msg_srv' build argument 'cmake_clean_first' from command line to 'False'
[0.233s] Level 5:colcon.colcon_core.verb:set package 'ex_msg_srv' build argument 'cmake_force_configure' from command line to 'False'
[0.233s] Level 5:colcon.colcon_core.verb:set package 'ex_msg_srv' build argument 'ament_cmake_args' from command line to 'None'
[0.233s] Level 5:colcon.colcon_core.verb:set package 'ex_msg_srv' build argument 'catkin_cmake_args' from command line to 'None'
[0.233s] Level 5:colcon.colcon_core.verb:set package 'ex_msg_srv' build argument 'catkin_skip_building_tests' from command line to 'False'
[0.233s] DEBUG:colcon.colcon_core.verb:Building package 'ex_msg_srv' with the following arguments: {'ament_cmake_args': None, 'build_base': '/home/neubility/ROS/ros2_communication_ws/build/ex_msg_srv', 'catkin_cmake_args': None, 'catkin_skip_building_tests': False, 'cmake_args': None, 'cmake_clean_cache': False, 'cmake_clean_first': False, 'cmake_force_configure': False, 'cmake_target': None, 'cmake_target_skip_unavailable': False, 'install_base': '/home/neubility/ROS/ros2_communication_ws/install/ex_msg_srv', 'merge_install': False, 'path': '/home/neubility/ROS/ros2_communication_ws/src/ex_msg_srv_pkg', 'symlink_install': False, 'test_result_base': None}
[0.235s] Level 5:colcon.colcon_core.verb:set package 'sub_ex' build argument 'cmake_args' from command line to 'None'
[0.235s] Level 5:colcon.colcon_core.verb:set package 'sub_ex' build argument 'cmake_target' from command line to 'None'
[0.235s] Level 5:colcon.colcon_core.verb:set package 'sub_ex' build argument 'cmake_target_skip_unavailable' from command line to 'False'
[0.235s] Level 5:colcon.colcon_core.verb:set package 'sub_ex' build argument 'cmake_clean_cache' from command line to 'False'
[0.235s] Level 5:colcon.colcon_core.verb:set package 'sub_ex' build argument 'cmake_clean_first' from command line to 'False'
[0.235s] Level 5:colcon.colcon_core.verb:set package 'sub_ex' build argument 'cmake_force_configure' from command line to 'False'
[0.235s] Level 5:colcon.colcon_core.verb:set package 'sub_ex' build argument 'ament_cmake_args' from command line to 'None'
[0.235s] Level 5:colcon.colcon_core.verb:set package 'sub_ex' build argument 'catkin_cmake_args' from command line to 'None'
[0.235s] Level 5:colcon.colcon_core.verb:set package 'sub_ex' build argument 'catkin_skip_building_tests' from command line to 'False'
[0.236s] DEBUG:colcon.colcon_core.verb:Building package 'sub_ex' with the following arguments: {'ament_cmake_args': None, 'build_base': '/home/neubility/ROS/ros2_communication_ws/build/sub_ex', 'catkin_cmake_args': None, 'catkin_skip_building_tests': False, 'cmake_args': None, 'cmake_clean_cache': False, 'cmake_clean_first': False, 'cmake_force_configure': False, 'cmake_target': None, 'cmake_target_skip_unavailable': False, 'install_base': '/home/neubility/ROS/ros2_communication_ws/install/sub_ex', 'merge_install': False, 'path': '/home/neubility/ROS/ros2_communication_ws/src/sub_ex_pkg', 'symlink_install': False, 'test_result_base': None}
[0.238s] Level 5:colcon.colcon_core.verb:set package 'practice_code_pkg' build argument 'cmake_args' from command line to 'None'
[0.239s] Level 5:colcon.colcon_core.verb:set package 'practice_code_pkg' build argument 'cmake_target' from command line to 'None'
[0.239s] Level 5:colcon.colcon_core.verb:set package 'practice_code_pkg' build argument 'cmake_target_skip_unavailable' from command line to 'False'
[0.239s] Level 5:colcon.colcon_core.verb:set package 'practice_code_pkg' build argument 'cmake_clean_cache' from command line to 'False'
[0.239s] Level 5:colcon.colcon_core.verb:set package 'practice_code_pkg' build argument 'cmake_clean_first' from command line to 'False'
[0.239s] Level 5:colcon.colcon_core.verb:set package 'practice_code_pkg' build argument 'cmake_force_configure' from command line to 'False'
[0.239s] Level 5:colcon.colcon_core.verb:set package 'practice_code_pkg' build argument 'ament_cmake_args' from command line to 'None'
[0.239s] Level 5:colcon.colcon_core.verb:set package 'practice_code_pkg' build argument 'catkin_cmake_args' from command line to 'None'
[0.239s] Level 5:colcon.colcon_core.verb:set package 'practice_code_pkg' build argument 'catkin_skip_building_tests' from command line to 'False'
[0.239s] DEBUG:colcon.colcon_core.verb:Building package 'practice_code_pkg' with the following arguments: {'ament_cmake_args': None, 'build_base': '/home/neubility/ROS/ros2_communication_ws/build/practice_code_pkg', 'catkin_cmake_args': None, 'catkin_skip_building_tests': False, 'cmake_args': None, 'cmake_clean_cache': False, 'cmake_clean_first': False, 'cmake_force_configure': False, 'cmake_target': None, 'cmake_target_skip_unavailable': False, 'install_base': '/home/neubility/ROS/ros2_communication_ws/install/practice_code_pkg', 'merge_install': False, 'path': '/home/neubility/ROS/ros2_communication_ws/src/practice_code_pkg', 'symlink_install': False, 'test_result_base': None}
[0.242s] Level 5:colcon.colcon_core.verb:set package 'pub_ex' build argument 'cmake_args' from command line to 'None'
[0.242s] Level 5:colcon.colcon_core.verb:set package 'pub_ex' build argument 'cmake_target' from command line to 'None'
[0.242s] Level 5:colcon.colcon_core.verb:set package 'pub_ex' build argument 'cmake_target_skip_unavailable' from command line to 'False'
[0.242s] Level 5:colcon.colcon_core.verb:set package 'pub_ex' build argument 'cmake_clean_cache' from command line to 'False'
[0.242s] Level 5:colcon.colcon_core.verb:set package 'pub_ex' build argument 'cmake_clean_first' from command line to 'False'
[0.242s] Level 5:colcon.colcon_core.verb:set package 'pub_ex' build argument 'cmake_force_configure' from command line to 'False'
[0.242s] Level 5:colcon.colcon_core.verb:set package 'pub_ex' build argument 'ament_cmake_args' from command line to 'None'
[0.242s] Level 5:colcon.colcon_core.verb:set package 'pub_ex' build argument 'catkin_cmake_args' from command line to 'None'
[0.242s] Level 5:colcon.colcon_core.verb:set package 'pub_ex' build argument 'catkin_skip_building_tests' from command line to 'False'
[0.242s] DEBUG:colcon.colcon_core.verb:Building package 'pub_ex' with the following arguments: {'ament_cmake_args': None, 'build_base': '/home/neubility/ROS/ros2_communication_ws/build/pub_ex', 'catkin_cmake_args': None, 'catkin_skip_building_tests': False, 'cmake_args': None, 'cmake_clean_cache': False, 'cmake_clean_first': False, 'cmake_force_configure': False, 'cmake_target': None, 'cmake_target_skip_unavailable': False, 'install_base': '/home/neubility/ROS/ros2_communication_ws/install/pub_ex', 'merge_install': False, 'path': '/home/neubility/ROS/ros2_communication_ws/src/pub_ex_pkg', 'symlink_install': False, 'test_result_base': None}
[0.242s] INFO:colcon.colcon_core.executor:Executing jobs using 'parallel' executor
[0.244s] DEBUG:colcon.colcon_parallel_executor.executor.parallel:run_until_complete
[0.244s] INFO:colcon.colcon_ros.task.ament_cmake.build:Building ROS package in '/home/neubility/ROS/ros2_communication_ws/src/ex_msg_srv_pkg' with build type 'ament_cmake'
[0.244s] INFO:colcon.colcon_cmake.task.cmake.build:Building CMake package in '/home/neubility/ROS/ros2_communication_ws/src/ex_msg_srv_pkg'
[0.249s] INFO:colcon.colcon_core.plugin_system:Skipping extension 'colcon_core.shell.bat': Not used on non-Windows systems
[0.249s] INFO:colcon.colcon_core.shell:Skip shell extension 'powershell' for command environment: Not usable outside of PowerShell
[0.249s] DEBUG:colcon.colcon_core.shell:Skip shell extension 'dsv' for command environment
[0.251s] DEBUG:colcon.colcon_core.shell:Ignoring prefix path '/opt/ros/eloquent'
[0.254s] INFO:colcon.colcon_ros.task.ament_cmake.build:Building ROS package in '/home/neubility/ROS/ros2_communication_ws/src/sub_ex_pkg' with build type 'ament_cmake'
[0.254s] INFO:colcon.colcon_cmake.task.cmake.build:Building CMake package in '/home/neubility/ROS/ros2_communication_ws/src/sub_ex_pkg'
[0.256s] INFO:colcon.colcon_core.shell:Skip shell extension 'powershell' for command environment: Not usable outside of PowerShell
[0.256s] DEBUG:colcon.colcon_core.shell:Skip shell extension 'dsv' for command environment
[0.258s] DEBUG:colcon.colcon_core.shell:Ignoring prefix path '/opt/ros/eloquent'
[0.270s] DEBUG:colcon.colcon_core.event_handler.log_command:Invoking command in '/home/neubility/ROS/ros2_communication_ws/build/ex_msg_srv': CMAKE_PREFIX_PATH=${CMAKE_PREFIX_PATH}:/opt/ros/eloquent /usr/bin/cmake --build /home/neubility/ROS/ros2_communication_ws/build/ex_msg_srv -- -j16 -l16
[0.277s] DEBUG:colcon.colcon_core.event_handler.log_command:Invoking command in '/home/neubility/ROS/ros2_communication_ws/build/sub_ex': CMAKE_PREFIX_PATH=${CMAKE_PREFIX_PATH}:/opt/ros/eloquent /usr/bin/cmake --build /home/neubility/ROS/ros2_communication_ws/build/sub_ex -- -j16 -l16
[0.348s] DEBUG:colcon.colcon_core.event_handler.log_command:Invoked command in '/home/neubility/ROS/ros2_communication_ws/build/sub_ex' returned '0': CMAKE_PREFIX_PATH=${CMAKE_PREFIX_PATH}:/opt/ros/eloquent /usr/bin/cmake --build /home/neubility/ROS/ros2_communication_ws/build/sub_ex -- -j16 -l16
[0.383s] DEBUG:colcon.colcon_core.event_handler.log_command:Invoking command in '/home/neubility/ROS/ros2_communication_ws/build/sub_ex': CMAKE_PREFIX_PATH=${CMAKE_PREFIX_PATH}:/opt/ros/eloquent /usr/bin/cmake --build /home/neubility/ROS/ros2_communication_ws/build/sub_ex --target install -- -j16 -l16
[0.485s] Level 1:colcon.colcon_core.environment:create_environment_scripts_only(sub_ex)
[0.486s] DEBUG:colcon.colcon_core.event_handler.log_command:Invoked command in '/home/neubility/ROS/ros2_communication_ws/build/sub_ex' returned '0': CMAKE_PREFIX_PATH=${CMAKE_PREFIX_PATH}:/opt/ros/eloquent /usr/bin/cmake --build /home/neubility/ROS/ros2_communication_ws/build/sub_ex --target install -- -j16 -l16
[0.490s] Level 1:colcon.colcon_core.environment:checking '/home/neubility/ROS/ros2_communication_ws/install/sub_ex' for CMake module files
[0.490s] Level 1:colcon.colcon_core.environment:checking '/home/neubility/ROS/ros2_communication_ws/install/sub_ex' for CMake config files
[0.491s] Level 1:colcon.colcon_core.shell:create_environment_hook('sub_ex', 'cmake_prefix_path')
[0.491s] INFO:colcon.colcon_core.shell:Creating environment hook '/home/neubility/ROS/ros2_communication_ws/install/sub_ex/share/sub_ex/hook/cmake_prefix_path.ps1'
[0.507s] INFO:colcon.colcon_core.shell:Creating environment descriptor '/home/neubility/ROS/ros2_communication_ws/install/sub_ex/share/sub_ex/hook/cmake_prefix_path.dsv'
[0.507s] INFO:colcon.colcon_core.shell:Creating environment hook '/home/neubility/ROS/ros2_communication_ws/install/sub_ex/share/sub_ex/hook/cmake_prefix_path.sh'
[0.508s] Level 1:colcon.colcon_core.environment:checking '/home/neubility/ROS/ros2_communication_ws/install/sub_ex/lib'
[0.508s] Level 1:colcon.colcon_core.environment:checking '/home/neubility/ROS/ros2_communication_ws/install/sub_ex/bin'
[0.508s] Level 1:colcon.colcon_core.environment:checking '/home/neubility/ROS/ros2_communication_ws/install/sub_ex/lib/pkgconfig/sub_ex.pc'
[0.509s] Level 1:colcon.colcon_core.environment:checking '/home/neubility/ROS/ros2_communication_ws/install/sub_ex/lib/python3.6/site-packages'
[0.510s] INFO:colcon.colcon_core.shell:Creating package script '/home/neubility/ROS/ros2_communication_ws/install/sub_ex/share/sub_ex/package.ps1'
[0.511s] INFO:colcon.colcon_core.shell:Creating package descriptor '/home/neubility/ROS/ros2_communication_ws/install/sub_ex/share/sub_ex/package.dsv'
[0.511s] INFO:colcon.colcon_core.shell:Creating package script '/home/neubility/ROS/ros2_communication_ws/install/sub_ex/share/sub_ex/package.sh'
[0.512s] INFO:colcon.colcon_core.shell:Creating package script '/home/neubility/ROS/ros2_communication_ws/install/sub_ex/share/sub_ex/package.bash'
[0.513s] INFO:colcon.colcon_core.shell:Creating package script '/home/neubility/ROS/ros2_communication_ws/install/sub_ex/share/sub_ex/package.zsh'
[0.513s] Level 1:colcon.colcon_core.environment:create_file_with_runtime_dependencies(/home/neubility/ROS/ros2_communication_ws/install/sub_ex/share/colcon-core/packages/sub_ex)
[0.517s] DEBUG:colcon.colcon_core.event_handler.log_command:Invoked command in '/home/neubility/ROS/ros2_communication_ws/build/ex_msg_srv' returned '0': CMAKE_PREFIX_PATH=${CMAKE_PREFIX_PATH}:/opt/ros/eloquent /usr/bin/cmake --build /home/neubility/ROS/ros2_communication_ws/build/ex_msg_srv -- -j16 -l16
[0.542s] Level 1:colcon.colcon_core.environment:create_environment_scripts_only(sub_ex)
[0.544s] Level 1:colcon.colcon_core.environment:checking '/home/neubility/ROS/ros2_communication_ws/install/sub_ex' for CMake module files
[0.545s] Level 1:colcon.colcon_core.environment:checking '/home/neubility/ROS/ros2_communication_ws/install/sub_ex' for CMake config files
[0.545s] Level 1:colcon.colcon_core.shell:create_environment_hook('sub_ex', 'cmake_prefix_path')
[0.546s] INFO:colcon.colcon_core.shell:Creating environment hook '/home/neubility/ROS/ros2_communication_ws/install/sub_ex/share/sub_ex/hook/cmake_prefix_path.ps1'
[0.547s] INFO:colcon.colcon_core.shell:Creating environment descriptor '/home/neubility/ROS/ros2_communication_ws/install/sub_ex/share/sub_ex/hook/cmake_prefix_path.dsv'
[0.547s] INFO:colcon.colcon_core.shell:Creating environment hook '/home/neubility/ROS/ros2_communication_ws/install/sub_ex/share/sub_ex/hook/cmake_prefix_path.sh'
[0.549s] Level 1:colcon.colcon_core.environment:checking '/home/neubility/ROS/ros2_communication_ws/install/sub_ex/lib'
[0.549s] Level 1:colcon.colcon_core.environment:checking '/home/neubility/ROS/ros2_communication_ws/install/sub_ex/bin'
[0.549s] Level 1:colcon.colcon_core.environment:checking '/home/neubility/ROS/ros2_communication_ws/install/sub_ex/lib/pkgconfig/sub_ex.pc'
[0.549s] Level 1:colcon.colcon_core.environment:checking '/home/neubility/ROS/ros2_communication_ws/install/sub_ex/lib/python3.6/site-packages'
[0.550s] INFO:colcon.colcon_core.shell:Creating package script '/home/neubility/ROS/ros2_communication_ws/install/sub_ex/share/sub_ex/package.ps1'
[0.551s] INFO:colcon.colcon_core.shell:Creating package descriptor '/home/neubility/ROS/ros2_communication_ws/install/sub_ex/share/sub_ex/package.dsv'
[0.552s] INFO:colcon.colcon_core.shell:Creating package script '/home/neubility/ROS/ros2_communication_ws/install/sub_ex/share/sub_ex/package.sh'
[0.553s] INFO:colcon.colcon_core.shell:Creating package script '/home/neubility/ROS/ros2_communication_ws/install/sub_ex/share/sub_ex/package.bash'
[0.554s] INFO:colcon.colcon_core.shell:Creating package script '/home/neubility/ROS/ros2_communication_ws/install/sub_ex/share/sub_ex/package.zsh'
[0.554s] Level 1:colcon.colcon_core.environment:create_file_with_runtime_dependencies(/home/neubility/ROS/ros2_communication_ws/install/sub_ex/share/colcon-core/packages/sub_ex)
[0.586s] DEBUG:colcon.colcon_core.event_handler.log_command:Invoking command in '/home/neubility/ROS/ros2_communication_ws/build/ex_msg_srv': CMAKE_PREFIX_PATH=${CMAKE_PREFIX_PATH}:/opt/ros/eloquent /usr/bin/cmake --build /home/neubility/ROS/ros2_communication_ws/build/ex_msg_srv --target install -- -j16 -l16
[0.878s] Level 1:colcon.colcon_core.environment:create_environment_scripts_only(ex_msg_srv)
[0.879s] Level 1:colcon.colcon_core.environment:checking '/home/neubility/ROS/ros2_communication_ws/install/ex_msg_srv' for CMake module files
[0.880s] DEBUG:colcon.colcon_core.event_handler.log_command:Invoked command in '/home/neubility/ROS/ros2_communication_ws/build/ex_msg_srv' returned '0': CMAKE_PREFIX_PATH=${CMAKE_PREFIX_PATH}:/opt/ros/eloquent /usr/bin/cmake --build /home/neubility/ROS/ros2_communication_ws/build/ex_msg_srv --target install -- -j16 -l16
[0.880s] Level 1:colcon.colcon_core.environment:checking '/home/neubility/ROS/ros2_communication_ws/install/ex_msg_srv' for CMake config files
[0.881s] Level 1:colcon.colcon_core.shell:create_environment_hook('ex_msg_srv', 'cmake_prefix_path')
[0.882s] INFO:colcon.colcon_core.shell:Creating environment hook '/home/neubility/ROS/ros2_communication_ws/install/ex_msg_srv/share/ex_msg_srv/hook/cmake_prefix_path.ps1'
[0.882s] INFO:colcon.colcon_core.shell:Creating environment descriptor '/home/neubility/ROS/ros2_communication_ws/install/ex_msg_srv/share/ex_msg_srv/hook/cmake_prefix_path.dsv'
[0.883s] INFO:colcon.colcon_core.shell:Creating environment hook '/home/neubility/ROS/ros2_communication_ws/install/ex_msg_srv/share/ex_msg_srv/hook/cmake_prefix_path.sh'
[0.884s] Level 1:colcon.colcon_core.environment:checking '/home/neubility/ROS/ros2_communication_ws/install/ex_msg_srv/lib'
[0.884s] Level 1:colcon.colcon_core.shell:create_environment_hook('ex_msg_srv', 'ld_library_path_lib')
[0.885s] INFO:colcon.colcon_core.shell:Creating environment hook '/home/neubility/ROS/ros2_communication_ws/install/ex_msg_srv/share/ex_msg_srv/hook/ld_library_path_lib.ps1'
[0.885s] INFO:colcon.colcon_core.shell:Creating environment descriptor '/home/neubility/ROS/ros2_communication_ws/install/ex_msg_srv/share/ex_msg_srv/hook/ld_library_path_lib.dsv'
[0.886s] INFO:colcon.colcon_core.shell:Creating environment hook '/home/neubility/ROS/ros2_communication_ws/install/ex_msg_srv/share/ex_msg_srv/hook/ld_library_path_lib.sh'
[0.886s] Level 1:colcon.colcon_core.environment:checking '/home/neubility/ROS/ros2_communication_ws/install/ex_msg_srv/bin'
[0.886s] Level 1:colcon.colcon_core.environment:checking '/home/neubility/ROS/ros2_communication_ws/install/ex_msg_srv/lib/pkgconfig/ex_msg_srv.pc'
[0.886s] Level 1:colcon.colcon_core.environment:checking '/home/neubility/ROS/ros2_communication_ws/install/ex_msg_srv/lib/python3.6/site-packages'
[0.886s] Level 1:colcon.colcon_core.shell:create_environment_hook('ex_msg_srv', 'pythonpath')
[0.887s] INFO:colcon.colcon_core.shell:Creating environment hook '/home/neubility/ROS/ros2_communication_ws/install/ex_msg_srv/share/ex_msg_srv/hook/pythonpath.ps1'
[0.887s] INFO:colcon.colcon_core.shell:Creating environment descriptor '/home/neubility/ROS/ros2_communication_ws/install/ex_msg_srv/share/ex_msg_srv/hook/pythonpath.dsv'
[0.887s] INFO:colcon.colcon_core.shell:Creating environment hook '/home/neubility/ROS/ros2_communication_ws/install/ex_msg_srv/share/ex_msg_srv/hook/pythonpath.sh'
[0.888s] INFO:colcon.colcon_core.shell:Creating package script '/home/neubility/ROS/ros2_communication_ws/install/ex_msg_srv/share/ex_msg_srv/package.ps1'
[0.888s] INFO:colcon.colcon_core.shell:Creating package descriptor '/home/neubility/ROS/ros2_communication_ws/install/ex_msg_srv/share/ex_msg_srv/package.dsv'
[0.889s] INFO:colcon.colcon_core.shell:Creating package script '/home/neubility/ROS/ros2_communication_ws/install/ex_msg_srv/share/ex_msg_srv/package.sh'
[0.889s] INFO:colcon.colcon_core.shell:Creating package script '/home/neubility/ROS/ros2_communication_ws/install/ex_msg_srv/share/ex_msg_srv/package.bash'
[0.889s] INFO:colcon.colcon_core.shell:Creating package script '/home/neubility/ROS/ros2_communication_ws/install/ex_msg_srv/share/ex_msg_srv/package.zsh'
[0.890s] Level 1:colcon.colcon_core.environment:create_file_with_runtime_dependencies(/home/neubility/ROS/ros2_communication_ws/install/ex_msg_srv/share/colcon-core/packages/ex_msg_srv)
[0.969s] Level 1:colcon.colcon_core.environment:create_environment_scripts_only(ex_msg_srv)
[0.971s] Level 1:colcon.colcon_core.environment:checking '/home/neubility/ROS/ros2_communication_ws/install/ex_msg_srv' for CMake module files
[0.971s] Level 1:colcon.colcon_core.environment:checking '/home/neubility/ROS/ros2_communication_ws/install/ex_msg_srv' for CMake config files
[0.972s] Level 1:colcon.colcon_core.shell:create_environment_hook('ex_msg_srv', 'cmake_prefix_path')
[0.973s] INFO:colcon.colcon_core.shell:Creating environment hook '/home/neubility/ROS/ros2_communication_ws/install/ex_msg_srv/share/ex_msg_srv/hook/cmake_prefix_path.ps1'
[0.974s] INFO:colcon.colcon_core.shell:Creating environment descriptor '/home/neubility/ROS/ros2_communication_ws/install/ex_msg_srv/share/ex_msg_srv/hook/cmake_prefix_path.dsv'
[0.974s] INFO:colcon.colcon_core.shell:Creating environment hook '/home/neubility/ROS/ros2_communication_ws/install/ex_msg_srv/share/ex_msg_srv/hook/cmake_prefix_path.sh'
[0.976s] Level 1:colcon.colcon_core.environment:checking '/home/neubility/ROS/ros2_communication_ws/install/ex_msg_srv/lib'
[0.976s] Level 1:colcon.colcon_core.shell:create_environment_hook('ex_msg_srv', 'ld_library_path_lib')
[0.977s] INFO:colcon.colcon_core.shell:Creating environment hook '/home/neubility/ROS/ros2_communication_ws/install/ex_msg_srv/share/ex_msg_srv/hook/ld_library_path_lib.ps1'
[0.977s] INFO:colcon.colcon_core.shell:Creating environment descriptor '/home/neubility/ROS/ros2_communication_ws/install/ex_msg_srv/share/ex_msg_srv/hook/ld_library_path_lib.dsv'
[0.977s] INFO:colcon.colcon_core.shell:Creating environment hook '/home/neubility/ROS/ros2_communication_ws/install/ex_msg_srv/share/ex_msg_srv/hook/ld_library_path_lib.sh'
[0.978s] Level 1:colcon.colcon_core.environment:checking '/home/neubility/ROS/ros2_communication_ws/install/ex_msg_srv/bin'
[0.978s] Level 1:colcon.colcon_core.environment:checking '/home/neubility/ROS/ros2_communication_ws/install/ex_msg_srv/lib/pkgconfig/ex_msg_srv.pc'
[0.978s] Level 1:colcon.colcon_core.environment:checking '/home/neubility/ROS/ros2_communication_ws/install/ex_msg_srv/lib/python3.6/site-packages'
[0.978s] Level 1:colcon.colcon_core.shell:create_environment_hook('ex_msg_srv', 'pythonpath')
[0.978s] INFO:colcon.colcon_core.shell:Creating environment hook '/home/neubility/ROS/ros2_communication_ws/install/ex_msg_srv/share/ex_msg_srv/hook/pythonpath.ps1'
[0.979s] INFO:colcon.colcon_core.shell:Creating environment descriptor '/home/neubility/ROS/ros2_communication_ws/install/ex_msg_srv/share/ex_msg_srv/hook/pythonpath.dsv'
[0.979s] INFO:colcon.colcon_core.shell:Creating environment hook '/home/neubility/ROS/ros2_communication_ws/install/ex_msg_srv/share/ex_msg_srv/hook/pythonpath.sh'
[0.980s] INFO:colcon.colcon_core.shell:Creating package script '/home/neubility/ROS/ros2_communication_ws/install/ex_msg_srv/share/ex_msg_srv/package.ps1'
[0.980s] INFO:colcon.colcon_core.shell:Creating package descriptor '/home/neubility/ROS/ros2_communication_ws/install/ex_msg_srv/share/ex_msg_srv/package.dsv'
[0.981s] INFO:colcon.colcon_core.shell:Creating package script '/home/neubility/ROS/ros2_communication_ws/install/ex_msg_srv/share/ex_msg_srv/package.sh'
[0.982s] INFO:colcon.colcon_core.shell:Creating package script '/home/neubility/ROS/ros2_communication_ws/install/ex_msg_srv/share/ex_msg_srv/package.bash'
[0.982s] INFO:colcon.colcon_core.shell:Creating package script '/home/neubility/ROS/ros2_communication_ws/install/ex_msg_srv/share/ex_msg_srv/package.zsh'
[0.983s] Level 1:colcon.colcon_core.environment:create_file_with_runtime_dependencies(/home/neubility/ROS/ros2_communication_ws/install/ex_msg_srv/share/colcon-core/packages/ex_msg_srv)
[0.983s] INFO:colcon.colcon_ros.task.ament_cmake.build:Building ROS package in '/home/neubility/ROS/ros2_communication_ws/src/practice_code_pkg' with build type 'ament_cmake'
[0.983s] INFO:colcon.colcon_cmake.task.cmake.build:Building CMake package in '/home/neubility/ROS/ros2_communication_ws/src/practice_code_pkg'
[0.984s] INFO:colcon.colcon_core.shell:Skip shell extension 'powershell' for command environment: Not usable outside of PowerShell
[0.984s] DEBUG:colcon.colcon_core.shell:Skip shell extension 'dsv' for command environment
[0.987s] DEBUG:colcon.colcon_core.shell:Ignoring prefix path '/opt/ros/eloquent'
[0.989s] INFO:colcon.colcon_ros.task.ament_cmake.build:Building ROS package in '/home/neubility/ROS/ros2_communication_ws/src/pub_ex_pkg' with build type 'ament_cmake'
[0.989s] INFO:colcon.colcon_cmake.task.cmake.build:Building CMake package in '/home/neubility/ROS/ros2_communication_ws/src/pub_ex_pkg'
[0.990s] INFO:colcon.colcon_core.shell:Skip shell extension 'powershell' for command environment: Not usable outside of PowerShell
[0.991s] DEBUG:colcon.colcon_core.shell:Skip shell extension 'dsv' for command environment
[0.992s] DEBUG:colcon.colcon_core.shell:Ignoring prefix path '/opt/ros/eloquent'
[1.002s] DEBUG:colcon.colcon_core.event_handler.log_command:Invoking command in '/home/neubility/ROS/ros2_communication_ws/build/practice_code_pkg': CMAKE_PREFIX_PATH=/home/neubility/ROS/ros2_communication_ws/install/ex_msg_srv:/home/neubility/ROS/ros2_communication_ws/install/sub_ex:/home/neubility/ROS/ros2_communication_ws/install/pub_ex:/home/neubility/ROS/ros2_communication_ws/install/practice_code_pkg:/opt/ros/eloquent /usr/bin/cmake --build /home/neubility/ROS/ros2_communication_ws/build/practice_code_pkg -- -j16 -l16
[1.007s] DEBUG:colcon.colcon_core.event_handler.log_command:Invoking command in '/home/neubility/ROS/ros2_communication_ws/build/pub_ex': CMAKE_PREFIX_PATH=/home/neubility/ROS/ros2_communication_ws/install/ex_msg_srv:/home/neubility/ROS/ros2_communication_ws/install/sub_ex:/home/neubility/ROS/ros2_communication_ws/install/pub_ex:/home/neubility/ROS/ros2_communication_ws/install/practice_code_pkg:/opt/ros/eloquent /usr/bin/cmake --build /home/neubility/ROS/ros2_communication_ws/build/pub_ex -- -j16 -l16
[1.078s] DEBUG:colcon.colcon_core.event_handler.log_command:Invoked command in '/home/neubility/ROS/ros2_communication_ws/build/pub_ex' returned '0': CMAKE_PREFIX_PATH=/home/neubility/ROS/ros2_communication_ws/install/ex_msg_srv:/home/neubility/ROS/ros2_communication_ws/install/sub_ex:/home/neubility/ROS/ros2_communication_ws/install/pub_ex:/home/neubility/ROS/ros2_communication_ws/install/practice_code_pkg:/opt/ros/eloquent /usr/bin/cmake --build /home/neubility/ROS/ros2_communication_ws/build/pub_ex -- -j16 -l16
[1.104s] DEBUG:colcon.colcon_core.event_handler.log_command:Invoking command in '/home/neubility/ROS/ros2_communication_ws/build/pub_ex': CMAKE_PREFIX_PATH=/home/neubility/ROS/ros2_communication_ws/install/ex_msg_srv:/home/neubility/ROS/ros2_communication_ws/install/sub_ex:/home/neubility/ROS/ros2_communication_ws/install/pub_ex:/home/neubility/ROS/ros2_communication_ws/install/practice_code_pkg:/opt/ros/eloquent /usr/bin/cmake --build /home/neubility/ROS/ros2_communication_ws/build/pub_ex --target install -- -j16 -l16
[1.189s] Level 1:colcon.colcon_core.environment:create_environment_scripts_only(pub_ex)
[1.190s] Level 1:colcon.colcon_core.environment:checking '/home/neubility/ROS/ros2_communication_ws/install/pub_ex' for CMake module files
[1.191s] DEBUG:colcon.colcon_core.event_handler.log_command:Invoked command in '/home/neubility/ROS/ros2_communication_ws/build/pub_ex' returned '0': CMAKE_PREFIX_PATH=/home/neubility/ROS/ros2_communication_ws/install/ex_msg_srv:/home/neubility/ROS/ros2_communication_ws/install/sub_ex:/home/neubility/ROS/ros2_communication_ws/install/pub_ex:/home/neubility/ROS/ros2_communication_ws/install/practice_code_pkg:/opt/ros/eloquent /usr/bin/cmake --build /home/neubility/ROS/ros2_communication_ws/build/pub_ex --target install -- -j16 -l16
[1.191s] Level 1:colcon.colcon_core.environment:checking '/home/neubility/ROS/ros2_communication_ws/install/pub_ex' for CMake config files
[1.191s] Level 1:colcon.colcon_core.shell:create_environment_hook('pub_ex', 'cmake_prefix_path')
[1.192s] INFO:colcon.colcon_core.shell:Creating environment hook '/home/neubility/ROS/ros2_communication_ws/install/pub_ex/share/pub_ex/hook/cmake_prefix_path.ps1'
[1.192s] INFO:colcon.colcon_core.shell:Creating environment descriptor '/home/neubility/ROS/ros2_communication_ws/install/pub_ex/share/pub_ex/hook/cmake_prefix_path.dsv'
[1.193s] INFO:colcon.colcon_core.shell:Creating environment hook '/home/neubility/ROS/ros2_communication_ws/install/pub_ex/share/pub_ex/hook/cmake_prefix_path.sh'
[1.194s] Level 1:colcon.colcon_core.environment:checking '/home/neubility/ROS/ros2_communication_ws/install/pub_ex/lib'
[1.194s] Level 1:colcon.colcon_core.environment:checking '/home/neubility/ROS/ros2_communication_ws/install/pub_ex/bin'
[1.194s] Level 1:colcon.colcon_core.environment:checking '/home/neubility/ROS/ros2_communication_ws/install/pub_ex/lib/pkgconfig/pub_ex.pc'
[1.194s] Level 1:colcon.colcon_core.environment:checking '/home/neubility/ROS/ros2_communication_ws/install/pub_ex/lib/python3.6/site-packages'
[1.195s] INFO:colcon.colcon_core.shell:Creating package script '/home/neubility/ROS/ros2_communication_ws/install/pub_ex/share/pub_ex/package.ps1'
[1.195s] INFO:colcon.colcon_core.shell:Creating package descriptor '/home/neubility/ROS/ros2_communication_ws/install/pub_ex/share/pub_ex/package.dsv'
[1.196s] INFO:colcon.colcon_core.shell:Creating package script '/home/neubility/ROS/ros2_communication_ws/install/pub_ex/share/pub_ex/package.sh'
[1.196s] INFO:colcon.colcon_core.shell:Creating package script '/home/neubility/ROS/ros2_communication_ws/install/pub_ex/share/pub_ex/package.bash'
[1.196s] INFO:colcon.colcon_core.shell:Creating package script '/home/neubility/ROS/ros2_communication_ws/install/pub_ex/share/pub_ex/package.zsh'
[1.197s] Level 1:colcon.colcon_core.environment:create_file_with_runtime_dependencies(/home/neubility/ROS/ros2_communication_ws/install/pub_ex/share/colcon-core/packages/pub_ex)
[1.224s] Level 1:colcon.colcon_core.environment:create_environment_scripts_only(pub_ex)
[1.225s] Level 1:colcon.colcon_core.environment:checking '/home/neubility/ROS/ros2_communication_ws/install/pub_ex' for CMake module files
[1.226s] Level 1:colcon.colcon_core.environment:checking '/home/neubility/ROS/ros2_communication_ws/install/pub_ex' for CMake config files
[1.226s] Level 1:colcon.colcon_core.shell:create_environment_hook('pub_ex', 'cmake_prefix_path')
[1.227s] INFO:colcon.colcon_core.shell:Creating environment hook '/home/neubility/ROS/ros2_communication_ws/install/pub_ex/share/pub_ex/hook/cmake_prefix_path.ps1'
[1.227s] INFO:colcon.colcon_core.shell:Creating environment descriptor '/home/neubility/ROS/ros2_communication_ws/install/pub_ex/share/pub_ex/hook/cmake_prefix_path.dsv'
[1.228s] INFO:colcon.colcon_core.shell:Creating environment hook '/home/neubility/ROS/ros2_communication_ws/install/pub_ex/share/pub_ex/hook/cmake_prefix_path.sh'
[1.229s] Level 1:colcon.colcon_core.environment:checking '/home/neubility/ROS/ros2_communication_ws/install/pub_ex/lib'
[1.229s] Level 1:colcon.colcon_core.environment:checking '/home/neubility/ROS/ros2_communication_ws/install/pub_ex/bin'
[1.229s] Level 1:colcon.colcon_core.environment:checking '/home/neubility/ROS/ros2_communication_ws/install/pub_ex/lib/pkgconfig/pub_ex.pc'
[1.229s] Level 1:colcon.colcon_core.environment:checking '/home/neubility/ROS/ros2_communication_ws/install/pub_ex/lib/python3.6/site-packages'
[1.230s] INFO:colcon.colcon_core.shell:Creating package script '/home/neubility/ROS/ros2_communication_ws/install/pub_ex/share/pub_ex/package.ps1'
[1.231s] INFO:colcon.colcon_core.shell:Creating package descriptor '/home/neubility/ROS/ros2_communication_ws/install/pub_ex/share/pub_ex/package.dsv'
[1.231s] INFO:colcon.colcon_core.shell:Creating package script '/home/neubility/ROS/ros2_communication_ws/install/pub_ex/share/pub_ex/package.sh'
[1.231s] INFO:colcon.colcon_core.shell:Creating package script '/home/neubility/ROS/ros2_communication_ws/install/pub_ex/share/pub_ex/package.bash'
[1.232s] INFO:colcon.colcon_core.shell:Creating package script '/home/neubility/ROS/ros2_communication_ws/install/pub_ex/share/pub_ex/package.zsh'
[1.232s] Level 1:colcon.colcon_core.environment:create_file_with_runtime_dependencies(/home/neubility/ROS/ros2_communication_ws/install/pub_ex/share/colcon-core/packages/pub_ex)
[6.167s] DEBUG:colcon.colcon_core.event_handler.log_command:Invoked command in '/home/neubility/ROS/ros2_communication_ws/build/practice_code_pkg' returned '0': CMAKE_PREFIX_PATH=/home/neubility/ROS/ros2_communication_ws/install/ex_msg_srv:/home/neubility/ROS/ros2_communication_ws/install/sub_ex:/home/neubility/ROS/ros2_communication_ws/install/pub_ex:/home/neubility/ROS/ros2_communication_ws/install/practice_code_pkg:/opt/ros/eloquent /usr/bin/cmake --build /home/neubility/ROS/ros2_communication_ws/build/practice_code_pkg -- -j16 -l16
[6.193s] DEBUG:colcon.colcon_core.event_handler.log_command:Invoking command in '/home/neubility/ROS/ros2_communication_ws/build/practice_code_pkg': CMAKE_PREFIX_PATH=/home/neubility/ROS/ros2_communication_ws/install/ex_msg_srv:/home/neubility/ROS/ros2_communication_ws/install/sub_ex:/home/neubility/ROS/ros2_communication_ws/install/pub_ex:/home/neubility/ROS/ros2_communication_ws/install/practice_code_pkg:/opt/ros/eloquent /usr/bin/cmake --build /home/neubility/ROS/ros2_communication_ws/build/practice_code_pkg --target install -- -j16 -l16
[6.288s] Level 1:colcon.colcon_core.environment:create_environment_scripts_only(practice_code_pkg)
[6.289s] Level 1:colcon.colcon_core.environment:checking '/home/neubility/ROS/ros2_communication_ws/install/practice_code_pkg' for CMake module files
[6.290s] DEBUG:colcon.colcon_core.event_handler.log_command:Invoked command in '/home/neubility/ROS/ros2_communication_ws/build/practice_code_pkg' returned '0': CMAKE_PREFIX_PATH=/home/neubility/ROS/ros2_communication_ws/install/ex_msg_srv:/home/neubility/ROS/ros2_communication_ws/install/sub_ex:/home/neubility/ROS/ros2_communication_ws/install/pub_ex:/home/neubility/ROS/ros2_communication_ws/install/practice_code_pkg:/opt/ros/eloquent /usr/bin/cmake --build /home/neubility/ROS/ros2_communication_ws/build/practice_code_pkg --target install -- -j16 -l16
[6.291s] Level 1:colcon.colcon_core.environment:checking '/home/neubility/ROS/ros2_communication_ws/install/practice_code_pkg' for CMake config files
[6.291s] Level 1:colcon.colcon_core.shell:create_environment_hook('practice_code_pkg', 'cmake_prefix_path')
[6.292s] INFO:colcon.colcon_core.shell:Creating environment hook '/home/neubility/ROS/ros2_communication_ws/install/practice_code_pkg/share/practice_code_pkg/hook/cmake_prefix_path.ps1'
[6.292s] INFO:colcon.colcon_core.shell:Creating environment descriptor '/home/neubility/ROS/ros2_communication_ws/install/practice_code_pkg/share/practice_code_pkg/hook/cmake_prefix_path.dsv'
[6.293s] INFO:colcon.colcon_core.shell:Creating environment hook '/home/neubility/ROS/ros2_communication_ws/install/practice_code_pkg/share/practice_code_pkg/hook/cmake_prefix_path.sh'
[6.294s] Level 1:colcon.colcon_core.environment:checking '/home/neubility/ROS/ros2_communication_ws/install/practice_code_pkg/lib'
[6.294s] Level 1:colcon.colcon_core.environment:checking '/home/neubility/ROS/ros2_communication_ws/install/practice_code_pkg/bin'
[6.294s] Level 1:colcon.colcon_core.environment:checking '/home/neubility/ROS/ros2_communication_ws/install/practice_code_pkg/lib/pkgconfig/practice_code_pkg.pc'
[6.294s] Level 1:colcon.colcon_core.environment:checking '/home/neubility/ROS/ros2_communication_ws/install/practice_code_pkg/lib/python3.6/site-packages'
[6.295s] INFO:colcon.colcon_core.shell:Creating package script '/home/neubility/ROS/ros2_communication_ws/install/practice_code_pkg/share/practice_code_pkg/package.ps1'
[6.295s] INFO:colcon.colcon_core.shell:Creating package descriptor '/home/neubility/ROS/ros2_communication_ws/install/practice_code_pkg/share/practice_code_pkg/package.dsv'
[6.296s] INFO:colcon.colcon_core.shell:Creating package script '/home/neubility/ROS/ros2_communication_ws/install/practice_code_pkg/share/practice_code_pkg/package.sh'
[6.297s] INFO:colcon.colcon_core.shell:Creating package script '/home/neubility/ROS/ros2_communication_ws/install/practice_code_pkg/share/practice_code_pkg/package.bash'
[6.297s] INFO:colcon.colcon_core.shell:Creating package script '/home/neubility/ROS/ros2_communication_ws/install/practice_code_pkg/share/practice_code_pkg/package.zsh'
[6.298s] Level 1:colcon.colcon_core.environment:create_file_with_runtime_dependencies(/home/neubility/ROS/ros2_communication_ws/install/practice_code_pkg/share/colcon-core/packages/practice_code_pkg)
[6.322s] Level 1:colcon.colcon_core.environment:create_environment_scripts_only(practice_code_pkg)
[6.323s] Level 1:colcon.colcon_core.environment:checking '/home/neubility/ROS/ros2_communication_ws/install/practice_code_pkg' for CMake module files
[6.324s] Level 1:colcon.colcon_core.environment:checking '/home/neubility/ROS/ros2_communication_ws/install/practice_code_pkg' for CMake config files
[6.324s] Level 1:colcon.colcon_core.shell:create_environment_hook('practice_code_pkg', 'cmake_prefix_path')
[6.325s] INFO:colcon.colcon_core.shell:Creating environment hook '/home/neubility/ROS/ros2_communication_ws/install/practice_code_pkg/share/practice_code_pkg/hook/cmake_prefix_path.ps1'
[6.326s] INFO:colcon.colcon_core.shell:Creating environment descriptor '/home/neubility/ROS/ros2_communication_ws/install/practice_code_pkg/share/practice_code_pkg/hook/cmake_prefix_path.dsv'
[6.326s] INFO:colcon.colcon_core.shell:Creating environment hook '/home/neubility/ROS/ros2_communication_ws/install/practice_code_pkg/share/practice_code_pkg/hook/cmake_prefix_path.sh'
[6.327s] Level 1:colcon.colcon_core.environment:checking '/home/neubility/ROS/ros2_communication_ws/install/practice_code_pkg/lib'
[6.327s] Level 1:colcon.colcon_core.environment:checking '/home/neubility/ROS/ros2_communication_ws/install/practice_code_pkg/bin'
[6.327s] Level 1:colcon.colcon_core.environment:checking '/home/neubility/ROS/ros2_communication_ws/install/practice_code_pkg/lib/pkgconfig/practice_code_pkg.pc'
[6.327s] Level 1:colcon.colcon_core.environment:checking '/home/neubility/ROS/ros2_communication_ws/install/practice_code_pkg/lib/python3.6/site-packages'
[6.328s] INFO:colcon.colcon_core.shell:Creating package script '/home/neubility/ROS/ros2_communication_ws/install/practice_code_pkg/share/practice_code_pkg/package.ps1'
[6.329s] INFO:colcon.colcon_core.shell:Creating package descriptor '/home/neubility/ROS/ros2_communication_ws/install/practice_code_pkg/share/practice_code_pkg/package.dsv'
[6.329s] INFO:colcon.colcon_core.shell:Creating package script '/home/neubility/ROS/ros2_communication_ws/install/practice_code_pkg/share/practice_code_pkg/package.sh'
[6.329s] INFO:colcon.colcon_core.shell:Creating package script '/home/neubility/ROS/ros2_communication_ws/install/practice_code_pkg/share/practice_code_pkg/package.bash'
[6.330s] INFO:colcon.colcon_core.shell:Creating package script '/home/neubility/ROS/ros2_communication_ws/install/practice_code_pkg/share/practice_code_pkg/package.zsh'
[6.330s] Level 1:colcon.colcon_core.environment:create_file_with_runtime_dependencies(/home/neubility/ROS/ros2_communication_ws/install/practice_code_pkg/share/colcon-core/packages/practice_code_pkg)
[6.330s] DEBUG:colcon.colcon_parallel_executor.executor.parallel:closing loop
[6.331s] DEBUG:colcon.colcon_parallel_executor.executor.parallel:loop closed
[6.331s] DEBUG:colcon.colcon_parallel_executor.executor.parallel:run_until_complete finished with '0'
[6.331s] DEBUG:colcon.colcon_core.event_reactor:joining thread
[6.338s] INFO:colcon.colcon_core.plugin_system:Skipping extension 'colcon_notification.desktop_notification.terminal_notifier': Not used on non-Darwin systems
[6.339s] INFO:colcon.colcon_core.plugin_system:Skipping extension 'colcon_notification.desktop_notification.win32': Not used on non-Windows systems
[6.339s] INFO:colcon.colcon_notification.desktop_notification:Sending desktop notification using 'notify2'
[6.342s] DEBUG:colcon.colcon_core.event_reactor:joined thread
[6.343s] INFO:colcon.colcon_core.shell:Creating prefix script '/home/neubility/ROS/ros2_communication_ws/install/local_setup.ps1'
[6.344s] INFO:colcon.colcon_core.shell:Creating prefix util module '/home/neubility/ROS/ros2_communication_ws/install/_local_setup_util_ps1.py'
[6.346s] INFO:colcon.colcon_core.shell:Creating prefix chain script '/home/neubility/ROS/ros2_communication_ws/install/setup.ps1'
[6.350s] INFO:colcon.colcon_core.shell:Creating prefix script '/home/neubility/ROS/ros2_communication_ws/install/local_setup.sh'
[6.351s] INFO:colcon.colcon_core.shell:Creating prefix util module '/home/neubility/ROS/ros2_communication_ws/install/_local_setup_util_sh.py'
[6.351s] INFO:colcon.colcon_core.shell:Creating prefix chain script '/home/neubility/ROS/ros2_communication_ws/install/setup.sh'
[6.355s] INFO:colcon.colcon_core.shell:Creating prefix script '/home/neubility/ROS/ros2_communication_ws/install/local_setup.bash'
[6.355s] INFO:colcon.colcon_core.shell:Creating prefix chain script '/home/neubility/ROS/ros2_communication_ws/install/setup.bash'
[6.359s] INFO:colcon.colcon_core.shell:Creating prefix script '/home/neubility/ROS/ros2_communication_ws/install/local_setup.zsh'
[6.359s] INFO:colcon.colcon_core.shell:Creating prefix chain script '/home/neubility/ROS/ros2_communication_ws/install/setup.zsh'
