[0.024s] Invoking command in '/home/neubility/ROS/ros2_communication_ws/build/srv_client_pkg': AMENT_PREFIX_PATH=/home/neubility/ROS/ros2_communication_ws/install/ex_msg_srv:${AMENT_PREFIX_PATH} CMAKE_PREFIX_PATH=/home/neubility/ROS/ros2_communication_ws/install/ex_msg_srv:/opt/ros/eloquent LD_LIBRARY_PATH=/home/neubility/ROS/ros2_communication_ws/install/ex_msg_srv/lib:${LD_LIBRARY_PATH} PYTHONPATH=/home/neubility/ROS/ros2_communication_ws/install/ex_msg_srv/lib/python3.6/site-packages:${PYTHONPATH} /usr/bin/cmake /home/neubility/ROS/ros2_communication_ws/src/srv_client_pkg -DCMAKE_BUILD_TYPE=Debug -DCMAKE_INSTALL_PREFIX=/home/neubility/ROS/ros2_communication_ws/install/srv_client_pkg
[0.036s] -- Found ament_cmake: 0.8.3 (/opt/ros/eloquent/share/ament_cmake/cmake)
[0.059s] -- Using PYTHON_EXECUTABLE: /usr/bin/python3
[0.220s] -- Found rclcpp: 0.8.5 (/opt/ros/eloquent/share/rclcpp/cmake)
[0.230s] -- Found rosidl_adapter: 0.8.3 (/opt/ros/eloquent/share/rosidl_adapter/cmake)
[0.254s] -- Found rmw_implementation_cmake: 0.8.1 (/opt/ros/eloquent/share/rmw_implementation_cmake/cmake)
[0.256s] -- Using RMW implementation 'rmw_cyclonedds_cpp' as default
[0.278s] -- Found std_msgs: 0.8.1 (/opt/ros/eloquent/share/std_msgs/cmake)
[0.281s] -- Found ex_msg_srv: 0.0.0 (/home/neubility/ROS/ros2_communication_ws/install/ex_msg_srv/share/ex_msg_srv/cmake)
[0.353s] -- Configuring done
[0.361s] -- Generating done
[0.362s] -- Build files have been written to: /home/neubility/ROS/ros2_communication_ws/build/srv_client_pkg
[0.365s] Invoked command in '/home/neubility/ROS/ros2_communication_ws/build/srv_client_pkg' returned '0': AMENT_PREFIX_PATH=/home/neubility/ROS/ros2_communication_ws/install/ex_msg_srv:${AMENT_PREFIX_PATH} CMAKE_PREFIX_PATH=/home/neubility/ROS/ros2_communication_ws/install/ex_msg_srv:/opt/ros/eloquent LD_LIBRARY_PATH=/home/neubility/ROS/ros2_communication_ws/install/ex_msg_srv/lib:${LD_LIBRARY_PATH} PYTHONPATH=/home/neubility/ROS/ros2_communication_ws/install/ex_msg_srv/lib/python3.6/site-packages:${PYTHONPATH} /usr/bin/cmake /home/neubility/ROS/ros2_communication_ws/src/srv_client_pkg -DCMAKE_BUILD_TYPE=Debug -DCMAKE_INSTALL_PREFIX=/home/neubility/ROS/ros2_communication_ws/install/srv_client_pkg
[0.369s] Invoking command in '/home/neubility/ROS/ros2_communication_ws/build/srv_client_pkg': AMENT_PREFIX_PATH=/home/neubility/ROS/ros2_communication_ws/install/ex_msg_srv:${AMENT_PREFIX_PATH} CMAKE_PREFIX_PATH=/home/neubility/ROS/ros2_communication_ws/install/ex_msg_srv:/opt/ros/eloquent LD_LIBRARY_PATH=/home/neubility/ROS/ros2_communication_ws/install/ex_msg_srv/lib:${LD_LIBRARY_PATH} PYTHONPATH=/home/neubility/ROS/ros2_communication_ws/install/ex_msg_srv/lib/python3.6/site-packages:${PYTHONPATH} /usr/bin/cmake --build /home/neubility/ROS/ros2_communication_ws/build/srv_client_pkg -- -j16 -l16
[0.419s] [ 50%] [32mBuilding CXX object CMakeFiles/srv_client_pkg.dir/src/main.cpp.o[0m
[2.359s] [100%] [32m[1mLinking CXX executable srv_client_pkg[0m
[2.493s] [100%] Built target srv_client_pkg
[2.503s] Invoked command in '/home/neubility/ROS/ros2_communication_ws/build/srv_client_pkg' returned '0': AMENT_PREFIX_PATH=/home/neubility/ROS/ros2_communication_ws/install/ex_msg_srv:${AMENT_PREFIX_PATH} CMAKE_PREFIX_PATH=/home/neubility/ROS/ros2_communication_ws/install/ex_msg_srv:/opt/ros/eloquent LD_LIBRARY_PATH=/home/neubility/ROS/ros2_communication_ws/install/ex_msg_srv/lib:${LD_LIBRARY_PATH} PYTHONPATH=/home/neubility/ROS/ros2_communication_ws/install/ex_msg_srv/lib/python3.6/site-packages:${PYTHONPATH} /usr/bin/cmake --build /home/neubility/ROS/ros2_communication_ws/build/srv_client_pkg -- -j16 -l16
[2.527s] Invoking command in '/home/neubility/ROS/ros2_communication_ws/build/srv_client_pkg': AMENT_PREFIX_PATH=/home/neubility/ROS/ros2_communication_ws/install/ex_msg_srv:${AMENT_PREFIX_PATH} CMAKE_PREFIX_PATH=/home/neubility/ROS/ros2_communication_ws/install/ex_msg_srv:/opt/ros/eloquent LD_LIBRARY_PATH=/home/neubility/ROS/ros2_communication_ws/install/ex_msg_srv/lib:${LD_LIBRARY_PATH} PYTHONPATH=/home/neubility/ROS/ros2_communication_ws/install/ex_msg_srv/lib/python3.6/site-packages:${PYTHONPATH} /usr/bin/cmake --build /home/neubility/ROS/ros2_communication_ws/build/srv_client_pkg --target install -- -j16 -l16
[2.578s] [100%] Built target srv_client_pkg
[2.595s] [36mInstall the project...[0m
[2.604s] -- Install configuration: "Debug"
[2.604s] -- Installing: /home/neubility/ROS/ros2_communication_ws/install/srv_client_pkg/lib/srv_client_pkg/srv_client_pkg
[2.605s] -- Set runtime path of "/home/neubility/ROS/ros2_communication_ws/install/srv_client_pkg/lib/srv_client_pkg/srv_client_pkg" to ""
[2.605s] -- Up-to-date: /home/neubility/ROS/ros2_communication_ws/install/srv_client_pkg/share/srv_client_pkg/launch
[2.605s] -- Up-to-date: /home/neubility/ROS/ros2_communication_ws/install/srv_client_pkg/share/srv_client_pkg/launch/launch_executeprocess_ex.launch.py
[2.606s] -- Up-to-date: /home/neubility/ROS/ros2_communication_ws/install/srv_client_pkg/share/srv_client_pkg/launch/launch_node_ex_method_2.launch.py
[2.606s] -- Up-to-date: /home/neubility/ROS/ros2_communication_ws/install/srv_client_pkg/share/srv_client_pkg/launch/launch_node_ex_method_1.launch.py
[2.606s] -- Up-to-date: /home/neubility/ROS/ros2_communication_ws/install/srv_client_pkg/share/ament_index/resource_index/package_run_dependencies/srv_client_pkg
[2.606s] -- Installing: /home/neubility/ROS/ros2_communication_ws/install/srv_client_pkg/share/ament_index/resource_index/parent_prefix_path/srv_client_pkg
[2.606s] -- Up-to-date: /home/neubility/ROS/ros2_communication_ws/install/srv_client_pkg/share/srv_client_pkg/environment/ament_prefix_path.sh
[2.606s] -- Installing: /home/neubility/ROS/ros2_communication_ws/install/srv_client_pkg/share/srv_client_pkg/environment/ament_prefix_path.dsv
[2.606s] -- Up-to-date: /home/neubility/ROS/ros2_communication_ws/install/srv_client_pkg/share/srv_client_pkg/environment/path.sh
[2.606s] -- Installing: /home/neubility/ROS/ros2_communication_ws/install/srv_client_pkg/share/srv_client_pkg/environment/path.dsv
[2.606s] -- Up-to-date: /home/neubility/ROS/ros2_communication_ws/install/srv_client_pkg/share/srv_client_pkg/local_setup.bash
[2.607s] -- Up-to-date: /home/neubility/ROS/ros2_communication_ws/install/srv_client_pkg/share/srv_client_pkg/local_setup.sh
[2.607s] -- Up-to-date: /home/neubility/ROS/ros2_communication_ws/install/srv_client_pkg/share/srv_client_pkg/local_setup.zsh
[2.607s] -- Installing: /home/neubility/ROS/ros2_communication_ws/install/srv_client_pkg/share/srv_client_pkg/local_setup.dsv
[2.607s] -- Installing: /home/neubility/ROS/ros2_communication_ws/install/srv_client_pkg/share/srv_client_pkg/package.dsv
[2.607s] -- Up-to-date: /home/neubility/ROS/ros2_communication_ws/install/srv_client_pkg/share/ament_index/resource_index/packages/srv_client_pkg
[2.607s] -- Up-to-date: /home/neubility/ROS/ros2_communication_ws/install/srv_client_pkg/share/srv_client_pkg/cmake/srv_client_pkgConfig.cmake
[2.608s] -- Up-to-date: /home/neubility/ROS/ros2_communication_ws/install/srv_client_pkg/share/srv_client_pkg/cmake/srv_client_pkgConfig-version.cmake
[2.608s] -- Up-to-date: /home/neubility/ROS/ros2_communication_ws/install/srv_client_pkg/share/srv_client_pkg/package.xml
[2.611s] Invoked command in '/home/neubility/ROS/ros2_communication_ws/build/srv_client_pkg' returned '0': AMENT_PREFIX_PATH=/home/neubility/ROS/ros2_communication_ws/install/ex_msg_srv:${AMENT_PREFIX_PATH} CMAKE_PREFIX_PATH=/home/neubility/ROS/ros2_communication_ws/install/ex_msg_srv:/opt/ros/eloquent LD_LIBRARY_PATH=/home/neubility/ROS/ros2_communication_ws/install/ex_msg_srv/lib:${LD_LIBRARY_PATH} PYTHONPATH=/home/neubility/ROS/ros2_communication_ws/install/ex_msg_srv/lib/python3.6/site-packages:${PYTHONPATH} /usr/bin/cmake --build /home/neubility/ROS/ros2_communication_ws/build/srv_client_pkg --target install -- -j16 -l16
