[01m[K/home/neubility/ROS/ros2_communication_ws/src/practice_code_pkg/src/main.cpp:[m[K In member function ‘[01m[Kvoid Localization::get_lat()[m[K’:
[01m[K/home/neubility/ROS/ros2_communication_ws/src/practice_code_pkg/src/main.cpp:70:35:[m[K [01;31m[Kerror: [m[Kreturn-statement with a value, in function returning 'void' [[01;31m[K-fpermissive[m[K]
     void get_lat() { return this->[01;31m[Klat[m[K; }
                                   [01;31m[K^~~[m[K
[01m[K/home/neubility/ROS/ros2_communication_ws/src/practice_code_pkg/src/main.cpp:[m[K In member function ‘[01m[Kvoid Localization::get_lon()[m[K’:
[01m[K/home/neubility/ROS/ros2_communication_ws/src/practice_code_pkg/src/main.cpp:71:35:[m[K [01;31m[Kerror: [m[Kreturn-statement with a value, in function returning 'void' [[01;31m[K-fpermissive[m[K]
     void get_lon() { return this->[01;31m[Klon[m[K; }
                                   [01;31m[K^~~[m[K
[01m[K/home/neubility/ROS/ros2_communication_ws/src/practice_code_pkg/src/main.cpp:[m[K At global scope:
[01m[K/home/neubility/ROS/ros2_communication_ws/src/practice_code_pkg/src/main.cpp:85:17:[m[K [01;31m[Kerror: [m[Kexpected initializer before ‘[01m[Kmutex_lock[m[K’
 pthread_mutex_t [01;31m[Kmutex_lock[m[K;
                 [01;31m[K^~~~~~~~~~[m[K
[01m[K/home/neubility/ROS/ros2_communication_ws/src/practice_code_pkg/src/main.cpp:[m[K In function ‘[01m[Kvoid* ThreadNB(void*)[m[K’:
[01m[K/home/neubility/ROS/ros2_communication_ws/src/practice_code_pkg/src/main.cpp:89:1:[m[K [01;35m[Kwarning: [m[Kno return statement in function returning non-void [[01;35m[K-Wreturn-type[m[K]
 [01;35m[K}[m[K
 [01;35m[K^[m[K
[01m[K/home/neubility/ROS/ros2_communication_ws/src/practice_code_pkg/src/main.cpp:86:22:[m[K [01;35m[Kwarning: [m[Kunused parameter ‘[01m[Kparam[m[K’ [[01;35m[K-Wunused-parameter[m[K]
 void *ThreadNB(void *[01;35m[Kparam[m[K)
                      [01;35m[K^~~~~[m[K
[01m[K/home/neubility/ROS/ros2_communication_ws/src/practice_code_pkg/src/main.cpp:[m[K In function ‘[01m[Kint main(int, char**)[m[K’:
[01m[K/home/neubility/ROS/ros2_communication_ws/src/practice_code_pkg/src/main.cpp:92:25:[m[K [01;31m[Kerror: [m[K‘[01m[Kmutex_lock[m[K’ was not declared in this scope
     pthread_mutex_init(&[01;31m[Kmutex_lock[m[K, NULL);
                         [01;31m[K^~~~~~~~~~[m[K
[01m[K/home/neubility/ROS/ros2_communication_ws/src/practice_code_pkg/src/main.cpp:92:25:[m[K [01;36m[Knote: [m[Ksuggested alternative: ‘[01m[KCvSeqBlock[m[K’
     pthread_mutex_init(&[01;36m[Kmutex_lock[m[K, NULL);
                         [01;36m[K^~~~~~~~~~[m[K
                         [32m[KCvSeqBlock[m[K
make[2]: *** [CMakeFiles/practice_code_pkg.dir/src/main.cpp.o] Error 1
make[1]: *** [CMakeFiles/practice_code_pkg.dir/all] Error 2
make: *** [all] Error 2
